#
# A fatal error has been detected by the Java Runtime Environment:
#
#  SIGSEGV (0xb) at pc=0x0000000040e7bdd2, pid=388404, tid=0x00007fed3f68b640
#
# JRE version: OpenJDK Runtime Environment (8.0_282-b08) (build 1.8.0_282-b08)
# Java VM: OpenJDK 64-Bit Server VM (25.282-b08 mixed mode linux-amd64 compressed oops)
# Problematic frame:
# C  0x0000000040e7bdd2
#
# Failed to write core dump. Core dumps have been disabled. To enable core dumping, try "ulimit -c unlimited" before starting Java again
#
# If you would like to submit a bug report, please include
# instructions on how to reproduce the bug and visit:
#   https://github.com/corretto/corretto-8/issues/
# The crash happened outside the Java Virtual Machine in native code.
# See problematic frame for where to report the bug.
#

---------------  T H R E A D  ---------------

Current thread (0x00007fed3800d800):  JavaThread "main" [_thread_in_native, id=388409, stack(0x00007fed3f58c000,0x00007fed3f68c000)]

siginfo: si_signo: 11 (SIGSEGV), si_code: 1 (SEGV_MAPERR), si_addr: 0x0000000000000000

Registers:
RAX=0x00007fed06d057d4, RBX=0x0000000040525000, RCX=0x0000000000000000, RDX=0x000000000000000c
RSP=0x00007fed3f68a568, RBP=0x000000003f800000, RSI=0x0000000000000000, RDI=0x0000000000000000
R8 =0x0000000000000000, R9 =0x00007fed144d7ff8, R10=0x0000000000000001, R11=0x0000000000000000
R12=0x0000000000000000, R13=0x0000000040525000, R14=0x0000000000000004, R15=0x00007fed38f02e98
RIP=0x0000000040e7bdd2, EFLAGS=0x0000000000010246, CSGSFS=0x002b000000000033, ERR=0x0000000000000004
  TRAPNO=0x000000000000000e

Top of Stack: (sp=0x00007fed3f68a568)
0x00007fed3f68a568:   00007fed15904787 3fffffff3fffffff
0x00007fed3f68a578:   0000003f3fffffff 00007fed00000000
0x00007fed3f68a588:   00000000000003c0 00c0000000000000
0x00007fed3f68a598:   00007fed06d057d4 000000000000000c
0x00007fed3f68a5a8:   0000000040525000 0000000000000004
0x00007fed3f68a5b8:   0000000000000000 000000000000000c
0x00007fed3f68a5c8:   0000000000000000 00000000ffffffff
0x00007fed3f68a5d8:   00007fed1590660c 00000000000001f1
0x00007fed3f68a5e8:   000001f100000000 0000000040525000
0x00007fed3f68a5f8:   0000000000000004 0000000000000010
0x00007fed3f68a608:   00000000000001f1 0000000000000000
0x00007fed3f68a618:   00007fed154f3cad 00007fed0f6f0320
0x00007fed3f68a628:   0000000c3800d800 00007fed0f6f0320
0x00007fed3f68a638:   00007fed0f6f0320 00007fed3f68a6d0
0x00007fed3f68a648:   0000000000000000 00007fed0f6f0318
0x00007fed3f68a658:   00007fed3f68a708 00007fed3800d800
0x00007fed3f68a668:   00007fed29017de7 00007fed3f68a6d0
0x00007fed3f68a678:   00007fed29017b39 fffffffe00000000
0x00007fed3f68a688:   00007fed29017b02 00007fed3f68a690
0x00007fed3f68a698:   00007fed0f6f0318 00007fed3f68a708
0x00007fed3f68a6a8:   00007fed0f71e9c0 0000000000000000
0x00007fed3f68a6b8:   00007fed0f6f0320 0000000000000000
0x00007fed3f68a6c8:   00007fed3f68a6f0 00007fed3f68a750
0x00007fed3f68a6d8:   00007fed29007ffd 0000000673768638
0x00007fed3f68a6e8:   00007fed29011a58 00000000000001f1
0x00007fed3f68a6f8:   000000000000000c 0000000000000000
0x00007fed3f68a708:   0000000000000004 00007fed3f68a710
0x00007fed3f68a718:   00007fed258048f4 00007fed3f68a778
0x00007fed3f68a728:   00007fed25806d78 0000000000000000
0x00007fed3f68a738:   00007fed25804938 00007fed3f68a6f0
0x00007fed3f68a748:   00007fed3f68a760 00007fed3f68a7c0
0x00007fed3f68a758:   00007fed29007ffd 00000000000001f1 

Instructions: (pc=0x0000000040e7bdd2)
0x0000000040e7bdb2:   68 0c 48 be 38 cc 57 40 00 00 00 00 48 8b 36 48
0x0000000040e7bdc2:   8b b6 68 03 00 00 48 8b f9 48 c1 e7 04 48 03 f7
0x0000000040e7bdd2:   8b 3e 8b 6e 04 89 78 10 89 68 14 8b 7e 08 8b 6e
0x0000000040e7bde2:   0c 89 78 18 89 68 1c 48 be 38 cc 57 40 00 00 00 

Register to memory mapping:

RAX=0x00007fed06d057d4 is an unknown value
RBX=0x0000000040525000 is an unknown value
RCX=0x0000000000000000 is an unknown value
RDX=0x000000000000000c is an unknown value
RSP=0x00007fed3f68a568 is pointing into the stack for thread: 0x00007fed3800d800
RBP=0x000000003f800000 is an unknown value
RSI=0x0000000000000000 is an unknown value
RDI=0x0000000000000000 is an unknown value
R8 =0x0000000000000000 is an unknown value
R9 =0x00007fed144d7ff8 is an unknown value
R10=0x0000000000000001 is an unknown value
R11=0x0000000000000000 is an unknown value
R12=0x0000000000000000 is an unknown value
R13=0x0000000040525000 is an unknown value
R14=0x0000000000000004 is an unknown value
R15=0x00007fed38f02e98 is an unknown value


Stack: [0x00007fed3f58c000,0x00007fed3f68c000],  sp=0x00007fed3f68a568,  free space=1017k
Native frames: (J=compiled Java code, j=interpreted, Vv=VM code, C=native code)
C  0x0000000040e7bdd2

Java frames: (J=compiled Java code, j=interpreted, Vv=VM code)
j  org.lwjgl.opengl.GL31C.glDrawArraysInstanced(IIII)V+0
j  org.lwjgl.opengl.GL31.glDrawArraysInstanced(IIII)V+4
j  com.game.engine.renderer.EntityRenderer.render(Lcom/game/engine/shaders/AtlasShader;Lcom/game/engine/shaders/WorldShader;Lorg/joml/Matrix4f;)V+553
j  com.game.engine.display.TestDisplay.render()V+30
j  com.game.engine.display.DisplayManager.updateDisplay()V+28
j  com.game.Main.main([Ljava/lang/String;)V+339
v  ~StubRoutines::call_stub

---------------  P R O C E S S  ---------------

Java Threads: ( => current thread )
  0x00007fed38bfc000 JavaThread "Java2D Disposer" daemon [_thread_blocked, id=388442, stack(0x00007fed0f7c7000,0x00007fed0f8c8000)]
  0x00007fed380f8800 JavaThread "Service Thread" daemon [_thread_blocked, id=388440, stack(0x00007fed1c887000,0x00007fed1c988000)]
  0x00007fed380f3800 JavaThread "C1 CompilerThread11" daemon [_thread_blocked, id=388439, stack(0x00007fed1c989000,0x00007fed1ca89000)]
  0x00007fed380f1800 JavaThread "C1 CompilerThread10" daemon [_thread_in_native, id=388438, stack(0x00007fed1ca8a000,0x00007fed1cb8a000)]
  0x00007fed380ef800 JavaThread "C1 CompilerThread9" daemon [_thread_blocked, id=388437, stack(0x00007fed1cb8b000,0x00007fed1cc8b000)]
  0x00007fed380ed000 JavaThread "C1 CompilerThread8" daemon [_thread_in_native, id=388436, stack(0x00007fed1cc8c000,0x00007fed1cd8c000)]
  0x00007fed380eb000 JavaThread "C2 CompilerThread7" daemon [_thread_blocked, id=388435, stack(0x00007fed1cd8d000,0x00007fed1ce8d000)]
  0x00007fed380e9000 JavaThread "C2 CompilerThread6" daemon [_thread_blocked, id=388434, stack(0x00007fed1ce8e000,0x00007fed1cf8e000)]
  0x00007fed380e7000 JavaThread "C2 CompilerThread5" daemon [_thread_blocked, id=388433, stack(0x00007fed1cf8f000,0x00007fed1d08f000)]
  0x00007fed380e4800 JavaThread "C2 CompilerThread4" daemon [_thread_blocked, id=388432, stack(0x00007fed1d090000,0x00007fed1d190000)]
  0x00007fed380da800 JavaThread "C2 CompilerThread3" daemon [_thread_blocked, id=388431, stack(0x00007fed1d191000,0x00007fed1d291000)]
  0x00007fed380d8800 JavaThread "C2 CompilerThread2" daemon [_thread_blocked, id=388430, stack(0x00007fed1d292000,0x00007fed1d392000)]
  0x00007fed380d6800 JavaThread "C2 CompilerThread1" daemon [_thread_blocked, id=388429, stack(0x00007fed1d393000,0x00007fed1d493000)]
  0x00007fed380d3800 JavaThread "C2 CompilerThread0" daemon [_thread_blocked, id=388428, stack(0x00007fed1d494000,0x00007fed1d594000)]
  0x00007fed380d0800 JavaThread "Signal Dispatcher" daemon [_thread_blocked, id=388427, stack(0x00007fed1d594000,0x00007fed1d695000)]
  0x00007fed3809d800 JavaThread "Finalizer" daemon [_thread_blocked, id=388426, stack(0x00007fed1df34000,0x00007fed1e035000)]
  0x00007fed38099000 JavaThread "Reference Handler" daemon [_thread_blocked, id=388425, stack(0x00007fed1e035000,0x00007fed1e136000)]
=>0x00007fed3800d800 JavaThread "main" [_thread_in_native, id=388409, stack(0x00007fed3f58c000,0x00007fed3f68c000)]

Other Threads:
  0x00007fed3808f000 VMThread [stack: 0x00007fed1e137000,0x00007fed1e237000] [id=388424]
  0x00007fed380fb000 WatcherThread [stack: 0x00007fed1c787000,0x00007fed1c887000] [id=388441]

VM state:not at safepoint (normal execution)

VM Mutex/Monitor currently owned by a thread:  ([mutex/lock_event])
[0x00007fed38009bf0] CodeCache_lock - owner thread: 0x00007fed380ed000
[0x00007fed3800b270] Compile_lock - owner thread: 0x00007fed380ed000
[0x00007fed3800b370] MethodCompileQueue_lock - owner thread: 0x0000000000000000

heap address: 0x00000003d2e00000, size: 16082 MB, Compressed Oops mode: Zero based, Oop shift amount: 3
Narrow klass base: 0x0000000000000000, Narrow klass shift: 3
Compressed class space size: 1073741824 Address: 0x00000007c0000000

Heap:
 PSYoungGen      total 300544K, used 46448K [0x0000000670f80000, 0x0000000685e80000, 0x00000007c0000000)
  eden space 258048K, 18% used [0x0000000670f80000,0x0000000673cdc310,0x0000000680b80000)
  from space 42496K, 0% used [0x0000000683500000,0x0000000683500000,0x0000000685e80000)
  to   space 42496K, 0% used [0x0000000680b80000,0x0000000680b80000,0x0000000683500000)
 ParOldGen       total 687104K, used 0K [0x00000003d2e00000, 0x00000003fcd00000, 0x0000000670f80000)
  object space 687104K, 0% used [0x00000003d2e00000,0x00000003d2e00000,0x00000003fcd00000)
 Metaspace       used 14227K, capacity 14467K, committed 14592K, reserved 1062912K
  class space    used 1126K, capacity 1236K, committed 1280K, reserved 1048576K

Card table byte_map: [0x00007fed3cbfb000,0x00007fed3eb65000] byte_map_base: 0x00007fed3ad64000

Marking Bits: (ParMarkBitMap*) 0x00007fed407fe780
 Begin Bits: [0x00007fecd0970000, 0x00007fece04b8000)
 End Bits:   [0x00007fece04b8000, 0x00007fecf0000000)

Polling page: 0x00007fed40c61000

CodeCache: size=245760Kb used=5533Kb max_used=5533Kb free=240226Kb
 bounds [0x00007fed29000000, 0x00007fed29570000, 0x00007fed38000000]
 total_blobs=2095 nmethods=1020 adapters=987
 compilation: enabled

Compilation events (10 events):
Event: 1.330 Thread 0x00007fed380f3800 nmethod 1017 0x00007fed29564c10 code [0x00007fed29564d60, 0x00007fed29564e70]
Event: 1.330 Thread 0x00007fed380f3800 1019       1       org.joml.Matrix4f::_m21 (7 bytes)
Event: 1.330 Thread 0x00007fed380ed000 nmethod 1016 0x00007fed29564ed0 code [0x00007fed29565020, 0x00007fed29565130]
Event: 1.330 Thread 0x00007fed380f1800 nmethod 1007 0x00007fed29565190 code [0x00007fed295653e0, 0x00007fed29565c18]
Event: 1.330 Thread 0x00007fed380f3800 nmethod 1019 0x00007fed29566190 code [0x00007fed295662e0, 0x00007fed295663f0]
Event: 1.330 Thread 0x00007fed380f3800 1011       3       org.joml.Matrix4f::mul (7 bytes)
Event: 1.330 Thread 0x00007fed380f1800 1013       3       org.joml.Matrix4f::mulAffine (476 bytes)
Event: 1.330 Thread 0x00007fed380ed000 1012       3       org.joml.Matrix4f::mul (139 bytes)
Event: 1.330 Thread 0x00007fed380ef800 nmethod 1010 0x00007fed29566450 code [0x00007fed295666a0, 0x00007fed295673f0]
Event: 1.330 Thread 0x00007fed380f3800 nmethod 1011 0x00007fed29567950 code [0x00007fed29567ac0, 0x00007fed29567c68]

GC Heap History (0 events):
No events

Deoptimization events (4 events):
Event: 0.037 Thread 0x00007fed3800d800 Uncommon trap: reason=unstable_if action=reinterpret pc=0x00007fed292c2468 method=java.lang.String.hashCode()I @ 14
Event: 0.107 Thread 0x00007fed3800d800 Uncommon trap: reason=unstable_if action=reinterpret pc=0x00007fed293991a0 method=java.io.DataInputStream.readUTF(Ljava/io/DataInput;)Ljava/lang/String; @ 31
Event: 0.119 Thread 0x00007fed3800d800 Uncommon trap: reason=unstable_if action=reinterpret pc=0x00007fed293afb00 method=java.lang.String.indexOf([CII[CIII)I @ 134
Event: 1.282 Thread 0x00007fed3800d800 Uncommon trap: reason=unstable_if action=reinterpret pc=0x00007fed293d7848 method=java.io.BufferedReader.readLine(Z)Ljava/lang/String; @ 66

Classes redefined (0 events):
No events

Internal exceptions (10 events):
Event: 0.082 Thread 0x00007fed3800d800 Exception <a 'java/security/PrivilegedActionException'> (0x0000000671223f38) thrown at [/home/jenkins/node/workspace/Corretto8/generic_linux/x64/build/Corretto8Src/installers/linux/universal/tar/corretto-build/buildRoot/src/hotspot/src/share/vm/prims/jvm.
Event: 0.082 Thread 0x00007fed3800d800 Exception <a 'java/security/PrivilegedActionException'> (0x0000000671224148) thrown at [/home/jenkins/node/workspace/Corretto8/generic_linux/x64/build/Corretto8Src/installers/linux/universal/tar/corretto-build/buildRoot/src/hotspot/src/share/vm/prims/jvm.
Event: 0.125 Thread 0x00007fed3800d800 Exception <a 'java/lang/NoSuchMethodError': java.lang.Object.lambda$static$0(Ljava/lang/String;)Ljava/lang/Boolean;> (0x0000000672963848) thrown at [/home/jenkins/node/workspace/Corretto8/generic_linux/x64/build/Corretto8Src/installers/linux/universal/tar
Event: 0.145 Thread 0x00007fed3800d800 Exception <a 'sun/nio/fs/UnixException'> (0x0000000672ac23a8) thrown at [/home/jenkins/node/workspace/Corretto8/generic_linux/x64/build/Corretto8Src/installers/linux/universal/tar/corretto-build/buildRoot/src/hotspot/src/share/vm/prims/jni.cpp, line 711]
Event: 0.157 Thread 0x00007fed3800d800 Exception <a 'sun/nio/fs/UnixException'> (0x0000000672b8be80) thrown at [/home/jenkins/node/workspace/Corretto8/generic_linux/x64/build/Corretto8Src/installers/linux/universal/tar/corretto-build/buildRoot/src/hotspot/src/share/vm/prims/jni.cpp, line 711]
Event: 0.244 Thread 0x00007fed3800d800 Exception <a 'sun/nio/fs/UnixException'> (0x0000000672c84030) thrown at [/home/jenkins/node/workspace/Corretto8/generic_linux/x64/build/Corretto8Src/installers/linux/universal/tar/corretto-build/buildRoot/src/hotspot/src/share/vm/prims/jni.cpp, line 711]
Event: 0.245 Thread 0x00007fed3800d800 Exception <a 'sun/nio/fs/UnixException'> (0x0000000672c91c18) thrown at [/home/jenkins/node/workspace/Corretto8/generic_linux/x64/build/Corretto8Src/installers/linux/universal/tar/corretto-build/buildRoot/src/hotspot/src/share/vm/prims/jni.cpp, line 711]
Event: 0.506 Thread 0x00007fed3800d800 Exception <a 'java/io/FileNotFoundException'> (0x00000006734e7dd0) thrown at [/home/jenkins/node/workspace/Corretto8/generic_linux/x64/build/Corretto8Src/installers/linux/universal/tar/corretto-build/buildRoot/src/hotspot/src/share/vm/prims/jni.cpp, line 
Event: 0.506 Thread 0x00007fed3800d800 Exception <a 'java/io/FileNotFoundException'> (0x00000006734e87f0) thrown at [/home/jenkins/node/workspace/Corretto8/generic_linux/x64/build/Corretto8Src/installers/linux/universal/tar/corretto-build/buildRoot/src/hotspot/src/share/vm/prims/jni.cpp, line 
Event: 0.548 Thread 0x00007fed3800d800 Exception <a 'sun/nio/fs/UnixException'> (0x000000067379e040) thrown at [/home/jenkins/node/workspace/Corretto8/generic_linux/x64/build/Corretto8Src/installers/linux/universal/tar/corretto-build/buildRoot/src/hotspot/src/share/vm/prims/jni.cpp, line 711]

Events (10 events):
Event: 1.325 loading class com/game/engine/tools/input/Keyboard
Event: 1.325 loading class com/game/engine/tools/input/Keyboard done
Event: 1.325 loading class com/game/engine/tools/input/InputMaster
Event: 1.325 loading class com/game/engine/tools/input/InputMaster done
Event: 1.325 loading class org/joml/Math
Event: 1.325 loading class org/joml/Math done
Event: 1.326 loading class org/joml/Runtime
Event: 1.326 loading class org/joml/Runtime done
Event: 1.326 loading class java/lang/NumberFormatException
Event: 1.326 loading class java/lang/NumberFormatException done


Dynamic libraries:
40525000-405d4000 rw-p 00000000 00:00 0 
40e7a000-40e7c000 r-xs 00000000 00:01 24514                              /memfd:/.glXXXXXX (deleted)
3d2e00000-3fcd00000 rw-p 00000000 00:00 0 
3fcd00000-670f80000 ---p 00000000 00:00 0 
670f80000-685e80000 rw-p 00000000 00:00 0 
685e80000-7c0000000 ---p 00000000 00:00 0 
7c0000000-7c0140000 rw-p 00000000 00:00 0 
7c0140000-800000000 ---p 00000000 00:00 0 
5556abe00000-5556abe01000 r-xp 00000000 08:44 5114662                    /usr/lib/jvm/java-1.8.0-amazon-corretto/jre/bin/java
5556ac000000-5556ac001000 r--p 00000000 08:44 5114662                    /usr/lib/jvm/java-1.8.0-amazon-corretto/jre/bin/java
5556ac001000-5556ac002000 rw-p 00001000 08:44 5114662                    /usr/lib/jvm/java-1.8.0-amazon-corretto/jre/bin/java
5556ad9e0000-5556ada01000 rw-p 00000000 00:00 0                          [heap]
7fec6c000000-7fec6c021000 rw-p 00000000 00:00 0 
7fec6c021000-7fec70000000 ---p 00000000 00:00 0 
7fec70000000-7fec72cb5000 rw-p 00000000 00:00 0 
7fec72cb5000-7fec74000000 ---p 00000000 00:00 0 
7fec74000000-7fec74021000 rw-p 00000000 00:00 0 
7fec74021000-7fec78000000 ---p 00000000 00:00 0 
7fec78000000-7fec78021000 rw-p 00000000 00:00 0 
7fec78021000-7fec7c000000 ---p 00000000 00:00 0 
7fec7c000000-7fec7c104000 rw-p 00000000 00:00 0 
7fec7c104000-7fec80000000 ---p 00000000 00:00 0 
7fec80000000-7fec800ce000 rw-p 00000000 00:00 0 
7fec800ce000-7fec84000000 ---p 00000000 00:00 0 
7fec84000000-7fec84136000 rw-p 00000000 00:00 0 
7fec84136000-7fec88000000 ---p 00000000 00:00 0 
7fec88000000-7fec880ee000 rw-p 00000000 00:00 0 
7fec880ee000-7fec8c000000 ---p 00000000 00:00 0 
7fec8c000000-7fec8c021000 rw-p 00000000 00:00 0 
7fec8c021000-7fec90000000 ---p 00000000 00:00 0 
7fec90000000-7fec90032000 rw-p 00000000 00:00 0 
7fec90032000-7fec94000000 ---p 00000000 00:00 0 
7fec94000000-7fec94163000 rw-p 00000000 00:00 0 
7fec94163000-7fec98000000 ---p 00000000 00:00 0 
7fec98000000-7fec98021000 rw-p 00000000 00:00 0 
7fec98021000-7fec9c000000 ---p 00000000 00:00 0 
7fec9c000000-7fec9c074000 rw-p 00000000 00:00 0 
7fec9c074000-7feca0000000 ---p 00000000 00:00 0 
7feca0000000-7feca0172000 rw-p 00000000 00:00 0 
7feca0172000-7feca4000000 ---p 00000000 00:00 0 
7feca4000000-7feca40c7000 rw-p 00000000 00:00 0 
7feca40c7000-7feca8000000 ---p 00000000 00:00 0 
7feca8000000-7feca8021000 rw-p 00000000 00:00 0 
7feca8021000-7fecac000000 ---p 00000000 00:00 0 
7fecac000000-7fecac021000 rw-p 00000000 00:00 0 
7fecac021000-7fecb0000000 ---p 00000000 00:00 0 
7fecb0000000-7fecb0021000 rw-p 00000000 00:00 0 
7fecb0021000-7fecb4000000 ---p 00000000 00:00 0 
7fecb4000000-7fecb4021000 rw-p 00000000 00:00 0 
7fecb4021000-7fecb8000000 ---p 00000000 00:00 0 
7fecb8000000-7fecb8021000 rw-p 00000000 00:00 0 
7fecb8021000-7fecbc000000 ---p 00000000 00:00 0 
7fecbc000000-7fecbc021000 rw-p 00000000 00:00 0 
7fecbc021000-7fecc0000000 ---p 00000000 00:00 0 
7fecc0000000-7fecc0021000 rw-p 00000000 00:00 0 
7fecc0021000-7fecc4000000 ---p 00000000 00:00 0 
7fecc4000000-7fecc4021000 rw-p 00000000 00:00 0 
7fecc4021000-7fecc8000000 ---p 00000000 00:00 0 
7fecc8000000-7fecc8021000 rw-p 00000000 00:00 0 
7fecc8021000-7feccc000000 ---p 00000000 00:00 0 
7feccc000000-7feccc021000 rw-p 00000000 00:00 0 
7feccc021000-7fecd0000000 ---p 00000000 00:00 0 
7fecd0970000-7fecf0000000 rw-p 00000000 00:00 0 
7fecf0000000-7fecf0021000 rw-p 00000000 00:00 0 
7fecf0021000-7fecf4000000 ---p 00000000 00:00 0 
7fecf4000000-7fecf4021000 rw-p 00000000 00:00 0 
7fecf4021000-7fecf8000000 ---p 00000000 00:00 0 
7fecf8000000-7fecf8021000 rw-p 00000000 00:00 0 
7fecf8021000-7fecfc000000 ---p 00000000 00:00 0 
7fed00000000-7fed00021000 rw-p 00000000 00:00 0 
7fed00021000-7fed04000000 ---p 00000000 00:00 0 
7fed064fd000-7fed065fd000 rw-p 00000000 00:00 0 
7fed065fd000-7fed066fd000 ---p 00000000 00:00 0 
7fed066fd000-7fed068fd000 rw-s 00000000 00:05 1019                       /dev/nvidiactl
7fed068fd000-7fed06cfd000 rw-s 00000000 00:05 1019                       /dev/nvidiactl
7fed06cfd000-7fed070fd000 rw-s 00000000 00:05 1019                       /dev/nvidiactl
7fed070fd000-7fed074fd000 rw-s 00000000 00:05 1019                       /dev/nvidiactl
7fed074fd000-7fed08000000 rw-p 00000000 00:00 0 
7fed08000000-7fed08021000 rw-p 00000000 00:00 0 
7fed08021000-7fed0c000000 ---p 00000000 00:00 0 
7fed0c0e1000-7fed0c2e1000 rw-s 00000000 00:05 1019                       /dev/nvidiactl
7fed0c2e1000-7fed0cde4000 rw-p 00000000 00:00 0 
7fed0cde4000-7fed0ce43000 r-xp 00000000 08:44 9437855                    /tmp/lwjglbrett/3.2.3-build-13/liblwjgl_stb.so
7fed0ce43000-7fed0d042000 ---p 0005f000 08:44 9437855                    /tmp/lwjglbrett/3.2.3-build-13/liblwjgl_stb.so
7fed0d042000-7fed0d043000 r--p 0005e000 08:44 9437855                    /tmp/lwjglbrett/3.2.3-build-13/liblwjgl_stb.so
7fed0d043000-7fed0d044000 rw-p 0005f000 08:44 9437855                    /tmp/lwjglbrett/3.2.3-build-13/liblwjgl_stb.so
7fed0d044000-7fed0f7c7000 rw-p 00000000 00:00 0 
7fed0f7c7000-7fed0f7ca000 ---p 00000000 00:00 0 
7fed0f7ca000-7fed0f8c8000 rw-p 00000000 00:00 0 
7fed0f8c8000-7fed0f8cd000 r-xp 00000000 08:44 3943336                    /usr/lib/x86_64-linux-gnu/libXtst.so.6.1.0
7fed0f8cd000-7fed0facc000 ---p 00005000 08:44 3943336                    /usr/lib/x86_64-linux-gnu/libXtst.so.6.1.0
7fed0facc000-7fed0facd000 r--p 00004000 08:44 3943336                    /usr/lib/x86_64-linux-gnu/libXtst.so.6.1.0
7fed0facd000-7fed0face000 rw-p 00005000 08:44 3943336                    /usr/lib/x86_64-linux-gnu/libXtst.so.6.1.0
7fed0face000-7fed0fb29000 r-xp 00000000 08:44 5121934                    /usr/lib/jvm/java-1.8.0-amazon-corretto/jre/lib/amd64/libawt_xawt.so
7fed0fb29000-7fed0fd29000 ---p 0005b000 08:44 5121934                    /usr/lib/jvm/java-1.8.0-amazon-corretto/jre/lib/amd64/libawt_xawt.so
7fed0fd29000-7fed0fd2a000 r--p 0005b000 08:44 5121934                    /usr/lib/jvm/java-1.8.0-amazon-corretto/jre/lib/amd64/libawt_xawt.so
7fed0fd2a000-7fed0fd2d000 rw-p 0005c000 08:44 5121934                    /usr/lib/jvm/java-1.8.0-amazon-corretto/jre/lib/amd64/libawt_xawt.so
7fed0fd2d000-7fed0fd2f000 rw-p 00000000 00:00 0 
7fed0fd2f000-7fed0fdcf000 r-xp 00000000 08:44 5121749                    /usr/lib/jvm/java-1.8.0-amazon-corretto/jre/lib/amd64/libawt.so
7fed0fdcf000-7fed0ffcf000 ---p 000a0000 08:44 5121749                    /usr/lib/jvm/java-1.8.0-amazon-corretto/jre/lib/amd64/libawt.so
7fed0ffcf000-7fed0ffd0000 r--p 000a0000 08:44 5121749                    /usr/lib/jvm/java-1.8.0-amazon-corretto/jre/lib/amd64/libawt.so
7fed0ffd0000-7fed0ffdb000 rw-p 000a1000 08:44 5121749                    /usr/lib/jvm/java-1.8.0-amazon-corretto/jre/lib/amd64/libawt.so
7fed0ffdb000-7fed10000000 rw-p 00000000 00:00 0 
7fed10000000-7fed10021000 rw-p 00000000 00:00 0 
7fed10021000-7fed14000000 ---p 00000000 00:00 0 
7fed14070000-7fed14075000 r--s 002f9000 08:44 5122307                    /usr/lib/jvm/java-1.8.0-amazon-corretto/jre/lib/charsets.jar
7fed14075000-7fed14275000 rw-p 00000000 00:00 0 
7fed14275000-7fed142cd000 r-xp 00000000 08:44 9437852                    /tmp/lwjglbrett/3.2.3-build-13/liblwjgl_opengl.so
7fed142cd000-7fed144cc000 ---p 00058000 08:44 9437852                    /tmp/lwjglbrett/3.2.3-build-13/liblwjgl_opengl.so
7fed144cc000-7fed144cd000 r--p 00057000 08:44 9437852                    /tmp/lwjglbrett/3.2.3-build-13/liblwjgl_opengl.so
7fed144cd000-7fed144ce000 rw-p 00058000 08:44 9437852                    /tmp/lwjglbrett/3.2.3-build-13/liblwjgl_opengl.so
7fed144ce000-7fed144d3000 r-xp 00000000 00:00 0 
7fed144d3000-7fed144d6000 rw-s 00000000 00:05 1019                       /dev/nvidiactl
7fed144d6000-7fed144d8000 rw-s 00000000 00:01 24514                      /memfd:/.glXXXXXX (deleted)
7fed144d8000-7fed14558000 rw-s 00000000 00:05 1019                       /dev/nvidiactl
7fed14558000-7fed1455c000 rw-s 00000000 00:05 1019                       /dev/nvidiactl
7fed1465c000-7fed1466f000 rw-s 00000000 00:05 1019                       /dev/nvidiactl
7fed1466f000-7fed14671000 rw-s 00000000 00:05 1019                       /dev/nvidiactl
7fed14671000-7fed146b1000 rw-s 00000000 00:05 1019                       /dev/nvidiactl
7fed146b1000-7fed146d1000 rw-s 00000000 00:05 1019                       /dev/nvidiactl
7fed146d1000-7fed14711000 rw-s 00000000 00:05 1019                       /dev/nvidiactl
7fed14711000-7fed14751000 rw-s 00000000 00:05 1019                       /dev/nvidiactl
7fed14751000-7fed148f6000 rw-s 00000000 00:01 7168                       /memfd:/.nvidia_drv.XXXXXX (deleted)
7fed148f6000-7fed148fb000 r--p 00000000 08:44 3934790                    /usr/lib/x86_64-linux-gnu/libdrm.so.2.4.0
7fed148fb000-7fed14905000 r-xp 00005000 08:44 3934790                    /usr/lib/x86_64-linux-gnu/libdrm.so.2.4.0
7fed14905000-7fed14909000 r--p 0000f000 08:44 3934790                    /usr/lib/x86_64-linux-gnu/libdrm.so.2.4.0
7fed14909000-7fed1490a000 r--p 00012000 08:44 3934790                    /usr/lib/x86_64-linux-gnu/libdrm.so.2.4.0
7fed1490a000-7fed1490b000 rw-p 00013000 08:44 3934790                    /usr/lib/x86_64-linux-gnu/libdrm.so.2.4.0
7fed1490b000-7fed14916000 r--p 00000000 08:44 3934154                    /usr/lib/x86_64-linux-gnu/libxcb-glx.so.0.0.0
7fed14916000-7fed1491f000 r-xp 0000b000 08:44 3934154                    /usr/lib/x86_64-linux-gnu/libxcb-glx.so.0.0.0
7fed1491f000-7fed14924000 r--p 00014000 08:44 3934154                    /usr/lib/x86_64-linux-gnu/libxcb-glx.so.0.0.0
7fed14924000-7fed14925000 ---p 00019000 08:44 3934154                    /usr/lib/x86_64-linux-gnu/libxcb-glx.so.0.0.0
7fed14925000-7fed14927000 r--p 00019000 08:44 3934154                    /usr/lib/x86_64-linux-gnu/libxcb-glx.so.0.0.0
7fed14927000-7fed14928000 rw-p 0001b000 08:44 3934154                    /usr/lib/x86_64-linux-gnu/libxcb-glx.so.0.0.0
7fed14928000-7fed15b81000 r-xp 00000000 08:44 3933155                    /usr/lib/x86_64-linux-gnu/libnvidia-glcore.so.470.57.02
7fed15b81000-7fed15ba2000 rwxp 01259000 08:44 3933155                    /usr/lib/x86_64-linux-gnu/libnvidia-glcore.so.470.57.02
7fed15ba2000-7fed160ba000 r-xp 0127a000 08:44 3933155                    /usr/lib/x86_64-linux-gnu/libnvidia-glcore.so.470.57.02
7fed160ba000-7fed162b9000 ---p 01792000 08:44 3933155                    /usr/lib/x86_64-linux-gnu/libnvidia-glcore.so.470.57.02
7fed162b9000-7fed16812000 r--p 01791000 08:44 3933155                    /usr/lib/x86_64-linux-gnu/libnvidia-glcore.so.470.57.02
7fed16812000-7fed169b6000 rw-p 01cea000 08:44 3933155                    /usr/lib/x86_64-linux-gnu/libnvidia-glcore.so.470.57.02
7fed169b6000-7fed169d8000 rw-p 00000000 00:00 0 
7fed169d8000-7fed169db000 r-xp 00000000 08:44 3933156                    /usr/lib/x86_64-linux-gnu/libnvidia-tls.so.470.57.02
7fed169db000-7fed16bdb000 ---p 00003000 08:44 3933156                    /usr/lib/x86_64-linux-gnu/libnvidia-tls.so.470.57.02
7fed16bdb000-7fed16bdc000 r--p 00003000 08:44 3933156                    /usr/lib/x86_64-linux-gnu/libnvidia-tls.so.470.57.02
7fed16bdc000-7fed16bdd000 rw-p 00004000 08:44 3933156                    /usr/lib/x86_64-linux-gnu/libnvidia-tls.so.470.57.02
7fed16bdd000-7fed16c4f000 r-xp 00000000 08:44 3936883                    /usr/lib/x86_64-linux-gnu/libnvidia-glsi.so.470.57.02
7fed16c4f000-7fed16e4f000 ---p 00072000 08:44 3936883                    /usr/lib/x86_64-linux-gnu/libnvidia-glsi.so.470.57.02
7fed16e4f000-7fed16e78000 r--p 00072000 08:44 3936883                    /usr/lib/x86_64-linux-gnu/libnvidia-glsi.so.470.57.02
7fed16e78000-7fed16e79000 rw-p 0009b000 08:44 3936883                    /usr/lib/x86_64-linux-gnu/libnvidia-glsi.so.470.57.02
7fed16e79000-7fed16e80000 rw-p 00000000 00:00 0 
7fed16e80000-7fed16f32000 r-xp 00000000 08:44 7077911                    /usr/lib/x86_64-linux-gnu/nvidia/current/libGLX_nvidia.so.470.57.02
7fed16f32000-7fed16f67000 rwxp 000b2000 08:44 7077911                    /usr/lib/x86_64-linux-gnu/nvidia/current/libGLX_nvidia.so.470.57.02
7fed16f67000-7fed16f6e000 r-xp 000e7000 08:44 7077911                    /usr/lib/x86_64-linux-gnu/nvidia/current/libGLX_nvidia.so.470.57.02
7fed16f6e000-7fed1716d000 ---p 000ee000 08:44 7077911                    /usr/lib/x86_64-linux-gnu/nvidia/current/libGLX_nvidia.so.470.57.02
7fed1716d000-7fed171b6000 r--p 000ed000 08:44 7077911                    /usr/lib/x86_64-linux-gnu/nvidia/current/libGLX_nvidia.so.470.57.02
7fed171b6000-7fed171bb000 rw-p 00136000 08:44 7077911                    /usr/lib/x86_64-linux-gnu/nvidia/current/libGLX_nvidia.so.470.57.02
7fed171bb000-7fed171bd000 rw-p 00000000 00:00 0 
7fed171bd000-7fed171fd000 r--p 00000000 08:44 3939091                    /usr/lib/x86_64-linux-gnu/libGLdispatch.so.0.0.0
7fed171fd000-7fed17200000 r-xp 00040000 08:44 3939091                    /usr/lib/x86_64-linux-gnu/libGLdispatch.so.0.0.0
7fed17200000-7fed1723b000 r-xp 00043000 08:44 3939091                    /usr/lib/x86_64-linux-gnu/libGLdispatch.so.0.0.0
7fed1723b000-7fed1723c000 r-xp 0007e000 08:44 3939091                    /usr/lib/x86_64-linux-gnu/libGLdispatch.so.0.0.0
7fed1723c000-7fed17250000 r--p 0007f000 08:44 3939091                    /usr/lib/x86_64-linux-gnu/libGLdispatch.so.0.0.0
7fed17250000-7fed1726c000 r--p 00092000 08:44 3939091                    /usr/lib/x86_64-linux-gnu/libGLdispatch.so.0.0.0
7fed1726c000-7fed1726d000 rw-p 000ae000 08:44 3939091                    /usr/lib/x86_64-linux-gnu/libGLdispatch.so.0.0.0
7fed1726d000-7fed17275000 rw-p 00000000 00:00 0 
7fed17275000-7fed172b8000 r--p 00000000 08:44 6292234                    /usr/lib/mesa-diverted/x86_64-linux-gnu/libGL.so.1.7.0
7fed172b8000-7fed172bb000 r-xp 00043000 08:44 6292234                    /usr/lib/mesa-diverted/x86_64-linux-gnu/libGL.so.1.7.0
7fed172bb000-7fed172d6000 r-xp 00046000 08:44 6292234                    /usr/lib/mesa-diverted/x86_64-linux-gnu/libGL.so.1.7.0
7fed172d6000-7fed172d7000 r-xp 00061000 08:44 6292234                    /usr/lib/mesa-diverted/x86_64-linux-gnu/libGL.so.1.7.0
7fed172d7000-7fed172ec000 r--p 00062000 08:44 6292234                    /usr/lib/mesa-diverted/x86_64-linux-gnu/libGL.so.1.7.0
7fed172ec000-7fed172fa000 r--p 00076000 08:44 6292234                    /usr/lib/mesa-diverted/x86_64-linux-gnu/libGL.so.1.7.0
7fed172fa000-7fed172fb000 rw-p 00084000 08:44 6292234                    /usr/lib/mesa-diverted/x86_64-linux-gnu/libGL.so.1.7.0
7fed172fb000-7fed172fc000 rw-p 00000000 00:00 0 
7fed172fc000-7fed172fd000 rw-s 00000000 00:05 1020                       /dev/nvidia0
7fed172fd000-7fed1731d000 rw-s 00000000 00:05 1019                       /dev/nvidiactl
7fed1733d000-7fed1733e000 r--p 00000000 08:44 3934439                    /usr/lib/x86_64-linux-gnu/libX11-xcb.so.1.0.0
7fed1733e000-7fed1733f000 r-xp 00001000 08:44 3934439                    /usr/lib/x86_64-linux-gnu/libX11-xcb.so.1.0.0
7fed1733f000-7fed17340000 r--p 00002000 08:44 3934439                    /usr/lib/x86_64-linux-gnu/libX11-xcb.so.1.0.0
7fed17340000-7fed17341000 r--p 00002000 08:44 3934439                    /usr/lib/x86_64-linux-gnu/libX11-xcb.so.1.0.0
7fed17341000-7fed17342000 rw-p 00003000 08:44 3934439                    /usr/lib/x86_64-linux-gnu/libX11-xcb.so.1.0.0
7fed17342000-7fed17343000 r--p 00000000 08:44 3949702                    /usr/lib/x86_64-linux-gnu/libXinerama.so.1.0.0
7fed17343000-7fed17344000 r-xp 00001000 08:44 3949702                    /usr/lib/x86_64-linux-gnu/libXinerama.so.1.0.0
7fed17344000-7fed17345000 r--p 00002000 08:44 3949702                    /usr/lib/x86_64-linux-gnu/libXinerama.so.1.0.0
7fed17345000-7fed17346000 r--p 00002000 08:44 3949702                    /usr/lib/x86_64-linux-gnu/libXinerama.so.1.0.0
7fed17346000-7fed17347000 rw-p 00003000 08:44 3949702                    /usr/lib/x86_64-linux-gnu/libXinerama.so.1.0.0
7fed17347000-7fed1734a000 r--p 00000000 08:44 3943331                    /usr/lib/x86_64-linux-gnu/libXcursor.so.1.0.2
7fed1734a000-7fed17350000 r-xp 00003000 08:44 3943331                    /usr/lib/x86_64-linux-gnu/libXcursor.so.1.0.2
7fed17350000-7fed17352000 r--p 00009000 08:44 3943331                    /usr/lib/x86_64-linux-gnu/libXcursor.so.1.0.2
7fed17352000-7fed17353000 r--p 0000a000 08:44 3943331                    /usr/lib/x86_64-linux-gnu/libXcursor.so.1.0.2
7fed17353000-7fed17354000 rw-p 0000b000 08:44 3943331                    /usr/lib/x86_64-linux-gnu/libXcursor.so.1.0.2
7fed17354000-7fed1735d000 r-xp 00000000 08:44 3939156                    /usr/lib/x86_64-linux-gnu/libXrender.so.1.3.0
7fed1735d000-7fed1755c000 ---p 00009000 08:44 3939156                    /usr/lib/x86_64-linux-gnu/libXrender.so.1.3.0
7fed1755c000-7fed1755d000 r--p 00008000 08:44 3939156                    /usr/lib/x86_64-linux-gnu/libXrender.so.1.3.0
7fed1755d000-7fed1755e000 rw-p 00009000 08:44 3939156                    /usr/lib/x86_64-linux-gnu/libXrender.so.1.3.0
7fed1755e000-7fed17560000 r--p 00000000 08:44 3974177                    /usr/lib/x86_64-linux-gnu/libXrandr.so.2.2.0
7fed17560000-7fed17567000 r-xp 00002000 08:44 3974177                    /usr/lib/x86_64-linux-gnu/libXrandr.so.2.2.0
7fed17567000-7fed17569000 r--p 00009000 08:44 3974177                    /usr/lib/x86_64-linux-gnu/libXrandr.so.2.2.0
7fed17569000-7fed1756a000 r--p 0000a000 08:44 3974177                    /usr/lib/x86_64-linux-gnu/libXrandr.so.2.2.0
7fed1756a000-7fed1756b000 rw-p 0000b000 08:44 3974177                    /usr/lib/x86_64-linux-gnu/libXrandr.so.2.2.0
7fed1756b000-7fed1756e000 r--p 00000000 08:44 3974143                    /usr/lib/x86_64-linux-gnu/libXi.so.6.1.0
7fed1756e000-7fed1757a000 r-xp 00003000 08:44 3974143                    /usr/lib/x86_64-linux-gnu/libXi.so.6.1.0
7fed1757a000-7fed1757d000 r--p 0000f000 08:44 3974143                    /usr/lib/x86_64-linux-gnu/libXi.so.6.1.0
7fed1757d000-7fed1757e000 r--p 00011000 08:44 3974143                    /usr/lib/x86_64-linux-gnu/libXi.so.6.1.0
7fed1757e000-7fed1757f000 rw-p 00012000 08:44 3974143                    /usr/lib/x86_64-linux-gnu/libXi.so.6.1.0
7fed1757f000-7fed17583000 r--p 00000000 08:44 3946799                    /usr/lib/x86_64-linux-gnu/libXext.so.6.4.0
7fed17583000-7fed1758e000 r-xp 00004000 08:44 3946799                    /usr/lib/x86_64-linux-gnu/libXext.so.6.4.0
7fed1758e000-7fed17592000 r--p 0000f000 08:44 3946799                    /usr/lib/x86_64-linux-gnu/libXext.so.6.4.0
7fed17592000-7fed17593000 r--p 00012000 08:44 3946799                    /usr/lib/x86_64-linux-gnu/libXext.so.6.4.0
7fed17593000-7fed17594000 rw-p 00013000 08:44 3946799                    /usr/lib/x86_64-linux-gnu/libXext.so.6.4.0
7fed17594000-7fed17599000 r-xp 00000000 08:44 3939064                    /usr/lib/x86_64-linux-gnu/libXxf86vm.so.1.0.0
7fed17599000-7fed17798000 ---p 00005000 08:44 3939064                    /usr/lib/x86_64-linux-gnu/libXxf86vm.so.1.0.0
7fed17798000-7fed17799000 r--p 00004000 08:44 3939064                    /usr/lib/x86_64-linux-gnu/libXxf86vm.so.1.0.0
7fed17799000-7fed1779a000 rw-p 00005000 08:44 3939064                    /usr/lib/x86_64-linux-gnu/libXxf86vm.so.1.0.0
7fed1779a000-7fed1779c000 r--p 00000000 08:44 3932335                    /usr/lib/x86_64-linux-gnu/libmd.so.0.0.5
7fed1779c000-7fed177a3000 r-xp 00002000 08:44 3932335                    /usr/lib/x86_64-linux-gnu/libmd.so.0.0.5
7fed177a3000-7fed177a5000 r--p 00009000 08:44 3932335                    /usr/lib/x86_64-linux-gnu/libmd.so.0.0.5
7fed177a5000-7fed177a6000 r--p 0000a000 08:44 3932335                    /usr/lib/x86_64-linux-gnu/libmd.so.0.0.5
7fed177a6000-7fed177a7000 rw-p 0000b000 08:44 3932335                    /usr/lib/x86_64-linux-gnu/libmd.so.0.0.5
7fed177a7000-7fed177ab000 r--p 00000000 08:44 3938076                    /usr/lib/x86_64-linux-gnu/libbsd.so.0.11.3
7fed177ab000-7fed177b7000 r-xp 00004000 08:44 3938076                    /usr/lib/x86_64-linux-gnu/libbsd.so.0.11.3
7fed177b7000-7fed177ba000 r--p 00010000 08:44 3938076                    /usr/lib/x86_64-linux-gnu/libbsd.so.0.11.3
7fed177ba000-7fed177bb000 ---p 00013000 08:44 3938076                    /usr/lib/x86_64-linux-gnu/libbsd.so.0.11.3
7fed177bb000-7fed177bc000 r--p 00013000 08:44 3938076                    /usr/lib/x86_64-linux-gnu/libbsd.so.0.11.3
7fed177bc000-7fed177bd000 rw-p 00014000 08:44 3938076                    /usr/lib/x86_64-linux-gnu/libbsd.so.0.11.3
7fed177bd000-7fed177be000 rw-p 00000000 00:00 0 
7fed177be000-7fed177c3000 r-xp 00000000 08:44 3938959                    /usr/lib/x86_64-linux-gnu/libXdmcp.so.6.0.0
7fed177c3000-7fed179c2000 ---p 00005000 08:44 3938959                    /usr/lib/x86_64-linux-gnu/libXdmcp.so.6.0.0
7fed179c2000-7fed179c3000 r--p 00004000 08:44 3938959                    /usr/lib/x86_64-linux-gnu/libXdmcp.so.6.0.0
7fed179c3000-7fed179c4000 rw-p 00005000 08:44 3938959                    /usr/lib/x86_64-linux-gnu/libXdmcp.so.6.0.0
7fed179c4000-7fed179e0000 r--p 00000000 08:44 3935585                    /usr/lib/x86_64-linux-gnu/libX11.so.6.4.0
7fed179e0000-7fed17a6c000 r-xp 0001c000 08:44 3935585                    /usr/lib/x86_64-linux-gnu/libX11.so.6.4.0
7fed17a6c000-7fed17b00000 r--p 000a8000 08:44 3935585                    /usr/lib/x86_64-linux-gnu/libX11.so.6.4.0
7fed17b00000-7fed17b01000 ---p 0013c000 08:44 3935585                    /usr/lib/x86_64-linux-gnu/libX11.so.6.4.0
7fed17b01000-7fed17b02000 r--p 0013c000 08:44 3935585                    /usr/lib/x86_64-linux-gnu/libX11.so.6.4.0
7fed17b02000-7fed17b07000 rw-p 0013d000 08:44 3935585                    /usr/lib/x86_64-linux-gnu/libX11.so.6.4.0
7fed17b07000-7fed17b0b000 rw-s 00000000 00:05 1019                       /dev/nvidiactl
7fed17b0b000-7fed17b0c000 rw-s 00000000 00:05 1020                       /dev/nvidia0
7fed17b0c000-7fed17b0d000 rw-s 00000000 00:05 1020                       /dev/nvidia0
7fed17b0d000-7fed17b10000 r--p 00000000 08:44 3937876                    /usr/lib/x86_64-linux-gnu/libGLX.so.0.0.0
7fed17b10000-7fed17b2b000 r-xp 00003000 08:44 3937876                    /usr/lib/x86_64-linux-gnu/libGLX.so.0.0.0
7fed17b2b000-7fed17b2f000 r--p 0001e000 08:44 3937876                    /usr/lib/x86_64-linux-gnu/libGLX.so.0.0.0
7fed17b2f000-7fed17b30000 r--p 00021000 08:44 3937876                    /usr/lib/x86_64-linux-gnu/libGLX.so.0.0.0
7fed17b30000-7fed17b31000 rw-p 00022000 08:44 3937876                    /usr/lib/x86_64-linux-gnu/libGLX.so.0.0.0
7fed17b31000-7fed17b41000 rw-p 00000000 00:00 0 
7fed17b41000-7fed17b48000 r--s 00000000 08:44 3980780                    /usr/lib/x86_64-linux-gnu/gconv/gconv-modules.cache
7fed17b48000-7fed17b8b000 r-xp 00000000 08:44 9437851                    /tmp/lwjglbrett/3.2.3-build-13/libglfw.so
7fed17b8b000-7fed17d8a000 ---p 00043000 08:44 9437851                    /tmp/lwjglbrett/3.2.3-build-13/libglfw.so
7fed17d8a000-7fed17d8b000 r--p 00042000 08:44 9437851                    /tmp/lwjglbrett/3.2.3-build-13/libglfw.so
7fed17d8b000-7fed17d8d000 rw-p 00043000 08:44 9437851                    /tmp/lwjglbrett/3.2.3-build-13/libglfw.so
7fed17d8d000-7fed17dae000 rw-p 00000000 00:00 0 
7fed17dae000-7fed17dff000 r-xp 00000000 08:44 9437850                    /tmp/lwjglbrett/3.2.3-build-13/liblwjgl.so
7fed17dff000-7fed17ffe000 ---p 00051000 08:44 9437850                    /tmp/lwjglbrett/3.2.3-build-13/liblwjgl.so
7fed17ffe000-7fed17fff000 r--p 00050000 08:44 9437850                    /tmp/lwjglbrett/3.2.3-build-13/liblwjgl.so
7fed17fff000-7fed18000000 rw-p 00051000 08:44 9437850                    /tmp/lwjglbrett/3.2.3-build-13/liblwjgl.so
7fed18000000-7fed18021000 rw-p 00000000 00:00 0 
7fed18021000-7fed1c000000 ---p 00000000 00:00 0 
7fed1c000000-7fed1c001000 rw-s 00000000 00:05 1020                       /dev/nvidia0
7fed1c001000-7fed1c002000 rw-s 00000000 00:05 1019                       /dev/nvidiactl
7fed1c002000-7fed1c003000 rw-s 00000000 00:05 1019                       /dev/nvidiactl
7fed1c003000-7fed1c004000 rw-s 00000000 00:05 1019                       /dev/nvidiactl
7fed1c004000-7fed1c010000 r--p 00000000 08:44 3933956                    /usr/lib/x86_64-linux-gnu/libxcb.so.1.1.0
7fed1c010000-7fed1c024000 r-xp 0000c000 08:44 3933956                    /usr/lib/x86_64-linux-gnu/libxcb.so.1.1.0
7fed1c024000-7fed1c02d000 r--p 00020000 08:44 3933956                    /usr/lib/x86_64-linux-gnu/libxcb.so.1.1.0
7fed1c02d000-7fed1c02e000 r--p 00028000 08:44 3933956                    /usr/lib/x86_64-linux-gnu/libxcb.so.1.1.0
7fed1c02e000-7fed1c02f000 rw-p 00029000 08:44 3933956                    /usr/lib/x86_64-linux-gnu/libxcb.so.1.1.0
7fed1c02f000-7fed1c038000 r-xp 00000000 08:44 5121742                    /usr/lib/jvm/java-1.8.0-amazon-corretto/jre/lib/amd64/libmanagement.so
7fed1c038000-7fed1c237000 ---p 00009000 08:44 5121742                    /usr/lib/jvm/java-1.8.0-amazon-corretto/jre/lib/amd64/libmanagement.so
7fed1c237000-7fed1c238000 r--p 00008000 08:44 5121742                    /usr/lib/jvm/java-1.8.0-amazon-corretto/jre/lib/amd64/libmanagement.so
7fed1c238000-7fed1c239000 rw-p 00009000 08:44 5121742                    /usr/lib/jvm/java-1.8.0-amazon-corretto/jre/lib/amd64/libmanagement.so
7fed1c239000-7fed1c23a000 r--s 00004000 08:43 393601                     /home/brett/Documents/Brock/Gamers/Java Brock 2021 Project/Library/lib/native/lwjgl-opengles-natives-macos.jar
7fed1c23a000-7fed1c23b000 r--s 00008000 08:43 393600                     /home/brett/Documents/Brock/Gamers/Java Brock 2021 Project/Library/lib/native/lwjgl-opengles-natives-linux.jar
7fed1c23b000-7fed1c23c000 r--s 00095000 08:43 393594                     /home/brett/Documents/Brock/Gamers/Java Brock 2021 Project/Library/lib/native/lwjgl-openal-natives-windows-x86.jar
7fed1c23c000-7fed1c23d000 r--s 0009e000 08:43 393595                     /home/brett/Documents/Brock/Gamers/Java Brock 2021 Project/Library/lib/native/lwjgl-openal-natives-windows.jar
7fed1c23d000-7fed1c23f000 r--s 00080000 08:43 393593                     /home/brett/Documents/Brock/Gamers/Java Brock 2021 Project/Library/lib/native/lwjgl-openal-natives-macos.jar
7fed1c23f000-7fed1c240000 r--s 00090000 08:43 393592                     /home/brett/Documents/Brock/Gamers/Java Brock 2021 Project/Library/lib/native/lwjgl-openal-natives-linux.jar
7fed1c240000-7fed1c241000 r--s 0000f000 08:43 393590                     /home/brett/Documents/Brock/Gamers/Java Brock 2021 Project/Library/lib/native/lwjgl-nfd-natives-windows-x86.jar
7fed1c241000-7fed1c242000 r--s 00011000 08:43 393591                     /home/brett/Documents/Brock/Gamers/Java Brock 2021 Project/Library/lib/native/lwjgl-nfd-natives-windows.jar
7fed1c242000-7fed1c243000 r--s 00001000 08:43 393589                     /home/brett/Documents/Brock/Gamers/Java Brock 2021 Project/Library/lib/native/lwjgl-nfd-natives-macos.jar
7fed1c243000-7fed1c244000 r--s 00001000 08:43 393588                     /home/brett/Documents/Brock/Gamers/Java Brock 2021 Project/Library/lib/native/lwjgl-nfd-natives-linux.jar
7fed1c244000-7fed1c246000 r--s 0001c000 08:43 393586                     /home/brett/Documents/Brock/Gamers/Java Brock 2021 Project/Library/lib/native/lwjgl-natives-windows-x86.jar
7fed1c246000-7fed1c248000 r--s 00020000 08:43 393587                     /home/brett/Documents/Brock/Gamers/Java Brock 2021 Project/Library/lib/native/lwjgl-natives-windows.jar
7fed1c248000-7fed1c249000 rw-s 00044000 00:01 7168                       /memfd:/.nvidia_drv.XXXXXX (deleted)
7fed1c249000-7fed1c24b000 r--p 00000000 08:44 3933927                    /usr/lib/x86_64-linux-gnu/libXfixes.so.3.1.0
7fed1c24b000-7fed1c24e000 r-xp 00002000 08:44 3933927                    /usr/lib/x86_64-linux-gnu/libXfixes.so.3.1.0
7fed1c24e000-7fed1c24f000 r--p 00005000 08:44 3933927                    /usr/lib/x86_64-linux-gnu/libXfixes.so.3.1.0
7fed1c24f000-7fed1c250000 r--p 00005000 08:44 3933927                    /usr/lib/x86_64-linux-gnu/libXfixes.so.3.1.0
7fed1c250000-7fed1c251000 rw-p 00006000 08:44 3933927                    /usr/lib/x86_64-linux-gnu/libXfixes.so.3.1.0
7fed1c251000-7fed1c252000 r--p 00000000 08:44 3936017                    /usr/lib/x86_64-linux-gnu/libXau.so.6.0.0
7fed1c252000-7fed1c253000 r-xp 00001000 08:44 3936017                    /usr/lib/x86_64-linux-gnu/libXau.so.6.0.0
7fed1c253000-7fed1c254000 r--p 00002000 08:44 3936017                    /usr/lib/x86_64-linux-gnu/libXau.so.6.0.0
7fed1c254000-7fed1c255000 r--p 00002000 08:44 3936017                    /usr/lib/x86_64-linux-gnu/libXau.so.6.0.0
7fed1c255000-7fed1c256000 rw-p 00003000 08:44 3936017                    /usr/lib/x86_64-linux-gnu/libXau.so.6.0.0
7fed1c256000-7fed1c257000 r-xp 00000000 00:00 0 
7fed1c257000-7fed1c26a000 r--s 0034b000 08:44 5122310                    /usr/lib/jvm/java-1.8.0-amazon-corretto/jre/lib/resources.jar
7fed1c26a000-7fed1c26b000 r--s 00017000 08:43 393614                     /home/brett/Documents/Brock/Gamers/Java Brock 2021 Project/Library/lib/native/lwjgl-tinyfd-natives-windows-x86.jar
7fed1c26b000-7fed1c26c000 r--s 0001b000 08:43 393615                     /home/brett/Documents/Brock/Gamers/Java Brock 2021 Project/Library/lib/native/lwjgl-tinyfd-natives-windows.jar
7fed1c26c000-7fed1c26d000 r--s 0000a000 08:43 393613                     /home/brett/Documents/Brock/Gamers/Java Brock 2021 Project/Library/lib/native/lwjgl-tinyfd-natives-macos.jar
7fed1c26d000-7fed1c26e000 r--s 00009000 08:43 393612                     /home/brett/Documents/Brock/Gamers/Java Brock 2021 Project/Library/lib/native/lwjgl-tinyfd-natives-linux.jar
7fed1c26e000-7fed1c270000 r--s 00025000 08:43 393610                     /home/brett/Documents/Brock/Gamers/Java Brock 2021 Project/Library/lib/native/lwjgl-tinyexr-natives-windows-x86.jar
7fed1c270000-7fed1c271000 r--s 0002c000 08:43 393611                     /home/brett/Documents/Brock/Gamers/Java Brock 2021 Project/Library/lib/native/lwjgl-tinyexr-natives-windows.jar
7fed1c271000-7fed1c272000 r--s 00012000 08:43 393609                     /home/brett/Documents/Brock/Gamers/Java Brock 2021 Project/Library/lib/native/lwjgl-tinyexr-natives-macos.jar
7fed1c272000-7fed1c273000 r--s 0000f000 08:43 393608                     /home/brett/Documents/Brock/Gamers/Java Brock 2021 Project/Library/lib/native/lwjgl-tinyexr-natives-linux.jar
7fed1c273000-7fed1c274000 r--s 00033000 08:43 393606                     /home/brett/Documents/Brock/Gamers/Java Brock 2021 Project/Library/lib/native/lwjgl-stb-natives-windows-x86.jar
7fed1c274000-7fed1c276000 r--s 00039000 08:43 393607                     /home/brett/Documents/Brock/Gamers/Java Brock 2021 Project/Library/lib/native/lwjgl-stb-natives-windows.jar
7fed1c276000-7fed1c277000 r--s 0002f000 08:43 393605                     /home/brett/Documents/Brock/Gamers/Java Brock 2021 Project/Library/lib/native/lwjgl-stb-natives-macos.jar
7fed1c277000-7fed1c278000 r--s 00030000 08:43 393604                     /home/brett/Documents/Brock/Gamers/Java Brock 2021 Project/Library/lib/native/lwjgl-stb-natives-linux.jar
7fed1c278000-7fed1c27a000 r--s 00013000 08:43 393598                     /home/brett/Documents/Brock/Gamers/Java Brock 2021 Project/Library/lib/native/lwjgl-opengl-natives-windows-x86.jar
7fed1c27a000-7fed1c27c000 r--s 00015000 08:43 393599                     /home/brett/Documents/Brock/Gamers/Java Brock 2021 Project/Library/lib/native/lwjgl-opengl-natives-windows.jar
7fed1c27c000-7fed1c27d000 r--s 00009000 08:43 393597                     /home/brett/Documents/Brock/Gamers/Java Brock 2021 Project/Library/lib/native/lwjgl-opengl-natives-macos.jar
7fed1c27d000-7fed1c27e000 r--s 00013000 08:43 393596                     /home/brett/Documents/Brock/Gamers/Java Brock 2021 Project/Library/lib/native/lwjgl-opengl-natives-linux.jar
7fed1c27e000-7fed1c27f000 r--s 0000e000 08:43 393602                     /home/brett/Documents/Brock/Gamers/Java Brock 2021 Project/Library/lib/native/lwjgl-opengles-natives-windows-x86.jar
7fed1c27f000-7fed1c280000 r--s 00010000 08:43 393603                     /home/brett/Documents/Brock/Gamers/Java Brock 2021 Project/Library/lib/native/lwjgl-opengles-natives-windows.jar
7fed1c280000-7fed1c281000 r--s 00009000 08:43 393585                     /home/brett/Documents/Brock/Gamers/Java Brock 2021 Project/Library/lib/native/lwjgl-natives-macos.jar
7fed1c281000-7fed1c282000 r--s 00012000 08:43 393584                     /home/brett/Documents/Brock/Gamers/Java Brock 2021 Project/Library/lib/native/lwjgl-natives-linux.jar
7fed1c282000-7fed1c283000 r--s 00012000 08:43 393582                     /home/brett/Documents/Brock/Gamers/Java Brock 2021 Project/Library/lib/native/lwjgl-lz4-natives-windows-x86.jar
7fed1c283000-7fed1c284000 r--s 00015000 08:43 393583                     /home/brett/Documents/Brock/Gamers/Java Brock 2021 Project/Library/lib/native/lwjgl-lz4-natives-windows.jar
7fed1c284000-7fed1c285000 r--s 00017000 08:43 393581                     /home/brett/Documents/Brock/Gamers/Java Brock 2021 Project/Library/lib/native/lwjgl-lz4-natives-macos.jar
7fed1c285000-7fed1c287000 r--s 0000f000 08:43 393580                     /home/brett/Documents/Brock/Gamers/Java Brock 2021 Project/Library/lib/native/lwjgl-lz4-natives-linux.jar
7fed1c287000-7fed1c288000 r--s 00020000 08:43 393578                     /home/brett/Documents/Brock/Gamers/Java Brock 2021 Project/Library/lib/native/lwjgl-glfw-natives-windows-x86.jar
7fed1c288000-7fed1c28a000 r--s 00021000 08:43 393579                     /home/brett/Documents/Brock/Gamers/Java Brock 2021 Project/Library/lib/native/lwjgl-glfw-natives-windows.jar
7fed1c28a000-7fed1c28c000 r--s 0000f000 08:43 393577                     /home/brett/Documents/Brock/Gamers/Java Brock 2021 Project/Library/lib/native/lwjgl-glfw-natives-macos.jar
7fed1c28c000-7fed1c28d000 r--s 00026000 08:43 393576                     /home/brett/Documents/Brock/Gamers/Java Brock 2021 Project/Library/lib/native/lwjgl-glfw-natives-linux.jar
7fed1c28d000-7fed1c28e000 r--s 0020e000 08:43 393574                     /home/brett/Documents/Brock/Gamers/Java Brock 2021 Project/Library/lib/native/lwjgl-assimp-natives-windows-x86.jar
7fed1c28e000-7fed1c290000 r--s 00278000 08:43 393575                     /home/brett/Documents/Brock/Gamers/Java Brock 2021 Project/Library/lib/native/lwjgl-assimp-natives-windows.jar
7fed1c290000-7fed1c291000 r--s 002fe000 08:43 393573                     /home/brett/Documents/Brock/Gamers/Java Brock 2021 Project/Library/lib/native/lwjgl-assimp-natives-macos.jar
7fed1c291000-7fed1c293000 r--s 003ff000 08:43 393572                     /home/brett/Documents/Brock/Gamers/Java Brock 2021 Project/Library/lib/native/lwjgl-assimp-natives-linux.jar
7fed1c293000-7fed1c2c4000 rw-p 00000000 00:00 0 
7fed1c2c4000-7fed1c2dc000 r-xp 00000000 08:44 5121713                    /usr/lib/jvm/java-1.8.0-amazon-corretto/jre/lib/amd64/libnet.so
7fed1c2dc000-7fed1c4db000 ---p 00018000 08:44 5121713                    /usr/lib/jvm/java-1.8.0-amazon-corretto/jre/lib/amd64/libnet.so
7fed1c4db000-7fed1c4dc000 r--p 00017000 08:44 5121713                    /usr/lib/jvm/java-1.8.0-amazon-corretto/jre/lib/amd64/libnet.so
7fed1c4dc000-7fed1c4dd000 rw-p 00018000 08:44 5121713                    /usr/lib/jvm/java-1.8.0-amazon-corretto/jre/lib/amd64/libnet.so
7fed1c4dd000-7fed1c4ee000 r-xp 00000000 08:44 5121754                    /usr/lib/jvm/java-1.8.0-amazon-corretto/jre/lib/amd64/libnio.so
7fed1c4ee000-7fed1c6ee000 ---p 00011000 08:44 5121754                    /usr/lib/jvm/java-1.8.0-amazon-corretto/jre/lib/amd64/libnio.so
7fed1c6ee000-7fed1c6ef000 r--p 00011000 08:44 5121754                    /usr/lib/jvm/java-1.8.0-amazon-corretto/jre/lib/amd64/libnio.so
7fed1c6ef000-7fed1c6f0000 rw-p 00012000 08:44 5121754                    /usr/lib/jvm/java-1.8.0-amazon-corretto/jre/lib/amd64/libnio.so
7fed1c6f0000-7fed1c786000 r--s 007cf000 08:44 5122300                    /usr/lib/jvm/java-1.8.0-amazon-corretto/jre/lib/ext/jfxrt.jar
7fed1c786000-7fed1c787000 ---p 00000000 00:00 0 
7fed1c787000-7fed1c887000 rw-p 00000000 00:00 0 
7fed1c887000-7fed1c88a000 ---p 00000000 00:00 0 
7fed1c88a000-7fed1c988000 rw-p 00000000 00:00 0 
7fed1c988000-7fed1c989000 ---p 00000000 00:00 0 
7fed1c989000-7fed1c98c000 ---p 00000000 00:00 0 
7fed1c98c000-7fed1ca89000 rw-p 00000000 00:00 0 
7fed1ca89000-7fed1ca8a000 ---p 00000000 00:00 0 
7fed1ca8a000-7fed1ca8d000 ---p 00000000 00:00 0 
7fed1ca8d000-7fed1cb8a000 rw-p 00000000 00:00 0 
7fed1cb8a000-7fed1cb8b000 ---p 00000000 00:00 0 
7fed1cb8b000-7fed1cb8e000 ---p 00000000 00:00 0 
7fed1cb8e000-7fed1cc8b000 rw-p 00000000 00:00 0 
7fed1cc8b000-7fed1cc8c000 ---p 00000000 00:00 0 
7fed1cc8c000-7fed1cc8f000 ---p 00000000 00:00 0 
7fed1cc8f000-7fed1cd8c000 rw-p 00000000 00:00 0 
7fed1cd8c000-7fed1cd8d000 ---p 00000000 00:00 0 
7fed1cd8d000-7fed1cd90000 ---p 00000000 00:00 0 
7fed1cd90000-7fed1ce8d000 rw-p 00000000 00:00 0 
7fed1ce8d000-7fed1ce8e000 ---p 00000000 00:00 0 
7fed1ce8e000-7fed1ce91000 ---p 00000000 00:00 0 
7fed1ce91000-7fed1cf8e000 rw-p 00000000 00:00 0 
7fed1cf8e000-7fed1cf8f000 ---p 00000000 00:00 0 
7fed1cf8f000-7fed1cf92000 ---p 00000000 00:00 0 
7fed1cf92000-7fed1d08f000 rw-p 00000000 00:00 0 
7fed1d08f000-7fed1d090000 ---p 00000000 00:00 0 
7fed1d090000-7fed1d093000 ---p 00000000 00:00 0 
7fed1d093000-7fed1d190000 rw-p 00000000 00:00 0 
7fed1d190000-7fed1d191000 ---p 00000000 00:00 0 
7fed1d191000-7fed1d194000 ---p 00000000 00:00 0 
7fed1d194000-7fed1d291000 rw-p 00000000 00:00 0 
7fed1d291000-7fed1d292000 ---p 00000000 00:00 0 
7fed1d292000-7fed1d295000 ---p 00000000 00:00 0 
7fed1d295000-7fed1d392000 rw-p 00000000 00:00 0 
7fed1d392000-7fed1d393000 ---p 00000000 00:00 0 
7fed1d393000-7fed1d396000 ---p 00000000 00:00 0 
7fed1d396000-7fed1d493000 rw-p 00000000 00:00 0 
7fed1d493000-7fed1d494000 ---p 00000000 00:00 0 
7fed1d494000-7fed1d497000 ---p 00000000 00:00 0 
7fed1d497000-7fed1d594000 rw-p 00000000 00:00 0 
7fed1d594000-7fed1d597000 ---p 00000000 00:00 0 
7fed1d597000-7fed1d695000 rw-p 00000000 00:00 0 
7fed1d695000-7fed1df34000 r--p 00000000 08:44 3941331                    /usr/lib/locale/locale-archive
7fed1df34000-7fed1df37000 ---p 00000000 00:00 0 
7fed1df37000-7fed1e035000 rw-p 00000000 00:00 0 
7fed1e035000-7fed1e038000 ---p 00000000 00:00 0 
7fed1e038000-7fed1e136000 rw-p 00000000 00:00 0 
7fed1e136000-7fed1e137000 ---p 00000000 00:00 0 
7fed1e137000-7fed20000000 rw-p 00000000 00:00 0 
7fed20000000-7fed20021000 rw-p 00000000 00:00 0 
7fed20021000-7fed24000000 ---p 00000000 00:00 0 
7fed24000000-7fed24001000 r--s 00001000 08:43 393641                     /home/brett/Documents/Brock/Gamers/Java Brock 2021 Project/Library/lib/lwjgl-tinyfd.jar
7fed24001000-7fed24002000 r--s 0000a000 08:43 393640                     /home/brett/Documents/Brock/Gamers/Java Brock 2021 Project/Library/lib/lwjgl-tinyexr.jar
7fed24002000-7fed24009000 r--s 00051000 08:43 393638                     /home/brett/Documents/Brock/Gamers/Java Brock 2021 Project/Library/lib/lwjgl-opengles.jar
7fed24009000-7fed24014000 r--s 000da000 08:43 393637                     /home/brett/Documents/Brock/Gamers/Java Brock 2021 Project/Library/lib/lwjgl-opengl.jar
7fed24014000-7fed24e22000 rw-p 00000000 00:00 0 
7fed24e22000-7fed24ff3000 r--s 03c97000 08:44 5122309                    /usr/lib/jvm/java-1.8.0-amazon-corretto/jre/lib/rt.jar
7fed24ff3000-7fed2790d000 rw-p 00000000 00:00 0 
7fed2790d000-7fed2790e000 ---p 00000000 00:00 0 
7fed2790e000-7fed27a0e000 rw-p 00000000 00:00 0 
7fed27a0e000-7fed27a0f000 ---p 00000000 00:00 0 
7fed27a0f000-7fed27c5f000 rw-p 00000000 00:00 0 
7fed27c5f000-7fed29000000 ---p 00000000 00:00 0 
7fed29000000-7fed29570000 rwxp 00000000 00:00 0 
7fed29570000-7fed38000000 ---p 00000000 00:00 0 
7fed38000000-7fed3bd63000 rw-p 00000000 00:00 0 
7fed3bd63000-7fed3c000000 ---p 00000000 00:00 0 
7fed3c000000-7fed3c002000 r--s 00018000 08:43 393639                     /home/brett/Documents/Brock/Gamers/Java Brock 2021 Project/Library/lib/lwjgl-stb.jar
7fed3c002000-7fed3c004000 r--s 00012000 08:43 393636                     /home/brett/Documents/Brock/Gamers/Java Brock 2021 Project/Library/lib/lwjgl-openal.jar
7fed3c004000-7fed3c006000 r--s 00001000 08:43 393635                     /home/brett/Documents/Brock/Gamers/Java Brock 2021 Project/Library/lib/lwjgl-nfd.jar
7fed3c006000-7fed3c008000 r--s 0000b000 08:43 393634                     /home/brett/Documents/Brock/Gamers/Java Brock 2021 Project/Library/lib/lwjgl-lz4.jar
7fed3c008000-7fed3c00b000 r--s 00018000 08:43 393633                     /home/brett/Documents/Brock/Gamers/Java Brock 2021 Project/Library/lib/lwjgl-glfw.jar
7fed3c00b000-7fed3c00f000 r--s 0001f000 08:43 393632                     /home/brett/Documents/Brock/Gamers/Java Brock 2021 Project/Library/lib/lwjgl-egl.jar
7fed3c00f000-7fed3c012000 r--s 00033000 08:43 393631                     /home/brett/Documents/Brock/Gamers/Java Brock 2021 Project/Library/lib/lwjgl-assimp.jar
7fed3c012000-7fed3c019000 r--s 00081000 08:43 393642                     /home/brett/Documents/Brock/Gamers/Java Brock 2021 Project/Library/lib/lwjgl.jar
7fed3c019000-7fed3c01f000 r--s 000d3000 08:44 5122308                    /usr/lib/jvm/java-1.8.0-amazon-corretto/jre/lib/jfr.jar
7fed3c01f000-7fed3c0f0000 rw-p 00000000 00:00 0 
7fed3c0f0000-7fed3c0f1000 ---p 00000000 00:00 0 
7fed3c0f1000-7fed3c1f1000 rw-p 00000000 00:00 0 
7fed3c1f1000-7fed3c1f2000 ---p 00000000 00:00 0 
7fed3c1f2000-7fed3c2f2000 rw-p 00000000 00:00 0 
7fed3c2f2000-7fed3c2f3000 ---p 00000000 00:00 0 
7fed3c2f3000-7fed3c3f3000 rw-p 00000000 00:00 0 
7fed3c3f3000-7fed3c3f4000 ---p 00000000 00:00 0 
7fed3c3f4000-7fed3c4f4000 rw-p 00000000 00:00 0 
7fed3c4f4000-7fed3c4f5000 ---p 00000000 00:00 0 
7fed3c4f5000-7fed3c5f5000 rw-p 00000000 00:00 0 
7fed3c5f5000-7fed3c5f6000 ---p 00000000 00:00 0 
7fed3c5f6000-7fed3c6f6000 rw-p 00000000 00:00 0 
7fed3c6f6000-7fed3c6f7000 ---p 00000000 00:00 0 
7fed3c6f7000-7fed3c7f7000 rw-p 00000000 00:00 0 
7fed3c7f7000-7fed3c7f8000 ---p 00000000 00:00 0 
7fed3c7f8000-7fed3c8f8000 rw-p 00000000 00:00 0 
7fed3c8f8000-7fed3c8f9000 ---p 00000000 00:00 0 
7fed3c8f9000-7fed3c9f9000 rw-p 00000000 00:00 0 
7fed3c9f9000-7fed3c9fa000 ---p 00000000 00:00 0 
7fed3c9fa000-7fed3cafa000 rw-p 00000000 00:00 0 
7fed3cafa000-7fed3cafb000 ---p 00000000 00:00 0 
7fed3cafb000-7fed3cd4b000 rw-p 00000000 00:00 0 
7fed3cd4b000-7fed3e0eb000 ---p 00000000 00:00 0 
7fed3e0eb000-7fed3e194000 rw-p 00000000 00:00 0 
7fed3e194000-7fed3eb64000 ---p 00000000 00:00 0 
7fed3eb64000-7fed3eb7b000 rw-p 00000000 00:00 0 
7fed3eb7b000-7fed3ef25000 ---p 00000000 00:00 0 
7fed3ef25000-7fed3ef40000 r-xp 00000000 08:44 5121722                    /usr/lib/jvm/java-1.8.0-amazon-corretto/jre/lib/amd64/libzip.so
7fed3ef40000-7fed3f13f000 ---p 0001b000 08:44 5121722                    /usr/lib/jvm/java-1.8.0-amazon-corretto/jre/lib/amd64/libzip.so
7fed3f13f000-7fed3f140000 r--p 0001a000 08:44 5121722                    /usr/lib/jvm/java-1.8.0-amazon-corretto/jre/lib/amd64/libzip.so
7fed3f140000-7fed3f141000 rw-p 0001b000 08:44 5121722                    /usr/lib/jvm/java-1.8.0-amazon-corretto/jre/lib/amd64/libzip.so
7fed3f141000-7fed3f16b000 r-xp 00000000 08:44 5114839                    /usr/lib/jvm/java-1.8.0-amazon-corretto/jre/lib/amd64/libjava.so
7fed3f16b000-7fed3f36a000 ---p 0002a000 08:44 5114839                    /usr/lib/jvm/java-1.8.0-amazon-corretto/jre/lib/amd64/libjava.so
7fed3f36a000-7fed3f36b000 r--p 00029000 08:44 5114839                    /usr/lib/jvm/java-1.8.0-amazon-corretto/jre/lib/amd64/libjava.so
7fed3f36b000-7fed3f36d000 rw-p 0002a000 08:44 5114839                    /usr/lib/jvm/java-1.8.0-amazon-corretto/jre/lib/amd64/libjava.so
7fed3f36d000-7fed3f37e000 r-xp 00000000 08:44 5114812                    /usr/lib/jvm/java-1.8.0-amazon-corretto/jre/lib/amd64/libverify.so
7fed3f37e000-7fed3f57d000 ---p 00011000 08:44 5114812                    /usr/lib/jvm/java-1.8.0-amazon-corretto/jre/lib/amd64/libverify.so
7fed3f57d000-7fed3f57f000 r--p 00010000 08:44 5114812                    /usr/lib/jvm/java-1.8.0-amazon-corretto/jre/lib/amd64/libverify.so
7fed3f57f000-7fed3f580000 rw-p 00012000 08:44 5114812                    /usr/lib/jvm/java-1.8.0-amazon-corretto/jre/lib/amd64/libverify.so
7fed3f580000-7fed3f583000 r--p 00000000 08:44 3956590                    /usr/lib/x86_64-linux-gnu/librt-2.32.so
7fed3f583000-7fed3f587000 r-xp 00003000 08:44 3956590                    /usr/lib/x86_64-linux-gnu/librt-2.32.so
7fed3f587000-7fed3f588000 r--p 00007000 08:44 3956590                    /usr/lib/x86_64-linux-gnu/librt-2.32.so
7fed3f588000-7fed3f589000 ---p 00008000 08:44 3956590                    /usr/lib/x86_64-linux-gnu/librt-2.32.so
7fed3f589000-7fed3f58a000 r--p 00008000 08:44 3956590                    /usr/lib/x86_64-linux-gnu/librt-2.32.so
7fed3f58a000-7fed3f58b000 rw-p 00009000 08:44 3956590                    /usr/lib/x86_64-linux-gnu/librt-2.32.so
7fed3f58b000-7fed3f58c000 ---p 00000000 00:00 0 
7fed3f58c000-7fed3f58f000 ---p 00000000 00:00 0 
7fed3f58f000-7fed3f68c000 rw-p 00000000 00:00 0 
7fed3f68c000-7fed3f69b000 r--p 00000000 08:44 3945130                    /usr/lib/x86_64-linux-gnu/libm-2.32.so
7fed3f69b000-7fed3f736000 r-xp 0000f000 08:44 3945130                    /usr/lib/x86_64-linux-gnu/libm-2.32.so
7fed3f736000-7fed3f7cf000 r--p 000aa000 08:44 3945130                    /usr/lib/x86_64-linux-gnu/libm-2.32.so
7fed3f7cf000-7fed3f7d0000 r--p 00142000 08:44 3945130                    /usr/lib/x86_64-linux-gnu/libm-2.32.so
7fed3f7d0000-7fed3f7d1000 rw-p 00143000 08:44 3945130                    /usr/lib/x86_64-linux-gnu/libm-2.32.so
7fed3f7d1000-7fed40529000 r-xp 00000000 08:44 5114742                    /usr/lib/jvm/java-1.8.0-amazon-corretto/jre/lib/amd64/server/libjvm.so
7fed40529000-7fed40728000 ---p 00d58000 08:44 5114742                    /usr/lib/jvm/java-1.8.0-amazon-corretto/jre/lib/amd64/server/libjvm.so
7fed40728000-7fed407bf000 r--p 00d57000 08:44 5114742                    /usr/lib/jvm/java-1.8.0-amazon-corretto/jre/lib/amd64/server/libjvm.so
7fed407bf000-7fed407e8000 rw-p 00dee000 08:44 5114742                    /usr/lib/jvm/java-1.8.0-amazon-corretto/jre/lib/amd64/server/libjvm.so
7fed407e8000-7fed4081d000 rw-p 00000000 00:00 0 
7fed4081d000-7fed40843000 r--p 00000000 08:44 3945128                    /usr/lib/x86_64-linux-gnu/libc-2.32.so
7fed40843000-7fed4098c000 r-xp 00026000 08:44 3945128                    /usr/lib/x86_64-linux-gnu/libc-2.32.so
7fed4098c000-7fed409d7000 r--p 0016f000 08:44 3945128                    /usr/lib/x86_64-linux-gnu/libc-2.32.so
7fed409d7000-7fed409d8000 ---p 001ba000 08:44 3945128                    /usr/lib/x86_64-linux-gnu/libc-2.32.so
7fed409d8000-7fed409db000 r--p 001ba000 08:44 3945128                    /usr/lib/x86_64-linux-gnu/libc-2.32.so
7fed409db000-7fed409de000 rw-p 001bd000 08:44 3945128                    /usr/lib/x86_64-linux-gnu/libc-2.32.so
7fed409de000-7fed409e2000 rw-p 00000000 00:00 0 
7fed409e2000-7fed409e3000 r--p 00000000 08:44 3945129                    /usr/lib/x86_64-linux-gnu/libdl-2.32.so
7fed409e3000-7fed409e5000 r-xp 00001000 08:44 3945129                    /usr/lib/x86_64-linux-gnu/libdl-2.32.so
7fed409e5000-7fed409e6000 r--p 00003000 08:44 3945129                    /usr/lib/x86_64-linux-gnu/libdl-2.32.so
7fed409e6000-7fed409e7000 r--p 00003000 08:44 3945129                    /usr/lib/x86_64-linux-gnu/libdl-2.32.so
7fed409e7000-7fed409e8000 rw-p 00004000 08:44 3945129                    /usr/lib/x86_64-linux-gnu/libdl-2.32.so
7fed409e8000-7fed409ff000 r-xp 00000000 08:44 5114804                    /usr/lib/jvm/java-1.8.0-amazon-corretto/jre/lib/amd64/jli/libjli.so
7fed409ff000-7fed40bfe000 ---p 00017000 08:44 5114804                    /usr/lib/jvm/java-1.8.0-amazon-corretto/jre/lib/amd64/jli/libjli.so
7fed40bfe000-7fed40bff000 r--p 00016000 08:44 5114804                    /usr/lib/jvm/java-1.8.0-amazon-corretto/jre/lib/amd64/jli/libjli.so
7fed40bff000-7fed40c00000 rw-p 00017000 08:44 5114804                    /usr/lib/jvm/java-1.8.0-amazon-corretto/jre/lib/amd64/jli/libjli.so
7fed40c00000-7fed40c07000 r--p 00000000 08:44 3956588                    /usr/lib/x86_64-linux-gnu/libpthread-2.32.so
7fed40c07000-7fed40c16000 r-xp 00007000 08:44 3956588                    /usr/lib/x86_64-linux-gnu/libpthread-2.32.so
7fed40c16000-7fed40c1b000 r--p 00016000 08:44 3956588                    /usr/lib/x86_64-linux-gnu/libpthread-2.32.so
7fed40c1b000-7fed40c1c000 r--p 0001a000 08:44 3956588                    /usr/lib/x86_64-linux-gnu/libpthread-2.32.so
7fed40c1c000-7fed40c1d000 rw-p 0001b000 08:44 3956588                    /usr/lib/x86_64-linux-gnu/libpthread-2.32.so
7fed40c1d000-7fed40c21000 rw-p 00000000 00:00 0 
7fed40c21000-7fed40c24000 r--s 000a5000 08:43 393630                     /home/brett/Documents/Brock/Gamers/Java Brock 2021 Project/Library/lib/joml-1.10.2.jar
7fed40c24000-7fed40c45000 rw-p 00000000 00:00 0 
7fed40c45000-7fed40c4d000 rw-s 00000000 08:44 9437546                    /tmp/hsperfdata_brett/388404
7fed40c4d000-7fed40c50000 r--p 00000000 08:44 3956584                    /usr/lib/x86_64-linux-gnu/libnss_files-2.32.so
7fed40c50000-7fed40c56000 r-xp 00003000 08:44 3956584                    /usr/lib/x86_64-linux-gnu/libnss_files-2.32.so
7fed40c56000-7fed40c58000 r--p 00009000 08:44 3956584                    /usr/lib/x86_64-linux-gnu/libnss_files-2.32.so
7fed40c58000-7fed40c59000 r--p 0000a000 08:44 3956584                    /usr/lib/x86_64-linux-gnu/libnss_files-2.32.so
7fed40c59000-7fed40c5a000 rw-p 0000b000 08:44 3956584                    /usr/lib/x86_64-linux-gnu/libnss_files-2.32.so
7fed40c5a000-7fed40c61000 rw-p 00000000 00:00 0 
7fed40c61000-7fed40c62000 r--p 00000000 00:00 0 
7fed40c62000-7fed40c64000 rw-p 00000000 00:00 0 
7fed40c64000-7fed40c65000 r--p 00000000 08:44 3945124                    /usr/lib/x86_64-linux-gnu/ld-2.32.so
7fed40c65000-7fed40c85000 r-xp 00001000 08:44 3945124                    /usr/lib/x86_64-linux-gnu/ld-2.32.so
7fed40c85000-7fed40c8e000 r--p 00021000 08:44 3945124                    /usr/lib/x86_64-linux-gnu/ld-2.32.so
7fed40c8e000-7fed40c8f000 r--p 00029000 08:44 3945124                    /usr/lib/x86_64-linux-gnu/ld-2.32.so
7fed40c8f000-7fed40c91000 rw-p 0002a000 08:44 3945124                    /usr/lib/x86_64-linux-gnu/ld-2.32.so
7ffe9deb5000-7ffe9ded7000 rw-p 00000000 00:00 0                          [stack]
7ffe9dfda000-7ffe9dfde000 r--p 00000000 00:00 0                          [vvar]
7ffe9dfde000-7ffe9dfe0000 r-xp 00000000 00:00 0                          [vdso]

VM Arguments:
jvm_args: -Dfile.encoding=UTF-8 
java_command: com.game.Main
java_class_path (initial): /home/brett/Documents/Brock/Gamers/Java Brock 2021 Project/Game/bin:/home/brett/Documents/Brock/Gamers/Java Brock 2021 Project/Library/lib/joml-1.10.2.jar:/home/brett/Documents/Brock/Gamers/Java Brock 2021 Project/Library/lib/lwjgl.jar:/home/brett/Documents/Brock/Gamers/Java Brock 2021 Project/Library/lib/lwjgl-assimp.jar:/home/brett/Documents/Brock/Gamers/Java Brock 2021 Project/Library/lib/lwjgl-egl.jar:/home/brett/Documents/Brock/Gamers/Java Brock 2021 Project/Library/lib/lwjgl-glfw.jar:/home/brett/Documents/Brock/Gamers/Java Brock 2021 Project/Library/lib/lwjgl-lz4.jar:/home/brett/Documents/Brock/Gamers/Java Brock 2021 Project/Library/lib/lwjgl-nfd.jar:/home/brett/Documents/Brock/Gamers/Java Brock 2021 Project/Library/lib/lwjgl-openal.jar:/home/brett/Documents/Brock/Gamers/Java Brock 2021 Project/Library/lib/lwjgl-opengl.jar:/home/brett/Documents/Brock/Gamers/Java Brock 2021 Project/Library/lib/lwjgl-opengles.jar:/home/brett/Documents/Brock/Gamers/Java Brock 2021 Project/Library/lib/lwjgl-stb.jar:/home/brett/Documents/Brock/Gamers/Java Brock 2021 Project/Library/lib/lwjgl-tinyexr.jar:/home/brett/Documents/Brock/Gamers/Java Brock 2021 Project/Library/lib/lwjgl-tinyfd.jar:/home/brett/Documents/Brock/Gamers/Java Brock 2021 Project/Library/lib/native/lwjgl-assimp-natives-linux.jar:/home/brett/Documents/Brock/Gamers/Java Brock 2021 Project/Library/lib/native/lwjgl-assimp-natives-macos.jar:/home/brett/Documents/Brock/Gamers/Java Brock 2021 Project/Library/lib/native/lwjgl-assimp-natives-windows.jar:/home/brett/Documents/Brock/Gamers/Java Brock 2021 Project/Library/lib/native/lwjgl-assimp-natives-windows-x86.jar:/home/brett/Documents/Brock/Gamers/Java Brock 2021 Project/Library/lib/native/lwjgl-glfw-natives-linux.jar:/home/brett/Documents/Brock/Gamers/Java Brock 2021 Project/Library/lib/native/lwjgl-glfw-natives-macos.jar:/home/brett/Documents/Brock/Gamers/Java Brock 2021 Project/Library/lib/native/lwjgl-glfw-natives-windows.jar:/home/brett
Launcher Type: SUN_STANDARD

Environment Variables:
PATH=/home/brett/.cargo/bin:/home/brett/.local/bin:/usr/local/bin:/usr/bin:/bin:/usr/local/games:/usr/games:/snap/bin:/home/brett/.dotnet/tools
SHELL=/bin/bash
DISPLAY=:0

Signal Handlers:
SIGSEGV: [libjvm.so+0xb324b0], sa_mask[0]=11111111011111111101111111111110, sa_flags=SA_RESTART|SA_SIGINFO
SIGBUS: [libjvm.so+0xb324b0], sa_mask[0]=11111111011111111101111111111110, sa_flags=SA_RESTART|SA_SIGINFO
SIGFPE: [libjvm.so+0x95a060], sa_mask[0]=11111111011111111101111111111110, sa_flags=SA_RESTART|SA_SIGINFO
SIGPIPE: [libjvm.so+0x95a060], sa_mask[0]=11111111011111111101111111111110, sa_flags=SA_RESTART|SA_SIGINFO
SIGXFSZ: [libjvm.so+0x95a060], sa_mask[0]=11111111011111111101111111111110, sa_flags=SA_RESTART|SA_SIGINFO
SIGILL: [libjvm.so+0x95a060], sa_mask[0]=11111111011111111101111111111110, sa_flags=SA_RESTART|SA_SIGINFO
SIGUSR1: SIG_DFL, sa_mask[0]=00000000000000000000000000000000, sa_flags=none
SIGUSR2: [libjvm.so+0x959f30], sa_mask[0]=00100000000000000000000000000000, sa_flags=SA_RESTART|SA_SIGINFO
SIGHUP: [libjvm.so+0x95a550], sa_mask[0]=11111111011111111101111111111110, sa_flags=SA_RESTART|SA_SIGINFO
SIGINT: [libjvm.so+0x95a550], sa_mask[0]=11111111011111111101111111111110, sa_flags=SA_RESTART|SA_SIGINFO
SIGTERM: [libjvm.so+0x95a550], sa_mask[0]=11111111011111111101111111111110, sa_flags=SA_RESTART|SA_SIGINFO
SIGQUIT: [libjvm.so+0x95a550], sa_mask[0]=11111111011111111101111111111110, sa_flags=SA_RESTART|SA_SIGINFO


---------------  S Y S T E M  ---------------

OS:PRETTY_NAME="Debian GNU/Linux bookworm/sid"
NAME="Debian GNU/Linux"
ID=debian
HOME_URL="https://www.debian.org/"
SUPPORT_URL="https://www.debian.org/support"
BUG_REPORT_URL="https://bugs.debian.org/"

uname:Linux 5.10.0-8-amd64 #1 SMP Debian 5.10.46-4 (2021-08-03) x86_64
libc:glibc 2.32 NPTL 2.32 
rlimit: STACK 8192k, CORE 0k, NPROC 256734, NOFILE 1048576, AS infinity
load average:1.70 2.00 2.42

/proc/meminfo:
MemTotal:       65868308 kB
MemFree:         1180228 kB
MemAvailable:   29835492 kB
Buffers:         1739564 kB
Cached:         27146964 kB
SwapCached:       137476 kB
Active:         22479064 kB
Inactive:       38646912 kB
Active(anon):   18161548 kB
Inactive(anon): 15158456 kB
Active(file):    4317516 kB
Inactive(file): 23488456 kB
Unevictable:         256 kB
Mlocked:             256 kB
SwapTotal:      41554936 kB
SwapFree:       39024632 kB
Dirty:             21764 kB
Writeback:             0 kB
AnonPages:      31839184 kB
Mapped:          2244788 kB
Shmem:           1083752 kB
KReclaimable:    1916884 kB
Slab:            2467380 kB
SReclaimable:    1916884 kB
SUnreclaim:       550496 kB
KernelStack:       36704 kB
PageTables:       187348 kB
NFS_Unstable:          0 kB
Bounce:                0 kB
WritebackTmp:          0 kB
CommitLimit:    74489088 kB
Committed_AS:   56263780 kB
VmallocTotal:   34359738367 kB
VmallocUsed:      247392 kB
VmallocChunk:          0 kB
Percpu:            41856 kB
HardwareCorrupted:     0 kB
AnonHugePages:  13793280 kB
ShmemHugePages:        0 kB
ShmemPmdMapped:        0 kB
FileHugePages:         0 kB
FilePmdMapped:         0 kB
HugePages_Total:       0
HugePages_Free:        0
HugePages_Rsvd:        0
HugePages_Surp:        0
Hugepagesize:       2048 kB
Hugetlb:               0 kB
DirectMap4k:    30079588 kB
DirectMap2M:    36974592 kB
DirectMap1G:     1048576 kB


CPU:total 16 (initial active 16) (16 cores per cpu, 1 threads per core) family 23 model 113 stepping 0, cmov, cx8, fxsr, mmx, sse, sse2, sse3, ssse3, sse4.1, sse4.2, popcnt, avx, avx2, aes, clmul, mmxext, 3dnowpref, lzcnt, sse4a, tsc, tscinvbit, tscinv, bmi1

/proc/cpuinfo:
processor	: 0
vendor_id	: AuthenticAMD
cpu family	: 23
model		: 113
model name	: AMD Ryzen 7 3800X 8-Core Processor
stepping	: 0
microcode	: 0x8701021
cpu MHz		: 2081.410
cache size	: 512 KB
physical id	: 0
siblings	: 16
core id		: 0
cpu cores	: 8
apicid		: 0
initial apicid	: 0
fpu		: yes
fpu_exception	: yes
cpuid level	: 16
wp		: yes
flags		: fpu vme de pse tsc msr pae mce cx8 apic sep mtrr pge mca cmov pat pse36 clflush mmx fxsr sse sse2 ht syscall nx mmxext fxsr_opt pdpe1gb rdtscp lm constant_tsc rep_good nopl nonstop_tsc cpuid extd_apicid aperfmperf pni pclmulqdq monitor ssse3 fma cx16 sse4_1 sse4_2 movbe popcnt aes xsave avx f16c rdrand lahf_lm cmp_legacy svm extapic cr8_legacy abm sse4a misalignsse 3dnowprefetch osvw ibs skinit wdt tce topoext perfctr_core perfctr_nb bpext perfctr_llc mwaitx cpb cat_l3 cdp_l3 hw_pstate sme ssbd mba sev ibpb stibp vmmcall sev_es fsgsbase bmi1 avx2 smep bmi2 cqm rdt_a rdseed adx smap clflushopt clwb sha_ni xsaveopt xsavec xgetbv1 xsaves cqm_llc cqm_occup_llc cqm_mbm_total cqm_mbm_local clzero irperf xsaveerptr rdpru wbnoinvd arat npt lbrv svm_lock nrip_save tsc_scale vmcb_clean flushbyasid decodeassists pausefilter pfthreshold avic v_vmsave_vmload vgif umip rdpid overflow_recov succor smca
bugs		: sysret_ss_attrs spectre_v1 spectre_v2 spec_store_bypass
bogomips	: 7785.42
TLB size	: 3072 4K pages
clflush size	: 64
cache_alignment	: 64
address sizes	: 43 bits physical, 48 bits virtual
power management: ts ttp tm hwpstate cpb eff_freq_ro [13] [14]

processor	: 1
vendor_id	: AuthenticAMD
cpu family	: 23
model		: 113
model name	: AMD Ryzen 7 3800X 8-Core Processor
stepping	: 0
microcode	: 0x8701021
cpu MHz		: 4072.647
cache size	: 512 KB
physical id	: 0
siblings	: 16
core id		: 1
cpu cores	: 8
apicid		: 2
initial apicid	: 2
fpu		: yes
fpu_exception	: yes
cpuid level	: 16
wp		: yes
flags		: fpu vme de pse tsc msr pae mce cx8 apic sep mtrr pge mca cmov pat pse36 clflush mmx fxsr sse sse2 ht syscall nx mmxext fxsr_opt pdpe1gb rdtscp lm constant_tsc rep_good nopl nonstop_tsc cpuid extd_apicid aperfmperf pni pclmulqdq monitor ssse3 fma cx16 sse4_1 sse4_2 movbe popcnt aes xsave avx f16c rdrand lahf_lm cmp_legacy svm extapic cr8_legacy abm sse4a misalignsse 3dnowprefetch osvw ibs skinit wdt tce topoext perfctr_core perfctr_nb bpext perfctr_llc mwaitx cpb cat_l3 cdp_l3 hw_pstate sme ssbd mba sev ibpb stibp vmmcall sev_es fsgsbase bmi1 avx2 smep bmi2 cqm rdt_a rdseed adx smap clflushopt clwb sha_ni xsaveopt xsavec xgetbv1 xsaves cqm_llc cqm_occup_llc cqm_mbm_total cqm_mbm_local clzero irperf xsaveerptr rdpru wbnoinvd arat npt lbrv svm_lock nrip_save tsc_scale vmcb_clean flushbyasid decodeassists pausefilter pfthreshold avic v_vmsave_vmload vgif umip rdpid overflow_recov succor smca
bugs		: sysret_ss_attrs spectre_v1 spectre_v2 spec_store_bypass
bogomips	: 7785.42
TLB size	: 3072 4K pages
clflush size	: 64
cache_alignment	: 64
address sizes	: 43 bits physical, 48 bits virtual
power management: ts ttp tm hwpstate cpb eff_freq_ro [13] [14]

processor	: 2
vendor_id	: AuthenticAMD
cpu family	: 23
model		: 113
model name	: AMD Ryzen 7 3800X 8-Core Processor
stepping	: 0
microcode	: 0x8701021
cpu MHz		: 3667.402
cache size	: 512 KB
physical id	: 0
siblings	: 16
core id		: 2
cpu cores	: 8
apicid		: 4
initial apicid	: 4
fpu		: yes
fpu_exception	: yes
cpuid level	: 16
wp		: yes
flags		: fpu vme de pse tsc msr pae mce cx8 apic sep mtrr pge mca cmov pat pse36 clflush mmx fxsr sse sse2 ht syscall nx mmxext fxsr_opt pdpe1gb rdtscp lm constant_tsc rep_good nopl nonstop_tsc cpuid extd_apicid aperfmperf pni pclmulqdq monitor ssse3 fma cx16 sse4_1 sse4_2 movbe popcnt aes xsave avx f16c rdrand lahf_lm cmp_legacy svm extapic cr8_legacy abm sse4a misalignsse 3dnowprefetch osvw ibs skinit wdt tce topoext perfctr_core perfctr_nb bpext perfctr_llc mwaitx cpb cat_l3 cdp_l3 hw_pstate sme ssbd mba sev ibpb stibp vmmcall sev_es fsgsbase bmi1 avx2 smep bmi2 cqm rdt_a rdseed adx smap clflushopt clwb sha_ni xsaveopt xsavec xgetbv1 xsaves cqm_llc cqm_occup_llc cqm_mbm_total cqm_mbm_local clzero irperf xsaveerptr rdpru wbnoinvd arat npt lbrv svm_lock nrip_save tsc_scale vmcb_clean flushbyasid decodeassists pausefilter pfthreshold avic v_vmsave_vmload vgif umip rdpid overflow_recov succor smca
bugs		: sysret_ss_attrs spectre_v1 spectre_v2 spec_store_bypass
bogomips	: 7785.42
TLB size	: 3072 4K pages
clflush size	: 64
cache_alignment	: 64
address sizes	: 43 bits physical, 48 bits virtual
power management: ts ttp tm hwpstate cpb eff_freq_ro [13] [14]

processor	: 3
vendor_id	: AuthenticAMD
cpu family	: 23
model		: 113
model name	: AMD Ryzen 7 3800X 8-Core Processor
stepping	: 0
microcode	: 0x8701021
cpu MHz		: 3665.041
cache size	: 512 KB
physical id	: 0
siblings	: 16
core id		: 3
cpu cores	: 8
apicid		: 6
initial apicid	: 6
fpu		: yes
fpu_exception	: yes
cpuid level	: 16
wp		: yes
flags		: fpu vme de pse tsc msr pae mce cx8 apic sep mtrr pge mca cmov pat pse36 clflush mmx fxsr sse sse2 ht syscall nx mmxext fxsr_opt pdpe1gb rdtscp lm constant_tsc rep_good nopl nonstop_tsc cpuid extd_apicid aperfmperf pni pclmulqdq monitor ssse3 fma cx16 sse4_1 sse4_2 movbe popcnt aes xsave avx f16c rdrand lahf_lm cmp_legacy svm extapic cr8_legacy abm sse4a misalignsse 3dnowprefetch osvw ibs skinit wdt tce topoext perfctr_core perfctr_nb bpext perfctr_llc mwaitx cpb cat_l3 cdp_l3 hw_pstate sme ssbd mba sev ibpb stibp vmmcall sev_es fsgsbase bmi1 avx2 smep bmi2 cqm rdt_a rdseed adx smap clflushopt clwb sha_ni xsaveopt xsavec xgetbv1 xsaves cqm_llc cqm_occup_llc cqm_mbm_total cqm_mbm_local clzero irperf xsaveerptr rdpru wbnoinvd arat npt lbrv svm_lock nrip_save tsc_scale vmcb_clean flushbyasid decodeassists pausefilter pfthreshold avic v_vmsave_vmload vgif umip rdpid overflow_recov succor smca
bugs		: sysret_ss_attrs spectre_v1 spectre_v2 spec_store_bypass
bogomips	: 7785.42
TLB size	: 3072 4K pages
clflush size	: 64
cache_alignment	: 64
address sizes	: 43 bits physical, 48 bits virtual
power management: ts ttp tm hwpstate cpb eff_freq_ro [13] [14]

processor	: 4
vendor_id	: AuthenticAMD
cpu family	: 23
model		: 113
model name	: AMD Ryzen 7 3800X 8-Core Processor
stepping	: 0
microcode	: 0x8701021
cpu MHz		: 4170.683
cache size	: 512 KB
physical id	: 0
siblings	: 16
core id		: 4
cpu cores	: 8
apicid		: 8
initial apicid	: 8
fpu		: yes
fpu_exception	: yes
cpuid level	: 16
wp		: yes
flags		: fpu vme de pse tsc msr pae mce cx8 apic sep mtrr pge mca cmov pat pse36 clflush mmx fxsr sse sse2 ht syscall nx mmxext fxsr_opt pdpe1gb rdtscp lm constant_tsc rep_good nopl nonstop_tsc cpuid extd_apicid aperfmperf pni pclmulqdq monitor ssse3 fma cx16 sse4_1 sse4_2 movbe popcnt aes xsave avx f16c rdrand lahf_lm cmp_legacy svm extapic cr8_legacy abm sse4a misalignsse 3dnowprefetch osvw ibs skinit wdt tce topoext perfctr_core perfctr_nb bpext perfctr_llc mwaitx cpb cat_l3 cdp_l3 hw_pstate sme ssbd mba sev ibpb stibp vmmcall sev_es fsgsbase bmi1 avx2 smep bmi2 cqm rdt_a rdseed adx smap clflushopt clwb sha_ni xsaveopt xsavec xgetbv1 xsaves cqm_llc cqm_occup_llc cqm_mbm_total cqm_mbm_local clzero irperf xsaveerptr rdpru wbnoinvd arat npt lbrv svm_lock nrip_save tsc_scale vmcb_clean flushbyasid decodeassists pausefilter pfthreshold avic v_vmsave_vmload vgif umip rdpid overflow_recov succor smca
bugs		: sysret_ss_attrs spectre_v1 spectre_v2 spec_store_bypass
bogomips	: 7785.42
TLB size	: 3072 4K pages
clflush size	: 64
cache_alignment	: 64
address sizes	: 43 bits physical, 48 bits virtual
power management: ts ttp tm hwpstate cpb eff_freq_ro [13] [14]

processor	: 5
vendor_id	: AuthenticAMD
cpu family	: 23
model		: 113
model name	: AMD Ryzen 7 3800X 8-Core Processor
stepping	: 0
microcode	: 0x8701021
cpu MHz		: 2061.678
cache size	: 512 KB
physical id	: 0
siblings	: 16
core id		: 5
cpu cores	: 8
apicid		: 10
initial apicid	: 10
fpu		: yes
fpu_exception	: yes
cpuid level	: 16
wp		: yes
flags		: fpu vme de pse tsc msr pae mce cx8 apic sep mtrr pge mca cmov pat pse36 clflush mmx fxsr sse sse2 ht syscall nx mmxext fxsr_opt pdpe1gb rdtscp lm constant_tsc rep_good nopl nonstop_tsc cpuid extd_apicid aperfmperf pni pclmulqdq monitor ssse3 fma cx16 sse4_1 sse4_2 movbe popcnt aes xsave avx f16c rdrand lahf_lm cmp_legacy svm extapic cr8_legacy abm sse4a misalignsse 3dnowprefetch osvw ibs skinit wdt tce topoext perfctr_core perfctr_nb bpext perfctr_llc mwaitx cpb cat_l3 cdp_l3 hw_pstate sme ssbd mba sev ibpb stibp vmmcall sev_es fsgsbase bmi1 avx2 smep bmi2 cqm rdt_a rdseed adx smap clflushopt clwb sha_ni xsaveopt xsavec xgetbv1 xsaves cqm_llc cqm_occup_llc cqm_mbm_total cqm_mbm_local clzero irperf xsaveerptr rdpru wbnoinvd arat npt lbrv svm_lock nrip_save tsc_scale vmcb_clean flushbyasid decodeassists pausefilter pfthreshold avic v_vmsave_vmload vgif umip rdpid overflow_recov succor smca
bugs		: sysret_ss_attrs spectre_v1 spectre_v2 spec_store_bypass
bogomips	: 7785.42
TLB size	: 3072 4K pages
clflush size	: 64
cache_alignment	: 64
address sizes	: 43 bits physical, 48 bits virtual
power management: ts ttp tm hwpstate cpb eff_freq_ro [13] [14]

processor	: 6
vendor_id	: AuthenticAMD
cpu family	: 23
model		: 113
model name	: AMD Ryzen 7 3800X 8-Core Processor
stepping	: 0
microcode	: 0x8701021
cpu MHz		: 4124.683
cache size	: 512 KB
physical id	: 0
siblings	: 16
core id		: 6
cpu cores	: 8
apicid		: 12
initial apicid	: 12
fpu		: yes
fpu_exception	: yes
cpuid level	: 16
wp		: yes
flags		: fpu vme de pse tsc msr pae mce cx8 apic sep mtrr pge mca cmov pat pse36 clflush mmx fxsr sse sse2 ht syscall nx mmxext fxsr_opt pdpe1gb rdtscp lm constant_tsc rep_good nopl nonstop_tsc cpuid extd_apicid aperfmperf pni pclmulqdq monitor ssse3 fma cx16 sse4_1 sse4_2 movbe popcnt aes xsave avx f16c rdrand lahf_lm cmp_legacy svm extapic cr8_legacy abm sse4a misalignsse 3dnowprefetch osvw ibs skinit wdt tce topoext perfctr_core perfctr_nb bpext perfctr_llc mwaitx cpb cat_l3 cdp_l3 hw_pstate sme ssbd mba sev ibpb stibp vmmcall sev_es fsgsbase bmi1 avx2 smep bmi2 cqm rdt_a rdseed adx smap clflushopt clwb sha_ni xsaveopt xsavec xgetbv1 xsaves cqm_llc cqm_occup_llc cqm_mbm_total cqm_mbm_local clzero irperf xsaveerptr rdpru wbnoinvd arat npt lbrv svm_lock nrip_save tsc_scale vmcb_clean flushbyasid decodeassists pausefilter pfthreshold avic v_vmsave_vmload vgif umip rdpid overflow_recov succor smca
bugs		: sysret_ss_attrs spectre_v1 spectre_v2 spec_store_bypass
bogomips	: 7785.42
TLB size	: 3072 4K pages
clflush size	: 64
cache_alignment	: 64
address sizes	: 43 bits physical, 48 bits virtual
power management: ts ttp tm hwpstate cpb eff_freq_ro [13] [14]

processor	: 7
vendor_id	: AuthenticAMD
cpu family	: 23
model		: 113
model name	: AMD Ryzen 7 3800X 8-Core Processor
stepping	: 0
microcode	: 0x8701021
cpu MHz		: 4120.076
cache size	: 512 KB
physical id	: 0
siblings	: 16
core id		: 7
cpu cores	: 8
apicid		: 14
initial apicid	: 14
fpu		: yes
fpu_exception	: yes
cpuid level	: 16
wp		: yes
flags		: fpu vme de pse tsc msr pae mce cx8 apic sep mtrr pge mca cmov pat pse36 clflush mmx fxsr sse sse2 ht syscall nx mmxext fxsr_opt pdpe1gb rdtscp lm constant_tsc rep_good nopl nonstop_tsc cpuid extd_apicid aperfmperf pni pclmulqdq monitor ssse3 fma cx16 sse4_1 sse4_2 movbe popcnt aes xsave avx f16c rdrand lahf_lm cmp_legacy svm extapic cr8_legacy abm sse4a misalignsse 3dnowprefetch osvw ibs skinit wdt tce topoext perfctr_core perfctr_nb bpext perfctr_llc mwaitx cpb cat_l3 cdp_l3 hw_pstate sme ssbd mba sev ibpb stibp vmmcall sev_es fsgsbase bmi1 avx2 smep bmi2 cqm rdt_a rdseed adx smap clflushopt clwb sha_ni xsaveopt xsavec xgetbv1 xsaves cqm_llc cqm_occup_llc cqm_mbm_total cqm_mbm_local clzero irperf xsaveerptr rdpru wbnoinvd arat npt lbrv svm_lock nrip_save tsc_scale vmcb_clean flushbyasid decodeassists pausefilter pfthreshold avic v_vmsave_vmload vgif umip rdpid overflow_recov succor smca
bugs		: sysret_ss_attrs spectre_v1 spectre_v2 spec_store_bypass
bogomips	: 7785.42
TLB size	: 3072 4K pages
clflush size	: 64
cache_alignment	: 64
address sizes	: 43 bits physical, 48 bits virtual
power management: ts ttp tm hwpstate cpb eff_freq_ro [13] [14]

processor	: 8
vendor_id	: AuthenticAMD
cpu family	: 23
model		: 113
model name	: AMD Ryzen 7 3800X 8-Core Processor
stepping	: 0
microcode	: 0x8701021
cpu MHz		: 2167.947
cache size	: 512 KB
physical id	: 0
siblings	: 16
core id		: 0
cpu cores	: 8
apicid		: 1
initial apicid	: 1
fpu		: yes
fpu_exception	: yes
cpuid level	: 16
wp		: yes
flags		: fpu vme de pse tsc msr pae mce cx8 apic sep mtrr pge mca cmov pat pse36 clflush mmx fxsr sse sse2 ht syscall nx mmxext fxsr_opt pdpe1gb rdtscp lm constant_tsc rep_good nopl nonstop_tsc cpuid extd_apicid aperfmperf pni pclmulqdq monitor ssse3 fma cx16 sse4_1 sse4_2 movbe popcnt aes xsave avx f16c rdrand lahf_lm cmp_legacy svm extapic cr8_legacy abm sse4a misalignsse 3dnowprefetch osvw ibs skinit wdt tce topoext perfctr_core perfctr_nb bpext perfctr_llc mwaitx cpb cat_l3 cdp_l3 hw_pstate sme ssbd mba sev ibpb stibp vmmcall sev_es fsgsbase bmi1 avx2 smep bmi2 cqm rdt_a rdseed adx smap clflushopt clwb sha_ni xsaveopt xsavec xgetbv1 xsaves cqm_llc cqm_occup_llc cqm_mbm_total cqm_mbm_local clzero irperf xsaveerptr rdpru wbnoinvd arat npt lbrv svm_lock nrip_save tsc_scale vmcb_clean flushbyasid decodeassists pausefilter pfthreshold avic v_vmsave_vmload vgif umip rdpid overflow_recov succor smca
bugs		: sysret_ss_attrs spectre_v1 spectre_v2 spec_store_bypass
bogomips	: 7785.42
TLB size	: 3072 4K pages
clflush size	: 64
cache_alignment	: 64
address sizes	: 43 bits physical, 48 bits virtual
power management: ts ttp tm hwpstate cpb eff_freq_ro [13] [14]

processor	: 9
vendor_id	: AuthenticAMD
cpu family	: 23
model		: 113
model name	: AMD Ryzen 7 3800X 8-Core Processor
stepping	: 0
microcode	: 0x8701021
cpu MHz		: 4146.797
cache size	: 512 KB
physical id	: 0
siblings	: 16
core id		: 1
cpu cores	: 8
apicid		: 3
initial apicid	: 3
fpu		: yes
fpu_exception	: yes
cpuid level	: 16
wp		: yes
flags		: fpu vme de pse tsc msr pae mce cx8 apic sep mtrr pge mca cmov pat pse36 clflush mmx fxsr sse sse2 ht syscall nx mmxext fxsr_opt pdpe1gb rdtscp lm constant_tsc rep_good nopl nonstop_tsc cpuid extd_apicid aperfmperf pni pclmulqdq monitor ssse3 fma cx16 sse4_1 sse4_2 movbe popcnt aes xsave avx f16c rdrand lahf_lm cmp_legacy svm extapic cr8_legacy abm sse4a misalignsse 3dnowprefetch osvw ibs skinit wdt tce topoext perfctr_core perfctr_nb bpext perfctr_llc mwaitx cpb cat_l3 cdp_l3 hw_pstate sme ssbd mba sev ibpb stibp vmmcall sev_es fsgsbase bmi1 avx2 smep bmi2 cqm rdt_a rdseed adx smap clflushopt clwb sha_ni xsaveopt xsavec xgetbv1 xsaves cqm_llc cqm_occup_llc cqm_mbm_total cqm_mbm_local clzero irperf xsaveerptr rdpru wbnoinvd arat npt lbrv svm_lock nrip_save tsc_scale vmcb_clean flushbyasid decodeassists pausefilter pfthreshold avic v_vmsave_vmload vgif umip rdpid overflow_recov succor smca
bugs		: sysret_ss_attrs spectre_v1 spectre_v2 spec_store_bypass
bogomips	: 7785.42
TLB size	: 3072 4K pages
clflush size	: 64
cache_alignment	: 64
address sizes	: 43 bits physical, 48 bits virtual
power management: ts ttp tm hwpstate cpb eff_freq_ro [13] [14]

processor	: 10
vendor_id	: AuthenticAMD
cpu family	: 23
model		: 113
model name	: AMD Ryzen 7 3800X 8-Core Processor
stepping	: 0
microcode	: 0x8701021
cpu MHz		: 3319.867
cache size	: 512 KB
physical id	: 0
siblings	: 16
core id		: 2
cpu cores	: 8
apicid		: 5
initial apicid	: 5
fpu		: yes
fpu_exception	: yes
cpuid level	: 16
wp		: yes
flags		: fpu vme de pse tsc msr pae mce cx8 apic sep mtrr pge mca cmov pat pse36 clflush mmx fxsr sse sse2 ht syscall nx mmxext fxsr_opt pdpe1gb rdtscp lm constant_tsc rep_good nopl nonstop_tsc cpuid extd_apicid aperfmperf pni pclmulqdq monitor ssse3 fma cx16 sse4_1 sse4_2 movbe popcnt aes xsave avx f16c rdrand lahf_lm cmp_legacy svm extapic cr8_legacy abm sse4a misalignsse 3dnowprefetch osvw ibs skinit wdt tce topoext perfctr_core perfctr_nb bpext perfctr_llc mwaitx cpb cat_l3 cdp_l3 hw_pstate sme ssbd mba sev ibpb stibp vmmcall sev_es fsgsbase bmi1 avx2 smep bmi2 cqm rdt_a rdseed adx smap clflushopt clwb sha_ni xsaveopt xsavec xgetbv1 xsaves cqm_llc cqm_occup_llc cqm_mbm_total cqm_mbm_local clzero irperf xsaveerptr rdpru wbnoinvd arat npt lbrv svm_lock nrip_save tsc_scale vmcb_clean flushbyasid decodeassists pausefilter pfthreshold avic v_vmsave_vmload vgif umip rdpid overflow_recov succor smca
bugs		: sysret_ss_attrs spectre_v1 spectre_v2 spec_store_bypass
bogomips	: 7785.42
TLB size	: 3072 4K pages
clflush size	: 64
cache_alignment	: 64
address sizes	: 43 bits physical, 48 bits virtual
power management: ts ttp tm hwpstate cpb eff_freq_ro [13] [14]

processor	: 11
vendor_id	: AuthenticAMD
cpu family	: 23
model		: 113
model name	: AMD Ryzen 7 3800X 8-Core Processor
stepping	: 0
microcode	: 0x8701021
cpu MHz		: 3849.913
cache size	: 512 KB
physical id	: 0
siblings	: 16
core id		: 3
cpu cores	: 8
apicid		: 7
initial apicid	: 7
fpu		: yes
fpu_exception	: yes
cpuid level	: 16
wp		: yes
flags		: fpu vme de pse tsc msr pae mce cx8 apic sep mtrr pge mca cmov pat pse36 clflush mmx fxsr sse sse2 ht syscall nx mmxext fxsr_opt pdpe1gb rdtscp lm constant_tsc rep_good nopl nonstop_tsc cpuid extd_apicid aperfmperf pni pclmulqdq monitor ssse3 fma cx16 sse4_1 sse4_2 movbe popcnt aes xsave avx f16c rdrand lahf_lm cmp_legacy svm extapic cr8_legacy abm sse4a misalignsse 3dnowprefetch osvw ibs skinit wdt tce topoext perfctr_core perfctr_nb bpext perfctr_llc mwaitx cpb cat_l3 cdp_l3 hw_pstate sme ssbd mba sev ibpb stibp vmmcall sev_es fsgsbase bmi1 avx2 smep bmi2 cqm rdt_a rdseed adx smap clflushopt clwb sha_ni xsaveopt xsavec xgetbv1 xsaves cqm_llc cqm_occup_llc cqm_mbm_total cqm_mbm_local clzero irperf xsaveerptr rdpru wbnoinvd arat npt lbrv svm_lock nrip_save tsc_scale vmcb_clean flushbyasid decodeassists pausefilter pfthreshold avic v_vmsave_vmload vgif umip rdpid overflow_recov succor smca
bugs		: sysret_ss_attrs spectre_v1 spectre_v2 spec_store_bypass
bogomips	: 7785.42
TLB size	: 3072 4K pages
clflush size	: 64
cache_alignment	: 64
address sizes	: 43 bits physical, 48 bits virtual
power management: ts ttp tm hwpstate cpb eff_freq_ro [13] [14]

processor	: 12
vendor_id	: AuthenticAMD
cpu family	: 23
model		: 113
model name	: AMD Ryzen 7 3800X 8-Core Processor
stepping	: 0
microcode	: 0x8701021
cpu MHz		: 4149.400
cache size	: 512 KB
physical id	: 0
siblings	: 16
core id		: 4
cpu cores	: 8
apicid		: 9
initial apicid	: 9
fpu		: yes
fpu_exception	: yes
cpuid level	: 16
wp		: yes
flags		: fpu vme de pse tsc msr pae mce cx8 apic sep mtrr pge mca cmov pat pse36 clflush mmx fxsr sse sse2 ht syscall nx mmxext fxsr_opt pdpe1gb rdtscp lm constant_tsc rep_good nopl nonstop_tsc cpuid extd_apicid aperfmperf pni pclmulqdq monitor ssse3 fma cx16 sse4_1 sse4_2 movbe popcnt aes xsave avx f16c rdrand lahf_lm cmp_legacy svm extapic cr8_legacy abm sse4a misalignsse 3dnowprefetch osvw ibs skinit wdt tce topoext perfctr_core perfctr_nb bpext perfctr_llc mwaitx cpb cat_l3 cdp_l3 hw_pstate sme ssbd mba sev ibpb stibp vmmcall sev_es fsgsbase bmi1 avx2 smep bmi2 cqm rdt_a rdseed adx smap clflushopt clwb sha_ni xsaveopt xsavec xgetbv1 xsaves cqm_llc cqm_occup_llc cqm_mbm_total cqm_mbm_local clzero irperf xsaveerptr rdpru wbnoinvd arat npt lbrv svm_lock nrip_save tsc_scale vmcb_clean flushbyasid decodeassists pausefilter pfthreshold avic v_vmsave_vmload vgif umip rdpid overflow_recov succor smca
bugs		: sysret_ss_attrs spectre_v1 spectre_v2 spec_store_bypass
bogomips	: 7785.42
TLB size	: 3072 4K pages
clflush size	: 64
cache_alignment	: 64
address sizes	: 43 bits physical, 48 bits virtual
power management: ts ttp tm hwpstate cpb eff_freq_ro [13] [14]

processor	: 13
vendor_id	: AuthenticAMD
cpu family	: 23
model		: 113
model name	: AMD Ryzen 7 3800X 8-Core Processor
stepping	: 0
microcode	: 0x8701021
cpu MHz		: 2071.236
cache size	: 512 KB
physical id	: 0
siblings	: 16
core id		: 5
cpu cores	: 8
apicid		: 11
initial apicid	: 11
fpu		: yes
fpu_exception	: yes
cpuid level	: 16
wp		: yes
flags		: fpu vme de pse tsc msr pae mce cx8 apic sep mtrr pge mca cmov pat pse36 clflush mmx fxsr sse sse2 ht syscall nx mmxext fxsr_opt pdpe1gb rdtscp lm constant_tsc rep_good nopl nonstop_tsc cpuid extd_apicid aperfmperf pni pclmulqdq monitor ssse3 fma cx16 sse4_1 sse4_2 movbe popcnt aes xsave avx f16c rdrand lahf_lm cmp_legacy svm extapic cr8_legacy abm sse4a misalignsse 3dnowprefetch osvw ibs skinit wdt tce topoext perfctr_core perfctr_nb bpext perfctr_llc mwaitx cpb cat_l3 cdp_l3 hw_pstate sme ssbd mba sev ibpb stibp vmmcall sev_es fsgsbase bmi1 avx2 smep bmi2 cqm rdt_a rdseed adx smap clflushopt clwb sha_ni xsaveopt xsavec xgetbv1 xsaves cqm_llc cqm_occup_llc cqm_mbm_total cqm_mbm_local clzero irperf xsaveerptr rdpru wbnoinvd arat npt lbrv svm_lock nrip_save tsc_scale vmcb_clean flushbyasid decodeassists pausefilter pfthreshold avic v_vmsave_vmload vgif umip rdpid overflow_recov succor smca
bugs		: sysret_ss_attrs spectre_v1 spectre_v2 spec_store_bypass
bogomips	: 7785.42
TLB size	: 3072 4K pages
clflush size	: 64
cache_alignment	: 64
address sizes	: 43 bits physical, 48 bits virtual
power management: ts ttp tm hwpstate cpb eff_freq_ro [13] [14]

processor	: 14
vendor_id	: AuthenticAMD
cpu family	: 23
model		: 113
model name	: AMD Ryzen 7 3800X 8-Core Processor
stepping	: 0
microcode	: 0x8701021
cpu MHz		: 4139.813
cache size	: 512 KB
physical id	: 0
siblings	: 16
core id		: 6
cpu cores	: 8
apicid		: 13
initial apicid	: 13
fpu		: yes
fpu_exception	: yes
cpuid level	: 16
wp		: yes
flags		: fpu vme de pse tsc msr pae mce cx8 apic sep mtrr pge mca cmov pat pse36 clflush mmx fxsr sse sse2 ht syscall nx mmxext fxsr_opt pdpe1gb rdtscp lm constant_tsc rep_good nopl nonstop_tsc cpuid extd_apicid aperfmperf pni pclmulqdq monitor ssse3 fma cx16 sse4_1 sse4_2 movbe popcnt aes xsave avx f16c rdrand lahf_lm cmp_legacy svm extapic cr8_legacy abm sse4a misalignsse 3dnowprefetch osvw ibs skinit wdt tce topoext perfctr_core perfctr_nb bpext perfctr_llc mwaitx cpb cat_l3 cdp_l3 hw_pstate sme ssbd mba sev ibpb stibp vmmcall sev_es fsgsbase bmi1 avx2 smep bmi2 cqm rdt_a rdseed adx smap clflushopt clwb sha_ni xsaveopt xsavec xgetbv1 xsaves cqm_llc cqm_occup_llc cqm_mbm_total cqm_mbm_local clzero irperf xsaveerptr rdpru wbnoinvd arat npt lbrv svm_lock nrip_save tsc_scale vmcb_clean flushbyasid decodeassists pausefilter pfthreshold avic v_vmsave_vmload vgif umip rdpid overflow_recov succor smca
bugs		: sysret_ss_attrs spectre_v1 spectre_v2 spec_store_bypass
bogomips	: 7785.42
TLB size	: 3072 4K pages
clflush size	: 64
cache_alignment	: 64
address sizes	: 43 bits physical, 48 bits virtual
power management: ts ttp tm hwpstate cpb eff_freq_ro [13] [14]

processor	: 15
vendor_id	: AuthenticAMD
cpu family	: 23
model		: 113
model name	: AMD Ryzen 7 3800X 8-Core Processor
stepping	: 0
microcode	: 0x8701021
cpu MHz		: 4142.477
cache size	: 512 KB
physical id	: 0
siblings	: 16
core id		: 7
cpu cores	: 8
apicid		: 15
initial apicid	: 15
fpu		: yes
fpu_exception	: yes
cpuid level	: 16
wp		: yes
flags		: fpu vme de pse tsc msr pae mce cx8 apic sep mtrr pge mca cmov pat pse36 clflush mmx fxsr sse sse2 ht syscall nx mmxext fxsr_opt pdpe1gb rdtscp lm constant_tsc rep_good nopl nonstop_tsc cpuid extd_apicid aperfmperf pni pclmulqdq monitor ssse3 fma cx16 sse4_1 sse4_2 movbe popcnt aes xsave avx f16c rdrand lahf_lm cmp_legacy svm extapic cr8_legacy abm sse4a misalignsse 3dnowprefetch osvw ibs skinit wdt tce topoext perfctr_core perfctr_nb bpext perfctr_llc mwaitx cpb cat_l3 cdp_l3 hw_pstate sme ssbd mba sev ibpb stibp vmmcall sev_es fsgsbase bmi1 avx2 smep bmi2 cqm rdt_a rdseed adx smap clflushopt clwb sha_ni xsaveopt xsavec xgetbv1 xsaves cqm_llc cqm_occup_llc cqm_mbm_total cqm_mbm_local clzero irperf xsaveerptr rdpru wbnoinvd arat npt lbrv svm_lock nrip_save tsc_scale vmcb_clean flushbyasid decodeassists pausefilter pfthreshold avic v_vmsave_vmload vgif umip rdpid overflow_recov succor smca
bugs		: sysret_ss_attrs spectre_v1 spectre_v2 spec_store_bypass
bogomips	: 7785.42
TLB size	: 3072 4K pages
clflush size	: 64
cache_alignment	: 64
address sizes	: 43 bits physical, 48 bits virtual
power management: ts ttp tm hwpstate cpb eff_freq_ro [13] [14]



Memory: 4k page, physical 65868308k(1180228k free), swap 41554936k(39024632k free)

vm_info: OpenJDK 64-Bit Server VM (25.282-b08) for linux-amd64 JRE (1.8.0_282-b08), built on Jan 14 2021 07:18:50 by "jenkins" with gcc 7.3.1 20180303 (Red Hat 7.3.1-5)

time: Thu Oct 21 00:27:50 2021
timezone: EDT
elapsed time: 1.333846 seconds (0d 0h 0m 1s)

