#
# A fatal error has been detected by the Java Runtime Environment:
#
#  SIGSEGV (0xb) at pc=0x00000000412c9ef1, pid=1752677, tid=0x00007feb54a74640
#
# JRE version: OpenJDK Runtime Environment (8.0_282-b08) (build 1.8.0_282-b08)
# Java VM: OpenJDK 64-Bit Server VM (25.282-b08 mixed mode linux-amd64 compressed oops)
# Problematic frame:
# C  0x00000000412c9ef1
#
# Failed to write core dump. Core dumps have been disabled. To enable core dumping, try "ulimit -c unlimited" before starting Java again
#
# If you would like to submit a bug report, please include
# instructions on how to reproduce the bug and visit:
#   https://github.com/corretto/corretto-8/issues/
# The crash happened outside the Java Virtual Machine in native code.
# See problematic frame for where to report the bug.
#

---------------  T H R E A D  ---------------

Current thread (0x00007feb5000d800):  JavaThread "main" [_thread_in_native, id=1752682, stack(0x00007feb54975000,0x00007feb54a75000)]

siginfo: si_signo: 11 (SIGSEGV), si_code: 2 (SEGV_ACCERR), si_addr: 0x00007fea6fdde001

Registers:
RAX=0x00000000412c9ec0, RBX=0x00000000ff000000, RCX=0x0000000000000003, RDX=0x0000000000000000
RSP=0x00007feb54a72d98, RBP=0x000000000000020b, RSI=0x00007fea6fdddfff, RDI=0x00007fea66530254
R8 =0x0000000000000400, R9 =0x00007fea6652fa80, R10=0x00007fea6fddda20, R11=0x00007fea6652fa80
R12=0x0000000041c83000, R13=0x00007feb26704240, R14=0x0000000000000000, R15=0x00000000000003d2
RIP=0x00000000412c9ef1, EFLAGS=0x0000000000010202, CSGSFS=0x002b000000000033, ERR=0x0000000000000004
  TRAPNO=0x000000000000000e

Top of Stack: (sp=0x00007feb54a72d98)
0x00007feb54a72d98:   00007fea6fddda20 00007fea6652fa80
0x00007feb54a72da8:   00007feb54a72f30 0000000000000400
0x00007feb54a72db8:   00007feb2670482d 0000000000000400
0x00007feb54a72dc8:   0000000100000000 00007feb506cc5c0
0x00007feb54a72dd8:   00007feb54a72f30 0000000041c83000
0x00007feb54a72de8:   00007feb27d52260 00007feb267047d0
0x00007feb54a72df8:   00007fea6615de60 0000000000000000
0x00007feb54a72e08:   00007feb2670e841 0000000100000001
0x00007feb54a72e18:   0000000100000400 0000004f0000004f
0x00007feb54a72e28:   0000000000000005 0000000000000000
0x00007feb54a72e38:   0000000000000000 00007fea6615e360
0x00007feb54a72e48:   0000000041c83000 00007fea6615de60
0x00007feb54a72e58:   0000000000000000 00007feb54a72f30
0x00007feb54a72e68:   00007fea6615e360 00007feb27d4e280
0x00007feb54a72e78:   00007feb26823700 00007feb50965310
0x00007feb54a72e88:   00007feb00000400 0000000000000000
0x00007feb54a72e98:   0000000100000400 0000000000000001
0x00007feb54a72ea8:   00007feb504d8a10 0000000050c33900
0x00007feb54a72eb8:   0000000000000002 000056069359d1f0
0x00007feb54a72ec8:   00007feb55c8dc87 0000000000000001
0x00007feb54a72ed8:   00007feb50000080 0000000000000000
0x00007feb54a72ee8:   00007fea64000000 0000000000401000
0x00007feb54a72ef8:   0000000000400040 000000000255f000
0x00007feb54a72f08:   000000000215f000 0000000000000000
0x00007feb54a72f18:   0000000000400017 0000000000400020
0x00007feb54a72f28:   00007feb50000020 0000000800000019
0x00007feb54a72f38:   00007fea6fb00e20 00007fea6fddda20
0x00007feb54a72f48:   0000000000000000 0000000000000000
0x00007feb54a72f58:   0000000000000000 0000000300000c00
0x00007feb54a72f68:   0000000300000003 0000000000000001
0x00007feb54a72f78:   0000000000000000 000000000000007e
0x00007feb54a72f88:   0000000000000000 0000040000000400 

Instructions: (pc=0x00000000412c9ef1)
0x00000000412c9ed1:   8b f2 49 8b fb 41 8b e8 85 ed 0f 84 36 00 00 00
0x00000000412c9ee1:   b9 03 00 00 00 0f 8f 05 00 00 00 48 f7 d9 f7 dd
0x00000000412c9ef1:   0f b6 5e 02 c1 e3 10 0f b7 16 0b da 48 03 f1 48
0x00000000412c9f01:   83 c7 04 81 e3 ff ff ff 00 81 cb 00 00 00 ff ff 

Register to memory mapping:

RAX=0x00000000412c9ec0 is an unknown value
RBX=0x00000000ff000000 is an unknown value
RCX=0x0000000000000003 is an unknown value
RDX=0x0000000000000000 is an unknown value
RSP=0x00007feb54a72d98 is pointing into the stack for thread: 0x00007feb5000d800
RBP=0x000000000000020b is an unknown value
RSI=0x00007fea6fdddfff is an unknown value
RDI=0x00007fea66530254 is an unknown value
R8 =0x0000000000000400 is an unknown value
R9 =0x00007fea6652fa80 is an unknown value
R10=0x00007fea6fddda20 is an unknown value
R11=0x00007fea6652fa80 is an unknown value
R12=0x0000000041c83000 is an unknown value
R13=0x00007feb26704240: <offset 0xa62240> in /lib/x86_64-linux-gnu/libnvidia-glcore.so.470.82.00 at 0x00007feb25ca2000
R14=0x0000000000000000 is an unknown value
R15=0x00000000000003d2 is an unknown value


Stack: [0x00007feb54975000,0x00007feb54a75000],  sp=0x00007feb54a72d98,  free space=1015k
Native frames: (J=compiled Java code, j=interpreted, Vv=VM code, C=native code)
C  0x00000000412c9ef1

Java frames: (J=compiled Java code, j=interpreted, Vv=VM code)
j  org.lwjgl.opengl.GL11C.nglTexImage2D(IIIIIIIIJ)V+0
j  org.lwjgl.opengl.GL11C.glTexImage2D(IIIIIIIILjava/nio/ByteBuffer;)V+17
j  org.lwjgl.opengl.GL11.glTexImage2D(IIIIIIIILjava/nio/ByteBuffer;)V+14
j  com.game.engine.TextureLoader.loadTextureI(Ljava/lang/String;Lcom/game/engine/datatypes/ogl/TextureData;FII)Lcom/game/engine/datatypes/ogl/Texture;+78
j  com.game.engine.threading.GameRegistry.lambda$1(Ljava/lang/String;)V+24
j  com.game.engine.threading.GameRegistry$$Lambda$43.run()V+4
J 969 C1 com.game.engine.threading.Threading.processMain(J)V (55 bytes) @ 0x00007feb4154ba04 [0x00007feb4154b600+0x404]
j  com.game.engine.display.DisplayManager.updateDisplay()V+138
j  com.game.Main.main([Ljava/lang/String;)V+350
v  ~StubRoutines::call_stub

---------------  P R O C E S S  ---------------

Java Threads: ( => current thread )
  0x00007feb50c34800 JavaThread "pool-1-thread-1" [_thread_in_native, id=1752723, stack(0x00007feb248ce000,0x00007feb249cf000)]
  0x00007feb50c1e800 JavaThread "Java2D Disposer" daemon [_thread_blocked, id=1752722, stack(0x00007feb249cf000,0x00007feb24ad0000)]
  0x00007feb50100000 JavaThread "Service Thread" daemon [_thread_blocked, id=1752716, stack(0x00007feb2dc46000,0x00007feb2dd47000)]
  0x00007feb500f3000 JavaThread "C1 CompilerThread11" daemon [_thread_blocked, id=1752715, stack(0x00007feb2dd48000,0x00007feb2de48000)]
  0x00007feb500f1000 JavaThread "C1 CompilerThread10" daemon [_thread_blocked, id=1752714, stack(0x00007feb2de49000,0x00007feb2df49000)]
  0x00007feb500ef000 JavaThread "C1 CompilerThread9" daemon [_thread_blocked, id=1752713, stack(0x00007feb2df4a000,0x00007feb2e04a000)]
  0x00007feb500ed000 JavaThread "C1 CompilerThread8" daemon [_thread_blocked, id=1752712, stack(0x00007feb2e04b000,0x00007feb2e14b000)]
  0x00007feb500eb000 JavaThread "C2 CompilerThread7" daemon [_thread_blocked, id=1752711, stack(0x00007feb2e14c000,0x00007feb2e24c000)]
  0x00007feb500e9000 JavaThread "C2 CompilerThread6" daemon [_thread_blocked, id=1752710, stack(0x00007feb2e24d000,0x00007feb2e34d000)]
  0x00007feb500e7000 JavaThread "C2 CompilerThread5" daemon [_thread_blocked, id=1752709, stack(0x00007feb2e34e000,0x00007feb2e44e000)]
  0x00007feb500e4800 JavaThread "C2 CompilerThread4" daemon [_thread_blocked, id=1752708, stack(0x00007feb2e44f000,0x00007feb2e54f000)]
  0x00007feb500da800 JavaThread "C2 CompilerThread3" daemon [_thread_blocked, id=1752707, stack(0x00007feb2e550000,0x00007feb2e650000)]
  0x00007feb500d8800 JavaThread "C2 CompilerThread2" daemon [_thread_blocked, id=1752706, stack(0x00007feb2e651000,0x00007feb2e751000)]
  0x00007feb500d6800 JavaThread "C2 CompilerThread1" daemon [_thread_blocked, id=1752705, stack(0x00007feb2e752000,0x00007feb2e852000)]
  0x00007feb500d3800 JavaThread "C2 CompilerThread0" daemon [_thread_blocked, id=1752704, stack(0x00007feb2e853000,0x00007feb2e953000)]
  0x00007feb500d0800 JavaThread "Signal Dispatcher" daemon [_thread_blocked, id=1752703, stack(0x00007feb2e953000,0x00007feb2ea54000)]
  0x00007feb5009d800 JavaThread "Finalizer" daemon [_thread_blocked, id=1752702, stack(0x00007feb2f2f3000,0x00007feb2f3f4000)]
  0x00007feb50099000 JavaThread "Reference Handler" daemon [_thread_blocked, id=1752701, stack(0x00007feb2f3f4000,0x00007feb2f4f5000)]
=>0x00007feb5000d800 JavaThread "main" [_thread_in_native, id=1752682, stack(0x00007feb54975000,0x00007feb54a75000)]

Other Threads:
  0x00007feb5008f000 VMThread [stack: 0x00007feb2f4f6000,0x00007feb2f5f6000] [id=1752697]
  0x00007feb50102800 WatcherThread [stack: 0x00007feb2db46000,0x00007feb2dc46000] [id=1752717]

VM state:not at safepoint (normal execution)

VM Mutex/Monitor currently owned by a thread: None

heap address: 0x00000003d2e00000, size: 16082 MB, Compressed Oops mode: Zero based, Oop shift amount: 3
Narrow klass base: 0x0000000000000000, Narrow klass shift: 3
Compressed class space size: 1073741824 Address: 0x00000007c0000000

Heap:
 PSYoungGen      total 300544K, used 46459K [0x0000000670f80000, 0x0000000685e80000, 0x00000007c0000000)
  eden space 258048K, 18% used [0x0000000670f80000,0x0000000673cdee18,0x0000000680b80000)
  from space 42496K, 0% used [0x0000000683500000,0x0000000683500000,0x0000000685e80000)
  to   space 42496K, 0% used [0x0000000680b80000,0x0000000680b80000,0x0000000683500000)
 ParOldGen       total 687104K, used 0K [0x00000003d2e00000, 0x00000003fcd00000, 0x0000000670f80000)
  object space 687104K, 0% used [0x00000003d2e00000,0x00000003d2e00000,0x00000003fcd00000)
 Metaspace       used 12538K, capacity 12859K, committed 13056K, reserved 1060864K
  class space    used 1083K, capacity 1205K, committed 1280K, reserved 1048576K

Card table byte_map: [0x00007feb3ecd6000,0x00007feb40c40000] byte_map_base: 0x00007feb3ce3f000

Marking Bits: (ParMarkBitMap*) 0x00007feb55be7780
 Begin Bits: [0x00007feae0970000, 0x00007feaf04b8000)
 End Bits:   [0x00007feaf04b8000, 0x00007feb00000000)

Polling page: 0x00007feb56052000

CodeCache: size=245760Kb used=5435Kb max_used=5435Kb free=240324Kb
 bounds [0x00007feb41000000, 0x00007feb41560000, 0x00007feb50000000]
 total_blobs=1996 nmethods=978 adapters=930
 compilation: enabled

Compilation events (10 events):
Event: 2.907 Thread 0x00007feb500f3000 nmethod 973 0x00007feb4154d450 code [0x00007feb4154d5e0, 0x00007feb4154d8b8]
Event: 2.907 Thread 0x00007feb500ef000  975       3       com.game.engine.display.DisplayManager$$Lambda$37/317983781::invoke (8 bytes)
Event: 2.907 Thread 0x00007feb500ed000  976       3       com.game.engine.display.DisplayManager::lambda$4 (10 bytes)
Event: 2.908 Thread 0x00007feb500ed000 nmethod 976 0x00007feb4154dd90 code [0x00007feb4154dee0, 0x00007feb4154e030]
Event: 2.908 Thread 0x00007feb500ef000 nmethod 975 0x00007feb4154e0d0 code [0x00007feb4154e240, 0x00007feb4154e410]
Event: 2.908 Thread 0x00007feb500f1000 nmethod 972 0x00007feb4154e4d0 code [0x00007feb4154e6e0, 0x00007feb4154ef28]
Event: 3.276 Thread 0x00007feb500f3000  977       3       org.lwjgl.system.MemoryUtil::memLengthUTF8 (107 bytes)
Event: 3.276 Thread 0x00007feb500f3000 nmethod 977 0x00007feb4154f450 code [0x00007feb4154f620, 0x00007feb4154fc78]
Event: 3.307 Thread 0x00007feb500ed000  978       3       java.lang.Math::max (12 bytes)
Event: 3.307 Thread 0x00007feb500ed000 nmethod 978 0x00007feb4154fe90 code [0x00007feb41550000, 0x00007feb41550190]

GC Heap History (0 events):
No events

Deoptimization events (2 events):
Event: 0.064 Thread 0x00007feb5000d800 Uncommon trap: reason=unstable_if action=reinterpret pc=0x00007feb412c29e8 method=java.lang.String.hashCode()I @ 14
Event: 0.145 Thread 0x00007feb5000d800 Uncommon trap: reason=unstable_if action=reinterpret pc=0x00007feb413ae840 method=java.lang.String.indexOf([CII[CIII)I @ 134

Classes redefined (0 events):
No events

Internal exceptions (10 events):
Event: 0.105 Thread 0x00007feb5000d800 Exception <a 'java/security/PrivilegedActionException'> (0x0000000671224228) thrown at [/home/jenkins/node/workspace/Corretto8/generic_linux/x64/build/Corretto8Src/installers/linux/universal/tar/corretto-build/buildRoot/src/hotspot/src/share/vm/prims/jvm.
Event: 0.105 Thread 0x00007feb5000d800 Exception <a 'java/security/PrivilegedActionException'> (0x0000000671224438) thrown at [/home/jenkins/node/workspace/Corretto8/generic_linux/x64/build/Corretto8Src/installers/linux/universal/tar/corretto-build/buildRoot/src/hotspot/src/share/vm/prims/jvm.
Event: 0.166 Thread 0x00007feb5000d800 Exception <a 'java/lang/NoSuchMethodError': java.lang.Object.lambda$static$0(Ljava/lang/String;)Ljava/lang/Boolean;> (0x0000000672a02f48) thrown at [/home/jenkins/node/workspace/Corretto8/generic_linux/x64/build/Corretto8Src/installers/linux/universal/tar
Event: 0.188 Thread 0x00007feb5000d800 Exception <a 'sun/nio/fs/UnixException'> (0x0000000672b61158) thrown at [/home/jenkins/node/workspace/Corretto8/generic_linux/x64/build/Corretto8Src/installers/linux/universal/tar/corretto-build/buildRoot/src/hotspot/src/share/vm/prims/jni.cpp, line 711]
Event: 0.199 Thread 0x00007feb5000d800 Exception <a 'sun/nio/fs/UnixException'> (0x0000000672c2ac10) thrown at [/home/jenkins/node/workspace/Corretto8/generic_linux/x64/build/Corretto8Src/installers/linux/universal/tar/corretto-build/buildRoot/src/hotspot/src/share/vm/prims/jni.cpp, line 711]
Event: 0.376 Thread 0x00007feb5000d800 Exception <a 'sun/nio/fs/UnixException'> (0x0000000672d1eb48) thrown at [/home/jenkins/node/workspace/Corretto8/generic_linux/x64/build/Corretto8Src/installers/linux/universal/tar/corretto-build/buildRoot/src/hotspot/src/share/vm/prims/jni.cpp, line 711]
Event: 0.377 Thread 0x00007feb5000d800 Exception <a 'sun/nio/fs/UnixException'> (0x0000000672d2ca08) thrown at [/home/jenkins/node/workspace/Corretto8/generic_linux/x64/build/Corretto8Src/installers/linux/universal/tar/corretto-build/buildRoot/src/hotspot/src/share/vm/prims/jni.cpp, line 711]
Event: 0.660 Thread 0x00007feb5000d800 Exception <a 'java/io/FileNotFoundException'> (0x00000006735897d0) thrown at [/home/jenkins/node/workspace/Corretto8/generic_linux/x64/build/Corretto8Src/installers/linux/universal/tar/corretto-build/buildRoot/src/hotspot/src/share/vm/prims/jni.cpp, line 
Event: 0.660 Thread 0x00007feb5000d800 Exception <a 'java/io/FileNotFoundException'> (0x000000067358a1f0) thrown at [/home/jenkins/node/workspace/Corretto8/generic_linux/x64/build/Corretto8Src/installers/linux/universal/tar/corretto-build/buildRoot/src/hotspot/src/share/vm/prims/jni.cpp, line 
Event: 0.683 Thread 0x00007feb50c34800 Exception <a 'sun/nio/fs/UnixException'> (0x000000067380ae80) thrown at [/home/jenkins/node/workspace/Corretto8/generic_linux/x64/build/Corretto8Src/installers/linux/universal/tar/corretto-build/buildRoot/src/hotspot/src/share/vm/prims/jni.cpp, line 711]

Events (10 events):
Event: 0.702 loading class org/lwjgl/opengl/GL21C
Event: 0.702 loading class org/lwjgl/opengl/GL21C done
Event: 0.702 loading class org/lwjgl/opengl/GL20C
Event: 0.702 loading class org/lwjgl/opengl/GL20C done
Event: 0.703 loading class org/lwjgl/opengl/GL15C
Event: 0.703 loading class org/lwjgl/opengl/GL15C done
Event: 0.703 loading class org/lwjgl/opengl/GL14C
Event: 0.703 loading class org/lwjgl/opengl/GL14C done
Event: 1.023 Thread 0x00007feb5000d800 DEOPT PACKING pc=0x00007feb41541edc sp=0x00007feb54a73750
Event: 1.023 Thread 0x00007feb5000d800 DEOPT UNPACKING pc=0x00007feb410470c4 sp=0x00007feb54a734f8 mode 0


Dynamic libraries:
412c8000-412ca000 r-xs 00000000 00:01 87647                              /memfd:/.glXXXXXX (deleted)
41c83000-41d32000 rw-p 00000000 00:00 0 
3d2e00000-3fcd00000 rw-p 00000000 00:00 0 
3fcd00000-670f80000 ---p 00000000 00:00 0 
670f80000-685e80000 rw-p 00000000 00:00 0 
685e80000-7c0000000 ---p 00000000 00:00 0 
7c0000000-7c0140000 rw-p 00000000 00:00 0 
7c0140000-800000000 ---p 00000000 00:00 0 
55b7e2200000-55b7e2201000 r-xp 00000000 08:34 5114662                    /usr/lib/jvm/java-1.8.0-amazon-corretto/jre/bin/java
55b7e2400000-55b7e2401000 r--p 00000000 08:34 5114662                    /usr/lib/jvm/java-1.8.0-amazon-corretto/jre/bin/java
55b7e2401000-55b7e2402000 rw-p 00001000 08:34 5114662                    /usr/lib/jvm/java-1.8.0-amazon-corretto/jre/bin/java
55b7e3257000-55b7e3278000 rw-p 00000000 00:00 0                          [heap]
7fea5c000000-7fea5c601000 rw-p 00000000 00:00 0 
7fea5c601000-7fea60000000 ---p 00000000 00:00 0 
7fea64000000-7fea6655f000 rw-p 00000000 00:00 0 
7fea6655f000-7fea68000000 ---p 00000000 00:00 0 
7fea6c000000-7fea6fdde000 rw-p 00000000 00:00 0 
7fea6fdde000-7fea70000000 ---p 00000000 00:00 0 
7fea70000000-7fea73f10000 rw-p 00000000 00:00 0 
7fea73f10000-7fea74000000 ---p 00000000 00:00 0 
7fea74000000-7fea77fd1000 rw-p 00000000 00:00 0 
7fea77fd1000-7fea78000000 ---p 00000000 00:00 0 
7fea7c000000-7fea7fc17000 rw-p 00000000 00:00 0 
7fea7fc17000-7fea80000000 ---p 00000000 00:00 0 
7fea80000000-7fea83ffa000 rw-p 00000000 00:00 0 
7fea83ffa000-7fea84000000 ---p 00000000 00:00 0 
7fea84000000-7fea84021000 rw-p 00000000 00:00 0 
7fea84021000-7fea88000000 ---p 00000000 00:00 0 
7fea88000000-7fea88021000 rw-p 00000000 00:00 0 
7fea88021000-7fea8c000000 ---p 00000000 00:00 0 
7fea8c000000-7fea8c123000 rw-p 00000000 00:00 0 
7fea8c123000-7fea90000000 ---p 00000000 00:00 0 
7fea90000000-7fea90021000 rw-p 00000000 00:00 0 
7fea90021000-7fea94000000 ---p 00000000 00:00 0 
7fea94000000-7fea94138000 rw-p 00000000 00:00 0 
7fea94138000-7fea98000000 ---p 00000000 00:00 0 
7fea98000000-7fea9810c000 rw-p 00000000 00:00 0 
7fea9810c000-7fea9c000000 ---p 00000000 00:00 0 
7fea9c000000-7fea9c055000 rw-p 00000000 00:00 0 
7fea9c055000-7feaa0000000 ---p 00000000 00:00 0 
7feaa0000000-7feaa012b000 rw-p 00000000 00:00 0 
7feaa012b000-7feaa4000000 ---p 00000000 00:00 0 
7feaa4000000-7feaa4022000 rw-p 00000000 00:00 0 
7feaa4022000-7feaa8000000 ---p 00000000 00:00 0 
7feaa8000000-7feaa8093000 rw-p 00000000 00:00 0 
7feaa8093000-7feaac000000 ---p 00000000 00:00 0 
7feaac000000-7feaac09c000 rw-p 00000000 00:00 0 
7feaac09c000-7feab0000000 ---p 00000000 00:00 0 
7feab0000000-7feab0045000 rw-p 00000000 00:00 0 
7feab0045000-7feab4000000 ---p 00000000 00:00 0 
7feab4000000-7feab4135000 rw-p 00000000 00:00 0 
7feab4135000-7feab8000000 ---p 00000000 00:00 0 
7feab8000000-7feab8141000 rw-p 00000000 00:00 0 
7feab8141000-7feabc000000 ---p 00000000 00:00 0 
7feabc000000-7feabc021000 rw-p 00000000 00:00 0 
7feabc021000-7feac0000000 ---p 00000000 00:00 0 
7feac0000000-7feac00a0000 rw-p 00000000 00:00 0 
7feac00a0000-7feac4000000 ---p 00000000 00:00 0 
7feac4000000-7feac4021000 rw-p 00000000 00:00 0 
7feac4021000-7feac8000000 ---p 00000000 00:00 0 
7feac8000000-7feac8021000 rw-p 00000000 00:00 0 
7feac8021000-7feacc000000 ---p 00000000 00:00 0 
7feacc000000-7feacc021000 rw-p 00000000 00:00 0 
7feacc021000-7fead0000000 ---p 00000000 00:00 0 
7fead0000000-7fead0021000 rw-p 00000000 00:00 0 
7fead0021000-7fead4000000 ---p 00000000 00:00 0 
7fead4000000-7fead4021000 rw-p 00000000 00:00 0 
7fead4021000-7fead8000000 ---p 00000000 00:00 0 
7feadc000000-7feadc021000 rw-p 00000000 00:00 0 
7feadc021000-7feae0000000 ---p 00000000 00:00 0 
7feae0970000-7feb00000000 rw-p 00000000 00:00 0 
7feb00000000-7feb00021000 rw-p 00000000 00:00 0 
7feb00021000-7feb04000000 ---p 00000000 00:00 0 
7feb04000000-7feb04021000 rw-p 00000000 00:00 0 
7feb04021000-7feb08000000 ---p 00000000 00:00 0 
7feb08000000-7feb08021000 rw-p 00000000 00:00 0 
7feb08021000-7feb0c000000 ---p 00000000 00:00 0 
7feb0c000000-7feb0c021000 rw-p 00000000 00:00 0 
7feb0c021000-7feb10000000 ---p 00000000 00:00 0 
7feb10000000-7feb10021000 rw-p 00000000 00:00 0 
7feb10021000-7feb14000000 ---p 00000000 00:00 0 
7feb18000000-7feb18021000 rw-p 00000000 00:00 0 
7feb18021000-7feb1c000000 ---p 00000000 00:00 0 
7feb1f000000-7feb1f400000 rw-s 00000000 00:05 1034                       /dev/nvidiactl
7feb1f400000-7feb1f800000 rw-s 00000000 00:05 1034                       /dev/nvidiactl
7feb1fa00000-7feb1fc00000 rw-s 00000000 00:05 1034                       /dev/nvidiactl
7feb1fc00000-7feb20000000 rw-s 00000000 00:05 1034                       /dev/nvidiactl
7feb20000000-7feb20021000 rw-p 00000000 00:00 0 
7feb20021000-7feb24000000 ---p 00000000 00:00 0 
7feb2406d000-7feb2446d000 rw-s 00000000 00:05 1034                       /dev/nvidiactl
7feb2446d000-7feb2466d000 rw-s 00000000 00:05 1034                       /dev/nvidiactl
7feb2466d000-7feb246cc000 r-xp 00000000 08:34 9437839                    /tmp/lwjglbrett/3.2.3-build-13/liblwjgl_stb.so
7feb246cc000-7feb248cb000 ---p 0005f000 08:34 9437839                    /tmp/lwjglbrett/3.2.3-build-13/liblwjgl_stb.so
7feb248cb000-7feb248cc000 r--p 0005e000 08:34 9437839                    /tmp/lwjglbrett/3.2.3-build-13/liblwjgl_stb.so
7feb248cc000-7feb248cd000 rw-p 0005f000 08:34 9437839                    /tmp/lwjglbrett/3.2.3-build-13/liblwjgl_stb.so
7feb248cd000-7feb248ce000 rw-p 00000000 00:00 0 
7feb248ce000-7feb248d1000 ---p 00000000 00:00 0 
7feb248d1000-7feb249cf000 rw-p 00000000 00:00 0 
7feb249cf000-7feb249d2000 ---p 00000000 00:00 0 
7feb249d2000-7feb24ad0000 rw-p 00000000 00:00 0 
7feb24ad0000-7feb24ad5000 r-xp 00000000 08:34 3943336                    /usr/lib/x86_64-linux-gnu/libXtst.so.6.1.0
7feb24ad5000-7feb24cd4000 ---p 00005000 08:34 3943336                    /usr/lib/x86_64-linux-gnu/libXtst.so.6.1.0
7feb24cd4000-7feb24cd5000 r--p 00004000 08:34 3943336                    /usr/lib/x86_64-linux-gnu/libXtst.so.6.1.0
7feb24cd5000-7feb24cd6000 rw-p 00005000 08:34 3943336                    /usr/lib/x86_64-linux-gnu/libXtst.so.6.1.0
7feb24d1f000-7feb24d7a000 r-xp 00000000 08:34 5121934                    /usr/lib/jvm/java-1.8.0-amazon-corretto/jre/lib/amd64/libawt_xawt.so
7feb24d7a000-7feb24f7a000 ---p 0005b000 08:34 5121934                    /usr/lib/jvm/java-1.8.0-amazon-corretto/jre/lib/amd64/libawt_xawt.so
7feb24f7a000-7feb24f7b000 r--p 0005b000 08:34 5121934                    /usr/lib/jvm/java-1.8.0-amazon-corretto/jre/lib/amd64/libawt_xawt.so
7feb24f7b000-7feb24f7e000 rw-p 0005c000 08:34 5121934                    /usr/lib/jvm/java-1.8.0-amazon-corretto/jre/lib/amd64/libawt_xawt.so
7feb24f7e000-7feb24f80000 rw-p 00000000 00:00 0 
7feb24f80000-7feb25020000 r-xp 00000000 08:34 5121749                    /usr/lib/jvm/java-1.8.0-amazon-corretto/jre/lib/amd64/libawt.so
7feb25020000-7feb25220000 ---p 000a0000 08:34 5121749                    /usr/lib/jvm/java-1.8.0-amazon-corretto/jre/lib/amd64/libawt.so
7feb25220000-7feb25221000 r--p 000a0000 08:34 5121749                    /usr/lib/jvm/java-1.8.0-amazon-corretto/jre/lib/amd64/libawt.so
7feb25221000-7feb2522c000 rw-p 000a1000 08:34 5121749                    /usr/lib/jvm/java-1.8.0-amazon-corretto/jre/lib/amd64/libawt.so
7feb2522c000-7feb253d1000 rw-p 00000000 00:00 0 
7feb253d1000-7feb25451000 ---p 00000000 00:00 0 
7feb25451000-7feb25651000 rw-p 00000000 00:00 0 
7feb25651000-7feb256a9000 r-xp 00000000 08:34 9437813                    /tmp/lwjglbrett/3.2.3-build-13/liblwjgl_opengl.so
7feb256a9000-7feb258a8000 ---p 00058000 08:34 9437813                    /tmp/lwjglbrett/3.2.3-build-13/liblwjgl_opengl.so
7feb258a8000-7feb258a9000 r--p 00057000 08:34 9437813                    /tmp/lwjglbrett/3.2.3-build-13/liblwjgl_opengl.so
7feb258a9000-7feb258aa000 rw-p 00058000 08:34 9437813                    /tmp/lwjglbrett/3.2.3-build-13/liblwjgl_opengl.so
7feb25a2a000-7feb25a3d000 rw-s 00000000 00:05 1034                       /dev/nvidiactl
7feb25a3d000-7feb25a7d000 rw-s 00000000 00:05 1034                       /dev/nvidiactl
7feb25a7d000-7feb25abd000 rw-s 00000000 00:05 1034                       /dev/nvidiactl
7feb25abd000-7feb25afd000 rw-s 00000000 00:05 1034                       /dev/nvidiactl
7feb25afd000-7feb25ca2000 rw-s 00000000 00:01 7168                       /memfd:/.nvidia_drv.XXXXXX (deleted)
7feb25ca2000-7feb26f03000 r-xp 00000000 08:34 3932713                    /usr/lib/x86_64-linux-gnu/libnvidia-glcore.so.470.82.00
7feb26f03000-7feb26f24000 rwxp 01261000 08:34 3932713                    /usr/lib/x86_64-linux-gnu/libnvidia-glcore.so.470.82.00
7feb26f24000-7feb2743c000 r-xp 01282000 08:34 3932713                    /usr/lib/x86_64-linux-gnu/libnvidia-glcore.so.470.82.00
7feb2743c000-7feb2763c000 ---p 0179a000 08:34 3932713                    /usr/lib/x86_64-linux-gnu/libnvidia-glcore.so.470.82.00
7feb2763c000-7feb27b97000 r--p 0179a000 08:34 3932713                    /usr/lib/x86_64-linux-gnu/libnvidia-glcore.so.470.82.00
7feb27b97000-7feb27d3b000 rw-p 01cf5000 08:34 3932713                    /usr/lib/x86_64-linux-gnu/libnvidia-glcore.so.470.82.00
7feb27d3b000-7feb27d5d000 rw-p 00000000 00:00 0 
7feb27d5d000-7feb27dcf000 r-xp 00000000 08:34 3932707                    /usr/lib/x86_64-linux-gnu/libnvidia-glsi.so.470.82.00
7feb27dcf000-7feb27fcf000 ---p 00072000 08:34 3932707                    /usr/lib/x86_64-linux-gnu/libnvidia-glsi.so.470.82.00
7feb27fcf000-7feb27ff8000 r--p 00072000 08:34 3932707                    /usr/lib/x86_64-linux-gnu/libnvidia-glsi.so.470.82.00
7feb27ff8000-7feb27ff9000 rw-p 0009b000 08:34 3932707                    /usr/lib/x86_64-linux-gnu/libnvidia-glsi.so.470.82.00
7feb27ff9000-7feb28000000 rw-p 00000000 00:00 0 
7feb28000000-7feb28021000 rw-p 00000000 00:00 0 
7feb28021000-7feb2c000000 ---p 00000000 00:00 0 
7feb2c004000-7feb2c009000 r--s 002f9000 08:34 5122307                    /usr/lib/jvm/java-1.8.0-amazon-corretto/jre/lib/charsets.jar
7feb2c009000-7feb2c00c000 r-xp 00000000 00:00 0 
7feb2c00c000-7feb2c00f000 rw-s 00000000 00:05 1034                       /dev/nvidiactl
7feb2c00f000-7feb2c02f000 rw-s 00000000 00:05 1034                       /dev/nvidiactl
7feb2c02f000-7feb2c034000 r--p 00000000 08:34 3934790                    /usr/lib/x86_64-linux-gnu/libdrm.so.2.4.0
7feb2c034000-7feb2c03e000 r-xp 00005000 08:34 3934790                    /usr/lib/x86_64-linux-gnu/libdrm.so.2.4.0
7feb2c03e000-7feb2c042000 r--p 0000f000 08:34 3934790                    /usr/lib/x86_64-linux-gnu/libdrm.so.2.4.0
7feb2c042000-7feb2c043000 r--p 00012000 08:34 3934790                    /usr/lib/x86_64-linux-gnu/libdrm.so.2.4.0
7feb2c043000-7feb2c044000 rw-p 00013000 08:34 3934790                    /usr/lib/x86_64-linux-gnu/libdrm.so.2.4.0
7feb2c044000-7feb2c04f000 r--p 00000000 08:34 3934154                    /usr/lib/x86_64-linux-gnu/libxcb-glx.so.0.0.0
7feb2c04f000-7feb2c058000 r-xp 0000b000 08:34 3934154                    /usr/lib/x86_64-linux-gnu/libxcb-glx.so.0.0.0
7feb2c058000-7feb2c05d000 r--p 00014000 08:34 3934154                    /usr/lib/x86_64-linux-gnu/libxcb-glx.so.0.0.0
7feb2c05d000-7feb2c05e000 ---p 00019000 08:34 3934154                    /usr/lib/x86_64-linux-gnu/libxcb-glx.so.0.0.0
7feb2c05e000-7feb2c060000 r--p 00019000 08:34 3934154                    /usr/lib/x86_64-linux-gnu/libxcb-glx.so.0.0.0
7feb2c060000-7feb2c061000 rw-p 0001b000 08:34 3934154                    /usr/lib/x86_64-linux-gnu/libxcb-glx.so.0.0.0
7feb2c061000-7feb2c064000 r-xp 00000000 08:34 3932716                    /usr/lib/x86_64-linux-gnu/libnvidia-tls.so.470.82.00
7feb2c064000-7feb2c264000 ---p 00003000 08:34 3932716                    /usr/lib/x86_64-linux-gnu/libnvidia-tls.so.470.82.00
7feb2c264000-7feb2c265000 r--p 00003000 08:34 3932716                    /usr/lib/x86_64-linux-gnu/libnvidia-tls.so.470.82.00
7feb2c265000-7feb2c266000 rw-p 00004000 08:34 3932716                    /usr/lib/x86_64-linux-gnu/libnvidia-tls.so.470.82.00
7feb2c266000-7feb2c318000 r-xp 00000000 08:34 7077974                    /usr/lib/x86_64-linux-gnu/nvidia/current/libGLX_nvidia.so.470.82.00
7feb2c318000-7feb2c34d000 rwxp 000b2000 08:34 7077974                    /usr/lib/x86_64-linux-gnu/nvidia/current/libGLX_nvidia.so.470.82.00
7feb2c34d000-7feb2c354000 r-xp 000e7000 08:34 7077974                    /usr/lib/x86_64-linux-gnu/nvidia/current/libGLX_nvidia.so.470.82.00
7feb2c354000-7feb2c553000 ---p 000ee000 08:34 7077974                    /usr/lib/x86_64-linux-gnu/nvidia/current/libGLX_nvidia.so.470.82.00
7feb2c553000-7feb2c59c000 r--p 000ed000 08:34 7077974                    /usr/lib/x86_64-linux-gnu/nvidia/current/libGLX_nvidia.so.470.82.00
7feb2c59c000-7feb2c5a1000 rw-p 00136000 08:34 7077974                    /usr/lib/x86_64-linux-gnu/nvidia/current/libGLX_nvidia.so.470.82.00
7feb2c5a1000-7feb2c5a3000 rw-p 00000000 00:00 0 
7feb2c5a3000-7feb2c5e3000 r--p 00000000 08:34 3939091                    /usr/lib/x86_64-linux-gnu/libGLdispatch.so.0.0.0
7feb2c5e3000-7feb2c5e6000 r-xp 00040000 08:34 3939091                    /usr/lib/x86_64-linux-gnu/libGLdispatch.so.0.0.0
7feb2c5e6000-7feb2c621000 r-xp 00043000 08:34 3939091                    /usr/lib/x86_64-linux-gnu/libGLdispatch.so.0.0.0
7feb2c621000-7feb2c622000 r-xp 0007e000 08:34 3939091                    /usr/lib/x86_64-linux-gnu/libGLdispatch.so.0.0.0
7feb2c622000-7feb2c636000 r--p 0007f000 08:34 3939091                    /usr/lib/x86_64-linux-gnu/libGLdispatch.so.0.0.0
7feb2c636000-7feb2c652000 r--p 00092000 08:34 3939091                    /usr/lib/x86_64-linux-gnu/libGLdispatch.so.0.0.0
7feb2c652000-7feb2c653000 rw-p 000ae000 08:34 3939091                    /usr/lib/x86_64-linux-gnu/libGLdispatch.so.0.0.0
7feb2c653000-7feb2c65b000 rw-p 00000000 00:00 0 
7feb2c65b000-7feb2c69e000 r--p 00000000 08:34 6292234                    /usr/lib/mesa-diverted/x86_64-linux-gnu/libGL.so.1.7.0
7feb2c69e000-7feb2c6a1000 r-xp 00043000 08:34 6292234                    /usr/lib/mesa-diverted/x86_64-linux-gnu/libGL.so.1.7.0
7feb2c6a1000-7feb2c6bc000 r-xp 00046000 08:34 6292234                    /usr/lib/mesa-diverted/x86_64-linux-gnu/libGL.so.1.7.0
7feb2c6bc000-7feb2c6bd000 r-xp 00061000 08:34 6292234                    /usr/lib/mesa-diverted/x86_64-linux-gnu/libGL.so.1.7.0
7feb2c6bd000-7feb2c6d2000 r--p 00062000 08:34 6292234                    /usr/lib/mesa-diverted/x86_64-linux-gnu/libGL.so.1.7.0
7feb2c6d2000-7feb2c6e0000 r--p 00076000 08:34 6292234                    /usr/lib/mesa-diverted/x86_64-linux-gnu/libGL.so.1.7.0
7feb2c6e0000-7feb2c6e1000 rw-p 00084000 08:34 6292234                    /usr/lib/mesa-diverted/x86_64-linux-gnu/libGL.so.1.7.0
7feb2c6e1000-7feb2c6e2000 rw-p 00000000 00:00 0 
7feb2c6e2000-7feb2c6e3000 r-xp 00000000 00:00 0 
7feb2c6e3000-7feb2c6e4000 r-xp 00000000 00:00 0 
7feb2c6e4000-7feb2c6e6000 rw-s 00000000 00:01 87647                      /memfd:/.glXXXXXX (deleted)
7feb2c6ea000-7feb2c6eb000 rw-s 00000000 00:05 1035                       /dev/nvidia0
7feb2c6eb000-7feb2c70b000 rw-s 00000000 00:05 1034                       /dev/nvidiactl
7feb2c72b000-7feb2c72c000 r--p 00000000 08:34 3934439                    /usr/lib/x86_64-linux-gnu/libX11-xcb.so.1.0.0
7feb2c72c000-7feb2c72d000 r-xp 00001000 08:34 3934439                    /usr/lib/x86_64-linux-gnu/libX11-xcb.so.1.0.0
7feb2c72d000-7feb2c72e000 r--p 00002000 08:34 3934439                    /usr/lib/x86_64-linux-gnu/libX11-xcb.so.1.0.0
7feb2c72e000-7feb2c72f000 r--p 00002000 08:34 3934439                    /usr/lib/x86_64-linux-gnu/libX11-xcb.so.1.0.0
7feb2c72f000-7feb2c730000 rw-p 00003000 08:34 3934439                    /usr/lib/x86_64-linux-gnu/libX11-xcb.so.1.0.0
7feb2c730000-7feb2c731000 r--p 00000000 08:34 3949702                    /usr/lib/x86_64-linux-gnu/libXinerama.so.1.0.0
7feb2c731000-7feb2c732000 r-xp 00001000 08:34 3949702                    /usr/lib/x86_64-linux-gnu/libXinerama.so.1.0.0
7feb2c732000-7feb2c733000 r--p 00002000 08:34 3949702                    /usr/lib/x86_64-linux-gnu/libXinerama.so.1.0.0
7feb2c733000-7feb2c734000 r--p 00002000 08:34 3949702                    /usr/lib/x86_64-linux-gnu/libXinerama.so.1.0.0
7feb2c734000-7feb2c735000 rw-p 00003000 08:34 3949702                    /usr/lib/x86_64-linux-gnu/libXinerama.so.1.0.0
7feb2c735000-7feb2c737000 r--p 00000000 08:34 3933927                    /usr/lib/x86_64-linux-gnu/libXfixes.so.3.1.0
7feb2c737000-7feb2c73a000 r-xp 00002000 08:34 3933927                    /usr/lib/x86_64-linux-gnu/libXfixes.so.3.1.0
7feb2c73a000-7feb2c73b000 r--p 00005000 08:34 3933927                    /usr/lib/x86_64-linux-gnu/libXfixes.so.3.1.0
7feb2c73b000-7feb2c73c000 r--p 00005000 08:34 3933927                    /usr/lib/x86_64-linux-gnu/libXfixes.so.3.1.0
7feb2c73c000-7feb2c73d000 rw-p 00006000 08:34 3933927                    /usr/lib/x86_64-linux-gnu/libXfixes.so.3.1.0
7feb2c73d000-7feb2c740000 r--p 00000000 08:34 3943331                    /usr/lib/x86_64-linux-gnu/libXcursor.so.1.0.2
7feb2c740000-7feb2c746000 r-xp 00003000 08:34 3943331                    /usr/lib/x86_64-linux-gnu/libXcursor.so.1.0.2
7feb2c746000-7feb2c748000 r--p 00009000 08:34 3943331                    /usr/lib/x86_64-linux-gnu/libXcursor.so.1.0.2
7feb2c748000-7feb2c749000 r--p 0000a000 08:34 3943331                    /usr/lib/x86_64-linux-gnu/libXcursor.so.1.0.2
7feb2c749000-7feb2c74a000 rw-p 0000b000 08:34 3943331                    /usr/lib/x86_64-linux-gnu/libXcursor.so.1.0.2
7feb2c74a000-7feb2c753000 r-xp 00000000 08:34 3939156                    /usr/lib/x86_64-linux-gnu/libXrender.so.1.3.0
7feb2c753000-7feb2c952000 ---p 00009000 08:34 3939156                    /usr/lib/x86_64-linux-gnu/libXrender.so.1.3.0
7feb2c952000-7feb2c953000 r--p 00008000 08:34 3939156                    /usr/lib/x86_64-linux-gnu/libXrender.so.1.3.0
7feb2c953000-7feb2c954000 rw-p 00009000 08:34 3939156                    /usr/lib/x86_64-linux-gnu/libXrender.so.1.3.0
7feb2c954000-7feb2c956000 r--p 00000000 08:34 3974177                    /usr/lib/x86_64-linux-gnu/libXrandr.so.2.2.0
7feb2c956000-7feb2c95d000 r-xp 00002000 08:34 3974177                    /usr/lib/x86_64-linux-gnu/libXrandr.so.2.2.0
7feb2c95d000-7feb2c95f000 r--p 00009000 08:34 3974177                    /usr/lib/x86_64-linux-gnu/libXrandr.so.2.2.0
7feb2c95f000-7feb2c960000 r--p 0000a000 08:34 3974177                    /usr/lib/x86_64-linux-gnu/libXrandr.so.2.2.0
7feb2c960000-7feb2c961000 rw-p 0000b000 08:34 3974177                    /usr/lib/x86_64-linux-gnu/libXrandr.so.2.2.0
7feb2c961000-7feb2c964000 r--p 00000000 08:34 3974143                    /usr/lib/x86_64-linux-gnu/libXi.so.6.1.0
7feb2c964000-7feb2c970000 r-xp 00003000 08:34 3974143                    /usr/lib/x86_64-linux-gnu/libXi.so.6.1.0
7feb2c970000-7feb2c973000 r--p 0000f000 08:34 3974143                    /usr/lib/x86_64-linux-gnu/libXi.so.6.1.0
7feb2c973000-7feb2c974000 r--p 00011000 08:34 3974143                    /usr/lib/x86_64-linux-gnu/libXi.so.6.1.0
7feb2c974000-7feb2c975000 rw-p 00012000 08:34 3974143                    /usr/lib/x86_64-linux-gnu/libXi.so.6.1.0
7feb2c975000-7feb2c979000 r--p 00000000 08:34 3946799                    /usr/lib/x86_64-linux-gnu/libXext.so.6.4.0
7feb2c979000-7feb2c984000 r-xp 00004000 08:34 3946799                    /usr/lib/x86_64-linux-gnu/libXext.so.6.4.0
7feb2c984000-7feb2c988000 r--p 0000f000 08:34 3946799                    /usr/lib/x86_64-linux-gnu/libXext.so.6.4.0
7feb2c988000-7feb2c989000 r--p 00012000 08:34 3946799                    /usr/lib/x86_64-linux-gnu/libXext.so.6.4.0
7feb2c989000-7feb2c98a000 rw-p 00013000 08:34 3946799                    /usr/lib/x86_64-linux-gnu/libXext.so.6.4.0
7feb2c98a000-7feb2c98f000 r-xp 00000000 08:34 3939064                    /usr/lib/x86_64-linux-gnu/libXxf86vm.so.1.0.0
7feb2c98f000-7feb2cb8e000 ---p 00005000 08:34 3939064                    /usr/lib/x86_64-linux-gnu/libXxf86vm.so.1.0.0
7feb2cb8e000-7feb2cb8f000 r--p 00004000 08:34 3939064                    /usr/lib/x86_64-linux-gnu/libXxf86vm.so.1.0.0
7feb2cb8f000-7feb2cb90000 rw-p 00005000 08:34 3939064                    /usr/lib/x86_64-linux-gnu/libXxf86vm.so.1.0.0
7feb2cb90000-7feb2cb92000 r--p 00000000 08:34 3932335                    /usr/lib/x86_64-linux-gnu/libmd.so.0.0.5
7feb2cb92000-7feb2cb99000 r-xp 00002000 08:34 3932335                    /usr/lib/x86_64-linux-gnu/libmd.so.0.0.5
7feb2cb99000-7feb2cb9b000 r--p 00009000 08:34 3932335                    /usr/lib/x86_64-linux-gnu/libmd.so.0.0.5
7feb2cb9b000-7feb2cb9c000 r--p 0000a000 08:34 3932335                    /usr/lib/x86_64-linux-gnu/libmd.so.0.0.5
7feb2cb9c000-7feb2cb9d000 rw-p 0000b000 08:34 3932335                    /usr/lib/x86_64-linux-gnu/libmd.so.0.0.5
7feb2cb9d000-7feb2cba1000 r--p 00000000 08:34 3938076                    /usr/lib/x86_64-linux-gnu/libbsd.so.0.11.3
7feb2cba1000-7feb2cbad000 r-xp 00004000 08:34 3938076                    /usr/lib/x86_64-linux-gnu/libbsd.so.0.11.3
7feb2cbad000-7feb2cbb0000 r--p 00010000 08:34 3938076                    /usr/lib/x86_64-linux-gnu/libbsd.so.0.11.3
7feb2cbb0000-7feb2cbb1000 ---p 00013000 08:34 3938076                    /usr/lib/x86_64-linux-gnu/libbsd.so.0.11.3
7feb2cbb1000-7feb2cbb2000 r--p 00013000 08:34 3938076                    /usr/lib/x86_64-linux-gnu/libbsd.so.0.11.3
7feb2cbb2000-7feb2cbb3000 rw-p 00014000 08:34 3938076                    /usr/lib/x86_64-linux-gnu/libbsd.so.0.11.3
7feb2cbb3000-7feb2cbb4000 rw-p 00000000 00:00 0 
7feb2cbb4000-7feb2cbb9000 r-xp 00000000 08:34 3938959                    /usr/lib/x86_64-linux-gnu/libXdmcp.so.6.0.0
7feb2cbb9000-7feb2cdb8000 ---p 00005000 08:34 3938959                    /usr/lib/x86_64-linux-gnu/libXdmcp.so.6.0.0
7feb2cdb8000-7feb2cdb9000 r--p 00004000 08:34 3938959                    /usr/lib/x86_64-linux-gnu/libXdmcp.so.6.0.0
7feb2cdb9000-7feb2cdba000 rw-p 00005000 08:34 3938959                    /usr/lib/x86_64-linux-gnu/libXdmcp.so.6.0.0
7feb2cdba000-7feb2cdbb000 r--p 00000000 08:34 3936017                    /usr/lib/x86_64-linux-gnu/libXau.so.6.0.0
7feb2cdbb000-7feb2cdbc000 r-xp 00001000 08:34 3936017                    /usr/lib/x86_64-linux-gnu/libXau.so.6.0.0
7feb2cdbc000-7feb2cdbd000 r--p 00002000 08:34 3936017                    /usr/lib/x86_64-linux-gnu/libXau.so.6.0.0
7feb2cdbd000-7feb2cdbe000 r--p 00002000 08:34 3936017                    /usr/lib/x86_64-linux-gnu/libXau.so.6.0.0
7feb2cdbe000-7feb2cdbf000 rw-p 00003000 08:34 3936017                    /usr/lib/x86_64-linux-gnu/libXau.so.6.0.0
7feb2cdbf000-7feb2cdcb000 r--p 00000000 08:34 3933956                    /usr/lib/x86_64-linux-gnu/libxcb.so.1.1.0
7feb2cdcb000-7feb2cddf000 r-xp 0000c000 08:34 3933956                    /usr/lib/x86_64-linux-gnu/libxcb.so.1.1.0
7feb2cddf000-7feb2cde8000 r--p 00020000 08:34 3933956                    /usr/lib/x86_64-linux-gnu/libxcb.so.1.1.0
7feb2cde8000-7feb2cde9000 r--p 00028000 08:34 3933956                    /usr/lib/x86_64-linux-gnu/libxcb.so.1.1.0
7feb2cde9000-7feb2cdea000 rw-p 00029000 08:34 3933956                    /usr/lib/x86_64-linux-gnu/libxcb.so.1.1.0
7feb2cdea000-7feb2ce06000 r--p 00000000 08:34 3935585                    /usr/lib/x86_64-linux-gnu/libX11.so.6.4.0
7feb2ce06000-7feb2ce92000 r-xp 0001c000 08:34 3935585                    /usr/lib/x86_64-linux-gnu/libX11.so.6.4.0
7feb2ce92000-7feb2cf26000 r--p 000a8000 08:34 3935585                    /usr/lib/x86_64-linux-gnu/libX11.so.6.4.0
7feb2cf26000-7feb2cf27000 ---p 0013c000 08:34 3935585                    /usr/lib/x86_64-linux-gnu/libX11.so.6.4.0
7feb2cf27000-7feb2cf28000 r--p 0013c000 08:34 3935585                    /usr/lib/x86_64-linux-gnu/libX11.so.6.4.0
7feb2cf28000-7feb2cf2d000 rw-p 0013d000 08:34 3935585                    /usr/lib/x86_64-linux-gnu/libX11.so.6.4.0
7feb2cf2d000-7feb2cf2f000 rw-s 00000000 00:05 1034                       /dev/nvidiactl
7feb2cf2f000-7feb2cf33000 rw-s 00000000 00:05 1034                       /dev/nvidiactl
7feb2cf33000-7feb2cf34000 rw-s 00000000 00:05 1035                       /dev/nvidia0
7feb2cf34000-7feb2cf35000 rw-s 00000000 00:05 1035                       /dev/nvidia0
7feb2cf35000-7feb2cf36000 rw-s 00000000 00:05 1035                       /dev/nvidia0
7feb2cf36000-7feb2cf37000 rw-s 00000000 00:05 1034                       /dev/nvidiactl
7feb2cf37000-7feb2cf38000 rw-s 00000000 00:05 1034                       /dev/nvidiactl
7feb2cf38000-7feb2cf39000 rw-s 00000000 00:05 1034                       /dev/nvidiactl
7feb2cf39000-7feb2cf3b000 rw-s 00044000 00:01 7168                       /memfd:/.nvidia_drv.XXXXXX (deleted)
7feb2cf3b000-7feb2cf3e000 r--p 00000000 08:34 3937876                    /usr/lib/x86_64-linux-gnu/libGLX.so.0.0.0
7feb2cf3e000-7feb2cf59000 r-xp 00003000 08:34 3937876                    /usr/lib/x86_64-linux-gnu/libGLX.so.0.0.0
7feb2cf59000-7feb2cf5d000 r--p 0001e000 08:34 3937876                    /usr/lib/x86_64-linux-gnu/libGLX.so.0.0.0
7feb2cf5d000-7feb2cf5e000 r--p 00021000 08:34 3937876                    /usr/lib/x86_64-linux-gnu/libGLX.so.0.0.0
7feb2cf5e000-7feb2cf5f000 rw-p 00022000 08:34 3937876                    /usr/lib/x86_64-linux-gnu/libGLX.so.0.0.0
7feb2cf5f000-7feb2cf6f000 rw-p 00000000 00:00 0 
7feb2cf6f000-7feb2cf76000 r--s 00000000 08:34 3980780                    /usr/lib/x86_64-linux-gnu/gconv/gconv-modules.cache
7feb2cf76000-7feb2cfb9000 r-xp 00000000 08:34 9437811                    /tmp/lwjglbrett/3.2.3-build-13/libglfw.so
7feb2cfb9000-7feb2d1b8000 ---p 00043000 08:34 9437811                    /tmp/lwjglbrett/3.2.3-build-13/libglfw.so
7feb2d1b8000-7feb2d1b9000 r--p 00042000 08:34 9437811                    /tmp/lwjglbrett/3.2.3-build-13/libglfw.so
7feb2d1b9000-7feb2d1bb000 rw-p 00043000 08:34 9437811                    /tmp/lwjglbrett/3.2.3-build-13/libglfw.so
7feb2d1bb000-7feb2d1dc000 rw-p 00000000 00:00 0 
7feb2d1dc000-7feb2d1dd000 r-xp 00000000 00:00 0 
7feb2d1dd000-7feb2d22e000 r-xp 00000000 08:34 9437808                    /tmp/lwjglbrett/3.2.3-build-13/liblwjgl.so
7feb2d22e000-7feb2d42d000 ---p 00051000 08:34 9437808                    /tmp/lwjglbrett/3.2.3-build-13/liblwjgl.so
7feb2d42d000-7feb2d42e000 r--p 00050000 08:34 9437808                    /tmp/lwjglbrett/3.2.3-build-13/liblwjgl.so
7feb2d42e000-7feb2d42f000 rw-p 00051000 08:34 9437808                    /tmp/lwjglbrett/3.2.3-build-13/liblwjgl.so
7feb2d42f000-7feb2d442000 r--s 0034b000 08:34 5122310                    /usr/lib/jvm/java-1.8.0-amazon-corretto/jre/lib/resources.jar
7feb2d442000-7feb2d44b000 r-xp 00000000 08:34 5121742                    /usr/lib/jvm/java-1.8.0-amazon-corretto/jre/lib/amd64/libmanagement.so
7feb2d44b000-7feb2d64a000 ---p 00009000 08:34 5121742                    /usr/lib/jvm/java-1.8.0-amazon-corretto/jre/lib/amd64/libmanagement.so
7feb2d64a000-7feb2d64b000 r--p 00008000 08:34 5121742                    /usr/lib/jvm/java-1.8.0-amazon-corretto/jre/lib/amd64/libmanagement.so
7feb2d64b000-7feb2d64c000 rw-p 00009000 08:34 5121742                    /usr/lib/jvm/java-1.8.0-amazon-corretto/jre/lib/amd64/libmanagement.so
7feb2d64c000-7feb2d64d000 r--s 00017000 08:33 393614                     /home/brett/Documents/Brock/Gamers/Java Brock 2021 Project/Library/lib/native/lwjgl-tinyfd-natives-windows-x86.jar
7feb2d64d000-7feb2d64e000 r--s 00026000 08:33 393576                     /home/brett/Documents/Brock/Gamers/Java Brock 2021 Project/Library/lib/native/lwjgl-glfw-natives-linux.jar
7feb2d64e000-7feb2d64f000 r--s 0001b000 08:33 393615                     /home/brett/Documents/Brock/Gamers/Java Brock 2021 Project/Library/lib/native/lwjgl-tinyfd-natives-windows.jar
7feb2d64f000-7feb2d650000 r--s 0000a000 08:33 393613                     /home/brett/Documents/Brock/Gamers/Java Brock 2021 Project/Library/lib/native/lwjgl-tinyfd-natives-macos.jar
7feb2d650000-7feb2d651000 r--s 00009000 08:33 393612                     /home/brett/Documents/Brock/Gamers/Java Brock 2021 Project/Library/lib/native/lwjgl-tinyfd-natives-linux.jar
7feb2d651000-7feb2d653000 r--s 00025000 08:33 393610                     /home/brett/Documents/Brock/Gamers/Java Brock 2021 Project/Library/lib/native/lwjgl-tinyexr-natives-windows-x86.jar
7feb2d653000-7feb2d654000 r--s 0002c000 08:33 393611                     /home/brett/Documents/Brock/Gamers/Java Brock 2021 Project/Library/lib/native/lwjgl-tinyexr-natives-windows.jar
7feb2d654000-7feb2d655000 r--s 00012000 08:33 393609                     /home/brett/Documents/Brock/Gamers/Java Brock 2021 Project/Library/lib/native/lwjgl-tinyexr-natives-macos.jar
7feb2d655000-7feb2d656000 r--s 0000f000 08:33 393608                     /home/brett/Documents/Brock/Gamers/Java Brock 2021 Project/Library/lib/native/lwjgl-tinyexr-natives-linux.jar
7feb2d656000-7feb2d657000 r--s 00033000 08:33 393606                     /home/brett/Documents/Brock/Gamers/Java Brock 2021 Project/Library/lib/native/lwjgl-stb-natives-windows-x86.jar
7feb2d657000-7feb2d659000 r--s 00039000 08:33 393607                     /home/brett/Documents/Brock/Gamers/Java Brock 2021 Project/Library/lib/native/lwjgl-stb-natives-windows.jar
7feb2d659000-7feb2d65a000 r--s 0002f000 08:33 393605                     /home/brett/Documents/Brock/Gamers/Java Brock 2021 Project/Library/lib/native/lwjgl-stb-natives-macos.jar
7feb2d65a000-7feb2d65b000 r--s 00030000 08:33 393604                     /home/brett/Documents/Brock/Gamers/Java Brock 2021 Project/Library/lib/native/lwjgl-stb-natives-linux.jar
7feb2d65b000-7feb2d65d000 r--s 00013000 08:33 393598                     /home/brett/Documents/Brock/Gamers/Java Brock 2021 Project/Library/lib/native/lwjgl-opengl-natives-windows-x86.jar
7feb2d65d000-7feb2d65f000 r--s 00015000 08:33 393599                     /home/brett/Documents/Brock/Gamers/Java Brock 2021 Project/Library/lib/native/lwjgl-opengl-natives-windows.jar
7feb2d65f000-7feb2d660000 r--s 00009000 08:33 393597                     /home/brett/Documents/Brock/Gamers/Java Brock 2021 Project/Library/lib/native/lwjgl-opengl-natives-macos.jar
7feb2d660000-7feb2d661000 r--s 00013000 08:33 393596                     /home/brett/Documents/Brock/Gamers/Java Brock 2021 Project/Library/lib/native/lwjgl-opengl-natives-linux.jar
7feb2d661000-7feb2d662000 r--s 0000e000 08:33 393602                     /home/brett/Documents/Brock/Gamers/Java Brock 2021 Project/Library/lib/native/lwjgl-opengles-natives-windows-x86.jar
7feb2d662000-7feb2d663000 r--s 00010000 08:33 393603                     /home/brett/Documents/Brock/Gamers/Java Brock 2021 Project/Library/lib/native/lwjgl-opengles-natives-windows.jar
7feb2d663000-7feb2d664000 r--s 00004000 08:33 393601                     /home/brett/Documents/Brock/Gamers/Java Brock 2021 Project/Library/lib/native/lwjgl-opengles-natives-macos.jar
7feb2d664000-7feb2d665000 r--s 00008000 08:33 393600                     /home/brett/Documents/Brock/Gamers/Java Brock 2021 Project/Library/lib/native/lwjgl-opengles-natives-linux.jar
7feb2d665000-7feb2d666000 r--s 00095000 08:33 393594                     /home/brett/Documents/Brock/Gamers/Java Brock 2021 Project/Library/lib/native/lwjgl-openal-natives-windows-x86.jar
7feb2d666000-7feb2d667000 r--s 0009e000 08:33 393595                     /home/brett/Documents/Brock/Gamers/Java Brock 2021 Project/Library/lib/native/lwjgl-openal-natives-windows.jar
7feb2d667000-7feb2d669000 r--s 00080000 08:33 393593                     /home/brett/Documents/Brock/Gamers/Java Brock 2021 Project/Library/lib/native/lwjgl-openal-natives-macos.jar
7feb2d669000-7feb2d66a000 r--s 00090000 08:33 393592                     /home/brett/Documents/Brock/Gamers/Java Brock 2021 Project/Library/lib/native/lwjgl-openal-natives-linux.jar
7feb2d66a000-7feb2d66b000 r--s 0000f000 08:33 393590                     /home/brett/Documents/Brock/Gamers/Java Brock 2021 Project/Library/lib/native/lwjgl-nfd-natives-windows-x86.jar
7feb2d66b000-7feb2d66c000 r--s 00011000 08:33 393591                     /home/brett/Documents/Brock/Gamers/Java Brock 2021 Project/Library/lib/native/lwjgl-nfd-natives-windows.jar
7feb2d66c000-7feb2d66d000 r--s 00001000 08:33 393589                     /home/brett/Documents/Brock/Gamers/Java Brock 2021 Project/Library/lib/native/lwjgl-nfd-natives-macos.jar
7feb2d66d000-7feb2d66e000 r--s 00001000 08:33 393588                     /home/brett/Documents/Brock/Gamers/Java Brock 2021 Project/Library/lib/native/lwjgl-nfd-natives-linux.jar
7feb2d66e000-7feb2d670000 r--s 0001c000 08:33 393586                     /home/brett/Documents/Brock/Gamers/Java Brock 2021 Project/Library/lib/native/lwjgl-natives-windows-x86.jar
7feb2d670000-7feb2d672000 r--s 00020000 08:33 393587                     /home/brett/Documents/Brock/Gamers/Java Brock 2021 Project/Library/lib/native/lwjgl-natives-windows.jar
7feb2d672000-7feb2d673000 r--s 00009000 08:33 393585                     /home/brett/Documents/Brock/Gamers/Java Brock 2021 Project/Library/lib/native/lwjgl-natives-macos.jar
7feb2d673000-7feb2d674000 r--s 00012000 08:33 393584                     /home/brett/Documents/Brock/Gamers/Java Brock 2021 Project/Library/lib/native/lwjgl-natives-linux.jar
7feb2d674000-7feb2d675000 r--s 00012000 08:33 393582                     /home/brett/Documents/Brock/Gamers/Java Brock 2021 Project/Library/lib/native/lwjgl-lz4-natives-windows-x86.jar
7feb2d675000-7feb2d676000 r--s 00015000 08:33 393583                     /home/brett/Documents/Brock/Gamers/Java Brock 2021 Project/Library/lib/native/lwjgl-lz4-natives-windows.jar
7feb2d676000-7feb2d677000 r--s 00017000 08:33 393581                     /home/brett/Documents/Brock/Gamers/Java Brock 2021 Project/Library/lib/native/lwjgl-lz4-natives-macos.jar
7feb2d677000-7feb2d679000 r--s 0000f000 08:33 393580                     /home/brett/Documents/Brock/Gamers/Java Brock 2021 Project/Library/lib/native/lwjgl-lz4-natives-linux.jar
7feb2d679000-7feb2d67a000 r--s 00020000 08:33 393578                     /home/brett/Documents/Brock/Gamers/Java Brock 2021 Project/Library/lib/native/lwjgl-glfw-natives-windows-x86.jar
7feb2d67a000-7feb2d67c000 r--s 00021000 08:33 393579                     /home/brett/Documents/Brock/Gamers/Java Brock 2021 Project/Library/lib/native/lwjgl-glfw-natives-windows.jar
7feb2d67c000-7feb2d67e000 r--s 0000f000 08:33 393577                     /home/brett/Documents/Brock/Gamers/Java Brock 2021 Project/Library/lib/native/lwjgl-glfw-natives-macos.jar
7feb2d67e000-7feb2d67f000 r--s 0020e000 08:33 393574                     /home/brett/Documents/Brock/Gamers/Java Brock 2021 Project/Library/lib/native/lwjgl-assimp-natives-windows-x86.jar
7feb2d67f000-7feb2d681000 r--s 00278000 08:33 393575                     /home/brett/Documents/Brock/Gamers/Java Brock 2021 Project/Library/lib/native/lwjgl-assimp-natives-windows.jar
7feb2d681000-7feb2d683000 r--s 003ff000 08:33 393572                     /home/brett/Documents/Brock/Gamers/Java Brock 2021 Project/Library/lib/native/lwjgl-assimp-natives-linux.jar
7feb2d683000-7feb2d69b000 r-xp 00000000 08:34 5121713                    /usr/lib/jvm/java-1.8.0-amazon-corretto/jre/lib/amd64/libnet.so
7feb2d69b000-7feb2d89a000 ---p 00018000 08:34 5121713                    /usr/lib/jvm/java-1.8.0-amazon-corretto/jre/lib/amd64/libnet.so
7feb2d89a000-7feb2d89b000 r--p 00017000 08:34 5121713                    /usr/lib/jvm/java-1.8.0-amazon-corretto/jre/lib/amd64/libnet.so
7feb2d89b000-7feb2d89c000 rw-p 00018000 08:34 5121713                    /usr/lib/jvm/java-1.8.0-amazon-corretto/jre/lib/amd64/libnet.so
7feb2d89c000-7feb2d8ad000 r-xp 00000000 08:34 5121754                    /usr/lib/jvm/java-1.8.0-amazon-corretto/jre/lib/amd64/libnio.so
7feb2d8ad000-7feb2daad000 ---p 00011000 08:34 5121754                    /usr/lib/jvm/java-1.8.0-amazon-corretto/jre/lib/amd64/libnio.so
7feb2daad000-7feb2daae000 r--p 00011000 08:34 5121754                    /usr/lib/jvm/java-1.8.0-amazon-corretto/jre/lib/amd64/libnio.so
7feb2daae000-7feb2daaf000 rw-p 00012000 08:34 5121754                    /usr/lib/jvm/java-1.8.0-amazon-corretto/jre/lib/amd64/libnio.so
7feb2daaf000-7feb2db45000 r--s 007cf000 08:34 5122300                    /usr/lib/jvm/java-1.8.0-amazon-corretto/jre/lib/ext/jfxrt.jar
7feb2db45000-7feb2db46000 ---p 00000000 00:00 0 
7feb2db46000-7feb2dc46000 rw-p 00000000 00:00 0 
7feb2dc46000-7feb2dc49000 ---p 00000000 00:00 0 
7feb2dc49000-7feb2dd47000 rw-p 00000000 00:00 0 
7feb2dd47000-7feb2dd48000 ---p 00000000 00:00 0 
7feb2dd48000-7feb2dd4b000 ---p 00000000 00:00 0 
7feb2dd4b000-7feb2de48000 rw-p 00000000 00:00 0 
7feb2de48000-7feb2de49000 ---p 00000000 00:00 0 
7feb2de49000-7feb2de4c000 ---p 00000000 00:00 0 
7feb2de4c000-7feb2df49000 rw-p 00000000 00:00 0 
7feb2df49000-7feb2df4a000 ---p 00000000 00:00 0 
7feb2df4a000-7feb2df4d000 ---p 00000000 00:00 0 
7feb2df4d000-7feb2e04a000 rw-p 00000000 00:00 0 
7feb2e04a000-7feb2e04b000 ---p 00000000 00:00 0 
7feb2e04b000-7feb2e04e000 ---p 00000000 00:00 0 
7feb2e04e000-7feb2e14b000 rw-p 00000000 00:00 0 
7feb2e14b000-7feb2e14c000 ---p 00000000 00:00 0 
7feb2e14c000-7feb2e14f000 ---p 00000000 00:00 0 
7feb2e14f000-7feb2e24c000 rw-p 00000000 00:00 0 
7feb2e24c000-7feb2e24d000 ---p 00000000 00:00 0 
7feb2e24d000-7feb2e250000 ---p 00000000 00:00 0 
7feb2e250000-7feb2e34d000 rw-p 00000000 00:00 0 
7feb2e34d000-7feb2e34e000 ---p 00000000 00:00 0 
7feb2e34e000-7feb2e351000 ---p 00000000 00:00 0 
7feb2e351000-7feb2e44e000 rw-p 00000000 00:00 0 
7feb2e44e000-7feb2e44f000 ---p 00000000 00:00 0 
7feb2e44f000-7feb2e452000 ---p 00000000 00:00 0 
7feb2e452000-7feb2e54f000 rw-p 00000000 00:00 0 
7feb2e54f000-7feb2e550000 ---p 00000000 00:00 0 
7feb2e550000-7feb2e553000 ---p 00000000 00:00 0 
7feb2e553000-7feb2e650000 rw-p 00000000 00:00 0 
7feb2e650000-7feb2e651000 ---p 00000000 00:00 0 
7feb2e651000-7feb2e654000 ---p 00000000 00:00 0 
7feb2e654000-7feb2e751000 rw-p 00000000 00:00 0 
7feb2e751000-7feb2e752000 ---p 00000000 00:00 0 
7feb2e752000-7feb2e755000 ---p 00000000 00:00 0 
7feb2e755000-7feb2e852000 rw-p 00000000 00:00 0 
7feb2e852000-7feb2e853000 ---p 00000000 00:00 0 
7feb2e853000-7feb2e856000 ---p 00000000 00:00 0 
7feb2e856000-7feb2e953000 rw-p 00000000 00:00 0 
7feb2e953000-7feb2e956000 ---p 00000000 00:00 0 
7feb2e956000-7feb2ea54000 rw-p 00000000 00:00 0 
7feb2ea54000-7feb2f2f3000 r--p 00000000 08:34 3941331                    /usr/lib/locale/locale-archive
7feb2f2f3000-7feb2f2f6000 ---p 00000000 00:00 0 
7feb2f2f6000-7feb2f3f4000 rw-p 00000000 00:00 0 
7feb2f3f4000-7feb2f3f7000 ---p 00000000 00:00 0 
7feb2f3f7000-7feb2f4f5000 rw-p 00000000 00:00 0 
7feb2f4f5000-7feb2f4f6000 ---p 00000000 00:00 0 
7feb2f4f6000-7feb30000000 rw-p 00000000 00:00 0 
7feb30000000-7feb30021000 rw-p 00000000 00:00 0 
7feb30021000-7feb34000000 ---p 00000000 00:00 0 
7feb34000000-7feb34001000 r--s 002fe000 08:33 393573                     /home/brett/Documents/Brock/Gamers/Java Brock 2021 Project/Library/lib/native/lwjgl-assimp-natives-macos.jar
7feb34001000-7feb34002000 r--s 00001000 08:33 393641                     /home/brett/Documents/Brock/Gamers/Java Brock 2021 Project/Library/lib/lwjgl-tinyfd.jar
7feb34002000-7feb34004000 r--s 00018000 08:33 393639                     /home/brett/Documents/Brock/Gamers/Java Brock 2021 Project/Library/lib/lwjgl-stb.jar
7feb34004000-7feb3400b000 r--s 00051000 08:33 393638                     /home/brett/Documents/Brock/Gamers/Java Brock 2021 Project/Library/lib/lwjgl-opengles.jar
7feb3400b000-7feb34016000 r--s 000da000 08:33 393637                     /home/brett/Documents/Brock/Gamers/Java Brock 2021 Project/Library/lib/lwjgl-opengl.jar
7feb34016000-7feb34018000 r--s 00012000 08:33 393636                     /home/brett/Documents/Brock/Gamers/Java Brock 2021 Project/Library/lib/lwjgl-openal.jar
7feb34018000-7feb3401a000 r--s 00001000 08:33 393635                     /home/brett/Documents/Brock/Gamers/Java Brock 2021 Project/Library/lib/lwjgl-nfd.jar
7feb3401a000-7feb3401e000 r--s 0001f000 08:33 393632                     /home/brett/Documents/Brock/Gamers/Java Brock 2021 Project/Library/lib/lwjgl-egl.jar
7feb3401e000-7feb38000000 rw-p 00000000 00:00 0 
7feb38000000-7feb38021000 rw-p 00000000 00:00 0 
7feb38021000-7feb3c000000 ---p 00000000 00:00 0 
7feb3c000000-7feb3c003000 r--s 00018000 08:33 393633                     /home/brett/Documents/Brock/Gamers/Java Brock 2021 Project/Library/lib/lwjgl-glfw.jar
7feb3c003000-7feb3c00a000 r--s 00081000 08:33 393642                     /home/brett/Documents/Brock/Gamers/Java Brock 2021 Project/Library/lib/lwjgl.jar
7feb3c00a000-7feb3c1fe000 rw-p 00000000 00:00 0 
7feb3c1fe000-7feb3c3cf000 r--s 03c97000 08:34 5122309                    /usr/lib/jvm/java-1.8.0-amazon-corretto/jre/lib/rt.jar
7feb3c3cf000-7feb3cddb000 rw-p 00000000 00:00 0 
7feb3cddb000-7feb3cddc000 ---p 00000000 00:00 0 
7feb3cddc000-7feb3cedc000 rw-p 00000000 00:00 0 
7feb3cedc000-7feb3cedd000 ---p 00000000 00:00 0 
7feb3cedd000-7feb3cfdd000 rw-p 00000000 00:00 0 
7feb3cfdd000-7feb3cfde000 ---p 00000000 00:00 0 
7feb3cfde000-7feb3d0de000 rw-p 00000000 00:00 0 
7feb3d0de000-7feb3d0df000 ---p 00000000 00:00 0 
7feb3d0df000-7feb3d1df000 rw-p 00000000 00:00 0 
7feb3d1df000-7feb3d1e0000 ---p 00000000 00:00 0 
7feb3d1e0000-7feb3d2e0000 rw-p 00000000 00:00 0 
7feb3d2e0000-7feb3d2e1000 ---p 00000000 00:00 0 
7feb3d2e1000-7feb3d3e1000 rw-p 00000000 00:00 0 
7feb3d3e1000-7feb3d3e2000 ---p 00000000 00:00 0 
7feb3d3e2000-7feb3d4e2000 rw-p 00000000 00:00 0 
7feb3d4e2000-7feb3d4e3000 ---p 00000000 00:00 0 
7feb3d4e3000-7feb3d5e3000 rw-p 00000000 00:00 0 
7feb3d5e3000-7feb3d5e4000 ---p 00000000 00:00 0 
7feb3d5e4000-7feb3d6e4000 rw-p 00000000 00:00 0 
7feb3d6e4000-7feb3d6e5000 ---p 00000000 00:00 0 
7feb3d6e5000-7feb3d935000 rw-p 00000000 00:00 0 
7feb3d935000-7feb3ecd6000 ---p 00000000 00:00 0 
7feb3ecd6000-7feb3ee26000 rw-p 00000000 00:00 0 
7feb3ee26000-7feb401c6000 ---p 00000000 00:00 0 
7feb401c6000-7feb4026f000 rw-p 00000000 00:00 0 
7feb4026f000-7feb40c3f000 ---p 00000000 00:00 0 
7feb40c3f000-7feb40c56000 rw-p 00000000 00:00 0 
7feb40c56000-7feb41000000 ---p 00000000 00:00 0 
7feb41000000-7feb41560000 rwxp 00000000 00:00 0 
7feb41560000-7feb50000000 ---p 00000000 00:00 0 
7feb50000000-7feb53da1000 rw-p 00000000 00:00 0 
7feb53da1000-7feb54000000 ---p 00000000 00:00 0 
7feb54000000-7feb54002000 r--s 0000b000 08:33 393634                     /home/brett/Documents/Brock/Gamers/Java Brock 2021 Project/Library/lib/lwjgl-lz4.jar
7feb54002000-7feb54005000 r--s 00033000 08:33 393631                     /home/brett/Documents/Brock/Gamers/Java Brock 2021 Project/Library/lib/lwjgl-assimp.jar
7feb54005000-7feb5400b000 r--s 000d3000 08:34 5122308                    /usr/lib/jvm/java-1.8.0-amazon-corretto/jre/lib/jfr.jar
7feb5400b000-7feb5400c000 ---p 00000000 00:00 0 
7feb5400c000-7feb5410c000 rw-p 00000000 00:00 0 
7feb5410c000-7feb5410d000 ---p 00000000 00:00 0 
7feb5410d000-7feb5420d000 rw-p 00000000 00:00 0 
7feb5420d000-7feb5420e000 ---p 00000000 00:00 0 
7feb5420e000-7feb5430e000 rw-p 00000000 00:00 0 
7feb5430e000-7feb54329000 r-xp 00000000 08:34 5121722                    /usr/lib/jvm/java-1.8.0-amazon-corretto/jre/lib/amd64/libzip.so
7feb54329000-7feb54528000 ---p 0001b000 08:34 5121722                    /usr/lib/jvm/java-1.8.0-amazon-corretto/jre/lib/amd64/libzip.so
7feb54528000-7feb54529000 r--p 0001a000 08:34 5121722                    /usr/lib/jvm/java-1.8.0-amazon-corretto/jre/lib/amd64/libzip.so
7feb54529000-7feb5452a000 rw-p 0001b000 08:34 5121722                    /usr/lib/jvm/java-1.8.0-amazon-corretto/jre/lib/amd64/libzip.so
7feb5452a000-7feb54554000 r-xp 00000000 08:34 5114839                    /usr/lib/jvm/java-1.8.0-amazon-corretto/jre/lib/amd64/libjava.so
7feb54554000-7feb54753000 ---p 0002a000 08:34 5114839                    /usr/lib/jvm/java-1.8.0-amazon-corretto/jre/lib/amd64/libjava.so
7feb54753000-7feb54754000 r--p 00029000 08:34 5114839                    /usr/lib/jvm/java-1.8.0-amazon-corretto/jre/lib/amd64/libjava.so
7feb54754000-7feb54756000 rw-p 0002a000 08:34 5114839                    /usr/lib/jvm/java-1.8.0-amazon-corretto/jre/lib/amd64/libjava.so
7feb54756000-7feb54767000 r-xp 00000000 08:34 5114812                    /usr/lib/jvm/java-1.8.0-amazon-corretto/jre/lib/amd64/libverify.so
7feb54767000-7feb54966000 ---p 00011000 08:34 5114812                    /usr/lib/jvm/java-1.8.0-amazon-corretto/jre/lib/amd64/libverify.so
7feb54966000-7feb54968000 r--p 00010000 08:34 5114812                    /usr/lib/jvm/java-1.8.0-amazon-corretto/jre/lib/amd64/libverify.so
7feb54968000-7feb54969000 rw-p 00012000 08:34 5114812                    /usr/lib/jvm/java-1.8.0-amazon-corretto/jre/lib/amd64/libverify.so
7feb54969000-7feb5496c000 r--p 00000000 08:34 3956590                    /usr/lib/x86_64-linux-gnu/librt-2.32.so
7feb5496c000-7feb54970000 r-xp 00003000 08:34 3956590                    /usr/lib/x86_64-linux-gnu/librt-2.32.so
7feb54970000-7feb54971000 r--p 00007000 08:34 3956590                    /usr/lib/x86_64-linux-gnu/librt-2.32.so
7feb54971000-7feb54972000 ---p 00008000 08:34 3956590                    /usr/lib/x86_64-linux-gnu/librt-2.32.so
7feb54972000-7feb54973000 r--p 00008000 08:34 3956590                    /usr/lib/x86_64-linux-gnu/librt-2.32.so
7feb54973000-7feb54974000 rw-p 00009000 08:34 3956590                    /usr/lib/x86_64-linux-gnu/librt-2.32.so
7feb54974000-7feb54975000 ---p 00000000 00:00 0 
7feb54975000-7feb54978000 ---p 00000000 00:00 0 
7feb54978000-7feb54a75000 rw-p 00000000 00:00 0 
7feb54a75000-7feb54a84000 r--p 00000000 08:34 3945130                    /usr/lib/x86_64-linux-gnu/libm-2.32.so
7feb54a84000-7feb54b1f000 r-xp 0000f000 08:34 3945130                    /usr/lib/x86_64-linux-gnu/libm-2.32.so
7feb54b1f000-7feb54bb8000 r--p 000aa000 08:34 3945130                    /usr/lib/x86_64-linux-gnu/libm-2.32.so
7feb54bb8000-7feb54bb9000 r--p 00142000 08:34 3945130                    /usr/lib/x86_64-linux-gnu/libm-2.32.so
7feb54bb9000-7feb54bba000 rw-p 00143000 08:34 3945130                    /usr/lib/x86_64-linux-gnu/libm-2.32.so
7feb54bba000-7feb55912000 r-xp 00000000 08:34 5114742                    /usr/lib/jvm/java-1.8.0-amazon-corretto/jre/lib/amd64/server/libjvm.so
7feb55912000-7feb55b11000 ---p 00d58000 08:34 5114742                    /usr/lib/jvm/java-1.8.0-amazon-corretto/jre/lib/amd64/server/libjvm.so
7feb55b11000-7feb55ba8000 r--p 00d57000 08:34 5114742                    /usr/lib/jvm/java-1.8.0-amazon-corretto/jre/lib/amd64/server/libjvm.so
7feb55ba8000-7feb55bd1000 rw-p 00dee000 08:34 5114742                    /usr/lib/jvm/java-1.8.0-amazon-corretto/jre/lib/amd64/server/libjvm.so
7feb55bd1000-7feb55c06000 rw-p 00000000 00:00 0 
7feb55c06000-7feb55c2c000 r--p 00000000 08:34 3945128                    /usr/lib/x86_64-linux-gnu/libc-2.32.so
7feb55c2c000-7feb55d75000 r-xp 00026000 08:34 3945128                    /usr/lib/x86_64-linux-gnu/libc-2.32.so
7feb55d75000-7feb55dc0000 r--p 0016f000 08:34 3945128                    /usr/lib/x86_64-linux-gnu/libc-2.32.so
7feb55dc0000-7feb55dc1000 ---p 001ba000 08:34 3945128                    /usr/lib/x86_64-linux-gnu/libc-2.32.so
7feb55dc1000-7feb55dc4000 r--p 001ba000 08:34 3945128                    /usr/lib/x86_64-linux-gnu/libc-2.32.so
7feb55dc4000-7feb55dc7000 rw-p 001bd000 08:34 3945128                    /usr/lib/x86_64-linux-gnu/libc-2.32.so
7feb55dc7000-7feb55dcb000 rw-p 00000000 00:00 0 
7feb55dcb000-7feb55dcc000 r--p 00000000 08:34 3945129                    /usr/lib/x86_64-linux-gnu/libdl-2.32.so
7feb55dcc000-7feb55dce000 r-xp 00001000 08:34 3945129                    /usr/lib/x86_64-linux-gnu/libdl-2.32.so
7feb55dce000-7feb55dcf000 r--p 00003000 08:34 3945129                    /usr/lib/x86_64-linux-gnu/libdl-2.32.so
7feb55dcf000-7feb55dd0000 r--p 00003000 08:34 3945129                    /usr/lib/x86_64-linux-gnu/libdl-2.32.so
7feb55dd0000-7feb55dd1000 rw-p 00004000 08:34 3945129                    /usr/lib/x86_64-linux-gnu/libdl-2.32.so
7feb55dd1000-7feb55de8000 r-xp 00000000 08:34 5114804                    /usr/lib/jvm/java-1.8.0-amazon-corretto/jre/lib/amd64/jli/libjli.so
7feb55de8000-7feb55fe7000 ---p 00017000 08:34 5114804                    /usr/lib/jvm/java-1.8.0-amazon-corretto/jre/lib/amd64/jli/libjli.so
7feb55fe7000-7feb55fe8000 r--p 00016000 08:34 5114804                    /usr/lib/jvm/java-1.8.0-amazon-corretto/jre/lib/amd64/jli/libjli.so
7feb55fe8000-7feb55fe9000 rw-p 00017000 08:34 5114804                    /usr/lib/jvm/java-1.8.0-amazon-corretto/jre/lib/amd64/jli/libjli.so
7feb55fe9000-7feb55ff0000 r--p 00000000 08:34 3956588                    /usr/lib/x86_64-linux-gnu/libpthread-2.32.so
7feb55ff0000-7feb55fff000 r-xp 00007000 08:34 3956588                    /usr/lib/x86_64-linux-gnu/libpthread-2.32.so
7feb55fff000-7feb56004000 r--p 00016000 08:34 3956588                    /usr/lib/x86_64-linux-gnu/libpthread-2.32.so
7feb56004000-7feb56005000 r--p 0001a000 08:34 3956588                    /usr/lib/x86_64-linux-gnu/libpthread-2.32.so
7feb56005000-7feb56006000 rw-p 0001b000 08:34 3956588                    /usr/lib/x86_64-linux-gnu/libpthread-2.32.so
7feb56006000-7feb5600a000 rw-p 00000000 00:00 0 
7feb5600a000-7feb5600b000 r--s 0000a000 08:33 393640                     /home/brett/Documents/Brock/Gamers/Java Brock 2021 Project/Library/lib/lwjgl-tinyexr.jar
7feb5600b000-7feb5600e000 r--s 000a5000 08:33 393630                     /home/brett/Documents/Brock/Gamers/Java Brock 2021 Project/Library/lib/joml-1.10.2.jar
7feb5600e000-7feb56036000 rw-p 00000000 00:00 0 
7feb56036000-7feb5603e000 rw-s 00000000 08:34 9438170                    /tmp/hsperfdata_brett/1752677
7feb5603e000-7feb56041000 r--p 00000000 08:34 3956584                    /usr/lib/x86_64-linux-gnu/libnss_files-2.32.so
7feb56041000-7feb56047000 r-xp 00003000 08:34 3956584                    /usr/lib/x86_64-linux-gnu/libnss_files-2.32.so
7feb56047000-7feb56049000 r--p 00009000 08:34 3956584                    /usr/lib/x86_64-linux-gnu/libnss_files-2.32.so
7feb56049000-7feb5604a000 r--p 0000a000 08:34 3956584                    /usr/lib/x86_64-linux-gnu/libnss_files-2.32.so
7feb5604a000-7feb5604b000 rw-p 0000b000 08:34 3956584                    /usr/lib/x86_64-linux-gnu/libnss_files-2.32.so
7feb5604b000-7feb56052000 rw-p 00000000 00:00 0 
7feb56052000-7feb56053000 r--p 00000000 00:00 0 
7feb56053000-7feb56055000 rw-p 00000000 00:00 0 
7feb56055000-7feb56056000 r--p 00000000 08:34 3945124                    /usr/lib/x86_64-linux-gnu/ld-2.32.so
7feb56056000-7feb56076000 r-xp 00001000 08:34 3945124                    /usr/lib/x86_64-linux-gnu/ld-2.32.so
7feb56076000-7feb5607f000 r--p 00021000 08:34 3945124                    /usr/lib/x86_64-linux-gnu/ld-2.32.so
7feb5607f000-7feb56080000 r--p 00029000 08:34 3945124                    /usr/lib/x86_64-linux-gnu/ld-2.32.so
7feb56080000-7feb56082000 rw-p 0002a000 08:34 3945124                    /usr/lib/x86_64-linux-gnu/ld-2.32.so
7ffd49b9d000-7ffd49bbf000 rw-p 00000000 00:00 0                          [stack]
7ffd49bcd000-7ffd49bd1000 r--p 00000000 00:00 0                          [vvar]
7ffd49bd1000-7ffd49bd3000 r-xp 00000000 00:00 0                          [vdso]

VM Arguments:
jvm_args: -Dfile.encoding=UTF-8 
java_command: com.game.Main
java_class_path (initial): /home/brett/Documents/Brock/Gamers/Java Brock 2021 Project/Game/bin:/home/brett/Documents/Brock/Gamers/Java Brock 2021 Project/Library/lib/joml-1.10.2.jar:/home/brett/Documents/Brock/Gamers/Java Brock 2021 Project/Library/lib/lwjgl.jar:/home/brett/Documents/Brock/Gamers/Java Brock 2021 Project/Library/lib/lwjgl-assimp.jar:/home/brett/Documents/Brock/Gamers/Java Brock 2021 Project/Library/lib/lwjgl-egl.jar:/home/brett/Documents/Brock/Gamers/Java Brock 2021 Project/Library/lib/lwjgl-glfw.jar:/home/brett/Documents/Brock/Gamers/Java Brock 2021 Project/Library/lib/lwjgl-lz4.jar:/home/brett/Documents/Brock/Gamers/Java Brock 2021 Project/Library/lib/lwjgl-nfd.jar:/home/brett/Documents/Brock/Gamers/Java Brock 2021 Project/Library/lib/lwjgl-openal.jar:/home/brett/Documents/Brock/Gamers/Java Brock 2021 Project/Library/lib/lwjgl-opengl.jar:/home/brett/Documents/Brock/Gamers/Java Brock 2021 Project/Library/lib/lwjgl-opengles.jar:/home/brett/Documents/Brock/Gamers/Java Brock 2021 Project/Library/lib/lwjgl-stb.jar:/home/brett/Documents/Brock/Gamers/Java Brock 2021 Project/Library/lib/lwjgl-tinyexr.jar:/home/brett/Documents/Brock/Gamers/Java Brock 2021 Project/Library/lib/lwjgl-tinyfd.jar:/home/brett/Documents/Brock/Gamers/Java Brock 2021 Project/Library/lib/native/lwjgl-assimp-natives-linux.jar:/home/brett/Documents/Brock/Gamers/Java Brock 2021 Project/Library/lib/native/lwjgl-assimp-natives-macos.jar:/home/brett/Documents/Brock/Gamers/Java Brock 2021 Project/Library/lib/native/lwjgl-assimp-natives-windows.jar:/home/brett/Documents/Brock/Gamers/Java Brock 2021 Project/Library/lib/native/lwjgl-assimp-natives-windows-x86.jar:/home/brett/Documents/Brock/Gamers/Java Brock 2021 Project/Library/lib/native/lwjgl-glfw-natives-linux.jar:/home/brett/Documents/Brock/Gamers/Java Brock 2021 Project/Library/lib/native/lwjgl-glfw-natives-macos.jar:/home/brett/Documents/Brock/Gamers/Java Brock 2021 Project/Library/lib/native/lwjgl-glfw-natives-windows.jar:/home/brett
Launcher Type: SUN_STANDARD

Environment Variables:
PATH=/home/brett/.cargo/bin:/home/brett/.local/bin:/usr/local/bin:/usr/bin:/bin:/usr/local/games:/usr/games:/snap/bin:/home/brett/.dotnet/tools
SHELL=/bin/bash
DISPLAY=:0

Signal Handlers:
SIGSEGV: [libjvm.so+0xb324b0], sa_mask[0]=11111111011111111101111111111110, sa_flags=SA_RESTART|SA_SIGINFO
SIGBUS: [libjvm.so+0xb324b0], sa_mask[0]=11111111011111111101111111111110, sa_flags=SA_RESTART|SA_SIGINFO
SIGFPE: [libjvm.so+0x95a060], sa_mask[0]=11111111011111111101111111111110, sa_flags=SA_RESTART|SA_SIGINFO
SIGPIPE: [libjvm.so+0x95a060], sa_mask[0]=11111111011111111101111111111110, sa_flags=SA_RESTART|SA_SIGINFO
SIGXFSZ: [libjvm.so+0x95a060], sa_mask[0]=11111111011111111101111111111110, sa_flags=SA_RESTART|SA_SIGINFO
SIGILL: [libjvm.so+0x95a060], sa_mask[0]=11111111011111111101111111111110, sa_flags=SA_RESTART|SA_SIGINFO
SIGUSR1: SIG_DFL, sa_mask[0]=00000000000000000000000000000000, sa_flags=none
SIGUSR2: [libjvm.so+0x959f30], sa_mask[0]=00100000000000000000000000000000, sa_flags=SA_RESTART|SA_SIGINFO
SIGHUP: [libjvm.so+0x95a550], sa_mask[0]=11111111011111111101111111111110, sa_flags=SA_RESTART|SA_SIGINFO
SIGINT: [libjvm.so+0x95a550], sa_mask[0]=11111111011111111101111111111110, sa_flags=SA_RESTART|SA_SIGINFO
SIGTERM: [libjvm.so+0x95a550], sa_mask[0]=11111111011111111101111111111110, sa_flags=SA_RESTART|SA_SIGINFO
SIGQUIT: [libjvm.so+0x95a550], sa_mask[0]=11111111011111111101111111111110, sa_flags=SA_RESTART|SA_SIGINFO


---------------  S Y S T E M  ---------------

OS:PRETTY_NAME="Debian GNU/Linux bookworm/sid"
NAME="Debian GNU/Linux"
ID=debian
HOME_URL="https://www.debian.org/"
SUPPORT_URL="https://www.debian.org/support"
BUG_REPORT_URL="https://bugs.debian.org/"

uname:Linux 5.10.0-9-amd64 #1 SMP Debian 5.10.70-1 (2021-09-30) x86_64
libc:glibc 2.32 NPTL 2.32 
rlimit: STACK 8192k, CORE 0k, NPROC 256733, NOFILE 1048576, AS infinity
load average:2.38 2.14 2.09

/proc/meminfo:
MemTotal:       65868296 kB
MemFree:          704064 kB
MemAvailable:   23431288 kB
Buffers:         2204488 kB
Cached:         20734500 kB
SwapCached:       962188 kB
Active:         36900384 kB
Inactive:       24781016 kB
Active(anon):   22302320 kB
Inactive(anon): 17414936 kB
Active(file):   14598064 kB
Inactive(file):  7366080 kB
Unevictable:        2096 kB
Mlocked:            2096 kB
SwapTotal:      41554936 kB
SwapFree:       36067320 kB
Dirty:              2164 kB
Writeback:             0 kB
AnonPages:      38068384 kB
Mapped:          3479720 kB
Shmem:            996924 kB
KReclaimable:    1629968 kB
Slab:            2257080 kB
SReclaimable:    1629968 kB
SUnreclaim:       627112 kB
KernelStack:       40512 kB
PageTables:       226656 kB
NFS_Unstable:          0 kB
Bounce:                0 kB
WritebackTmp:          0 kB
CommitLimit:    74489084 kB
Committed_AS:   67107184 kB
VmallocTotal:   34359738367 kB
VmallocUsed:      243756 kB
VmallocChunk:          0 kB
Percpu:            54912 kB
HardwareCorrupted:     0 kB
AnonHugePages:   2564096 kB
ShmemHugePages:        0 kB
ShmemPmdMapped:        0 kB
FileHugePages:         0 kB
FilePmdMapped:         0 kB
HugePages_Total:       0
HugePages_Free:        0
HugePages_Rsvd:        0
HugePages_Surp:        0
Hugepagesize:       2048 kB
Hugetlb:               0 kB
DirectMap4k:    11776612 kB
DirectMap2M:    55277568 kB
DirectMap1G:     1048576 kB


CPU:total 16 (initial active 16) (16 cores per cpu, 1 threads per core) family 23 model 113 stepping 0, cmov, cx8, fxsr, mmx, sse, sse2, sse3, ssse3, sse4.1, sse4.2, popcnt, avx, avx2, aes, clmul, mmxext, 3dnowpref, lzcnt, sse4a, tsc, tscinvbit, tscinv, bmi1

/proc/cpuinfo:
processor	: 0
vendor_id	: AuthenticAMD
cpu family	: 23
model		: 113
model name	: AMD Ryzen 7 3800X 8-Core Processor
stepping	: 0
microcode	: 0x8701021
cpu MHz		: 2905.260
cache size	: 512 KB
physical id	: 0
siblings	: 16
core id		: 0
cpu cores	: 8
apicid		: 0
initial apicid	: 0
fpu		: yes
fpu_exception	: yes
cpuid level	: 16
wp		: yes
flags		: fpu vme de pse tsc msr pae mce cx8 apic sep mtrr pge mca cmov pat pse36 clflush mmx fxsr sse sse2 ht syscall nx mmxext fxsr_opt pdpe1gb rdtscp lm constant_tsc rep_good nopl nonstop_tsc cpuid extd_apicid aperfmperf pni pclmulqdq monitor ssse3 fma cx16 sse4_1 sse4_2 movbe popcnt aes xsave avx f16c rdrand lahf_lm cmp_legacy svm extapic cr8_legacy abm sse4a misalignsse 3dnowprefetch osvw ibs skinit wdt tce topoext perfctr_core perfctr_nb bpext perfctr_llc mwaitx cpb cat_l3 cdp_l3 hw_pstate sme ssbd mba sev ibpb stibp vmmcall sev_es fsgsbase bmi1 avx2 smep bmi2 cqm rdt_a rdseed adx smap clflushopt clwb sha_ni xsaveopt xsavec xgetbv1 xsaves cqm_llc cqm_occup_llc cqm_mbm_total cqm_mbm_local clzero irperf xsaveerptr rdpru wbnoinvd arat npt lbrv svm_lock nrip_save tsc_scale vmcb_clean flushbyasid decodeassists pausefilter pfthreshold avic v_vmsave_vmload vgif umip rdpid overflow_recov succor smca
bugs		: sysret_ss_attrs spectre_v1 spectre_v2 spec_store_bypass
bogomips	: 7785.28
TLB size	: 3072 4K pages
clflush size	: 64
cache_alignment	: 64
address sizes	: 43 bits physical, 48 bits virtual
power management: ts ttp tm hwpstate cpb eff_freq_ro [13] [14]

processor	: 1
vendor_id	: AuthenticAMD
cpu family	: 23
model		: 113
model name	: AMD Ryzen 7 3800X 8-Core Processor
stepping	: 0
microcode	: 0x8701021
cpu MHz		: 4164.279
cache size	: 512 KB
physical id	: 0
siblings	: 16
core id		: 1
cpu cores	: 8
apicid		: 2
initial apicid	: 2
fpu		: yes
fpu_exception	: yes
cpuid level	: 16
wp		: yes
flags		: fpu vme de pse tsc msr pae mce cx8 apic sep mtrr pge mca cmov pat pse36 clflush mmx fxsr sse sse2 ht syscall nx mmxext fxsr_opt pdpe1gb rdtscp lm constant_tsc rep_good nopl nonstop_tsc cpuid extd_apicid aperfmperf pni pclmulqdq monitor ssse3 fma cx16 sse4_1 sse4_2 movbe popcnt aes xsave avx f16c rdrand lahf_lm cmp_legacy svm extapic cr8_legacy abm sse4a misalignsse 3dnowprefetch osvw ibs skinit wdt tce topoext perfctr_core perfctr_nb bpext perfctr_llc mwaitx cpb cat_l3 cdp_l3 hw_pstate sme ssbd mba sev ibpb stibp vmmcall sev_es fsgsbase bmi1 avx2 smep bmi2 cqm rdt_a rdseed adx smap clflushopt clwb sha_ni xsaveopt xsavec xgetbv1 xsaves cqm_llc cqm_occup_llc cqm_mbm_total cqm_mbm_local clzero irperf xsaveerptr rdpru wbnoinvd arat npt lbrv svm_lock nrip_save tsc_scale vmcb_clean flushbyasid decodeassists pausefilter pfthreshold avic v_vmsave_vmload vgif umip rdpid overflow_recov succor smca
bugs		: sysret_ss_attrs spectre_v1 spectre_v2 spec_store_bypass
bogomips	: 7785.28
TLB size	: 3072 4K pages
clflush size	: 64
cache_alignment	: 64
address sizes	: 43 bits physical, 48 bits virtual
power management: ts ttp tm hwpstate cpb eff_freq_ro [13] [14]

processor	: 2
vendor_id	: AuthenticAMD
cpu family	: 23
model		: 113
model name	: AMD Ryzen 7 3800X 8-Core Processor
stepping	: 0
microcode	: 0x8701021
cpu MHz		: 2254.005
cache size	: 512 KB
physical id	: 0
siblings	: 16
core id		: 2
cpu cores	: 8
apicid		: 4
initial apicid	: 4
fpu		: yes
fpu_exception	: yes
cpuid level	: 16
wp		: yes
flags		: fpu vme de pse tsc msr pae mce cx8 apic sep mtrr pge mca cmov pat pse36 clflush mmx fxsr sse sse2 ht syscall nx mmxext fxsr_opt pdpe1gb rdtscp lm constant_tsc rep_good nopl nonstop_tsc cpuid extd_apicid aperfmperf pni pclmulqdq monitor ssse3 fma cx16 sse4_1 sse4_2 movbe popcnt aes xsave avx f16c rdrand lahf_lm cmp_legacy svm extapic cr8_legacy abm sse4a misalignsse 3dnowprefetch osvw ibs skinit wdt tce topoext perfctr_core perfctr_nb bpext perfctr_llc mwaitx cpb cat_l3 cdp_l3 hw_pstate sme ssbd mba sev ibpb stibp vmmcall sev_es fsgsbase bmi1 avx2 smep bmi2 cqm rdt_a rdseed adx smap clflushopt clwb sha_ni xsaveopt xsavec xgetbv1 xsaves cqm_llc cqm_occup_llc cqm_mbm_total cqm_mbm_local clzero irperf xsaveerptr rdpru wbnoinvd arat npt lbrv svm_lock nrip_save tsc_scale vmcb_clean flushbyasid decodeassists pausefilter pfthreshold avic v_vmsave_vmload vgif umip rdpid overflow_recov succor smca
bugs		: sysret_ss_attrs spectre_v1 spectre_v2 spec_store_bypass
bogomips	: 7785.28
TLB size	: 3072 4K pages
clflush size	: 64
cache_alignment	: 64
address sizes	: 43 bits physical, 48 bits virtual
power management: ts ttp tm hwpstate cpb eff_freq_ro [13] [14]

processor	: 3
vendor_id	: AuthenticAMD
cpu family	: 23
model		: 113
model name	: AMD Ryzen 7 3800X 8-Core Processor
stepping	: 0
microcode	: 0x8701021
cpu MHz		: 4172.924
cache size	: 512 KB
physical id	: 0
siblings	: 16
core id		: 3
cpu cores	: 8
apicid		: 6
initial apicid	: 6
fpu		: yes
fpu_exception	: yes
cpuid level	: 16
wp		: yes
flags		: fpu vme de pse tsc msr pae mce cx8 apic sep mtrr pge mca cmov pat pse36 clflush mmx fxsr sse sse2 ht syscall nx mmxext fxsr_opt pdpe1gb rdtscp lm constant_tsc rep_good nopl nonstop_tsc cpuid extd_apicid aperfmperf pni pclmulqdq monitor ssse3 fma cx16 sse4_1 sse4_2 movbe popcnt aes xsave avx f16c rdrand lahf_lm cmp_legacy svm extapic cr8_legacy abm sse4a misalignsse 3dnowprefetch osvw ibs skinit wdt tce topoext perfctr_core perfctr_nb bpext perfctr_llc mwaitx cpb cat_l3 cdp_l3 hw_pstate sme ssbd mba sev ibpb stibp vmmcall sev_es fsgsbase bmi1 avx2 smep bmi2 cqm rdt_a rdseed adx smap clflushopt clwb sha_ni xsaveopt xsavec xgetbv1 xsaves cqm_llc cqm_occup_llc cqm_mbm_total cqm_mbm_local clzero irperf xsaveerptr rdpru wbnoinvd arat npt lbrv svm_lock nrip_save tsc_scale vmcb_clean flushbyasid decodeassists pausefilter pfthreshold avic v_vmsave_vmload vgif umip rdpid overflow_recov succor smca
bugs		: sysret_ss_attrs spectre_v1 spectre_v2 spec_store_bypass
bogomips	: 7785.28
TLB size	: 3072 4K pages
clflush size	: 64
cache_alignment	: 64
address sizes	: 43 bits physical, 48 bits virtual
power management: ts ttp tm hwpstate cpb eff_freq_ro [13] [14]

processor	: 4
vendor_id	: AuthenticAMD
cpu family	: 23
model		: 113
model name	: AMD Ryzen 7 3800X 8-Core Processor
stepping	: 0
microcode	: 0x8701021
cpu MHz		: 4026.551
cache size	: 512 KB
physical id	: 0
siblings	: 16
core id		: 4
cpu cores	: 8
apicid		: 8
initial apicid	: 8
fpu		: yes
fpu_exception	: yes
cpuid level	: 16
wp		: yes
flags		: fpu vme de pse tsc msr pae mce cx8 apic sep mtrr pge mca cmov pat pse36 clflush mmx fxsr sse sse2 ht syscall nx mmxext fxsr_opt pdpe1gb rdtscp lm constant_tsc rep_good nopl nonstop_tsc cpuid extd_apicid aperfmperf pni pclmulqdq monitor ssse3 fma cx16 sse4_1 sse4_2 movbe popcnt aes xsave avx f16c rdrand lahf_lm cmp_legacy svm extapic cr8_legacy abm sse4a misalignsse 3dnowprefetch osvw ibs skinit wdt tce topoext perfctr_core perfctr_nb bpext perfctr_llc mwaitx cpb cat_l3 cdp_l3 hw_pstate sme ssbd mba sev ibpb stibp vmmcall sev_es fsgsbase bmi1 avx2 smep bmi2 cqm rdt_a rdseed adx smap clflushopt clwb sha_ni xsaveopt xsavec xgetbv1 xsaves cqm_llc cqm_occup_llc cqm_mbm_total cqm_mbm_local clzero irperf xsaveerptr rdpru wbnoinvd arat npt lbrv svm_lock nrip_save tsc_scale vmcb_clean flushbyasid decodeassists pausefilter pfthreshold avic v_vmsave_vmload vgif umip rdpid overflow_recov succor smca
bugs		: sysret_ss_attrs spectre_v1 spectre_v2 spec_store_bypass
bogomips	: 7785.28
TLB size	: 3072 4K pages
clflush size	: 64
cache_alignment	: 64
address sizes	: 43 bits physical, 48 bits virtual
power management: ts ttp tm hwpstate cpb eff_freq_ro [13] [14]

processor	: 5
vendor_id	: AuthenticAMD
cpu family	: 23
model		: 113
model name	: AMD Ryzen 7 3800X 8-Core Processor
stepping	: 0
microcode	: 0x8701021
cpu MHz		: 2956.322
cache size	: 512 KB
physical id	: 0
siblings	: 16
core id		: 5
cpu cores	: 8
apicid		: 10
initial apicid	: 10
fpu		: yes
fpu_exception	: yes
cpuid level	: 16
wp		: yes
flags		: fpu vme de pse tsc msr pae mce cx8 apic sep mtrr pge mca cmov pat pse36 clflush mmx fxsr sse sse2 ht syscall nx mmxext fxsr_opt pdpe1gb rdtscp lm constant_tsc rep_good nopl nonstop_tsc cpuid extd_apicid aperfmperf pni pclmulqdq monitor ssse3 fma cx16 sse4_1 sse4_2 movbe popcnt aes xsave avx f16c rdrand lahf_lm cmp_legacy svm extapic cr8_legacy abm sse4a misalignsse 3dnowprefetch osvw ibs skinit wdt tce topoext perfctr_core perfctr_nb bpext perfctr_llc mwaitx cpb cat_l3 cdp_l3 hw_pstate sme ssbd mba sev ibpb stibp vmmcall sev_es fsgsbase bmi1 avx2 smep bmi2 cqm rdt_a rdseed adx smap clflushopt clwb sha_ni xsaveopt xsavec xgetbv1 xsaves cqm_llc cqm_occup_llc cqm_mbm_total cqm_mbm_local clzero irperf xsaveerptr rdpru wbnoinvd arat npt lbrv svm_lock nrip_save tsc_scale vmcb_clean flushbyasid decodeassists pausefilter pfthreshold avic v_vmsave_vmload vgif umip rdpid overflow_recov succor smca
bugs		: sysret_ss_attrs spectre_v1 spectre_v2 spec_store_bypass
bogomips	: 7785.28
TLB size	: 3072 4K pages
clflush size	: 64
cache_alignment	: 64
address sizes	: 43 bits physical, 48 bits virtual
power management: ts ttp tm hwpstate cpb eff_freq_ro [13] [14]

processor	: 6
vendor_id	: AuthenticAMD
cpu family	: 23
model		: 113
model name	: AMD Ryzen 7 3800X 8-Core Processor
stepping	: 0
microcode	: 0x8701021
cpu MHz		: 4173.470
cache size	: 512 KB
physical id	: 0
siblings	: 16
core id		: 6
cpu cores	: 8
apicid		: 12
initial apicid	: 12
fpu		: yes
fpu_exception	: yes
cpuid level	: 16
wp		: yes
flags		: fpu vme de pse tsc msr pae mce cx8 apic sep mtrr pge mca cmov pat pse36 clflush mmx fxsr sse sse2 ht syscall nx mmxext fxsr_opt pdpe1gb rdtscp lm constant_tsc rep_good nopl nonstop_tsc cpuid extd_apicid aperfmperf pni pclmulqdq monitor ssse3 fma cx16 sse4_1 sse4_2 movbe popcnt aes xsave avx f16c rdrand lahf_lm cmp_legacy svm extapic cr8_legacy abm sse4a misalignsse 3dnowprefetch osvw ibs skinit wdt tce topoext perfctr_core perfctr_nb bpext perfctr_llc mwaitx cpb cat_l3 cdp_l3 hw_pstate sme ssbd mba sev ibpb stibp vmmcall sev_es fsgsbase bmi1 avx2 smep bmi2 cqm rdt_a rdseed adx smap clflushopt clwb sha_ni xsaveopt xsavec xgetbv1 xsaves cqm_llc cqm_occup_llc cqm_mbm_total cqm_mbm_local clzero irperf xsaveerptr rdpru wbnoinvd arat npt lbrv svm_lock nrip_save tsc_scale vmcb_clean flushbyasid decodeassists pausefilter pfthreshold avic v_vmsave_vmload vgif umip rdpid overflow_recov succor smca
bugs		: sysret_ss_attrs spectre_v1 spectre_v2 spec_store_bypass
bogomips	: 7785.28
TLB size	: 3072 4K pages
clflush size	: 64
cache_alignment	: 64
address sizes	: 43 bits physical, 48 bits virtual
power management: ts ttp tm hwpstate cpb eff_freq_ro [13] [14]

processor	: 7
vendor_id	: AuthenticAMD
cpu family	: 23
model		: 113
model name	: AMD Ryzen 7 3800X 8-Core Processor
stepping	: 0
microcode	: 0x8701021
cpu MHz		: 3320.670
cache size	: 512 KB
physical id	: 0
siblings	: 16
core id		: 7
cpu cores	: 8
apicid		: 14
initial apicid	: 14
fpu		: yes
fpu_exception	: yes
cpuid level	: 16
wp		: yes
flags		: fpu vme de pse tsc msr pae mce cx8 apic sep mtrr pge mca cmov pat pse36 clflush mmx fxsr sse sse2 ht syscall nx mmxext fxsr_opt pdpe1gb rdtscp lm constant_tsc rep_good nopl nonstop_tsc cpuid extd_apicid aperfmperf pni pclmulqdq monitor ssse3 fma cx16 sse4_1 sse4_2 movbe popcnt aes xsave avx f16c rdrand lahf_lm cmp_legacy svm extapic cr8_legacy abm sse4a misalignsse 3dnowprefetch osvw ibs skinit wdt tce topoext perfctr_core perfctr_nb bpext perfctr_llc mwaitx cpb cat_l3 cdp_l3 hw_pstate sme ssbd mba sev ibpb stibp vmmcall sev_es fsgsbase bmi1 avx2 smep bmi2 cqm rdt_a rdseed adx smap clflushopt clwb sha_ni xsaveopt xsavec xgetbv1 xsaves cqm_llc cqm_occup_llc cqm_mbm_total cqm_mbm_local clzero irperf xsaveerptr rdpru wbnoinvd arat npt lbrv svm_lock nrip_save tsc_scale vmcb_clean flushbyasid decodeassists pausefilter pfthreshold avic v_vmsave_vmload vgif umip rdpid overflow_recov succor smca
bugs		: sysret_ss_attrs spectre_v1 spectre_v2 spec_store_bypass
bogomips	: 7785.28
TLB size	: 3072 4K pages
clflush size	: 64
cache_alignment	: 64
address sizes	: 43 bits physical, 48 bits virtual
power management: ts ttp tm hwpstate cpb eff_freq_ro [13] [14]

processor	: 8
vendor_id	: AuthenticAMD
cpu family	: 23
model		: 113
model name	: AMD Ryzen 7 3800X 8-Core Processor
stepping	: 0
microcode	: 0x8701021
cpu MHz		: 2676.205
cache size	: 512 KB
physical id	: 0
siblings	: 16
core id		: 0
cpu cores	: 8
apicid		: 1
initial apicid	: 1
fpu		: yes
fpu_exception	: yes
cpuid level	: 16
wp		: yes
flags		: fpu vme de pse tsc msr pae mce cx8 apic sep mtrr pge mca cmov pat pse36 clflush mmx fxsr sse sse2 ht syscall nx mmxext fxsr_opt pdpe1gb rdtscp lm constant_tsc rep_good nopl nonstop_tsc cpuid extd_apicid aperfmperf pni pclmulqdq monitor ssse3 fma cx16 sse4_1 sse4_2 movbe popcnt aes xsave avx f16c rdrand lahf_lm cmp_legacy svm extapic cr8_legacy abm sse4a misalignsse 3dnowprefetch osvw ibs skinit wdt tce topoext perfctr_core perfctr_nb bpext perfctr_llc mwaitx cpb cat_l3 cdp_l3 hw_pstate sme ssbd mba sev ibpb stibp vmmcall sev_es fsgsbase bmi1 avx2 smep bmi2 cqm rdt_a rdseed adx smap clflushopt clwb sha_ni xsaveopt xsavec xgetbv1 xsaves cqm_llc cqm_occup_llc cqm_mbm_total cqm_mbm_local clzero irperf xsaveerptr rdpru wbnoinvd arat npt lbrv svm_lock nrip_save tsc_scale vmcb_clean flushbyasid decodeassists pausefilter pfthreshold avic v_vmsave_vmload vgif umip rdpid overflow_recov succor smca
bugs		: sysret_ss_attrs spectre_v1 spectre_v2 spec_store_bypass
bogomips	: 7785.28
TLB size	: 3072 4K pages
clflush size	: 64
cache_alignment	: 64
address sizes	: 43 bits physical, 48 bits virtual
power management: ts ttp tm hwpstate cpb eff_freq_ro [13] [14]

processor	: 9
vendor_id	: AuthenticAMD
cpu family	: 23
model		: 113
model name	: AMD Ryzen 7 3800X 8-Core Processor
stepping	: 0
microcode	: 0x8701021
cpu MHz		: 4166.176
cache size	: 512 KB
physical id	: 0
siblings	: 16
core id		: 1
cpu cores	: 8
apicid		: 3
initial apicid	: 3
fpu		: yes
fpu_exception	: yes
cpuid level	: 16
wp		: yes
flags		: fpu vme de pse tsc msr pae mce cx8 apic sep mtrr pge mca cmov pat pse36 clflush mmx fxsr sse sse2 ht syscall nx mmxext fxsr_opt pdpe1gb rdtscp lm constant_tsc rep_good nopl nonstop_tsc cpuid extd_apicid aperfmperf pni pclmulqdq monitor ssse3 fma cx16 sse4_1 sse4_2 movbe popcnt aes xsave avx f16c rdrand lahf_lm cmp_legacy svm extapic cr8_legacy abm sse4a misalignsse 3dnowprefetch osvw ibs skinit wdt tce topoext perfctr_core perfctr_nb bpext perfctr_llc mwaitx cpb cat_l3 cdp_l3 hw_pstate sme ssbd mba sev ibpb stibp vmmcall sev_es fsgsbase bmi1 avx2 smep bmi2 cqm rdt_a rdseed adx smap clflushopt clwb sha_ni xsaveopt xsavec xgetbv1 xsaves cqm_llc cqm_occup_llc cqm_mbm_total cqm_mbm_local clzero irperf xsaveerptr rdpru wbnoinvd arat npt lbrv svm_lock nrip_save tsc_scale vmcb_clean flushbyasid decodeassists pausefilter pfthreshold avic v_vmsave_vmload vgif umip rdpid overflow_recov succor smca
bugs		: sysret_ss_attrs spectre_v1 spectre_v2 spec_store_bypass
bogomips	: 7785.28
TLB size	: 3072 4K pages
clflush size	: 64
cache_alignment	: 64
address sizes	: 43 bits physical, 48 bits virtual
power management: ts ttp tm hwpstate cpb eff_freq_ro [13] [14]

processor	: 10
vendor_id	: AuthenticAMD
cpu family	: 23
model		: 113
model name	: AMD Ryzen 7 3800X 8-Core Processor
stepping	: 0
microcode	: 0x8701021
cpu MHz		: 2205.877
cache size	: 512 KB
physical id	: 0
siblings	: 16
core id		: 2
cpu cores	: 8
apicid		: 5
initial apicid	: 5
fpu		: yes
fpu_exception	: yes
cpuid level	: 16
wp		: yes
flags		: fpu vme de pse tsc msr pae mce cx8 apic sep mtrr pge mca cmov pat pse36 clflush mmx fxsr sse sse2 ht syscall nx mmxext fxsr_opt pdpe1gb rdtscp lm constant_tsc rep_good nopl nonstop_tsc cpuid extd_apicid aperfmperf pni pclmulqdq monitor ssse3 fma cx16 sse4_1 sse4_2 movbe popcnt aes xsave avx f16c rdrand lahf_lm cmp_legacy svm extapic cr8_legacy abm sse4a misalignsse 3dnowprefetch osvw ibs skinit wdt tce topoext perfctr_core perfctr_nb bpext perfctr_llc mwaitx cpb cat_l3 cdp_l3 hw_pstate sme ssbd mba sev ibpb stibp vmmcall sev_es fsgsbase bmi1 avx2 smep bmi2 cqm rdt_a rdseed adx smap clflushopt clwb sha_ni xsaveopt xsavec xgetbv1 xsaves cqm_llc cqm_occup_llc cqm_mbm_total cqm_mbm_local clzero irperf xsaveerptr rdpru wbnoinvd arat npt lbrv svm_lock nrip_save tsc_scale vmcb_clean flushbyasid decodeassists pausefilter pfthreshold avic v_vmsave_vmload vgif umip rdpid overflow_recov succor smca
bugs		: sysret_ss_attrs spectre_v1 spectre_v2 spec_store_bypass
bogomips	: 7785.28
TLB size	: 3072 4K pages
clflush size	: 64
cache_alignment	: 64
address sizes	: 43 bits physical, 48 bits virtual
power management: ts ttp tm hwpstate cpb eff_freq_ro [13] [14]

processor	: 11
vendor_id	: AuthenticAMD
cpu family	: 23
model		: 113
model name	: AMD Ryzen 7 3800X 8-Core Processor
stepping	: 0
microcode	: 0x8701021
cpu MHz		: 4171.172
cache size	: 512 KB
physical id	: 0
siblings	: 16
core id		: 3
cpu cores	: 8
apicid		: 7
initial apicid	: 7
fpu		: yes
fpu_exception	: yes
cpuid level	: 16
wp		: yes
flags		: fpu vme de pse tsc msr pae mce cx8 apic sep mtrr pge mca cmov pat pse36 clflush mmx fxsr sse sse2 ht syscall nx mmxext fxsr_opt pdpe1gb rdtscp lm constant_tsc rep_good nopl nonstop_tsc cpuid extd_apicid aperfmperf pni pclmulqdq monitor ssse3 fma cx16 sse4_1 sse4_2 movbe popcnt aes xsave avx f16c rdrand lahf_lm cmp_legacy svm extapic cr8_legacy abm sse4a misalignsse 3dnowprefetch osvw ibs skinit wdt tce topoext perfctr_core perfctr_nb bpext perfctr_llc mwaitx cpb cat_l3 cdp_l3 hw_pstate sme ssbd mba sev ibpb stibp vmmcall sev_es fsgsbase bmi1 avx2 smep bmi2 cqm rdt_a rdseed adx smap clflushopt clwb sha_ni xsaveopt xsavec xgetbv1 xsaves cqm_llc cqm_occup_llc cqm_mbm_total cqm_mbm_local clzero irperf xsaveerptr rdpru wbnoinvd arat npt lbrv svm_lock nrip_save tsc_scale vmcb_clean flushbyasid decodeassists pausefilter pfthreshold avic v_vmsave_vmload vgif umip rdpid overflow_recov succor smca
bugs		: sysret_ss_attrs spectre_v1 spectre_v2 spec_store_bypass
bogomips	: 7785.28
TLB size	: 3072 4K pages
clflush size	: 64
cache_alignment	: 64
address sizes	: 43 bits physical, 48 bits virtual
power management: ts ttp tm hwpstate cpb eff_freq_ro [13] [14]

processor	: 12
vendor_id	: AuthenticAMD
cpu family	: 23
model		: 113
model name	: AMD Ryzen 7 3800X 8-Core Processor
stepping	: 0
microcode	: 0x8701021
cpu MHz		: 3971.580
cache size	: 512 KB
physical id	: 0
siblings	: 16
core id		: 4
cpu cores	: 8
apicid		: 9
initial apicid	: 9
fpu		: yes
fpu_exception	: yes
cpuid level	: 16
wp		: yes
flags		: fpu vme de pse tsc msr pae mce cx8 apic sep mtrr pge mca cmov pat pse36 clflush mmx fxsr sse sse2 ht syscall nx mmxext fxsr_opt pdpe1gb rdtscp lm constant_tsc rep_good nopl nonstop_tsc cpuid extd_apicid aperfmperf pni pclmulqdq monitor ssse3 fma cx16 sse4_1 sse4_2 movbe popcnt aes xsave avx f16c rdrand lahf_lm cmp_legacy svm extapic cr8_legacy abm sse4a misalignsse 3dnowprefetch osvw ibs skinit wdt tce topoext perfctr_core perfctr_nb bpext perfctr_llc mwaitx cpb cat_l3 cdp_l3 hw_pstate sme ssbd mba sev ibpb stibp vmmcall sev_es fsgsbase bmi1 avx2 smep bmi2 cqm rdt_a rdseed adx smap clflushopt clwb sha_ni xsaveopt xsavec xgetbv1 xsaves cqm_llc cqm_occup_llc cqm_mbm_total cqm_mbm_local clzero irperf xsaveerptr rdpru wbnoinvd arat npt lbrv svm_lock nrip_save tsc_scale vmcb_clean flushbyasid decodeassists pausefilter pfthreshold avic v_vmsave_vmload vgif umip rdpid overflow_recov succor smca
bugs		: sysret_ss_attrs spectre_v1 spectre_v2 spec_store_bypass
bogomips	: 7785.28
TLB size	: 3072 4K pages
clflush size	: 64
cache_alignment	: 64
address sizes	: 43 bits physical, 48 bits virtual
power management: ts ttp tm hwpstate cpb eff_freq_ro [13] [14]

processor	: 13
vendor_id	: AuthenticAMD
cpu family	: 23
model		: 113
model name	: AMD Ryzen 7 3800X 8-Core Processor
stepping	: 0
microcode	: 0x8701021
cpu MHz		: 2843.785
cache size	: 512 KB
physical id	: 0
siblings	: 16
core id		: 5
cpu cores	: 8
apicid		: 11
initial apicid	: 11
fpu		: yes
fpu_exception	: yes
cpuid level	: 16
wp		: yes
flags		: fpu vme de pse tsc msr pae mce cx8 apic sep mtrr pge mca cmov pat pse36 clflush mmx fxsr sse sse2 ht syscall nx mmxext fxsr_opt pdpe1gb rdtscp lm constant_tsc rep_good nopl nonstop_tsc cpuid extd_apicid aperfmperf pni pclmulqdq monitor ssse3 fma cx16 sse4_1 sse4_2 movbe popcnt aes xsave avx f16c rdrand lahf_lm cmp_legacy svm extapic cr8_legacy abm sse4a misalignsse 3dnowprefetch osvw ibs skinit wdt tce topoext perfctr_core perfctr_nb bpext perfctr_llc mwaitx cpb cat_l3 cdp_l3 hw_pstate sme ssbd mba sev ibpb stibp vmmcall sev_es fsgsbase bmi1 avx2 smep bmi2 cqm rdt_a rdseed adx smap clflushopt clwb sha_ni xsaveopt xsavec xgetbv1 xsaves cqm_llc cqm_occup_llc cqm_mbm_total cqm_mbm_local clzero irperf xsaveerptr rdpru wbnoinvd arat npt lbrv svm_lock nrip_save tsc_scale vmcb_clean flushbyasid decodeassists pausefilter pfthreshold avic v_vmsave_vmload vgif umip rdpid overflow_recov succor smca
bugs		: sysret_ss_attrs spectre_v1 spectre_v2 spec_store_bypass
bogomips	: 7785.28
TLB size	: 3072 4K pages
clflush size	: 64
cache_alignment	: 64
address sizes	: 43 bits physical, 48 bits virtual
power management: ts ttp tm hwpstate cpb eff_freq_ro [13] [14]

processor	: 14
vendor_id	: AuthenticAMD
cpu family	: 23
model		: 113
model name	: AMD Ryzen 7 3800X 8-Core Processor
stepping	: 0
microcode	: 0x8701021
cpu MHz		: 4173.719
cache size	: 512 KB
physical id	: 0
siblings	: 16
core id		: 6
cpu cores	: 8
apicid		: 13
initial apicid	: 13
fpu		: yes
fpu_exception	: yes
cpuid level	: 16
wp		: yes
flags		: fpu vme de pse tsc msr pae mce cx8 apic sep mtrr pge mca cmov pat pse36 clflush mmx fxsr sse sse2 ht syscall nx mmxext fxsr_opt pdpe1gb rdtscp lm constant_tsc rep_good nopl nonstop_tsc cpuid extd_apicid aperfmperf pni pclmulqdq monitor ssse3 fma cx16 sse4_1 sse4_2 movbe popcnt aes xsave avx f16c rdrand lahf_lm cmp_legacy svm extapic cr8_legacy abm sse4a misalignsse 3dnowprefetch osvw ibs skinit wdt tce topoext perfctr_core perfctr_nb bpext perfctr_llc mwaitx cpb cat_l3 cdp_l3 hw_pstate sme ssbd mba sev ibpb stibp vmmcall sev_es fsgsbase bmi1 avx2 smep bmi2 cqm rdt_a rdseed adx smap clflushopt clwb sha_ni xsaveopt xsavec xgetbv1 xsaves cqm_llc cqm_occup_llc cqm_mbm_total cqm_mbm_local clzero irperf xsaveerptr rdpru wbnoinvd arat npt lbrv svm_lock nrip_save tsc_scale vmcb_clean flushbyasid decodeassists pausefilter pfthreshold avic v_vmsave_vmload vgif umip rdpid overflow_recov succor smca
bugs		: sysret_ss_attrs spectre_v1 spectre_v2 spec_store_bypass
bogomips	: 7785.28
TLB size	: 3072 4K pages
clflush size	: 64
cache_alignment	: 64
address sizes	: 43 bits physical, 48 bits virtual
power management: ts ttp tm hwpstate cpb eff_freq_ro [13] [14]

processor	: 15
vendor_id	: AuthenticAMD
cpu family	: 23
model		: 113
model name	: AMD Ryzen 7 3800X 8-Core Processor
stepping	: 0
microcode	: 0x8701021
cpu MHz		: 3414.406
cache size	: 512 KB
physical id	: 0
siblings	: 16
core id		: 7
cpu cores	: 8
apicid		: 15
initial apicid	: 15
fpu		: yes
fpu_exception	: yes
cpuid level	: 16
wp		: yes
flags		: fpu vme de pse tsc msr pae mce cx8 apic sep mtrr pge mca cmov pat pse36 clflush mmx fxsr sse sse2 ht syscall nx mmxext fxsr_opt pdpe1gb rdtscp lm constant_tsc rep_good nopl nonstop_tsc cpuid extd_apicid aperfmperf pni pclmulqdq monitor ssse3 fma cx16 sse4_1 sse4_2 movbe popcnt aes xsave avx f16c rdrand lahf_lm cmp_legacy svm extapic cr8_legacy abm sse4a misalignsse 3dnowprefetch osvw ibs skinit wdt tce topoext perfctr_core perfctr_nb bpext perfctr_llc mwaitx cpb cat_l3 cdp_l3 hw_pstate sme ssbd mba sev ibpb stibp vmmcall sev_es fsgsbase bmi1 avx2 smep bmi2 cqm rdt_a rdseed adx smap clflushopt clwb sha_ni xsaveopt xsavec xgetbv1 xsaves cqm_llc cqm_occup_llc cqm_mbm_total cqm_mbm_local clzero irperf xsaveerptr rdpru wbnoinvd arat npt lbrv svm_lock nrip_save tsc_scale vmcb_clean flushbyasid decodeassists pausefilter pfthreshold avic v_vmsave_vmload vgif umip rdpid overflow_recov succor smca
bugs		: sysret_ss_attrs spectre_v1 spectre_v2 spec_store_bypass
bogomips	: 7785.28
TLB size	: 3072 4K pages
clflush size	: 64
cache_alignment	: 64
address sizes	: 43 bits physical, 48 bits virtual
power management: ts ttp tm hwpstate cpb eff_freq_ro [13] [14]



Memory: 4k page, physical 65868296k(703812k free), swap 41554936k(36067320k free)

vm_info: OpenJDK 64-Bit Server VM (25.282-b08) for linux-amd64 JRE (1.8.0_282-b08), built on Jan 14 2021 07:18:50 by "jenkins" with gcc 7.3.1 20180303 (Red Hat 7.3.1-5)

time: Mon Nov 29 00:04:47 2021
timezone: EST
elapsed time: 3.415993 seconds (0d 0h 0m 3s)

