#
# A fatal error has been detected by the Java Runtime Environment:
#
#  SIGSEGV (0xb) at pc=0x0000000041174ef1, pid=1747536, tid=0x00007f65844a5640
#
# JRE version: OpenJDK Runtime Environment (8.0_282-b08) (build 1.8.0_282-b08)
# Java VM: OpenJDK 64-Bit Server VM (25.282-b08 mixed mode linux-amd64 compressed oops)
# Problematic frame:
# C  0x0000000041174ef1
#
# Failed to write core dump. Core dumps have been disabled. To enable core dumping, try "ulimit -c unlimited" before starting Java again
#
# If you would like to submit a bug report, please include
# instructions on how to reproduce the bug and visit:
#   https://github.com/corretto/corretto-8/issues/
# The crash happened outside the Java Virtual Machine in native code.
# See problematic frame for where to report the bug.
#

---------------  T H R E A D  ---------------

Current thread (0x00007f658000e800):  JavaThread "main" [_thread_in_native, id=1747541, stack(0x00007f65843a6000,0x00007f65844a6000)]

siginfo: si_signo: 11 (SIGSEGV), si_code: 2 (SEGV_ACCERR), si_addr: 0x00007f64a7dde001

Registers:
RAX=0x0000000041174ec0, RBX=0x00000000ff000000, RCX=0x0000000000000003, RDX=0x0000000000000000
RSP=0x00007f65844a3cf8, RBP=0x000000000000020b, RSI=0x00007f64a7dddfff, RDI=0x00007f649e986994
R8 =0x0000000000000400, R9 =0x00007f649e9861c0, R10=0x00007f64a7ddda20, R11=0x00007f649e9861c0
R12=0x0000000041e3c000, R13=0x00007f653df00240, R14=0x0000000000000000, R15=0x00000000000003d2
RIP=0x0000000041174ef1, EFLAGS=0x0000000000010202, CSGSFS=0x002b000000000033, ERR=0x0000000000000004
  TRAPNO=0x000000000000000e

Top of Stack: (sp=0x00007f65844a3cf8)
0x00007f65844a3cf8:   00007f64a7ddda20 00007f649e9861c0
0x00007f65844a3d08:   00007f65844a3e90 0000000000000400
0x00007f65844a3d18:   00007f653df0082d 0000000000000400
0x00007f65844a3d28:   0000000100000000 00007ffde7f0c9f7
0x00007f65844a3d38:   00007f65844a3e90 0000000041e3c000
0x00007f65844a3d48:   00007f653f54e260 00007f653df007d0
0x00007f65844a3d58:   00007f649e5b45a0 0000000000000000
0x00007f65844a3d68:   00007f653df0a841 0000000100000001
0x00007f65844a3d78:   0000000100000400 0000004f0000004f
0x00007f65844a3d88:   0000000000000005 0000000000000000
0x00007f65844a3d98:   0000000000000000 00007f649e5b4aa0
0x00007f65844a3da8:   0000000041e3c000 00007f649e5b45a0
0x00007f65844a3db8:   0000000000000000 00007f65844a3e90
0x00007f65844a3dc8:   00007f649e5b4aa0 00007f653f54a280
0x00007f65844a3dd8:   00007f653e01f700 0000000000000000
0x00007f65844a3de8:   00007f6500000400 0000000000000000
0x00007f65844a3df8:   0000000100000400 0000000000000001
0x00007f65844a3e08:   00007f65809566d0 0000000080d29000
0x00007f65844a3e18:   00007f6580d2e580 00007f6580d2dc60
0x00007f65844a3e28:   00007f65856bec87 0000000000000001
0x00007f65844a3e38:   00007f6580000080 00007f6580d29000
0x00007f65844a3e48:   00007f649c000000 0000000000401000
0x00007f65844a3e58:   0000000000400040 00000000029b6000
0x00007f65844a3e68:   00000000025cf000 0000000000000000
0x00007f65844a3e78:   0000000000400017 0000000000400020
0x00007f65844a3e88:   00007f6580000020 0000000800000019
0x00007f65844a3e98:   00007f64a7b00e20 00007f64a7ddda20
0x00007f65844a3ea8:   0000000000000000 0000000000000001
0x00007f65844a3eb8:   0000000000000000 0000000300000c00
0x00007f65844a3ec8:   0000000300000003 0000000000000001
0x00007f65844a3ed8:   0000000000000000 000000000000007e
0x00007f65844a3ee8:   0000000000000000 0000040000000400 

Instructions: (pc=0x0000000041174ef1)
0x0000000041174ed1:   8b f2 49 8b fb 41 8b e8 85 ed 0f 84 36 00 00 00
0x0000000041174ee1:   b9 03 00 00 00 0f 8f 05 00 00 00 48 f7 d9 f7 dd
0x0000000041174ef1:   0f b6 5e 02 c1 e3 10 0f b7 16 0b da 48 03 f1 48
0x0000000041174f01:   83 c7 04 81 e3 ff ff ff 00 81 cb 00 00 00 ff ff 

Register to memory mapping:

RAX=0x0000000041174ec0 is an unknown value
RBX=0x00000000ff000000 is an unknown value
RCX=0x0000000000000003 is an unknown value
RDX=0x0000000000000000 is an unknown value
RSP=0x00007f65844a3cf8 is pointing into the stack for thread: 0x00007f658000e800
RBP=0x000000000000020b is an unknown value
RSI=0x00007f64a7dddfff is an unknown value
RDI=0x00007f649e986994 is an unknown value
R8 =0x0000000000000400 is an unknown value
R9 =0x00007f649e9861c0 is an unknown value
R10=0x00007f64a7ddda20 is an unknown value
R11=0x00007f649e9861c0 is an unknown value
R12=0x0000000041e3c000 is an unknown value
R13=0x00007f653df00240: <offset 0xa62240> in /lib/x86_64-linux-gnu/libnvidia-glcore.so.470.82.00 at 0x00007f653d49e000
R14=0x0000000000000000 is an unknown value
R15=0x00000000000003d2 is an unknown value


Stack: [0x00007f65843a6000,0x00007f65844a6000],  sp=0x00007f65844a3cf8,  free space=1015k
Native frames: (J=compiled Java code, j=interpreted, Vv=VM code, C=native code)
C  0x0000000041174ef1

Java frames: (J=compiled Java code, j=interpreted, Vv=VM code)
j  org.lwjgl.opengl.GL11C.nglTexImage2D(IIIIIIIIJ)V+0
j  org.lwjgl.opengl.GL11C.glTexImage2D(IIIIIIIILjava/nio/ByteBuffer;)V+17
j  org.lwjgl.opengl.GL11.glTexImage2D(IIIIIIIILjava/nio/ByteBuffer;)V+14
j  org.lwjglx.debug.$Proxy$11.glTexImage2D44(IIIIIIIILjava/nio/ByteBuffer;)V+33
j  com.game.engine.TextureLoader.loadTextureI(Ljava/lang/String;Lcom/game/engine/datatypes/ogl/TextureData;FII)Lcom/game/engine/datatypes/ogl/Texture;+78
j  com.game.engine.threading.GameRegistry.lambda$1(Ljava/lang/String;)V+24
j  com.game.engine.threading.GameRegistry$$Lambda$48.run()V+4
j  com.game.engine.threading.Threading.processMain(J)V+39
j  com.game.engine.display.DisplayManager.updateDisplay()V+138
j  com.game.Main.main([Ljava/lang/String;)V+355
v  ~StubRoutines::call_stub

---------------  P R O C E S S  ---------------

Java Threads: ( => current thread )
  0x00007f6580f81000 JavaThread "pool-1-thread-1" [_thread_in_native, id=1747578, stack(0x00007f653c10a000,0x00007f653c20b000)]
  0x00007f6580fb0800 JavaThread "Java2D Disposer" daemon [_thread_blocked, id=1747577, stack(0x00007f653c40b000,0x00007f653c50c000)]
  0x00007f65806b9000 JavaThread "Service Thread" daemon [_thread_blocked, id=1747571, stack(0x00007f6545113000,0x00007f6545214000)]
  0x00007f65806ec800 JavaThread "C1 CompilerThread11" daemon [_thread_blocked, id=1747570, stack(0x00007f6545215000,0x00007f6545315000)]
  0x00007f65806ea000 JavaThread "C1 CompilerThread10" daemon [_thread_blocked, id=1747569, stack(0x00007f6545316000,0x00007f6545416000)]
  0x00007f65806e8800 JavaThread "C1 CompilerThread9" daemon [_thread_blocked, id=1747568, stack(0x00007f6545417000,0x00007f6545517000)]
  0x00007f65806e6000 JavaThread "C1 CompilerThread8" daemon [_thread_blocked, id=1747567, stack(0x00007f6545518000,0x00007f6545618000)]
  0x00007f65806e3000 JavaThread "C2 CompilerThread7" daemon [_thread_blocked, id=1747566, stack(0x00007f6545619000,0x00007f6545719000)]
  0x00007f65806e1000 JavaThread "C2 CompilerThread6" daemon [_thread_blocked, id=1747565, stack(0x00007f654571a000,0x00007f654581a000)]
  0x00007f65806df800 JavaThread "C2 CompilerThread5" daemon [_thread_blocked, id=1747564, stack(0x00007f654581b000,0x00007f654591b000)]
  0x00007f6580682800 JavaThread "C2 CompilerThread4" daemon [_thread_blocked, id=1747563, stack(0x00007f654591c000,0x00007f6545a1c000)]
  0x00007f6580681000 JavaThread "C2 CompilerThread3" daemon [_thread_blocked, id=1747562, stack(0x00007f6545a1d000,0x00007f6545b1d000)]
  0x00007f65806d5000 JavaThread "C2 CompilerThread2" daemon [_thread_blocked, id=1747561, stack(0x00007f6545b1e000,0x00007f6545c1e000)]
  0x00007f65806d4000 JavaThread "C2 CompilerThread1" daemon [_thread_blocked, id=1747560, stack(0x00007f6545c1f000,0x00007f6545d1f000)]
  0x00007f658063c800 JavaThread "C2 CompilerThread0" daemon [_thread_blocked, id=1747559, stack(0x00007f6545d20000,0x00007f6545e20000)]
  0x00007f65802b9000 JavaThread "Signal Dispatcher" daemon [_thread_blocked, id=1747558, stack(0x00007f654624c000,0x00007f654634d000)]
  0x00007f6580285800 JavaThread "Finalizer" daemon [_thread_blocked, id=1747557, stack(0x00007f6546bec000,0x00007f6546ced000)]
  0x00007f6580281000 JavaThread "Reference Handler" daemon [_thread_blocked, id=1747556, stack(0x00007f6546ced000,0x00007f6546dee000)]
=>0x00007f658000e800 JavaThread "main" [_thread_in_native, id=1747541, stack(0x00007f65843a6000,0x00007f65844a6000)]

Other Threads:
  0x00007f6580277800 VMThread [stack: 0x00007f6546def000,0x00007f6546eef000] [id=1747555]
  0x00007f65806bb800 WatcherThread [stack: 0x00007f6545013000,0x00007f6545113000] [id=1747572]

VM state:not at safepoint (normal execution)

VM Mutex/Monitor currently owned by a thread: None

heap address: 0x00000003d2e00000, size: 16082 MB, Compressed Oops mode: Zero based, Oop shift amount: 3
Narrow klass base: 0x0000000000000000, Narrow klass shift: 3
Compressed class space size: 1073741824 Address: 0x00000007c0000000

Heap:
 PSYoungGen      total 300544K, used 87765K [0x0000000670f80000, 0x0000000685e80000, 0x00000007c0000000)
  eden space 258048K, 34% used [0x0000000670f80000,0x0000000676535570,0x0000000680b80000)
  from space 42496K, 0% used [0x0000000683500000,0x0000000683500000,0x0000000685e80000)
  to   space 42496K, 0% used [0x0000000680b80000,0x0000000680b80000,0x0000000683500000)
 ParOldGen       total 687104K, used 0K [0x00000003d2e00000, 0x00000003fcd00000, 0x0000000670f80000)
  object space 687104K, 0% used [0x00000003d2e00000,0x00000003d2e00000,0x00000003fcd00000)
 Metaspace       used 14035K, capacity 14341K, committed 14720K, reserved 1062912K
  class space    used 1190K, capacity 1313K, committed 1408K, reserved 1048576K

Card table byte_map: [0x00007f656e683000,0x00007f65705ed000] byte_map_base: 0x00007f656c7ec000

Marking Bits: (ParMarkBitMap*) 0x00007f6585618780
 Begin Bits: [0x00007f6510970000, 0x00007f65204b8000)
 End Bits:   [0x00007f65204b8000, 0x00007f6530000000)

Polling page: 0x00007f6585a83000

CodeCache: size=245760Kb used=7441Kb max_used=7448Kb free=238318Kb
 bounds [0x00007f65709ad000, 0x00007f65710fd000, 0x00007f657f9ad000]
 total_blobs=2474 nmethods=1434 adapters=952
 compilation: enabled

Compilation events (10 events):
Event: 3.403 Thread 0x00007f65806ea000 1429       3       java.util.concurrent.ThreadPoolExecutor::workerCountOf (5 bytes)
Event: 3.404 Thread 0x00007f65806ea000 nmethod 1429 0x00007f65710e8850 code [0x00007f65710e89a0, 0x00007f65710e8ad0]
Event: 3.487 Thread 0x00007f65806e6000 1430       3       java.util.regex.Pattern$Branch::<init> (37 bytes)
Event: 3.487 Thread 0x00007f65806e6000 nmethod 1430 0x00007f65710ee8d0 code [0x00007f65710eea60, 0x00007f65710eefb0]
Event: 3.528 Thread 0x00007f65806e8800 1431       3       java.lang.Math::max (12 bytes)
Event: 3.528 Thread 0x00007f65806e8800 nmethod 1431 0x00007f65710f24d0 code [0x00007f65710f2640, 0x00007f65710f27d0]
Event: 3.579 Thread 0x00007f65806ec800 1432       3       org.lwjgl.system.MemoryUtil::memLengthUTF8 (107 bytes)
Event: 3.580 Thread 0x00007f65806ec800 nmethod 1432 0x00007f65710ede90 code [0x00007f65710ee060, 0x00007f65710ee6b8]
Event: 3.698 Thread 0x00007f65806ea000 1433       3       org.lwjgl.system.dyncall.DynCallback::dcbArgInt (16 bytes)
Event: 3.698 Thread 0x00007f65806ea000 nmethod 1433 0x00007f65710f6c10 code [0x00007f65710f6da0, 0x00007f65710f7078]

GC Heap History (0 events):
No events

Deoptimization events (10 events):
Event: 0.423 Thread 0x00007f658000e800 Uncommon trap: reason=unstable_if action=reinterpret pc=0x00007f6570e9c248 method=sun.misc.MetaIndex.mayContain(Ljava/lang/String;)Z @ 38
Event: 0.894 Thread 0x00007f658000e800 Uncommon trap: reason=predicate action=maybe_recompile pc=0x00007f6570f58944 method=org.lwjglx.debug.org.objectweb.asm.ClassReader.readCode(Lorg/lwjglx/debug/org/objectweb/asm/MethodVisitor;Lorg/lwjglx/debug/org/objectweb/asm/Context;I)V @ 1440
Event: 0.897 Thread 0x00007f658000e800 Uncommon trap: reason=unstable_if action=reinterpret pc=0x00007f6570fddac4 method=java.lang.reflect.Field.setFieldAccessor(Lsun/reflect/FieldAccessor;Z)V @ 1
Event: 0.926 Thread 0x00007f6580f81000 Uncommon trap: reason=class_check action=maybe_recompile pc=0x00007f6570ffb5f8 method=java.util.regex.Pattern$Branch.match(Ljava/util/regex/Matcher;ILjava/lang/CharSequence;)Z @ 50
Event: 0.926 Thread 0x00007f6580f81000 Uncommon trap: reason=class_check action=maybe_recompile pc=0x00007f6570ffb5f8 method=java.util.regex.Pattern$Branch.match(Ljava/util/regex/Matcher;ILjava/lang/CharSequence;)Z @ 50
Event: 0.926 Thread 0x00007f6580f81000 Uncommon trap: reason=class_check action=maybe_recompile pc=0x00007f6570ffb5f8 method=java.util.regex.Pattern$Branch.match(Ljava/util/regex/Matcher;ILjava/lang/CharSequence;)Z @ 50
Event: 0.928 Thread 0x00007f6580f81000 Uncommon trap: reason=class_check action=maybe_recompile pc=0x00007f6570ffb608 method=java.util.regex.Pattern$Branch.match(Ljava/util/regex/Matcher;ILjava/lang/CharSequence;)Z @ 32
Event: 0.928 Thread 0x00007f6580f81000 Uncommon trap: reason=class_check action=maybe_recompile pc=0x00007f6570ffb608 method=java.util.regex.Pattern$Branch.match(Ljava/util/regex/Matcher;ILjava/lang/CharSequence;)Z @ 32
Event: 0.928 Thread 0x00007f6580f81000 Uncommon trap: reason=unstable_if action=reinterpret pc=0x00007f6570ffb6dc method=java.util.regex.Pattern$Branch.match(Ljava/util/regex/Matcher;ILjava/lang/CharSequence;)Z @ 53
Event: 0.951 Thread 0x00007f658000e800 Uncommon trap: reason=unstable_if action=reinterpret pc=0x00007f6570f86ac0 method=java.lang.Throwable.getOurStackTrace()[Ljava/lang/StackTraceElement; @ 7

Classes redefined (0 events):
No events

Internal exceptions (10 events):
Event: 0.214 Thread 0x00007f658000e800 Exception <a 'java/security/PrivilegedActionException'> (0x00000006718d1d98) thrown at [/home/jenkins/node/workspace/Corretto8/generic_linux/x64/build/Corretto8Src/installers/linux/universal/tar/corretto-build/buildRoot/src/hotspot/src/share/vm/prims/jvm.
Event: 0.214 Thread 0x00007f658000e800 Exception <a 'java/security/PrivilegedActionException'> (0x00000006718d48e8) thrown at [/home/jenkins/node/workspace/Corretto8/generic_linux/x64/build/Corretto8Src/installers/linux/universal/tar/corretto-build/buildRoot/src/hotspot/src/share/vm/prims/jvm.
Event: 0.214 Thread 0x00007f658000e800 Exception <a 'java/security/PrivilegedActionException'> (0x00000006718d4af8) thrown at [/home/jenkins/node/workspace/Corretto8/generic_linux/x64/build/Corretto8Src/installers/linux/universal/tar/corretto-build/buildRoot/src/hotspot/src/share/vm/prims/jvm.
Event: 0.434 Thread 0x00007f658000e800 Exception <a 'sun/nio/fs/UnixException'> (0x000000067487e240) thrown at [/home/jenkins/node/workspace/Corretto8/generic_linux/x64/build/Corretto8Src/installers/linux/universal/tar/corretto-build/buildRoot/src/hotspot/src/share/vm/prims/jni.cpp, line 711]
Event: 0.448 Thread 0x00007f658000e800 Exception <a 'sun/nio/fs/UnixException'> (0x00000006749a32a8) thrown at [/home/jenkins/node/workspace/Corretto8/generic_linux/x64/build/Corretto8Src/installers/linux/universal/tar/corretto-build/buildRoot/src/hotspot/src/share/vm/prims/jni.cpp, line 711]
Event: 0.639 Thread 0x00007f658000e800 Exception <a 'sun/nio/fs/UnixException'> (0x0000000674b78898) thrown at [/home/jenkins/node/workspace/Corretto8/generic_linux/x64/build/Corretto8Src/installers/linux/universal/tar/corretto-build/buildRoot/src/hotspot/src/share/vm/prims/jni.cpp, line 711]
Event: 0.640 Thread 0x00007f658000e800 Exception <a 'sun/nio/fs/UnixException'> (0x0000000674b86b48) thrown at [/home/jenkins/node/workspace/Corretto8/generic_linux/x64/build/Corretto8Src/installers/linux/universal/tar/corretto-build/buildRoot/src/hotspot/src/share/vm/prims/jni.cpp, line 711]
Event: 0.901 Thread 0x00007f658000e800 Exception <a 'java/io/FileNotFoundException'> (0x0000000675b25b50) thrown at [/home/jenkins/node/workspace/Corretto8/generic_linux/x64/build/Corretto8Src/installers/linux/universal/tar/corretto-build/buildRoot/src/hotspot/src/share/vm/prims/jni.cpp, line 
Event: 0.901 Thread 0x00007f658000e800 Exception <a 'java/io/FileNotFoundException'> (0x0000000675b26570) thrown at [/home/jenkins/node/workspace/Corretto8/generic_linux/x64/build/Corretto8Src/installers/linux/universal/tar/corretto-build/buildRoot/src/hotspot/src/share/vm/prims/jni.cpp, line 
Event: 0.929 Thread 0x00007f6580f81000 Exception <a 'sun/nio/fs/UnixException'> (0x0000000676068ca8) thrown at [/home/jenkins/node/workspace/Corretto8/generic_linux/x64/build/Corretto8Src/installers/linux/universal/tar/corretto-build/buildRoot/src/hotspot/src/share/vm/prims/jni.cpp, line 711]

Events (10 events):
Event: 0.941 loading class com/game/engine/datatypes/ogl/TextureData done
Event: 0.948 loading class org/lwjglx/debug/org/lwjgl/opengl/Context$TextureObject
Event: 0.948 loading class org/lwjglx/debug/org/lwjgl/opengl/Context$TextureObject done
Event: 0.951 loading class org/lwjglx/debug/org/lwjgl/opengl/GLUtil$1
Event: 0.951 loading class org/lwjglx/debug/org/lwjgl/opengl/GLUtil$1 done
Event: 0.951 Thread 0x00007f658000e800 Uncommon trap: trap_request=0xffffff65 fr.pc=0x00007f6570f86ac0
Event: 0.951 Thread 0x00007f658000e800 DEOPT PACKING pc=0x00007f6570f86ac0 sp=0x00007f65844a3ac0
Event: 0.951 Thread 0x00007f658000e800 DEOPT UNPACKING pc=0x00007f65709f247a sp=0x00007f65844a3a78 mode 2
Event: 1.286 Thread 0x00007f658000e800 DEOPT PACKING pc=0x00007f657106bb5c sp=0x00007f65844a4750
Event: 1.286 Thread 0x00007f658000e800 DEOPT UNPACKING pc=0x00007f65709f40c4 sp=0x00007f65844a44f8 mode 0


Dynamic libraries:
41173000-41175000 r-xs 00000000 00:01 81780                              /memfd:/.glXXXXXX (deleted)
41e3c000-41eeb000 rw-p 00000000 00:00 0 
3d2e00000-3fcd00000 rw-p 00000000 00:00 0 
3fcd00000-670f80000 ---p 00000000 00:00 0 
670f80000-685e80000 rw-p 00000000 00:00 0 
685e80000-7c0000000 ---p 00000000 00:00 0 
7c0000000-7c0160000 rw-p 00000000 00:00 0 
7c0160000-800000000 ---p 00000000 00:00 0 
55939a600000-55939a601000 r-xp 00000000 08:34 5114662                    /usr/lib/jvm/java-1.8.0-amazon-corretto/jre/bin/java
55939a800000-55939a801000 r--p 00000000 08:34 5114662                    /usr/lib/jvm/java-1.8.0-amazon-corretto/jre/bin/java
55939a801000-55939a802000 rw-p 00001000 08:34 5114662                    /usr/lib/jvm/java-1.8.0-amazon-corretto/jre/bin/java
55939b376000-55939b397000 rw-p 00000000 00:00 0                          [heap]
7f6494000000-7f6494601000 rw-p 00000000 00:00 0 
7f6494601000-7f6498000000 ---p 00000000 00:00 0 
7f649c000000-7f649e9b6000 rw-p 00000000 00:00 0 
7f649e9b6000-7f64a0000000 ---p 00000000 00:00 0 
7f64a4000000-7f64a7dde000 rw-p 00000000 00:00 0 
7f64a7dde000-7f64a8000000 ---p 00000000 00:00 0 
7f64a8000000-7f64abfd0000 rw-p 00000000 00:00 0 
7f64abfd0000-7f64ac000000 ---p 00000000 00:00 0 
7f64ac000000-7f64afffb000 rw-p 00000000 00:00 0 
7f64afffb000-7f64b0000000 ---p 00000000 00:00 0 
7f64b4000000-7f64b7c10000 rw-p 00000000 00:00 0 
7f64b7c10000-7f64b8000000 ---p 00000000 00:00 0 
7f64bb000000-7f64bb400000 rw-s 00000000 00:05 1034                       /dev/nvidiactl
7f64bb400000-7f64bb800000 rw-s 00000000 00:05 1034                       /dev/nvidiactl
7f64bba00000-7f64bbc00000 rw-s 00000000 00:05 1034                       /dev/nvidiactl
7f64bbc00000-7f64bc000000 rw-s 00000000 00:05 1034                       /dev/nvidiactl
7f64bc000000-7f64bc021000 rw-p 00000000 00:00 0 
7f64bc021000-7f64c0000000 ---p 00000000 00:00 0 
7f64c0000000-7f64c3c13000 rw-p 00000000 00:00 0 
7f64c3c13000-7f64c4000000 ---p 00000000 00:00 0 
7f64c4000000-7f64c4021000 rw-p 00000000 00:00 0 
7f64c4021000-7f64c8000000 ---p 00000000 00:00 0 
7f64c8000000-7f64c8021000 rw-p 00000000 00:00 0 
7f64c8021000-7f64cc000000 ---p 00000000 00:00 0 
7f64cc000000-7f64cc198000 rw-p 00000000 00:00 0 
7f64cc198000-7f64d0000000 ---p 00000000 00:00 0 
7f64d0000000-7f64d014b000 rw-p 00000000 00:00 0 
7f64d014b000-7f64d4000000 ---p 00000000 00:00 0 
7f64d4000000-7f64d4193000 rw-p 00000000 00:00 0 
7f64d4193000-7f64d8000000 ---p 00000000 00:00 0 
7f64d8000000-7f64d810f000 rw-p 00000000 00:00 0 
7f64d810f000-7f64dc000000 ---p 00000000 00:00 0 
7f64dc000000-7f64dc12d000 rw-p 00000000 00:00 0 
7f64dc12d000-7f64e0000000 ---p 00000000 00:00 0 
7f64e0000000-7f64e02ba000 rw-p 00000000 00:00 0 
7f64e02ba000-7f64e4000000 ---p 00000000 00:00 0 
7f64e4000000-7f64e407e000 rw-p 00000000 00:00 0 
7f64e407e000-7f64e8000000 ---p 00000000 00:00 0 
7f64e8000000-7f64e81e0000 rw-p 00000000 00:00 0 
7f64e81e0000-7f64ec000000 ---p 00000000 00:00 0 
7f64ec000000-7f64ec4b3000 rw-p 00000000 00:00 0 
7f64ec4b3000-7f64f0000000 ---p 00000000 00:00 0 
7f64f0000000-7f64f02a4000 rw-p 00000000 00:00 0 
7f64f02a4000-7f64f4000000 ---p 00000000 00:00 0 
7f64f4000000-7f64f427d000 rw-p 00000000 00:00 0 
7f64f427d000-7f64f8000000 ---p 00000000 00:00 0 
7f64f8000000-7f64f8926000 rw-p 00000000 00:00 0 
7f64f8926000-7f64fc000000 ---p 00000000 00:00 0 
7f64fc000000-7f64fc021000 rw-p 00000000 00:00 0 
7f64fc021000-7f6500000000 ---p 00000000 00:00 0 
7f6500000000-7f6500021000 rw-p 00000000 00:00 0 
7f6500021000-7f6504000000 ---p 00000000 00:00 0 
7f6504000000-7f6504021000 rw-p 00000000 00:00 0 
7f6504021000-7f6508000000 ---p 00000000 00:00 0 
7f6508000000-7f6508021000 rw-p 00000000 00:00 0 
7f6508021000-7f650c000000 ---p 00000000 00:00 0 
7f650c000000-7f650c021000 rw-p 00000000 00:00 0 
7f650c021000-7f6510000000 ---p 00000000 00:00 0 
7f651010f000-7f651050f000 rw-s 00000000 00:05 1034                       /dev/nvidiactl
7f651050f000-7f651070f000 rw-s 00000000 00:05 1034                       /dev/nvidiactl
7f651070f000-7f651076e000 r-xp 00000000 08:34 9437839                    /tmp/lwjglbrett/3.2.3-build-13/liblwjgl_stb.so
7f651076e000-7f651096d000 ---p 0005f000 08:34 9437839                    /tmp/lwjglbrett/3.2.3-build-13/liblwjgl_stb.so
7f651096d000-7f651096e000 r--p 0005e000 08:34 9437839                    /tmp/lwjglbrett/3.2.3-build-13/liblwjgl_stb.so
7f651096e000-7f651096f000 rw-p 0005f000 08:34 9437839                    /tmp/lwjglbrett/3.2.3-build-13/liblwjgl_stb.so
7f651096f000-7f6530000000 rw-p 00000000 00:00 0 
7f6530000000-7f6530021000 rw-p 00000000 00:00 0 
7f6530021000-7f6534000000 ---p 00000000 00:00 0 
7f6534000000-7f6534021000 rw-p 00000000 00:00 0 
7f6534021000-7f6538000000 ---p 00000000 00:00 0 
7f6538000000-7f6538021000 rw-p 00000000 00:00 0 
7f6538021000-7f653c000000 ---p 00000000 00:00 0 
7f653c10a000-7f653c10d000 ---p 00000000 00:00 0 
7f653c10d000-7f653c30b000 rw-p 00000000 00:00 0 
7f653c30b000-7f653c40b000 ---p 00000000 00:00 0 
7f653c40b000-7f653c40e000 ---p 00000000 00:00 0 
7f653c40e000-7f653c50c000 rw-p 00000000 00:00 0 
7f653c50c000-7f653c511000 r-xp 00000000 08:34 3943336                    /usr/lib/x86_64-linux-gnu/libXtst.so.6.1.0
7f653c511000-7f653c710000 ---p 00005000 08:34 3943336                    /usr/lib/x86_64-linux-gnu/libXtst.so.6.1.0
7f653c710000-7f653c711000 r--p 00004000 08:34 3943336                    /usr/lib/x86_64-linux-gnu/libXtst.so.6.1.0
7f653c711000-7f653c712000 rw-p 00005000 08:34 3943336                    /usr/lib/x86_64-linux-gnu/libXtst.so.6.1.0
7f653c75b000-7f653c7b6000 r-xp 00000000 08:34 5121934                    /usr/lib/jvm/java-1.8.0-amazon-corretto/jre/lib/amd64/libawt_xawt.so
7f653c7b6000-7f653c9b6000 ---p 0005b000 08:34 5121934                    /usr/lib/jvm/java-1.8.0-amazon-corretto/jre/lib/amd64/libawt_xawt.so
7f653c9b6000-7f653c9b7000 r--p 0005b000 08:34 5121934                    /usr/lib/jvm/java-1.8.0-amazon-corretto/jre/lib/amd64/libawt_xawt.so
7f653c9b7000-7f653c9ba000 rw-p 0005c000 08:34 5121934                    /usr/lib/jvm/java-1.8.0-amazon-corretto/jre/lib/amd64/libawt_xawt.so
7f653c9ba000-7f653c9bc000 rw-p 00000000 00:00 0 
7f653c9bc000-7f653ca5c000 r-xp 00000000 08:34 5121749                    /usr/lib/jvm/java-1.8.0-amazon-corretto/jre/lib/amd64/libawt.so
7f653ca5c000-7f653cc5c000 ---p 000a0000 08:34 5121749                    /usr/lib/jvm/java-1.8.0-amazon-corretto/jre/lib/amd64/libawt.so
7f653cc5c000-7f653cc5d000 r--p 000a0000 08:34 5121749                    /usr/lib/jvm/java-1.8.0-amazon-corretto/jre/lib/amd64/libawt.so
7f653cc5d000-7f653cc68000 rw-p 000a1000 08:34 5121749                    /usr/lib/jvm/java-1.8.0-amazon-corretto/jre/lib/amd64/libawt.so
7f653cc68000-7f653ce8d000 rw-p 00000000 00:00 0 
7f653ce8d000-7f653cee5000 r-xp 00000000 08:34 9437813                    /tmp/lwjglbrett/3.2.3-build-13/liblwjgl_opengl.so
7f653cee5000-7f653d0e4000 ---p 00058000 08:34 9437813                    /tmp/lwjglbrett/3.2.3-build-13/liblwjgl_opengl.so
7f653d0e4000-7f653d0e5000 r--p 00057000 08:34 9437813                    /tmp/lwjglbrett/3.2.3-build-13/liblwjgl_opengl.so
7f653d0e5000-7f653d0e6000 rw-p 00058000 08:34 9437813                    /tmp/lwjglbrett/3.2.3-build-13/liblwjgl_opengl.so
7f653d266000-7f653d279000 rw-s 00000000 00:05 1034                       /dev/nvidiactl
7f653d279000-7f653d2b9000 rw-s 00000000 00:05 1034                       /dev/nvidiactl
7f653d2b9000-7f653d2f9000 rw-s 00000000 00:05 1034                       /dev/nvidiactl
7f653d2f9000-7f653d49e000 rw-s 00000000 00:01 7168                       /memfd:/.nvidia_drv.XXXXXX (deleted)
7f653d49e000-7f653e6ff000 r-xp 00000000 08:34 3932713                    /usr/lib/x86_64-linux-gnu/libnvidia-glcore.so.470.82.00
7f653e6ff000-7f653e720000 rwxp 01261000 08:34 3932713                    /usr/lib/x86_64-linux-gnu/libnvidia-glcore.so.470.82.00
7f653e720000-7f653ec38000 r-xp 01282000 08:34 3932713                    /usr/lib/x86_64-linux-gnu/libnvidia-glcore.so.470.82.00
7f653ec38000-7f653ee38000 ---p 0179a000 08:34 3932713                    /usr/lib/x86_64-linux-gnu/libnvidia-glcore.so.470.82.00
7f653ee38000-7f653f393000 r--p 0179a000 08:34 3932713                    /usr/lib/x86_64-linux-gnu/libnvidia-glcore.so.470.82.00
7f653f393000-7f653f537000 rw-p 01cf5000 08:34 3932713                    /usr/lib/x86_64-linux-gnu/libnvidia-glcore.so.470.82.00
7f653f537000-7f653f559000 rw-p 00000000 00:00 0 
7f653f559000-7f653f55c000 r-xp 00000000 08:34 3932716                    /usr/lib/x86_64-linux-gnu/libnvidia-tls.so.470.82.00
7f653f55c000-7f653f75c000 ---p 00003000 08:34 3932716                    /usr/lib/x86_64-linux-gnu/libnvidia-tls.so.470.82.00
7f653f75c000-7f653f75d000 r--p 00003000 08:34 3932716                    /usr/lib/x86_64-linux-gnu/libnvidia-tls.so.470.82.00
7f653f75d000-7f653f75e000 rw-p 00004000 08:34 3932716                    /usr/lib/x86_64-linux-gnu/libnvidia-tls.so.470.82.00
7f653f75e000-7f653f7d0000 r-xp 00000000 08:34 3932707                    /usr/lib/x86_64-linux-gnu/libnvidia-glsi.so.470.82.00
7f653f7d0000-7f653f9d0000 ---p 00072000 08:34 3932707                    /usr/lib/x86_64-linux-gnu/libnvidia-glsi.so.470.82.00
7f653f9d0000-7f653f9f9000 r--p 00072000 08:34 3932707                    /usr/lib/x86_64-linux-gnu/libnvidia-glsi.so.470.82.00
7f653f9f9000-7f653f9fa000 rw-p 0009b000 08:34 3932707                    /usr/lib/x86_64-linux-gnu/libnvidia-glsi.so.470.82.00
7f653f9fa000-7f653fa01000 rw-p 00000000 00:00 0 
7f653fa01000-7f653fab3000 r-xp 00000000 08:34 7077974                    /usr/lib/x86_64-linux-gnu/nvidia/current/libGLX_nvidia.so.470.82.00
7f653fab3000-7f653fae8000 rwxp 000b2000 08:34 7077974                    /usr/lib/x86_64-linux-gnu/nvidia/current/libGLX_nvidia.so.470.82.00
7f653fae8000-7f653faef000 r-xp 000e7000 08:34 7077974                    /usr/lib/x86_64-linux-gnu/nvidia/current/libGLX_nvidia.so.470.82.00
7f653faef000-7f653fcee000 ---p 000ee000 08:34 7077974                    /usr/lib/x86_64-linux-gnu/nvidia/current/libGLX_nvidia.so.470.82.00
7f653fcee000-7f653fd37000 r--p 000ed000 08:34 7077974                    /usr/lib/x86_64-linux-gnu/nvidia/current/libGLX_nvidia.so.470.82.00
7f653fd37000-7f653fd3c000 rw-p 00136000 08:34 7077974                    /usr/lib/x86_64-linux-gnu/nvidia/current/libGLX_nvidia.so.470.82.00
7f653fd3c000-7f653fd3e000 rw-p 00000000 00:00 0 
7f653fd3e000-7f653fd7e000 r--p 00000000 08:34 3939091                    /usr/lib/x86_64-linux-gnu/libGLdispatch.so.0.0.0
7f653fd7e000-7f653fd81000 r-xp 00040000 08:34 3939091                    /usr/lib/x86_64-linux-gnu/libGLdispatch.so.0.0.0
7f653fd81000-7f653fdbc000 r-xp 00043000 08:34 3939091                    /usr/lib/x86_64-linux-gnu/libGLdispatch.so.0.0.0
7f653fdbc000-7f653fdbd000 r-xp 0007e000 08:34 3939091                    /usr/lib/x86_64-linux-gnu/libGLdispatch.so.0.0.0
7f653fdbd000-7f653fdd1000 r--p 0007f000 08:34 3939091                    /usr/lib/x86_64-linux-gnu/libGLdispatch.so.0.0.0
7f653fdd1000-7f653fded000 r--p 00092000 08:34 3939091                    /usr/lib/x86_64-linux-gnu/libGLdispatch.so.0.0.0
7f653fded000-7f653fdee000 rw-p 000ae000 08:34 3939091                    /usr/lib/x86_64-linux-gnu/libGLdispatch.so.0.0.0
7f653fdee000-7f653fdf6000 rw-p 00000000 00:00 0 
7f653fdf6000-7f653fdff000 r-xp 00000000 08:34 3939156                    /usr/lib/x86_64-linux-gnu/libXrender.so.1.3.0
7f653fdff000-7f653fffe000 ---p 00009000 08:34 3939156                    /usr/lib/x86_64-linux-gnu/libXrender.so.1.3.0
7f653fffe000-7f653ffff000 r--p 00008000 08:34 3939156                    /usr/lib/x86_64-linux-gnu/libXrender.so.1.3.0
7f653ffff000-7f6540000000 rw-p 00009000 08:34 3939156                    /usr/lib/x86_64-linux-gnu/libXrender.so.1.3.0
7f6540000000-7f6540021000 rw-p 00000000 00:00 0 
7f6540021000-7f6544000000 ---p 00000000 00:00 0 
7f6544008000-7f654400d000 r--s 002f9000 08:34 5122307                    /usr/lib/jvm/java-1.8.0-amazon-corretto/jre/lib/charsets.jar
7f654400d000-7f6544011000 r-xp 00000000 00:00 0 
7f6544011000-7f6544031000 rw-s 00000000 00:05 1034                       /dev/nvidiactl
7f6544031000-7f6544071000 rw-s 00000000 00:05 1034                       /dev/nvidiactl
7f6544071000-7f6544076000 r--p 00000000 08:34 3934790                    /usr/lib/x86_64-linux-gnu/libdrm.so.2.4.0
7f6544076000-7f6544080000 r-xp 00005000 08:34 3934790                    /usr/lib/x86_64-linux-gnu/libdrm.so.2.4.0
7f6544080000-7f6544084000 r--p 0000f000 08:34 3934790                    /usr/lib/x86_64-linux-gnu/libdrm.so.2.4.0
7f6544084000-7f6544085000 r--p 00012000 08:34 3934790                    /usr/lib/x86_64-linux-gnu/libdrm.so.2.4.0
7f6544085000-7f6544086000 rw-p 00013000 08:34 3934790                    /usr/lib/x86_64-linux-gnu/libdrm.so.2.4.0
7f6544086000-7f6544091000 r--p 00000000 08:34 3934154                    /usr/lib/x86_64-linux-gnu/libxcb-glx.so.0.0.0
7f6544091000-7f654409a000 r-xp 0000b000 08:34 3934154                    /usr/lib/x86_64-linux-gnu/libxcb-glx.so.0.0.0
7f654409a000-7f654409f000 r--p 00014000 08:34 3934154                    /usr/lib/x86_64-linux-gnu/libxcb-glx.so.0.0.0
7f654409f000-7f65440a0000 ---p 00019000 08:34 3934154                    /usr/lib/x86_64-linux-gnu/libxcb-glx.so.0.0.0
7f65440a0000-7f65440a2000 r--p 00019000 08:34 3934154                    /usr/lib/x86_64-linux-gnu/libxcb-glx.so.0.0.0
7f65440a2000-7f65440a3000 rw-p 0001b000 08:34 3934154                    /usr/lib/x86_64-linux-gnu/libxcb-glx.so.0.0.0
7f65440a3000-7f65440e6000 r--p 00000000 08:34 6292234                    /usr/lib/mesa-diverted/x86_64-linux-gnu/libGL.so.1.7.0
7f65440e6000-7f65440e9000 r-xp 00043000 08:34 6292234                    /usr/lib/mesa-diverted/x86_64-linux-gnu/libGL.so.1.7.0
7f65440e9000-7f6544104000 r-xp 00046000 08:34 6292234                    /usr/lib/mesa-diverted/x86_64-linux-gnu/libGL.so.1.7.0
7f6544104000-7f6544105000 r-xp 00061000 08:34 6292234                    /usr/lib/mesa-diverted/x86_64-linux-gnu/libGL.so.1.7.0
7f6544105000-7f654411a000 r--p 00062000 08:34 6292234                    /usr/lib/mesa-diverted/x86_64-linux-gnu/libGL.so.1.7.0
7f654411a000-7f6544128000 r--p 00076000 08:34 6292234                    /usr/lib/mesa-diverted/x86_64-linux-gnu/libGL.so.1.7.0
7f6544128000-7f6544129000 rw-p 00084000 08:34 6292234                    /usr/lib/mesa-diverted/x86_64-linux-gnu/libGL.so.1.7.0
7f6544129000-7f654412a000 rw-p 00000000 00:00 0 
7f654412a000-7f654412b000 r-xp 00000000 00:00 0 
7f654412b000-7f654412c000 r-xp 00000000 00:00 0 
7f654412c000-7f654412f000 rw-s 00000000 00:05 1034                       /dev/nvidiactl
7f6544133000-7f6544153000 rw-s 00000000 00:05 1034                       /dev/nvidiactl
7f6544173000-7f6544174000 r--p 00000000 08:34 3934439                    /usr/lib/x86_64-linux-gnu/libX11-xcb.so.1.0.0
7f6544174000-7f6544175000 r-xp 00001000 08:34 3934439                    /usr/lib/x86_64-linux-gnu/libX11-xcb.so.1.0.0
7f6544175000-7f6544176000 r--p 00002000 08:34 3934439                    /usr/lib/x86_64-linux-gnu/libX11-xcb.so.1.0.0
7f6544176000-7f6544177000 r--p 00002000 08:34 3934439                    /usr/lib/x86_64-linux-gnu/libX11-xcb.so.1.0.0
7f6544177000-7f6544178000 rw-p 00003000 08:34 3934439                    /usr/lib/x86_64-linux-gnu/libX11-xcb.so.1.0.0
7f6544178000-7f654417a000 r--p 00000000 08:34 3933927                    /usr/lib/x86_64-linux-gnu/libXfixes.so.3.1.0
7f654417a000-7f654417d000 r-xp 00002000 08:34 3933927                    /usr/lib/x86_64-linux-gnu/libXfixes.so.3.1.0
7f654417d000-7f654417e000 r--p 00005000 08:34 3933927                    /usr/lib/x86_64-linux-gnu/libXfixes.so.3.1.0
7f654417e000-7f654417f000 r--p 00005000 08:34 3933927                    /usr/lib/x86_64-linux-gnu/libXfixes.so.3.1.0
7f654417f000-7f6544180000 rw-p 00006000 08:34 3933927                    /usr/lib/x86_64-linux-gnu/libXfixes.so.3.1.0
7f6544180000-7f6544185000 r-xp 00000000 08:34 3939064                    /usr/lib/x86_64-linux-gnu/libXxf86vm.so.1.0.0
7f6544185000-7f6544384000 ---p 00005000 08:34 3939064                    /usr/lib/x86_64-linux-gnu/libXxf86vm.so.1.0.0
7f6544384000-7f6544385000 r--p 00004000 08:34 3939064                    /usr/lib/x86_64-linux-gnu/libXxf86vm.so.1.0.0
7f6544385000-7f6544386000 rw-p 00005000 08:34 3939064                    /usr/lib/x86_64-linux-gnu/libXxf86vm.so.1.0.0
7f6544386000-7f6544388000 rw-s 00000000 00:01 81780                      /memfd:/.glXXXXXX (deleted)
7f6544388000-7f6544389000 rw-s 00000000 00:05 1035                       /dev/nvidia0
7f6544389000-7f654438b000 rw-s 00000000 00:05 1034                       /dev/nvidiactl
7f654438b000-7f654438f000 rw-s 00000000 00:05 1034                       /dev/nvidiactl
7f654438f000-7f6544390000 rw-s 00000000 00:05 1035                       /dev/nvidia0
7f6544390000-7f6544391000 rw-s 00000000 00:05 1035                       /dev/nvidia0
7f6544391000-7f6544392000 rw-s 00000000 00:05 1035                       /dev/nvidia0
7f6544392000-7f6544393000 rw-s 00000000 00:05 1034                       /dev/nvidiactl
7f6544393000-7f6544394000 rw-s 00000000 00:05 1034                       /dev/nvidiactl
7f6544394000-7f6544397000 r--p 00000000 08:34 3937876                    /usr/lib/x86_64-linux-gnu/libGLX.so.0.0.0
7f6544397000-7f65443b2000 r-xp 00003000 08:34 3937876                    /usr/lib/x86_64-linux-gnu/libGLX.so.0.0.0
7f65443b2000-7f65443b6000 r--p 0001e000 08:34 3937876                    /usr/lib/x86_64-linux-gnu/libGLX.so.0.0.0
7f65443b6000-7f65443b7000 r--p 00021000 08:34 3937876                    /usr/lib/x86_64-linux-gnu/libGLX.so.0.0.0
7f65443b7000-7f65443b8000 rw-p 00022000 08:34 3937876                    /usr/lib/x86_64-linux-gnu/libGLX.so.0.0.0
7f65443b8000-7f65443c8000 rw-p 00000000 00:00 0 
7f65443c8000-7f65443cf000 r--s 00000000 08:34 3980780                    /usr/lib/x86_64-linux-gnu/gconv/gconv-modules.cache
7f65443cf000-7f65443d1000 r--p 00000000 08:34 3932335                    /usr/lib/x86_64-linux-gnu/libmd.so.0.0.5
7f65443d1000-7f65443d8000 r-xp 00002000 08:34 3932335                    /usr/lib/x86_64-linux-gnu/libmd.so.0.0.5
7f65443d8000-7f65443da000 r--p 00009000 08:34 3932335                    /usr/lib/x86_64-linux-gnu/libmd.so.0.0.5
7f65443da000-7f65443db000 r--p 0000a000 08:34 3932335                    /usr/lib/x86_64-linux-gnu/libmd.so.0.0.5
7f65443db000-7f65443dc000 rw-p 0000b000 08:34 3932335                    /usr/lib/x86_64-linux-gnu/libmd.so.0.0.5
7f65443dc000-7f65443e1000 r-xp 00000000 08:34 3938959                    /usr/lib/x86_64-linux-gnu/libXdmcp.so.6.0.0
7f65443e1000-7f65445e0000 ---p 00005000 08:34 3938959                    /usr/lib/x86_64-linux-gnu/libXdmcp.so.6.0.0
7f65445e0000-7f65445e1000 r--p 00004000 08:34 3938959                    /usr/lib/x86_64-linux-gnu/libXdmcp.so.6.0.0
7f65445e1000-7f65445e2000 rw-p 00005000 08:34 3938959                    /usr/lib/x86_64-linux-gnu/libXdmcp.so.6.0.0
7f65445e2000-7f65445ee000 r--p 00000000 08:34 3933956                    /usr/lib/x86_64-linux-gnu/libxcb.so.1.1.0
7f65445ee000-7f6544602000 r-xp 0000c000 08:34 3933956                    /usr/lib/x86_64-linux-gnu/libxcb.so.1.1.0
7f6544602000-7f654460b000 r--p 00020000 08:34 3933956                    /usr/lib/x86_64-linux-gnu/libxcb.so.1.1.0
7f654460b000-7f654460c000 r--p 00028000 08:34 3933956                    /usr/lib/x86_64-linux-gnu/libxcb.so.1.1.0
7f654460c000-7f654460d000 rw-p 00029000 08:34 3933956                    /usr/lib/x86_64-linux-gnu/libxcb.so.1.1.0
7f654460d000-7f6544629000 r--p 00000000 08:34 3935585                    /usr/lib/x86_64-linux-gnu/libX11.so.6.4.0
7f6544629000-7f65446b5000 r-xp 0001c000 08:34 3935585                    /usr/lib/x86_64-linux-gnu/libX11.so.6.4.0
7f65446b5000-7f6544749000 r--p 000a8000 08:34 3935585                    /usr/lib/x86_64-linux-gnu/libX11.so.6.4.0
7f6544749000-7f654474a000 ---p 0013c000 08:34 3935585                    /usr/lib/x86_64-linux-gnu/libX11.so.6.4.0
7f654474a000-7f654474b000 r--p 0013c000 08:34 3935585                    /usr/lib/x86_64-linux-gnu/libX11.so.6.4.0
7f654474b000-7f6544750000 rw-p 0013d000 08:34 3935585                    /usr/lib/x86_64-linux-gnu/libX11.so.6.4.0
7f6544750000-7f6544793000 r-xp 00000000 08:34 9437811                    /tmp/lwjglbrett/3.2.3-build-13/libglfw.so
7f6544793000-7f6544992000 ---p 00043000 08:34 9437811                    /tmp/lwjglbrett/3.2.3-build-13/libglfw.so
7f6544992000-7f6544993000 r--p 00042000 08:34 9437811                    /tmp/lwjglbrett/3.2.3-build-13/libglfw.so
7f6544993000-7f6544995000 rw-p 00043000 08:34 9437811                    /tmp/lwjglbrett/3.2.3-build-13/libglfw.so
7f6544995000-7f6544bb6000 rw-p 00000000 00:00 0 
7f6544bb6000-7f6544c07000 r-xp 00000000 08:34 9437808                    /tmp/lwjglbrett/3.2.3-build-13/liblwjgl.so
7f6544c07000-7f6544e06000 ---p 00051000 08:34 9437808                    /tmp/lwjglbrett/3.2.3-build-13/liblwjgl.so
7f6544e06000-7f6544e07000 r--p 00050000 08:34 9437808                    /tmp/lwjglbrett/3.2.3-build-13/liblwjgl.so
7f6544e07000-7f6544e08000 rw-p 00051000 08:34 9437808                    /tmp/lwjglbrett/3.2.3-build-13/liblwjgl.so
7f6544e08000-7f6544e11000 r-xp 00000000 08:34 5121742                    /usr/lib/jvm/java-1.8.0-amazon-corretto/jre/lib/amd64/libmanagement.so
7f6544e11000-7f6545010000 ---p 00009000 08:34 5121742                    /usr/lib/jvm/java-1.8.0-amazon-corretto/jre/lib/amd64/libmanagement.so
7f6545010000-7f6545011000 r--p 00008000 08:34 5121742                    /usr/lib/jvm/java-1.8.0-amazon-corretto/jre/lib/amd64/libmanagement.so
7f6545011000-7f6545012000 rw-p 00009000 08:34 5121742                    /usr/lib/jvm/java-1.8.0-amazon-corretto/jre/lib/amd64/libmanagement.so
7f6545012000-7f6545013000 ---p 00000000 00:00 0 
7f6545013000-7f6545113000 rw-p 00000000 00:00 0 
7f6545113000-7f6545116000 ---p 00000000 00:00 0 
7f6545116000-7f6545214000 rw-p 00000000 00:00 0 
7f6545214000-7f6545215000 ---p 00000000 00:00 0 
7f6545215000-7f6545218000 ---p 00000000 00:00 0 
7f6545218000-7f6545315000 rw-p 00000000 00:00 0 
7f6545315000-7f6545316000 ---p 00000000 00:00 0 
7f6545316000-7f6545319000 ---p 00000000 00:00 0 
7f6545319000-7f6545416000 rw-p 00000000 00:00 0 
7f6545416000-7f6545417000 ---p 00000000 00:00 0 
7f6545417000-7f654541a000 ---p 00000000 00:00 0 
7f654541a000-7f6545517000 rw-p 00000000 00:00 0 
7f6545517000-7f6545518000 ---p 00000000 00:00 0 
7f6545518000-7f654551b000 ---p 00000000 00:00 0 
7f654551b000-7f6545618000 rw-p 00000000 00:00 0 
7f6545618000-7f6545619000 ---p 00000000 00:00 0 
7f6545619000-7f654561c000 ---p 00000000 00:00 0 
7f654561c000-7f6545719000 rw-p 00000000 00:00 0 
7f6545719000-7f654571a000 ---p 00000000 00:00 0 
7f654571a000-7f654571d000 ---p 00000000 00:00 0 
7f654571d000-7f654581a000 rw-p 00000000 00:00 0 
7f654581a000-7f654581b000 ---p 00000000 00:00 0 
7f654581b000-7f654581e000 ---p 00000000 00:00 0 
7f654581e000-7f654591b000 rw-p 00000000 00:00 0 
7f654591b000-7f654591c000 ---p 00000000 00:00 0 
7f654591c000-7f654591f000 ---p 00000000 00:00 0 
7f654591f000-7f6545a1c000 rw-p 00000000 00:00 0 
7f6545a1c000-7f6545a1d000 ---p 00000000 00:00 0 
7f6545a1d000-7f6545a20000 ---p 00000000 00:00 0 
7f6545a20000-7f6545b1d000 rw-p 00000000 00:00 0 
7f6545b1d000-7f6545b1e000 ---p 00000000 00:00 0 
7f6545b1e000-7f6545b21000 ---p 00000000 00:00 0 
7f6545b21000-7f6545c1e000 rw-p 00000000 00:00 0 
7f6545c1e000-7f6545c1f000 ---p 00000000 00:00 0 
7f6545c1f000-7f6545c22000 ---p 00000000 00:00 0 
7f6545c22000-7f6545d1f000 rw-p 00000000 00:00 0 
7f6545d1f000-7f6545d20000 ---p 00000000 00:00 0 
7f6545d20000-7f6545d23000 ---p 00000000 00:00 0 
7f6545d23000-7f6545e20000 rw-p 00000000 00:00 0 
7f6545e20000-7f6545e38000 r-xp 00000000 08:34 5121713                    /usr/lib/jvm/java-1.8.0-amazon-corretto/jre/lib/amd64/libnet.so
7f6545e38000-7f6546037000 ---p 00018000 08:34 5121713                    /usr/lib/jvm/java-1.8.0-amazon-corretto/jre/lib/amd64/libnet.so
7f6546037000-7f6546038000 r--p 00017000 08:34 5121713                    /usr/lib/jvm/java-1.8.0-amazon-corretto/jre/lib/amd64/libnet.so
7f6546038000-7f6546039000 rw-p 00018000 08:34 5121713                    /usr/lib/jvm/java-1.8.0-amazon-corretto/jre/lib/amd64/libnet.so
7f6546039000-7f654604a000 r-xp 00000000 08:34 5121754                    /usr/lib/jvm/java-1.8.0-amazon-corretto/jre/lib/amd64/libnio.so
7f654604a000-7f654624a000 ---p 00011000 08:34 5121754                    /usr/lib/jvm/java-1.8.0-amazon-corretto/jre/lib/amd64/libnio.so
7f654624a000-7f654624b000 r--p 00011000 08:34 5121754                    /usr/lib/jvm/java-1.8.0-amazon-corretto/jre/lib/amd64/libnio.so
7f654624b000-7f654624c000 rw-p 00012000 08:34 5121754                    /usr/lib/jvm/java-1.8.0-amazon-corretto/jre/lib/amd64/libnio.so
7f654624c000-7f654624f000 ---p 00000000 00:00 0 
7f654624f000-7f654634d000 rw-p 00000000 00:00 0 
7f654634d000-7f6546bec000 r--p 00000000 08:34 3941331                    /usr/lib/locale/locale-archive
7f6546bec000-7f6546bef000 ---p 00000000 00:00 0 
7f6546bef000-7f6546ced000 rw-p 00000000 00:00 0 
7f6546ced000-7f6546cf0000 ---p 00000000 00:00 0 
7f6546cf0000-7f6546dee000 rw-p 00000000 00:00 0 
7f6546dee000-7f6546def000 ---p 00000000 00:00 0 
7f6546def000-7f6548000000 rw-p 00000000 00:00 0 
7f6548000000-7f6548021000 rw-p 00000000 00:00 0 
7f6548021000-7f654c000000 ---p 00000000 00:00 0 
7f654c000000-7f654c001000 rw-s 00000000 00:05 1034                       /dev/nvidiactl
7f654c001000-7f654c002000 rw-s 00044000 00:01 7168                       /memfd:/.nvidia_drv.XXXXXX (deleted)
7f654c002000-7f654c006000 r--p 00000000 08:34 3938076                    /usr/lib/x86_64-linux-gnu/libbsd.so.0.11.3
7f654c006000-7f654c012000 r-xp 00004000 08:34 3938076                    /usr/lib/x86_64-linux-gnu/libbsd.so.0.11.3
7f654c012000-7f654c015000 r--p 00010000 08:34 3938076                    /usr/lib/x86_64-linux-gnu/libbsd.so.0.11.3
7f654c015000-7f654c016000 ---p 00013000 08:34 3938076                    /usr/lib/x86_64-linux-gnu/libbsd.so.0.11.3
7f654c016000-7f654c017000 r--p 00013000 08:34 3938076                    /usr/lib/x86_64-linux-gnu/libbsd.so.0.11.3
7f654c017000-7f654c018000 rw-p 00014000 08:34 3938076                    /usr/lib/x86_64-linux-gnu/libbsd.so.0.11.3
7f654c018000-7f654c019000 rw-p 00000000 00:00 0 
7f654c019000-7f654c01a000 r--p 00000000 08:34 3936017                    /usr/lib/x86_64-linux-gnu/libXau.so.6.0.0
7f654c01a000-7f654c01b000 r-xp 00001000 08:34 3936017                    /usr/lib/x86_64-linux-gnu/libXau.so.6.0.0
7f654c01b000-7f654c01c000 r--p 00002000 08:34 3936017                    /usr/lib/x86_64-linux-gnu/libXau.so.6.0.0
7f654c01c000-7f654c01d000 r--p 00002000 08:34 3936017                    /usr/lib/x86_64-linux-gnu/libXau.so.6.0.0
7f654c01d000-7f654c01e000 rw-p 00003000 08:34 3936017                    /usr/lib/x86_64-linux-gnu/libXau.so.6.0.0
7f654c01e000-7f654c01f000 r--p 00000000 08:34 3949702                    /usr/lib/x86_64-linux-gnu/libXinerama.so.1.0.0
7f654c01f000-7f654c020000 r-xp 00001000 08:34 3949702                    /usr/lib/x86_64-linux-gnu/libXinerama.so.1.0.0
7f654c020000-7f654c021000 r--p 00002000 08:34 3949702                    /usr/lib/x86_64-linux-gnu/libXinerama.so.1.0.0
7f654c021000-7f654c022000 r--p 00002000 08:34 3949702                    /usr/lib/x86_64-linux-gnu/libXinerama.so.1.0.0
7f654c022000-7f654c023000 rw-p 00003000 08:34 3949702                    /usr/lib/x86_64-linux-gnu/libXinerama.so.1.0.0
7f654c023000-7f654c026000 r--p 00000000 08:34 3943331                    /usr/lib/x86_64-linux-gnu/libXcursor.so.1.0.2
7f654c026000-7f654c02c000 r-xp 00003000 08:34 3943331                    /usr/lib/x86_64-linux-gnu/libXcursor.so.1.0.2
7f654c02c000-7f654c02e000 r--p 00009000 08:34 3943331                    /usr/lib/x86_64-linux-gnu/libXcursor.so.1.0.2
7f654c02e000-7f654c02f000 r--p 0000a000 08:34 3943331                    /usr/lib/x86_64-linux-gnu/libXcursor.so.1.0.2
7f654c02f000-7f654c030000 rw-p 0000b000 08:34 3943331                    /usr/lib/x86_64-linux-gnu/libXcursor.so.1.0.2
7f654c030000-7f654c032000 r--p 00000000 08:34 3974177                    /usr/lib/x86_64-linux-gnu/libXrandr.so.2.2.0
7f654c032000-7f654c039000 r-xp 00002000 08:34 3974177                    /usr/lib/x86_64-linux-gnu/libXrandr.so.2.2.0
7f654c039000-7f654c03b000 r--p 00009000 08:34 3974177                    /usr/lib/x86_64-linux-gnu/libXrandr.so.2.2.0
7f654c03b000-7f654c03c000 r--p 0000a000 08:34 3974177                    /usr/lib/x86_64-linux-gnu/libXrandr.so.2.2.0
7f654c03c000-7f654c03d000 rw-p 0000b000 08:34 3974177                    /usr/lib/x86_64-linux-gnu/libXrandr.so.2.2.0
7f654c03d000-7f654c040000 r--p 00000000 08:34 3974143                    /usr/lib/x86_64-linux-gnu/libXi.so.6.1.0
7f654c040000-7f654c04c000 r-xp 00003000 08:34 3974143                    /usr/lib/x86_64-linux-gnu/libXi.so.6.1.0
7f654c04c000-7f654c04f000 r--p 0000f000 08:34 3974143                    /usr/lib/x86_64-linux-gnu/libXi.so.6.1.0
7f654c04f000-7f654c050000 r--p 00011000 08:34 3974143                    /usr/lib/x86_64-linux-gnu/libXi.so.6.1.0
7f654c050000-7f654c051000 rw-p 00012000 08:34 3974143                    /usr/lib/x86_64-linux-gnu/libXi.so.6.1.0
7f654c051000-7f654c055000 r--p 00000000 08:34 3946799                    /usr/lib/x86_64-linux-gnu/libXext.so.6.4.0
7f654c055000-7f654c060000 r-xp 00004000 08:34 3946799                    /usr/lib/x86_64-linux-gnu/libXext.so.6.4.0
7f654c060000-7f654c064000 r--p 0000f000 08:34 3946799                    /usr/lib/x86_64-linux-gnu/libXext.so.6.4.0
7f654c064000-7f654c065000 r--p 00012000 08:34 3946799                    /usr/lib/x86_64-linux-gnu/libXext.so.6.4.0
7f654c065000-7f654c066000 rw-p 00013000 08:34 3946799                    /usr/lib/x86_64-linux-gnu/libXext.so.6.4.0
7f654c066000-7f654c06c000 r-xp 00000000 00:00 0 
7f654c06c000-7f654c07f000 r--s 0034b000 08:34 5122310                    /usr/lib/jvm/java-1.8.0-amazon-corretto/jre/lib/resources.jar
7f654c07f000-7f6550000000 rw-p 00000000 00:00 0 
7f6550000000-7f6550021000 rw-p 00000000 00:00 0 
7f6550021000-7f6554000000 ---p 00000000 00:00 0 
7f6554000000-7f6554021000 rw-p 00000000 00:00 0 
7f6554021000-7f6558000000 ---p 00000000 00:00 0 
7f6558000000-7f6558021000 rw-p 00000000 00:00 0 
7f6558021000-7f655c000000 ---p 00000000 00:00 0 
7f655c000000-7f655c021000 rw-p 00000000 00:00 0 
7f655c021000-7f6560000000 ---p 00000000 00:00 0 
7f6560000000-7f6560021000 rw-p 00000000 00:00 0 
7f6560021000-7f6564000000 ---p 00000000 00:00 0 
7f6564000000-7f6564021000 rw-p 00000000 00:00 0 
7f6564021000-7f6568000000 ---p 00000000 00:00 0 
7f6568000000-7f6568021000 rw-p 00000000 00:00 0 
7f6568021000-7f656c000000 ---p 00000000 00:00 0 
7f656c000000-7f656c002000 r-xp 00000000 00:00 0 
7f656c002000-7f656c008000 r--s 000d3000 08:34 5122308                    /usr/lib/jvm/java-1.8.0-amazon-corretto/jre/lib/jfr.jar
7f656c008000-7f656c00e000 r--s 000a0000 08:33 44964194                   /home/brett/Documents/Brock/Gamers/Java Brock 2021 Project/Library/lwjglx-debug-1.0.0.jar
7f656c00e000-7f656c00f000 r--s 00017000 08:33 393614                     /home/brett/Documents/Brock/Gamers/Java Brock 2021 Project/Library/lib/native/lwjgl-tinyfd-natives-windows-x86.jar
7f656c00f000-7f656c010000 r--s 0001b000 08:33 393615                     /home/brett/Documents/Brock/Gamers/Java Brock 2021 Project/Library/lib/native/lwjgl-tinyfd-natives-windows.jar
7f656c010000-7f656c011000 r--s 0000a000 08:33 393613                     /home/brett/Documents/Brock/Gamers/Java Brock 2021 Project/Library/lib/native/lwjgl-tinyfd-natives-macos.jar
7f656c011000-7f656c012000 r--s 00009000 08:33 393612                     /home/brett/Documents/Brock/Gamers/Java Brock 2021 Project/Library/lib/native/lwjgl-tinyfd-natives-linux.jar
7f656c012000-7f656c014000 r--s 00025000 08:33 393610                     /home/brett/Documents/Brock/Gamers/Java Brock 2021 Project/Library/lib/native/lwjgl-tinyexr-natives-windows-x86.jar
7f656c014000-7f656c015000 r--s 0002c000 08:33 393611                     /home/brett/Documents/Brock/Gamers/Java Brock 2021 Project/Library/lib/native/lwjgl-tinyexr-natives-windows.jar
7f656c015000-7f656c016000 r--s 00012000 08:33 393609                     /home/brett/Documents/Brock/Gamers/Java Brock 2021 Project/Library/lib/native/lwjgl-tinyexr-natives-macos.jar
7f656c016000-7f656c017000 r--s 0000f000 08:33 393608                     /home/brett/Documents/Brock/Gamers/Java Brock 2021 Project/Library/lib/native/lwjgl-tinyexr-natives-linux.jar
7f656c017000-7f656c018000 r--s 00033000 08:33 393606                     /home/brett/Documents/Brock/Gamers/Java Brock 2021 Project/Library/lib/native/lwjgl-stb-natives-windows-x86.jar
7f656c018000-7f656c01a000 r--s 00039000 08:33 393607                     /home/brett/Documents/Brock/Gamers/Java Brock 2021 Project/Library/lib/native/lwjgl-stb-natives-windows.jar
7f656c01a000-7f656c01b000 r--s 0002f000 08:33 393605                     /home/brett/Documents/Brock/Gamers/Java Brock 2021 Project/Library/lib/native/lwjgl-stb-natives-macos.jar
7f656c01b000-7f656c01d000 r--s 00013000 08:33 393598                     /home/brett/Documents/Brock/Gamers/Java Brock 2021 Project/Library/lib/native/lwjgl-opengl-natives-windows-x86.jar
7f656c01d000-7f656c01f000 r--s 00015000 08:33 393599                     /home/brett/Documents/Brock/Gamers/Java Brock 2021 Project/Library/lib/native/lwjgl-opengl-natives-windows.jar
7f656c01f000-7f656c0b5000 r--s 007cf000 08:34 5122300                    /usr/lib/jvm/java-1.8.0-amazon-corretto/jre/lib/ext/jfxrt.jar
7f656c0b5000-7f656c204000 rw-p 00000000 00:00 0 
7f656c204000-7f656c3d5000 r--s 03c97000 08:34 5122309                    /usr/lib/jvm/java-1.8.0-amazon-corretto/jre/lib/rt.jar
7f656c3d5000-7f656c586000 rw-p 00000000 00:00 0 
7f656c586000-7f656c587000 ---p 00000000 00:00 0 
7f656c587000-7f656c687000 rw-p 00000000 00:00 0 
7f656c687000-7f656c688000 ---p 00000000 00:00 0 
7f656c688000-7f656c788000 rw-p 00000000 00:00 0 
7f656c788000-7f656c789000 ---p 00000000 00:00 0 
7f656c789000-7f656c889000 rw-p 00000000 00:00 0 
7f656c889000-7f656c88a000 ---p 00000000 00:00 0 
7f656c88a000-7f656c98a000 rw-p 00000000 00:00 0 
7f656c98a000-7f656c98b000 ---p 00000000 00:00 0 
7f656c98b000-7f656ca8b000 rw-p 00000000 00:00 0 
7f656ca8b000-7f656ca8c000 ---p 00000000 00:00 0 
7f656ca8c000-7f656cb8c000 rw-p 00000000 00:00 0 
7f656cb8c000-7f656cb8d000 ---p 00000000 00:00 0 
7f656cb8d000-7f656cc8d000 rw-p 00000000 00:00 0 
7f656cc8d000-7f656cc8e000 ---p 00000000 00:00 0 
7f656cc8e000-7f656cd8e000 rw-p 00000000 00:00 0 
7f656cd8e000-7f656cd8f000 ---p 00000000 00:00 0 
7f656cd8f000-7f656ce8f000 rw-p 00000000 00:00 0 
7f656ce8f000-7f656ce90000 ---p 00000000 00:00 0 
7f656ce90000-7f656cf90000 rw-p 00000000 00:00 0 
7f656cf90000-7f656cf91000 ---p 00000000 00:00 0 
7f656cf91000-7f656d091000 rw-p 00000000 00:00 0 
7f656d091000-7f656d092000 ---p 00000000 00:00 0 
7f656d092000-7f656d2e2000 rw-p 00000000 00:00 0 
7f656d2e2000-7f656e683000 ---p 00000000 00:00 0 
7f656e683000-7f656e7d3000 rw-p 00000000 00:00 0 
7f656e7d3000-7f656fb73000 ---p 00000000 00:00 0 
7f656fb73000-7f656fc1c000 rw-p 00000000 00:00 0 
7f656fc1c000-7f65705ec000 ---p 00000000 00:00 0 
7f65705ec000-7f657060b000 rw-p 00000000 00:00 0 
7f657060b000-7f65709ad000 ---p 00000000 00:00 0 
7f65709ad000-7f65710fd000 rwxp 00000000 00:00 0 
7f65710fd000-7f657f9ad000 ---p 00000000 00:00 0 
7f657f9ad000-7f657f9c8000 r-xp 00000000 08:34 5121722                    /usr/lib/jvm/java-1.8.0-amazon-corretto/jre/lib/amd64/libzip.so
7f657f9c8000-7f657fbc7000 ---p 0001b000 08:34 5121722                    /usr/lib/jvm/java-1.8.0-amazon-corretto/jre/lib/amd64/libzip.so
7f657fbc7000-7f657fbc8000 r--p 0001a000 08:34 5121722                    /usr/lib/jvm/java-1.8.0-amazon-corretto/jre/lib/amd64/libzip.so
7f657fbc8000-7f657fbc9000 rw-p 0001b000 08:34 5121722                    /usr/lib/jvm/java-1.8.0-amazon-corretto/jre/lib/amd64/libzip.so
7f657fbc9000-7f657fbd3000 r-xp 00000000 08:34 5121733                    /usr/lib/jvm/java-1.8.0-amazon-corretto/jre/lib/amd64/libinstrument.so
7f657fbd3000-7f657fdd2000 ---p 0000a000 08:34 5121733                    /usr/lib/jvm/java-1.8.0-amazon-corretto/jre/lib/amd64/libinstrument.so
7f657fdd2000-7f657fdd3000 r--p 00009000 08:34 5121733                    /usr/lib/jvm/java-1.8.0-amazon-corretto/jre/lib/amd64/libinstrument.so
7f657fdd3000-7f657fdd4000 rw-p 0000a000 08:34 5121733                    /usr/lib/jvm/java-1.8.0-amazon-corretto/jre/lib/amd64/libinstrument.so
7f657fdd4000-7f657fdfe000 r-xp 00000000 08:34 5114839                    /usr/lib/jvm/java-1.8.0-amazon-corretto/jre/lib/amd64/libjava.so
7f657fdfe000-7f657fffd000 ---p 0002a000 08:34 5114839                    /usr/lib/jvm/java-1.8.0-amazon-corretto/jre/lib/amd64/libjava.so
7f657fffd000-7f657fffe000 r--p 00029000 08:34 5114839                    /usr/lib/jvm/java-1.8.0-amazon-corretto/jre/lib/amd64/libjava.so
7f657fffe000-7f6580000000 rw-p 0002a000 08:34 5114839                    /usr/lib/jvm/java-1.8.0-amazon-corretto/jre/lib/amd64/libjava.so
7f6580000000-7f6583fc9000 rw-p 00000000 00:00 0 
7f6583fc9000-7f6584000000 ---p 00000000 00:00 0 
7f6584000000-7f6584001000 r--s 00030000 08:33 393604                     /home/brett/Documents/Brock/Gamers/Java Brock 2021 Project/Library/lib/native/lwjgl-stb-natives-linux.jar
7f6584001000-7f6584002000 r--s 00009000 08:33 393597                     /home/brett/Documents/Brock/Gamers/Java Brock 2021 Project/Library/lib/native/lwjgl-opengl-natives-macos.jar
7f6584002000-7f6584003000 r--s 00013000 08:33 393596                     /home/brett/Documents/Brock/Gamers/Java Brock 2021 Project/Library/lib/native/lwjgl-opengl-natives-linux.jar
7f6584003000-7f6584004000 r--s 0000e000 08:33 393602                     /home/brett/Documents/Brock/Gamers/Java Brock 2021 Project/Library/lib/native/lwjgl-opengles-natives-windows-x86.jar
7f6584004000-7f6584005000 r--s 00010000 08:33 393603                     /home/brett/Documents/Brock/Gamers/Java Brock 2021 Project/Library/lib/native/lwjgl-opengles-natives-windows.jar
7f6584005000-7f6584006000 r--s 00004000 08:33 393601                     /home/brett/Documents/Brock/Gamers/Java Brock 2021 Project/Library/lib/native/lwjgl-opengles-natives-macos.jar
7f6584006000-7f6584007000 r--s 00008000 08:33 393600                     /home/brett/Documents/Brock/Gamers/Java Brock 2021 Project/Library/lib/native/lwjgl-opengles-natives-linux.jar
7f6584007000-7f6584008000 r--s 00095000 08:33 393594                     /home/brett/Documents/Brock/Gamers/Java Brock 2021 Project/Library/lib/native/lwjgl-openal-natives-windows-x86.jar
7f6584008000-7f6584009000 r--s 0009e000 08:33 393595                     /home/brett/Documents/Brock/Gamers/Java Brock 2021 Project/Library/lib/native/lwjgl-openal-natives-windows.jar
7f6584009000-7f658400b000 r--s 00080000 08:33 393593                     /home/brett/Documents/Brock/Gamers/Java Brock 2021 Project/Library/lib/native/lwjgl-openal-natives-macos.jar
7f658400b000-7f658400c000 r--s 00090000 08:33 393592                     /home/brett/Documents/Brock/Gamers/Java Brock 2021 Project/Library/lib/native/lwjgl-openal-natives-linux.jar
7f658400c000-7f658400d000 r--s 0000f000 08:33 393590                     /home/brett/Documents/Brock/Gamers/Java Brock 2021 Project/Library/lib/native/lwjgl-nfd-natives-windows-x86.jar
7f658400d000-7f658400e000 r--s 00011000 08:33 393591                     /home/brett/Documents/Brock/Gamers/Java Brock 2021 Project/Library/lib/native/lwjgl-nfd-natives-windows.jar
7f658400e000-7f658400f000 r--s 00001000 08:33 393589                     /home/brett/Documents/Brock/Gamers/Java Brock 2021 Project/Library/lib/native/lwjgl-nfd-natives-macos.jar
7f658400f000-7f6584010000 r--s 00001000 08:33 393588                     /home/brett/Documents/Brock/Gamers/Java Brock 2021 Project/Library/lib/native/lwjgl-nfd-natives-linux.jar
7f6584010000-7f6584012000 r--s 0001c000 08:33 393586                     /home/brett/Documents/Brock/Gamers/Java Brock 2021 Project/Library/lib/native/lwjgl-natives-windows-x86.jar
7f6584012000-7f6584014000 r--s 00020000 08:33 393587                     /home/brett/Documents/Brock/Gamers/Java Brock 2021 Project/Library/lib/native/lwjgl-natives-windows.jar
7f6584014000-7f6584015000 r--s 00009000 08:33 393585                     /home/brett/Documents/Brock/Gamers/Java Brock 2021 Project/Library/lib/native/lwjgl-natives-macos.jar
7f6584015000-7f6584016000 r--s 00012000 08:33 393584                     /home/brett/Documents/Brock/Gamers/Java Brock 2021 Project/Library/lib/native/lwjgl-natives-linux.jar
7f6584016000-7f6584017000 r--s 00012000 08:33 393582                     /home/brett/Documents/Brock/Gamers/Java Brock 2021 Project/Library/lib/native/lwjgl-lz4-natives-windows-x86.jar
7f6584017000-7f6584018000 r--s 00015000 08:33 393583                     /home/brett/Documents/Brock/Gamers/Java Brock 2021 Project/Library/lib/native/lwjgl-lz4-natives-windows.jar
7f6584018000-7f6584019000 r--s 00017000 08:33 393581                     /home/brett/Documents/Brock/Gamers/Java Brock 2021 Project/Library/lib/native/lwjgl-lz4-natives-macos.jar
7f6584019000-7f658401b000 r--s 0000f000 08:33 393580                     /home/brett/Documents/Brock/Gamers/Java Brock 2021 Project/Library/lib/native/lwjgl-lz4-natives-linux.jar
7f658401b000-7f658401c000 r--s 00020000 08:33 393578                     /home/brett/Documents/Brock/Gamers/Java Brock 2021 Project/Library/lib/native/lwjgl-glfw-natives-windows-x86.jar
7f658401c000-7f658401e000 r--s 00021000 08:33 393579                     /home/brett/Documents/Brock/Gamers/Java Brock 2021 Project/Library/lib/native/lwjgl-glfw-natives-windows.jar
7f658401e000-7f6584020000 r--s 0000f000 08:33 393577                     /home/brett/Documents/Brock/Gamers/Java Brock 2021 Project/Library/lib/native/lwjgl-glfw-natives-macos.jar
7f6584020000-7f6584021000 r--s 00026000 08:33 393576                     /home/brett/Documents/Brock/Gamers/Java Brock 2021 Project/Library/lib/native/lwjgl-glfw-natives-linux.jar
7f6584021000-7f6584022000 r--s 0020e000 08:33 393574                     /home/brett/Documents/Brock/Gamers/Java Brock 2021 Project/Library/lib/native/lwjgl-assimp-natives-windows-x86.jar
7f6584022000-7f6584024000 r--s 00278000 08:33 393575                     /home/brett/Documents/Brock/Gamers/Java Brock 2021 Project/Library/lib/native/lwjgl-assimp-natives-windows.jar
7f6584024000-7f6584025000 r--s 002fe000 08:33 393573                     /home/brett/Documents/Brock/Gamers/Java Brock 2021 Project/Library/lib/native/lwjgl-assimp-natives-macos.jar
7f6584025000-7f6584027000 r--s 003ff000 08:33 393572                     /home/brett/Documents/Brock/Gamers/Java Brock 2021 Project/Library/lib/native/lwjgl-assimp-natives-linux.jar
7f6584027000-7f6584028000 r--s 00001000 08:33 393641                     /home/brett/Documents/Brock/Gamers/Java Brock 2021 Project/Library/lib/lwjgl-tinyfd.jar
7f6584028000-7f6584029000 r--s 0000a000 08:33 393640                     /home/brett/Documents/Brock/Gamers/Java Brock 2021 Project/Library/lib/lwjgl-tinyexr.jar
7f6584029000-7f658402b000 r--s 00018000 08:33 393639                     /home/brett/Documents/Brock/Gamers/Java Brock 2021 Project/Library/lib/lwjgl-stb.jar
7f658402b000-7f6584086000 rw-p 00000000 00:00 0 
7f6584086000-7f6584087000 ---p 00000000 00:00 0 
7f6584087000-7f6584187000 rw-p 00000000 00:00 0 
7f6584187000-7f6584198000 r-xp 00000000 08:34 5114812                    /usr/lib/jvm/java-1.8.0-amazon-corretto/jre/lib/amd64/libverify.so
7f6584198000-7f6584397000 ---p 00011000 08:34 5114812                    /usr/lib/jvm/java-1.8.0-amazon-corretto/jre/lib/amd64/libverify.so
7f6584397000-7f6584399000 r--p 00010000 08:34 5114812                    /usr/lib/jvm/java-1.8.0-amazon-corretto/jre/lib/amd64/libverify.so
7f6584399000-7f658439a000 rw-p 00012000 08:34 5114812                    /usr/lib/jvm/java-1.8.0-amazon-corretto/jre/lib/amd64/libverify.so
7f658439a000-7f658439d000 r--p 00000000 08:34 3956590                    /usr/lib/x86_64-linux-gnu/librt-2.32.so
7f658439d000-7f65843a1000 r-xp 00003000 08:34 3956590                    /usr/lib/x86_64-linux-gnu/librt-2.32.so
7f65843a1000-7f65843a2000 r--p 00007000 08:34 3956590                    /usr/lib/x86_64-linux-gnu/librt-2.32.so
7f65843a2000-7f65843a3000 ---p 00008000 08:34 3956590                    /usr/lib/x86_64-linux-gnu/librt-2.32.so
7f65843a3000-7f65843a4000 r--p 00008000 08:34 3956590                    /usr/lib/x86_64-linux-gnu/librt-2.32.so
7f65843a4000-7f65843a5000 rw-p 00009000 08:34 3956590                    /usr/lib/x86_64-linux-gnu/librt-2.32.so
7f65843a5000-7f65843a6000 ---p 00000000 00:00 0 
7f65843a6000-7f65843a9000 ---p 00000000 00:00 0 
7f65843a9000-7f65844a6000 rw-p 00000000 00:00 0 
7f65844a6000-7f65844b5000 r--p 00000000 08:34 3945130                    /usr/lib/x86_64-linux-gnu/libm-2.32.so
7f65844b5000-7f6584550000 r-xp 0000f000 08:34 3945130                    /usr/lib/x86_64-linux-gnu/libm-2.32.so
7f6584550000-7f65845e9000 r--p 000aa000 08:34 3945130                    /usr/lib/x86_64-linux-gnu/libm-2.32.so
7f65845e9000-7f65845ea000 r--p 00142000 08:34 3945130                    /usr/lib/x86_64-linux-gnu/libm-2.32.so
7f65845ea000-7f65845eb000 rw-p 00143000 08:34 3945130                    /usr/lib/x86_64-linux-gnu/libm-2.32.so
7f65845eb000-7f6585343000 r-xp 00000000 08:34 5114742                    /usr/lib/jvm/java-1.8.0-amazon-corretto/jre/lib/amd64/server/libjvm.so
7f6585343000-7f6585542000 ---p 00d58000 08:34 5114742                    /usr/lib/jvm/java-1.8.0-amazon-corretto/jre/lib/amd64/server/libjvm.so
7f6585542000-7f65855d9000 r--p 00d57000 08:34 5114742                    /usr/lib/jvm/java-1.8.0-amazon-corretto/jre/lib/amd64/server/libjvm.so
7f65855d9000-7f6585602000 rw-p 00dee000 08:34 5114742                    /usr/lib/jvm/java-1.8.0-amazon-corretto/jre/lib/amd64/server/libjvm.so
7f6585602000-7f6585637000 rw-p 00000000 00:00 0 
7f6585637000-7f658565d000 r--p 00000000 08:34 3945128                    /usr/lib/x86_64-linux-gnu/libc-2.32.so
7f658565d000-7f65857a6000 r-xp 00026000 08:34 3945128                    /usr/lib/x86_64-linux-gnu/libc-2.32.so
7f65857a6000-7f65857f1000 r--p 0016f000 08:34 3945128                    /usr/lib/x86_64-linux-gnu/libc-2.32.so
7f65857f1000-7f65857f2000 ---p 001ba000 08:34 3945128                    /usr/lib/x86_64-linux-gnu/libc-2.32.so
7f65857f2000-7f65857f5000 r--p 001ba000 08:34 3945128                    /usr/lib/x86_64-linux-gnu/libc-2.32.so
7f65857f5000-7f65857f8000 rw-p 001bd000 08:34 3945128                    /usr/lib/x86_64-linux-gnu/libc-2.32.so
7f65857f8000-7f65857fc000 rw-p 00000000 00:00 0 
7f65857fc000-7f65857fd000 r--p 00000000 08:34 3945129                    /usr/lib/x86_64-linux-gnu/libdl-2.32.so
7f65857fd000-7f65857ff000 r-xp 00001000 08:34 3945129                    /usr/lib/x86_64-linux-gnu/libdl-2.32.so
7f65857ff000-7f6585800000 r--p 00003000 08:34 3945129                    /usr/lib/x86_64-linux-gnu/libdl-2.32.so
7f6585800000-7f6585801000 r--p 00003000 08:34 3945129                    /usr/lib/x86_64-linux-gnu/libdl-2.32.so
7f6585801000-7f6585802000 rw-p 00004000 08:34 3945129                    /usr/lib/x86_64-linux-gnu/libdl-2.32.so
7f6585802000-7f6585819000 r-xp 00000000 08:34 5114804                    /usr/lib/jvm/java-1.8.0-amazon-corretto/jre/lib/amd64/jli/libjli.so
7f6585819000-7f6585a18000 ---p 00017000 08:34 5114804                    /usr/lib/jvm/java-1.8.0-amazon-corretto/jre/lib/amd64/jli/libjli.so
7f6585a18000-7f6585a19000 r--p 00016000 08:34 5114804                    /usr/lib/jvm/java-1.8.0-amazon-corretto/jre/lib/amd64/jli/libjli.so
7f6585a19000-7f6585a1a000 rw-p 00017000 08:34 5114804                    /usr/lib/jvm/java-1.8.0-amazon-corretto/jre/lib/amd64/jli/libjli.so
7f6585a1a000-7f6585a21000 r--p 00000000 08:34 3956588                    /usr/lib/x86_64-linux-gnu/libpthread-2.32.so
7f6585a21000-7f6585a30000 r-xp 00007000 08:34 3956588                    /usr/lib/x86_64-linux-gnu/libpthread-2.32.so
7f6585a30000-7f6585a35000 r--p 00016000 08:34 3956588                    /usr/lib/x86_64-linux-gnu/libpthread-2.32.so
7f6585a35000-7f6585a36000 r--p 0001a000 08:34 3956588                    /usr/lib/x86_64-linux-gnu/libpthread-2.32.so
7f6585a36000-7f6585a37000 rw-p 0001b000 08:34 3956588                    /usr/lib/x86_64-linux-gnu/libpthread-2.32.so
7f6585a37000-7f6585a3b000 rw-p 00000000 00:00 0 
7f6585a3b000-7f6585a42000 r--s 00051000 08:33 393638                     /home/brett/Documents/Brock/Gamers/Java Brock 2021 Project/Library/lib/lwjgl-opengles.jar
7f6585a42000-7f6585a4d000 r--s 000da000 08:33 393637                     /home/brett/Documents/Brock/Gamers/Java Brock 2021 Project/Library/lib/lwjgl-opengl.jar
7f6585a4d000-7f6585a4f000 r--s 00012000 08:33 393636                     /home/brett/Documents/Brock/Gamers/Java Brock 2021 Project/Library/lib/lwjgl-openal.jar
7f6585a4f000-7f6585a51000 r--s 00001000 08:33 393635                     /home/brett/Documents/Brock/Gamers/Java Brock 2021 Project/Library/lib/lwjgl-nfd.jar
7f6585a51000-7f6585a53000 r--s 0000b000 08:33 393634                     /home/brett/Documents/Brock/Gamers/Java Brock 2021 Project/Library/lib/lwjgl-lz4.jar
7f6585a53000-7f6585a56000 r--s 00018000 08:33 393633                     /home/brett/Documents/Brock/Gamers/Java Brock 2021 Project/Library/lib/lwjgl-glfw.jar
7f6585a56000-7f6585a5a000 r--s 0001f000 08:33 393632                     /home/brett/Documents/Brock/Gamers/Java Brock 2021 Project/Library/lib/lwjgl-egl.jar
7f6585a5a000-7f6585a5d000 r--s 00033000 08:33 393631                     /home/brett/Documents/Brock/Gamers/Java Brock 2021 Project/Library/lib/lwjgl-assimp.jar
7f6585a5d000-7f6585a64000 r--s 00081000 08:33 393642                     /home/brett/Documents/Brock/Gamers/Java Brock 2021 Project/Library/lib/lwjgl.jar
7f6585a64000-7f6585a67000 r--s 000a5000 08:33 393630                     /home/brett/Documents/Brock/Gamers/Java Brock 2021 Project/Library/lib/joml-1.10.2.jar
7f6585a67000-7f6585a6f000 rw-s 00000000 08:34 9437576                    /tmp/hsperfdata_brett/1747536
7f6585a6f000-7f6585a72000 r--p 00000000 08:34 3956584                    /usr/lib/x86_64-linux-gnu/libnss_files-2.32.so
7f6585a72000-7f6585a78000 r-xp 00003000 08:34 3956584                    /usr/lib/x86_64-linux-gnu/libnss_files-2.32.so
7f6585a78000-7f6585a7a000 r--p 00009000 08:34 3956584                    /usr/lib/x86_64-linux-gnu/libnss_files-2.32.so
7f6585a7a000-7f6585a7b000 r--p 0000a000 08:34 3956584                    /usr/lib/x86_64-linux-gnu/libnss_files-2.32.so
7f6585a7b000-7f6585a7c000 rw-p 0000b000 08:34 3956584                    /usr/lib/x86_64-linux-gnu/libnss_files-2.32.so
7f6585a7c000-7f6585a83000 rw-p 00000000 00:00 0 
7f6585a83000-7f6585a84000 r--p 00000000 00:00 0 
7f6585a84000-7f6585a86000 rw-p 00000000 00:00 0 
7f6585a86000-7f6585a87000 r--p 00000000 08:34 3945124                    /usr/lib/x86_64-linux-gnu/ld-2.32.so
7f6585a87000-7f6585aa7000 r-xp 00001000 08:34 3945124                    /usr/lib/x86_64-linux-gnu/ld-2.32.so
7f6585aa7000-7f6585ab0000 r--p 00021000 08:34 3945124                    /usr/lib/x86_64-linux-gnu/ld-2.32.so
7f6585ab0000-7f6585ab1000 r--p 00029000 08:34 3945124                    /usr/lib/x86_64-linux-gnu/ld-2.32.so
7f6585ab1000-7f6585ab3000 rw-p 0002a000 08:34 3945124                    /usr/lib/x86_64-linux-gnu/ld-2.32.so
7ffde7eac000-7ffde7ece000 rw-p 00000000 00:00 0                          [stack]
7ffde7f08000-7ffde7f0c000 r--p 00000000 00:00 0                          [vvar]
7ffde7f0c000-7ffde7f0e000 r-xp 00000000 00:00 0                          [vdso]

VM Arguments:
jvm_args: -javaagent:/home/brett/Documents/Brock/Gamers/Java Brock 2021 Project/Library/lwjglx-debug-1.0.0.jar -Dfile.encoding=UTF-8 
java_command: com.game.Main
java_class_path (initial): /home/brett/Documents/Brock/Gamers/Java Brock 2021 Project/Game/bin:/home/brett/Documents/Brock/Gamers/Java Brock 2021 Project/Library/lib/joml-1.10.2.jar:/home/brett/Documents/Brock/Gamers/Java Brock 2021 Project/Library/lib/lwjgl.jar:/home/brett/Documents/Brock/Gamers/Java Brock 2021 Project/Library/lib/lwjgl-assimp.jar:/home/brett/Documents/Brock/Gamers/Java Brock 2021 Project/Library/lib/lwjgl-egl.jar:/home/brett/Documents/Brock/Gamers/Java Brock 2021 Project/Library/lib/lwjgl-glfw.jar:/home/brett/Documents/Brock/Gamers/Java Brock 2021 Project/Library/lib/lwjgl-lz4.jar:/home/brett/Documents/Brock/Gamers/Java Brock 2021 Project/Library/lib/lwjgl-nfd.jar:/home/brett/Documents/Brock/Gamers/Java Brock 2021 Project/Library/lib/lwjgl-openal.jar:/home/brett/Documents/Brock/Gamers/Java Brock 2021 Project/Library/lib/lwjgl-opengl.jar:/home/brett/Documents/Brock/Gamers/Java Brock 2021 Project/Library/lib/lwjgl-opengles.jar:/home/brett/Documents/Brock/Gamers/Java Brock 2021 Project/Library/lib/lwjgl-stb.jar:/home/brett/Documents/Brock/Gamers/Java Brock 2021 Project/Library/lib/lwjgl-tinyexr.jar:/home/brett/Documents/Brock/Gamers/Java Brock 2021 Project/Library/lib/lwjgl-tinyfd.jar:/home/brett/Documents/Brock/Gamers/Java Brock 2021 Project/Library/lib/native/lwjgl-assimp-natives-linux.jar:/home/brett/Documents/Brock/Gamers/Java Brock 2021 Project/Library/lib/native/lwjgl-assimp-natives-macos.jar:/home/brett/Documents/Brock/Gamers/Java Brock 2021 Project/Library/lib/native/lwjgl-assimp-natives-windows.jar:/home/brett/Documents/Brock/Gamers/Java Brock 2021 Project/Library/lib/native/lwjgl-assimp-natives-windows-x86.jar:/home/brett/Documents/Brock/Gamers/Java Brock 2021 Project/Library/lib/native/lwjgl-glfw-natives-linux.jar:/home/brett/Documents/Brock/Gamers/Java Brock 2021 Project/Library/lib/native/lwjgl-glfw-natives-macos.jar:/home/brett/Documents/Brock/Gamers/Java Brock 2021 Project/Library/lib/native/lwjgl-glfw-natives-windows.jar:/home/brett
Launcher Type: SUN_STANDARD

Environment Variables:
PATH=/home/brett/.cargo/bin:/home/brett/.local/bin:/usr/local/bin:/usr/bin:/bin:/usr/local/games:/usr/games:/snap/bin:/home/brett/.dotnet/tools
SHELL=/bin/bash
DISPLAY=:0

Signal Handlers:
SIGSEGV: [libjvm.so+0xb324b0], sa_mask[0]=11111111011111111101111111111110, sa_flags=SA_RESTART|SA_SIGINFO
SIGBUS: [libjvm.so+0xb324b0], sa_mask[0]=11111111011111111101111111111110, sa_flags=SA_RESTART|SA_SIGINFO
SIGFPE: [libjvm.so+0x95a060], sa_mask[0]=11111111011111111101111111111110, sa_flags=SA_RESTART|SA_SIGINFO
SIGPIPE: [libjvm.so+0x95a060], sa_mask[0]=11111111011111111101111111111110, sa_flags=SA_RESTART|SA_SIGINFO
SIGXFSZ: [libjvm.so+0x95a060], sa_mask[0]=11111111011111111101111111111110, sa_flags=SA_RESTART|SA_SIGINFO
SIGILL: [libjvm.so+0x95a060], sa_mask[0]=11111111011111111101111111111110, sa_flags=SA_RESTART|SA_SIGINFO
SIGUSR1: SIG_DFL, sa_mask[0]=00000000000000000000000000000000, sa_flags=none
SIGUSR2: [libjvm.so+0x959f30], sa_mask[0]=00100000000000000000000000000000, sa_flags=SA_RESTART|SA_SIGINFO
SIGHUP: [libjvm.so+0x95a550], sa_mask[0]=11111111011111111101111111111110, sa_flags=SA_RESTART|SA_SIGINFO
SIGINT: [libjvm.so+0x95a550], sa_mask[0]=11111111011111111101111111111110, sa_flags=SA_RESTART|SA_SIGINFO
SIGTERM: [libjvm.so+0x95a550], sa_mask[0]=11111111011111111101111111111110, sa_flags=SA_RESTART|SA_SIGINFO
SIGQUIT: [libjvm.so+0x95a550], sa_mask[0]=11111111011111111101111111111110, sa_flags=SA_RESTART|SA_SIGINFO


---------------  S Y S T E M  ---------------

OS:PRETTY_NAME="Debian GNU/Linux bookworm/sid"
NAME="Debian GNU/Linux"
ID=debian
HOME_URL="https://www.debian.org/"
SUPPORT_URL="https://www.debian.org/support"
BUG_REPORT_URL="https://bugs.debian.org/"

uname:Linux 5.10.0-9-amd64 #1 SMP Debian 5.10.70-1 (2021-09-30) x86_64
libc:glibc 2.32 NPTL 2.32 
rlimit: STACK 8192k, CORE 0k, NPROC 256733, NOFILE 1048576, AS infinity
load average:2.02 2.29 2.13

/proc/meminfo:
MemTotal:       65868296 kB
MemFree:          619140 kB
MemAvailable:   23790936 kB
Buffers:         2246812 kB
Cached:         20935816 kB
SwapCached:       960000 kB
Active:         36757084 kB
Inactive:       24965332 kB
Active(anon):   22301684 kB
Inactive(anon): 17180908 kB
Active(file):   14455400 kB
Inactive(file):  7784424 kB
Unevictable:        2080 kB
Mlocked:            2080 kB
SwapTotal:      41554936 kB
SwapFree:       36065784 kB
Dirty:              1480 kB
Writeback:             0 kB
AnonPages:      37869404 kB
Mapped:          3309816 kB
Shmem:            962516 kB
KReclaimable:    1663692 kB
Slab:            2290424 kB
SReclaimable:    1663692 kB
SUnreclaim:       626732 kB
KernelStack:       40032 kB
PageTables:       224644 kB
NFS_Unstable:          0 kB
Bounce:                0 kB
WritebackTmp:          0 kB
CommitLimit:    74489084 kB
Committed_AS:   66822068 kB
VmallocTotal:   34359738367 kB
VmallocUsed:      243180 kB
VmallocChunk:          0 kB
Percpu:            54912 kB
HardwareCorrupted:     0 kB
AnonHugePages:   2564096 kB
ShmemHugePages:        0 kB
ShmemPmdMapped:        0 kB
FileHugePages:         0 kB
FilePmdMapped:         0 kB
HugePages_Total:       0
HugePages_Free:        0
HugePages_Rsvd:        0
HugePages_Surp:        0
Hugepagesize:       2048 kB
Hugetlb:               0 kB
DirectMap4k:    11776612 kB
DirectMap2M:    55277568 kB
DirectMap1G:     1048576 kB


CPU:total 16 (initial active 16) (16 cores per cpu, 1 threads per core) family 23 model 113 stepping 0, cmov, cx8, fxsr, mmx, sse, sse2, sse3, ssse3, sse4.1, sse4.2, popcnt, avx, avx2, aes, clmul, mmxext, 3dnowpref, lzcnt, sse4a, tsc, tscinvbit, tscinv, bmi1

/proc/cpuinfo:
processor	: 0
vendor_id	: AuthenticAMD
cpu family	: 23
model		: 113
model name	: AMD Ryzen 7 3800X 8-Core Processor
stepping	: 0
microcode	: 0x8701021
cpu MHz		: 4249.628
cache size	: 512 KB
physical id	: 0
siblings	: 16
core id		: 0
cpu cores	: 8
apicid		: 0
initial apicid	: 0
fpu		: yes
fpu_exception	: yes
cpuid level	: 16
wp		: yes
flags		: fpu vme de pse tsc msr pae mce cx8 apic sep mtrr pge mca cmov pat pse36 clflush mmx fxsr sse sse2 ht syscall nx mmxext fxsr_opt pdpe1gb rdtscp lm constant_tsc rep_good nopl nonstop_tsc cpuid extd_apicid aperfmperf pni pclmulqdq monitor ssse3 fma cx16 sse4_1 sse4_2 movbe popcnt aes xsave avx f16c rdrand lahf_lm cmp_legacy svm extapic cr8_legacy abm sse4a misalignsse 3dnowprefetch osvw ibs skinit wdt tce topoext perfctr_core perfctr_nb bpext perfctr_llc mwaitx cpb cat_l3 cdp_l3 hw_pstate sme ssbd mba sev ibpb stibp vmmcall sev_es fsgsbase bmi1 avx2 smep bmi2 cqm rdt_a rdseed adx smap clflushopt clwb sha_ni xsaveopt xsavec xgetbv1 xsaves cqm_llc cqm_occup_llc cqm_mbm_total cqm_mbm_local clzero irperf xsaveerptr rdpru wbnoinvd arat npt lbrv svm_lock nrip_save tsc_scale vmcb_clean flushbyasid decodeassists pausefilter pfthreshold avic v_vmsave_vmload vgif umip rdpid overflow_recov succor smca
bugs		: sysret_ss_attrs spectre_v1 spectre_v2 spec_store_bypass
bogomips	: 7785.28
TLB size	: 3072 4K pages
clflush size	: 64
cache_alignment	: 64
address sizes	: 43 bits physical, 48 bits virtual
power management: ts ttp tm hwpstate cpb eff_freq_ro [13] [14]

processor	: 1
vendor_id	: AuthenticAMD
cpu family	: 23
model		: 113
model name	: AMD Ryzen 7 3800X 8-Core Processor
stepping	: 0
microcode	: 0x8701021
cpu MHz		: 4241.415
cache size	: 512 KB
physical id	: 0
siblings	: 16
core id		: 1
cpu cores	: 8
apicid		: 2
initial apicid	: 2
fpu		: yes
fpu_exception	: yes
cpuid level	: 16
wp		: yes
flags		: fpu vme de pse tsc msr pae mce cx8 apic sep mtrr pge mca cmov pat pse36 clflush mmx fxsr sse sse2 ht syscall nx mmxext fxsr_opt pdpe1gb rdtscp lm constant_tsc rep_good nopl nonstop_tsc cpuid extd_apicid aperfmperf pni pclmulqdq monitor ssse3 fma cx16 sse4_1 sse4_2 movbe popcnt aes xsave avx f16c rdrand lahf_lm cmp_legacy svm extapic cr8_legacy abm sse4a misalignsse 3dnowprefetch osvw ibs skinit wdt tce topoext perfctr_core perfctr_nb bpext perfctr_llc mwaitx cpb cat_l3 cdp_l3 hw_pstate sme ssbd mba sev ibpb stibp vmmcall sev_es fsgsbase bmi1 avx2 smep bmi2 cqm rdt_a rdseed adx smap clflushopt clwb sha_ni xsaveopt xsavec xgetbv1 xsaves cqm_llc cqm_occup_llc cqm_mbm_total cqm_mbm_local clzero irperf xsaveerptr rdpru wbnoinvd arat npt lbrv svm_lock nrip_save tsc_scale vmcb_clean flushbyasid decodeassists pausefilter pfthreshold avic v_vmsave_vmload vgif umip rdpid overflow_recov succor smca
bugs		: sysret_ss_attrs spectre_v1 spectre_v2 spec_store_bypass
bogomips	: 7785.28
TLB size	: 3072 4K pages
clflush size	: 64
cache_alignment	: 64
address sizes	: 43 bits physical, 48 bits virtual
power management: ts ttp tm hwpstate cpb eff_freq_ro [13] [14]

processor	: 2
vendor_id	: AuthenticAMD
cpu family	: 23
model		: 113
model name	: AMD Ryzen 7 3800X 8-Core Processor
stepping	: 0
microcode	: 0x8701021
cpu MHz		: 2128.040
cache size	: 512 KB
physical id	: 0
siblings	: 16
core id		: 2
cpu cores	: 8
apicid		: 4
initial apicid	: 4
fpu		: yes
fpu_exception	: yes
cpuid level	: 16
wp		: yes
flags		: fpu vme de pse tsc msr pae mce cx8 apic sep mtrr pge mca cmov pat pse36 clflush mmx fxsr sse sse2 ht syscall nx mmxext fxsr_opt pdpe1gb rdtscp lm constant_tsc rep_good nopl nonstop_tsc cpuid extd_apicid aperfmperf pni pclmulqdq monitor ssse3 fma cx16 sse4_1 sse4_2 movbe popcnt aes xsave avx f16c rdrand lahf_lm cmp_legacy svm extapic cr8_legacy abm sse4a misalignsse 3dnowprefetch osvw ibs skinit wdt tce topoext perfctr_core perfctr_nb bpext perfctr_llc mwaitx cpb cat_l3 cdp_l3 hw_pstate sme ssbd mba sev ibpb stibp vmmcall sev_es fsgsbase bmi1 avx2 smep bmi2 cqm rdt_a rdseed adx smap clflushopt clwb sha_ni xsaveopt xsavec xgetbv1 xsaves cqm_llc cqm_occup_llc cqm_mbm_total cqm_mbm_local clzero irperf xsaveerptr rdpru wbnoinvd arat npt lbrv svm_lock nrip_save tsc_scale vmcb_clean flushbyasid decodeassists pausefilter pfthreshold avic v_vmsave_vmload vgif umip rdpid overflow_recov succor smca
bugs		: sysret_ss_attrs spectre_v1 spectre_v2 spec_store_bypass
bogomips	: 7785.28
TLB size	: 3072 4K pages
clflush size	: 64
cache_alignment	: 64
address sizes	: 43 bits physical, 48 bits virtual
power management: ts ttp tm hwpstate cpb eff_freq_ro [13] [14]

processor	: 3
vendor_id	: AuthenticAMD
cpu family	: 23
model		: 113
model name	: AMD Ryzen 7 3800X 8-Core Processor
stepping	: 0
microcode	: 0x8701021
cpu MHz		: 4171.599
cache size	: 512 KB
physical id	: 0
siblings	: 16
core id		: 3
cpu cores	: 8
apicid		: 6
initial apicid	: 6
fpu		: yes
fpu_exception	: yes
cpuid level	: 16
wp		: yes
flags		: fpu vme de pse tsc msr pae mce cx8 apic sep mtrr pge mca cmov pat pse36 clflush mmx fxsr sse sse2 ht syscall nx mmxext fxsr_opt pdpe1gb rdtscp lm constant_tsc rep_good nopl nonstop_tsc cpuid extd_apicid aperfmperf pni pclmulqdq monitor ssse3 fma cx16 sse4_1 sse4_2 movbe popcnt aes xsave avx f16c rdrand lahf_lm cmp_legacy svm extapic cr8_legacy abm sse4a misalignsse 3dnowprefetch osvw ibs skinit wdt tce topoext perfctr_core perfctr_nb bpext perfctr_llc mwaitx cpb cat_l3 cdp_l3 hw_pstate sme ssbd mba sev ibpb stibp vmmcall sev_es fsgsbase bmi1 avx2 smep bmi2 cqm rdt_a rdseed adx smap clflushopt clwb sha_ni xsaveopt xsavec xgetbv1 xsaves cqm_llc cqm_occup_llc cqm_mbm_total cqm_mbm_local clzero irperf xsaveerptr rdpru wbnoinvd arat npt lbrv svm_lock nrip_save tsc_scale vmcb_clean flushbyasid decodeassists pausefilter pfthreshold avic v_vmsave_vmload vgif umip rdpid overflow_recov succor smca
bugs		: sysret_ss_attrs spectre_v1 spectre_v2 spec_store_bypass
bogomips	: 7785.28
TLB size	: 3072 4K pages
clflush size	: 64
cache_alignment	: 64
address sizes	: 43 bits physical, 48 bits virtual
power management: ts ttp tm hwpstate cpb eff_freq_ro [13] [14]

processor	: 4
vendor_id	: AuthenticAMD
cpu family	: 23
model		: 113
model name	: AMD Ryzen 7 3800X 8-Core Processor
stepping	: 0
microcode	: 0x8701021
cpu MHz		: 4149.101
cache size	: 512 KB
physical id	: 0
siblings	: 16
core id		: 4
cpu cores	: 8
apicid		: 8
initial apicid	: 8
fpu		: yes
fpu_exception	: yes
cpuid level	: 16
wp		: yes
flags		: fpu vme de pse tsc msr pae mce cx8 apic sep mtrr pge mca cmov pat pse36 clflush mmx fxsr sse sse2 ht syscall nx mmxext fxsr_opt pdpe1gb rdtscp lm constant_tsc rep_good nopl nonstop_tsc cpuid extd_apicid aperfmperf pni pclmulqdq monitor ssse3 fma cx16 sse4_1 sse4_2 movbe popcnt aes xsave avx f16c rdrand lahf_lm cmp_legacy svm extapic cr8_legacy abm sse4a misalignsse 3dnowprefetch osvw ibs skinit wdt tce topoext perfctr_core perfctr_nb bpext perfctr_llc mwaitx cpb cat_l3 cdp_l3 hw_pstate sme ssbd mba sev ibpb stibp vmmcall sev_es fsgsbase bmi1 avx2 smep bmi2 cqm rdt_a rdseed adx smap clflushopt clwb sha_ni xsaveopt xsavec xgetbv1 xsaves cqm_llc cqm_occup_llc cqm_mbm_total cqm_mbm_local clzero irperf xsaveerptr rdpru wbnoinvd arat npt lbrv svm_lock nrip_save tsc_scale vmcb_clean flushbyasid decodeassists pausefilter pfthreshold avic v_vmsave_vmload vgif umip rdpid overflow_recov succor smca
bugs		: sysret_ss_attrs spectre_v1 spectre_v2 spec_store_bypass
bogomips	: 7785.28
TLB size	: 3072 4K pages
clflush size	: 64
cache_alignment	: 64
address sizes	: 43 bits physical, 48 bits virtual
power management: ts ttp tm hwpstate cpb eff_freq_ro [13] [14]

processor	: 5
vendor_id	: AuthenticAMD
cpu family	: 23
model		: 113
model name	: AMD Ryzen 7 3800X 8-Core Processor
stepping	: 0
microcode	: 0x8701021
cpu MHz		: 4239.119
cache size	: 512 KB
physical id	: 0
siblings	: 16
core id		: 5
cpu cores	: 8
apicid		: 10
initial apicid	: 10
fpu		: yes
fpu_exception	: yes
cpuid level	: 16
wp		: yes
flags		: fpu vme de pse tsc msr pae mce cx8 apic sep mtrr pge mca cmov pat pse36 clflush mmx fxsr sse sse2 ht syscall nx mmxext fxsr_opt pdpe1gb rdtscp lm constant_tsc rep_good nopl nonstop_tsc cpuid extd_apicid aperfmperf pni pclmulqdq monitor ssse3 fma cx16 sse4_1 sse4_2 movbe popcnt aes xsave avx f16c rdrand lahf_lm cmp_legacy svm extapic cr8_legacy abm sse4a misalignsse 3dnowprefetch osvw ibs skinit wdt tce topoext perfctr_core perfctr_nb bpext perfctr_llc mwaitx cpb cat_l3 cdp_l3 hw_pstate sme ssbd mba sev ibpb stibp vmmcall sev_es fsgsbase bmi1 avx2 smep bmi2 cqm rdt_a rdseed adx smap clflushopt clwb sha_ni xsaveopt xsavec xgetbv1 xsaves cqm_llc cqm_occup_llc cqm_mbm_total cqm_mbm_local clzero irperf xsaveerptr rdpru wbnoinvd arat npt lbrv svm_lock nrip_save tsc_scale vmcb_clean flushbyasid decodeassists pausefilter pfthreshold avic v_vmsave_vmload vgif umip rdpid overflow_recov succor smca
bugs		: sysret_ss_attrs spectre_v1 spectre_v2 spec_store_bypass
bogomips	: 7785.28
TLB size	: 3072 4K pages
clflush size	: 64
cache_alignment	: 64
address sizes	: 43 bits physical, 48 bits virtual
power management: ts ttp tm hwpstate cpb eff_freq_ro [13] [14]

processor	: 6
vendor_id	: AuthenticAMD
cpu family	: 23
model		: 113
model name	: AMD Ryzen 7 3800X 8-Core Processor
stepping	: 0
microcode	: 0x8701021
cpu MHz		: 4238.015
cache size	: 512 KB
physical id	: 0
siblings	: 16
core id		: 6
cpu cores	: 8
apicid		: 12
initial apicid	: 12
fpu		: yes
fpu_exception	: yes
cpuid level	: 16
wp		: yes
flags		: fpu vme de pse tsc msr pae mce cx8 apic sep mtrr pge mca cmov pat pse36 clflush mmx fxsr sse sse2 ht syscall nx mmxext fxsr_opt pdpe1gb rdtscp lm constant_tsc rep_good nopl nonstop_tsc cpuid extd_apicid aperfmperf pni pclmulqdq monitor ssse3 fma cx16 sse4_1 sse4_2 movbe popcnt aes xsave avx f16c rdrand lahf_lm cmp_legacy svm extapic cr8_legacy abm sse4a misalignsse 3dnowprefetch osvw ibs skinit wdt tce topoext perfctr_core perfctr_nb bpext perfctr_llc mwaitx cpb cat_l3 cdp_l3 hw_pstate sme ssbd mba sev ibpb stibp vmmcall sev_es fsgsbase bmi1 avx2 smep bmi2 cqm rdt_a rdseed adx smap clflushopt clwb sha_ni xsaveopt xsavec xgetbv1 xsaves cqm_llc cqm_occup_llc cqm_mbm_total cqm_mbm_local clzero irperf xsaveerptr rdpru wbnoinvd arat npt lbrv svm_lock nrip_save tsc_scale vmcb_clean flushbyasid decodeassists pausefilter pfthreshold avic v_vmsave_vmload vgif umip rdpid overflow_recov succor smca
bugs		: sysret_ss_attrs spectre_v1 spectre_v2 spec_store_bypass
bogomips	: 7785.28
TLB size	: 3072 4K pages
clflush size	: 64
cache_alignment	: 64
address sizes	: 43 bits physical, 48 bits virtual
power management: ts ttp tm hwpstate cpb eff_freq_ro [13] [14]

processor	: 7
vendor_id	: AuthenticAMD
cpu family	: 23
model		: 113
model name	: AMD Ryzen 7 3800X 8-Core Processor
stepping	: 0
microcode	: 0x8701021
cpu MHz		: 2801.016
cache size	: 512 KB
physical id	: 0
siblings	: 16
core id		: 7
cpu cores	: 8
apicid		: 14
initial apicid	: 14
fpu		: yes
fpu_exception	: yes
cpuid level	: 16
wp		: yes
flags		: fpu vme de pse tsc msr pae mce cx8 apic sep mtrr pge mca cmov pat pse36 clflush mmx fxsr sse sse2 ht syscall nx mmxext fxsr_opt pdpe1gb rdtscp lm constant_tsc rep_good nopl nonstop_tsc cpuid extd_apicid aperfmperf pni pclmulqdq monitor ssse3 fma cx16 sse4_1 sse4_2 movbe popcnt aes xsave avx f16c rdrand lahf_lm cmp_legacy svm extapic cr8_legacy abm sse4a misalignsse 3dnowprefetch osvw ibs skinit wdt tce topoext perfctr_core perfctr_nb bpext perfctr_llc mwaitx cpb cat_l3 cdp_l3 hw_pstate sme ssbd mba sev ibpb stibp vmmcall sev_es fsgsbase bmi1 avx2 smep bmi2 cqm rdt_a rdseed adx smap clflushopt clwb sha_ni xsaveopt xsavec xgetbv1 xsaves cqm_llc cqm_occup_llc cqm_mbm_total cqm_mbm_local clzero irperf xsaveerptr rdpru wbnoinvd arat npt lbrv svm_lock nrip_save tsc_scale vmcb_clean flushbyasid decodeassists pausefilter pfthreshold avic v_vmsave_vmload vgif umip rdpid overflow_recov succor smca
bugs		: sysret_ss_attrs spectre_v1 spectre_v2 spec_store_bypass
bogomips	: 7785.28
TLB size	: 3072 4K pages
clflush size	: 64
cache_alignment	: 64
address sizes	: 43 bits physical, 48 bits virtual
power management: ts ttp tm hwpstate cpb eff_freq_ro [13] [14]

processor	: 8
vendor_id	: AuthenticAMD
cpu family	: 23
model		: 113
model name	: AMD Ryzen 7 3800X 8-Core Processor
stepping	: 0
microcode	: 0x8701021
cpu MHz		: 4244.869
cache size	: 512 KB
physical id	: 0
siblings	: 16
core id		: 0
cpu cores	: 8
apicid		: 1
initial apicid	: 1
fpu		: yes
fpu_exception	: yes
cpuid level	: 16
wp		: yes
flags		: fpu vme de pse tsc msr pae mce cx8 apic sep mtrr pge mca cmov pat pse36 clflush mmx fxsr sse sse2 ht syscall nx mmxext fxsr_opt pdpe1gb rdtscp lm constant_tsc rep_good nopl nonstop_tsc cpuid extd_apicid aperfmperf pni pclmulqdq monitor ssse3 fma cx16 sse4_1 sse4_2 movbe popcnt aes xsave avx f16c rdrand lahf_lm cmp_legacy svm extapic cr8_legacy abm sse4a misalignsse 3dnowprefetch osvw ibs skinit wdt tce topoext perfctr_core perfctr_nb bpext perfctr_llc mwaitx cpb cat_l3 cdp_l3 hw_pstate sme ssbd mba sev ibpb stibp vmmcall sev_es fsgsbase bmi1 avx2 smep bmi2 cqm rdt_a rdseed adx smap clflushopt clwb sha_ni xsaveopt xsavec xgetbv1 xsaves cqm_llc cqm_occup_llc cqm_mbm_total cqm_mbm_local clzero irperf xsaveerptr rdpru wbnoinvd arat npt lbrv svm_lock nrip_save tsc_scale vmcb_clean flushbyasid decodeassists pausefilter pfthreshold avic v_vmsave_vmload vgif umip rdpid overflow_recov succor smca
bugs		: sysret_ss_attrs spectre_v1 spectre_v2 spec_store_bypass
bogomips	: 7785.28
TLB size	: 3072 4K pages
clflush size	: 64
cache_alignment	: 64
address sizes	: 43 bits physical, 48 bits virtual
power management: ts ttp tm hwpstate cpb eff_freq_ro [13] [14]

processor	: 9
vendor_id	: AuthenticAMD
cpu family	: 23
model		: 113
model name	: AMD Ryzen 7 3800X 8-Core Processor
stepping	: 0
microcode	: 0x8701021
cpu MHz		: 4238.102
cache size	: 512 KB
physical id	: 0
siblings	: 16
core id		: 1
cpu cores	: 8
apicid		: 3
initial apicid	: 3
fpu		: yes
fpu_exception	: yes
cpuid level	: 16
wp		: yes
flags		: fpu vme de pse tsc msr pae mce cx8 apic sep mtrr pge mca cmov pat pse36 clflush mmx fxsr sse sse2 ht syscall nx mmxext fxsr_opt pdpe1gb rdtscp lm constant_tsc rep_good nopl nonstop_tsc cpuid extd_apicid aperfmperf pni pclmulqdq monitor ssse3 fma cx16 sse4_1 sse4_2 movbe popcnt aes xsave avx f16c rdrand lahf_lm cmp_legacy svm extapic cr8_legacy abm sse4a misalignsse 3dnowprefetch osvw ibs skinit wdt tce topoext perfctr_core perfctr_nb bpext perfctr_llc mwaitx cpb cat_l3 cdp_l3 hw_pstate sme ssbd mba sev ibpb stibp vmmcall sev_es fsgsbase bmi1 avx2 smep bmi2 cqm rdt_a rdseed adx smap clflushopt clwb sha_ni xsaveopt xsavec xgetbv1 xsaves cqm_llc cqm_occup_llc cqm_mbm_total cqm_mbm_local clzero irperf xsaveerptr rdpru wbnoinvd arat npt lbrv svm_lock nrip_save tsc_scale vmcb_clean flushbyasid decodeassists pausefilter pfthreshold avic v_vmsave_vmload vgif umip rdpid overflow_recov succor smca
bugs		: sysret_ss_attrs spectre_v1 spectre_v2 spec_store_bypass
bogomips	: 7785.28
TLB size	: 3072 4K pages
clflush size	: 64
cache_alignment	: 64
address sizes	: 43 bits physical, 48 bits virtual
power management: ts ttp tm hwpstate cpb eff_freq_ro [13] [14]

processor	: 10
vendor_id	: AuthenticAMD
cpu family	: 23
model		: 113
model name	: AMD Ryzen 7 3800X 8-Core Processor
stepping	: 0
microcode	: 0x8701021
cpu MHz		: 2127.081
cache size	: 512 KB
physical id	: 0
siblings	: 16
core id		: 2
cpu cores	: 8
apicid		: 5
initial apicid	: 5
fpu		: yes
fpu_exception	: yes
cpuid level	: 16
wp		: yes
flags		: fpu vme de pse tsc msr pae mce cx8 apic sep mtrr pge mca cmov pat pse36 clflush mmx fxsr sse sse2 ht syscall nx mmxext fxsr_opt pdpe1gb rdtscp lm constant_tsc rep_good nopl nonstop_tsc cpuid extd_apicid aperfmperf pni pclmulqdq monitor ssse3 fma cx16 sse4_1 sse4_2 movbe popcnt aes xsave avx f16c rdrand lahf_lm cmp_legacy svm extapic cr8_legacy abm sse4a misalignsse 3dnowprefetch osvw ibs skinit wdt tce topoext perfctr_core perfctr_nb bpext perfctr_llc mwaitx cpb cat_l3 cdp_l3 hw_pstate sme ssbd mba sev ibpb stibp vmmcall sev_es fsgsbase bmi1 avx2 smep bmi2 cqm rdt_a rdseed adx smap clflushopt clwb sha_ni xsaveopt xsavec xgetbv1 xsaves cqm_llc cqm_occup_llc cqm_mbm_total cqm_mbm_local clzero irperf xsaveerptr rdpru wbnoinvd arat npt lbrv svm_lock nrip_save tsc_scale vmcb_clean flushbyasid decodeassists pausefilter pfthreshold avic v_vmsave_vmload vgif umip rdpid overflow_recov succor smca
bugs		: sysret_ss_attrs spectre_v1 spectre_v2 spec_store_bypass
bogomips	: 7785.28
TLB size	: 3072 4K pages
clflush size	: 64
cache_alignment	: 64
address sizes	: 43 bits physical, 48 bits virtual
power management: ts ttp tm hwpstate cpb eff_freq_ro [13] [14]

processor	: 11
vendor_id	: AuthenticAMD
cpu family	: 23
model		: 113
model name	: AMD Ryzen 7 3800X 8-Core Processor
stepping	: 0
microcode	: 0x8701021
cpu MHz		: 4205.363
cache size	: 512 KB
physical id	: 0
siblings	: 16
core id		: 3
cpu cores	: 8
apicid		: 7
initial apicid	: 7
fpu		: yes
fpu_exception	: yes
cpuid level	: 16
wp		: yes
flags		: fpu vme de pse tsc msr pae mce cx8 apic sep mtrr pge mca cmov pat pse36 clflush mmx fxsr sse sse2 ht syscall nx mmxext fxsr_opt pdpe1gb rdtscp lm constant_tsc rep_good nopl nonstop_tsc cpuid extd_apicid aperfmperf pni pclmulqdq monitor ssse3 fma cx16 sse4_1 sse4_2 movbe popcnt aes xsave avx f16c rdrand lahf_lm cmp_legacy svm extapic cr8_legacy abm sse4a misalignsse 3dnowprefetch osvw ibs skinit wdt tce topoext perfctr_core perfctr_nb bpext perfctr_llc mwaitx cpb cat_l3 cdp_l3 hw_pstate sme ssbd mba sev ibpb stibp vmmcall sev_es fsgsbase bmi1 avx2 smep bmi2 cqm rdt_a rdseed adx smap clflushopt clwb sha_ni xsaveopt xsavec xgetbv1 xsaves cqm_llc cqm_occup_llc cqm_mbm_total cqm_mbm_local clzero irperf xsaveerptr rdpru wbnoinvd arat npt lbrv svm_lock nrip_save tsc_scale vmcb_clean flushbyasid decodeassists pausefilter pfthreshold avic v_vmsave_vmload vgif umip rdpid overflow_recov succor smca
bugs		: sysret_ss_attrs spectre_v1 spectre_v2 spec_store_bypass
bogomips	: 7785.28
TLB size	: 3072 4K pages
clflush size	: 64
cache_alignment	: 64
address sizes	: 43 bits physical, 48 bits virtual
power management: ts ttp tm hwpstate cpb eff_freq_ro [13] [14]

processor	: 12
vendor_id	: AuthenticAMD
cpu family	: 23
model		: 113
model name	: AMD Ryzen 7 3800X 8-Core Processor
stepping	: 0
microcode	: 0x8701021
cpu MHz		: 3908.485
cache size	: 512 KB
physical id	: 0
siblings	: 16
core id		: 4
cpu cores	: 8
apicid		: 9
initial apicid	: 9
fpu		: yes
fpu_exception	: yes
cpuid level	: 16
wp		: yes
flags		: fpu vme de pse tsc msr pae mce cx8 apic sep mtrr pge mca cmov pat pse36 clflush mmx fxsr sse sse2 ht syscall nx mmxext fxsr_opt pdpe1gb rdtscp lm constant_tsc rep_good nopl nonstop_tsc cpuid extd_apicid aperfmperf pni pclmulqdq monitor ssse3 fma cx16 sse4_1 sse4_2 movbe popcnt aes xsave avx f16c rdrand lahf_lm cmp_legacy svm extapic cr8_legacy abm sse4a misalignsse 3dnowprefetch osvw ibs skinit wdt tce topoext perfctr_core perfctr_nb bpext perfctr_llc mwaitx cpb cat_l3 cdp_l3 hw_pstate sme ssbd mba sev ibpb stibp vmmcall sev_es fsgsbase bmi1 avx2 smep bmi2 cqm rdt_a rdseed adx smap clflushopt clwb sha_ni xsaveopt xsavec xgetbv1 xsaves cqm_llc cqm_occup_llc cqm_mbm_total cqm_mbm_local clzero irperf xsaveerptr rdpru wbnoinvd arat npt lbrv svm_lock nrip_save tsc_scale vmcb_clean flushbyasid decodeassists pausefilter pfthreshold avic v_vmsave_vmload vgif umip rdpid overflow_recov succor smca
bugs		: sysret_ss_attrs spectre_v1 spectre_v2 spec_store_bypass
bogomips	: 7785.28
TLB size	: 3072 4K pages
clflush size	: 64
cache_alignment	: 64
address sizes	: 43 bits physical, 48 bits virtual
power management: ts ttp tm hwpstate cpb eff_freq_ro [13] [14]

processor	: 13
vendor_id	: AuthenticAMD
cpu family	: 23
model		: 113
model name	: AMD Ryzen 7 3800X 8-Core Processor
stepping	: 0
microcode	: 0x8701021
cpu MHz		: 4249.117
cache size	: 512 KB
physical id	: 0
siblings	: 16
core id		: 5
cpu cores	: 8
apicid		: 11
initial apicid	: 11
fpu		: yes
fpu_exception	: yes
cpuid level	: 16
wp		: yes
flags		: fpu vme de pse tsc msr pae mce cx8 apic sep mtrr pge mca cmov pat pse36 clflush mmx fxsr sse sse2 ht syscall nx mmxext fxsr_opt pdpe1gb rdtscp lm constant_tsc rep_good nopl nonstop_tsc cpuid extd_apicid aperfmperf pni pclmulqdq monitor ssse3 fma cx16 sse4_1 sse4_2 movbe popcnt aes xsave avx f16c rdrand lahf_lm cmp_legacy svm extapic cr8_legacy abm sse4a misalignsse 3dnowprefetch osvw ibs skinit wdt tce topoext perfctr_core perfctr_nb bpext perfctr_llc mwaitx cpb cat_l3 cdp_l3 hw_pstate sme ssbd mba sev ibpb stibp vmmcall sev_es fsgsbase bmi1 avx2 smep bmi2 cqm rdt_a rdseed adx smap clflushopt clwb sha_ni xsaveopt xsavec xgetbv1 xsaves cqm_llc cqm_occup_llc cqm_mbm_total cqm_mbm_local clzero irperf xsaveerptr rdpru wbnoinvd arat npt lbrv svm_lock nrip_save tsc_scale vmcb_clean flushbyasid decodeassists pausefilter pfthreshold avic v_vmsave_vmload vgif umip rdpid overflow_recov succor smca
bugs		: sysret_ss_attrs spectre_v1 spectre_v2 spec_store_bypass
bogomips	: 7785.28
TLB size	: 3072 4K pages
clflush size	: 64
cache_alignment	: 64
address sizes	: 43 bits physical, 48 bits virtual
power management: ts ttp tm hwpstate cpb eff_freq_ro [13] [14]

processor	: 14
vendor_id	: AuthenticAMD
cpu family	: 23
model		: 113
model name	: AMD Ryzen 7 3800X 8-Core Processor
stepping	: 0
microcode	: 0x8701021
cpu MHz		: 4234.198
cache size	: 512 KB
physical id	: 0
siblings	: 16
core id		: 6
cpu cores	: 8
apicid		: 13
initial apicid	: 13
fpu		: yes
fpu_exception	: yes
cpuid level	: 16
wp		: yes
flags		: fpu vme de pse tsc msr pae mce cx8 apic sep mtrr pge mca cmov pat pse36 clflush mmx fxsr sse sse2 ht syscall nx mmxext fxsr_opt pdpe1gb rdtscp lm constant_tsc rep_good nopl nonstop_tsc cpuid extd_apicid aperfmperf pni pclmulqdq monitor ssse3 fma cx16 sse4_1 sse4_2 movbe popcnt aes xsave avx f16c rdrand lahf_lm cmp_legacy svm extapic cr8_legacy abm sse4a misalignsse 3dnowprefetch osvw ibs skinit wdt tce topoext perfctr_core perfctr_nb bpext perfctr_llc mwaitx cpb cat_l3 cdp_l3 hw_pstate sme ssbd mba sev ibpb stibp vmmcall sev_es fsgsbase bmi1 avx2 smep bmi2 cqm rdt_a rdseed adx smap clflushopt clwb sha_ni xsaveopt xsavec xgetbv1 xsaves cqm_llc cqm_occup_llc cqm_mbm_total cqm_mbm_local clzero irperf xsaveerptr rdpru wbnoinvd arat npt lbrv svm_lock nrip_save tsc_scale vmcb_clean flushbyasid decodeassists pausefilter pfthreshold avic v_vmsave_vmload vgif umip rdpid overflow_recov succor smca
bugs		: sysret_ss_attrs spectre_v1 spectre_v2 spec_store_bypass
bogomips	: 7785.28
TLB size	: 3072 4K pages
clflush size	: 64
cache_alignment	: 64
address sizes	: 43 bits physical, 48 bits virtual
power management: ts ttp tm hwpstate cpb eff_freq_ro [13] [14]

processor	: 15
vendor_id	: AuthenticAMD
cpu family	: 23
model		: 113
model name	: AMD Ryzen 7 3800X 8-Core Processor
stepping	: 0
microcode	: 0x8701021
cpu MHz		: 2931.323
cache size	: 512 KB
physical id	: 0
siblings	: 16
core id		: 7
cpu cores	: 8
apicid		: 15
initial apicid	: 15
fpu		: yes
fpu_exception	: yes
cpuid level	: 16
wp		: yes
flags		: fpu vme de pse tsc msr pae mce cx8 apic sep mtrr pge mca cmov pat pse36 clflush mmx fxsr sse sse2 ht syscall nx mmxext fxsr_opt pdpe1gb rdtscp lm constant_tsc rep_good nopl nonstop_tsc cpuid extd_apicid aperfmperf pni pclmulqdq monitor ssse3 fma cx16 sse4_1 sse4_2 movbe popcnt aes xsave avx f16c rdrand lahf_lm cmp_legacy svm extapic cr8_legacy abm sse4a misalignsse 3dnowprefetch osvw ibs skinit wdt tce topoext perfctr_core perfctr_nb bpext perfctr_llc mwaitx cpb cat_l3 cdp_l3 hw_pstate sme ssbd mba sev ibpb stibp vmmcall sev_es fsgsbase bmi1 avx2 smep bmi2 cqm rdt_a rdseed adx smap clflushopt clwb sha_ni xsaveopt xsavec xgetbv1 xsaves cqm_llc cqm_occup_llc cqm_mbm_total cqm_mbm_local clzero irperf xsaveerptr rdpru wbnoinvd arat npt lbrv svm_lock nrip_save tsc_scale vmcb_clean flushbyasid decodeassists pausefilter pfthreshold avic v_vmsave_vmload vgif umip rdpid overflow_recov succor smca
bugs		: sysret_ss_attrs spectre_v1 spectre_v2 spec_store_bypass
bogomips	: 7785.28
TLB size	: 3072 4K pages
clflush size	: 64
cache_alignment	: 64
address sizes	: 43 bits physical, 48 bits virtual
power management: ts ttp tm hwpstate cpb eff_freq_ro [13] [14]



Memory: 4k page, physical 65868296k(619140k free), swap 41554936k(36065784k free)

vm_info: OpenJDK 64-Bit Server VM (25.282-b08) for linux-amd64 JRE (1.8.0_282-b08), built on Jan 14 2021 07:18:50 by "jenkins" with gcc 7.3.1 20180303 (Red Hat 7.3.1-5)

time: Sun Nov 28 23:53:48 2021
timezone: EST
elapsed time: 3.719027 seconds (0d 0h 0m 3s)

