#
# A fatal error has been detected by the Java Runtime Environment:
#
#  SIGSEGV (0xb) at pc=0x00007f32f2e8e813, pid=216237, tid=0x00007f33ae174640
#
# JRE version: OpenJDK Runtime Environment (8.0_282-b08) (build 1.8.0_282-b08)
# Java VM: OpenJDK 64-Bit Server VM (25.282-b08 mixed mode linux-amd64 compressed oops)
# Problematic frame:
# C  [libnvidia-glcore.so.470.57.02+0xf3e813]
#
# Failed to write core dump. Core dumps have been disabled. To enable core dumping, try "ulimit -c unlimited" before starting Java again
#
# If you would like to submit a bug report, please include
# instructions on how to reproduce the bug and visit:
#   https://github.com/corretto/corretto-8/issues/
# The crash happened outside the Java Virtual Machine in native code.
# See problematic frame for where to report the bug.
#

---------------  T H R E A D  ---------------

Current thread (0x00007f33a800d800):  JavaThread "main" [_thread_in_native, id=216242, stack(0x00007f33ae075000,0x00007f33ae175000)]

siginfo: si_signo: 11 (SIGSEGV), si_code: 2 (SEGV_ACCERR), si_addr: 0x00007f33a8f99000

Registers:
RAX=0x00007f33a8f98f50, RBX=0x0000000000000200, RCX=0x00007f33404dbce0, RDX=0x00007f33404dbe20
RSP=0x00007f33ae172e60, RBP=0x0000000000000080, RSI=0x00007f33a8f99010, RDI=0x00007f33404dbc20
R8 =0x00007f32f2e9c680, R9 =0x0000000000000000, R10=0x0000000000000000, R11=0x0000000000000000
R12=0x0000000000000000, R13=0x0000000000000000, R14=0x00007f33404dbc20, R15=0x0000000000000200
RIP=0x00007f32f2e8e813, EFLAGS=0x0000000000010202, CSGSFS=0x002b000000000033, ERR=0x0000000000000004
  TRAPNO=0x000000000000000e

Top of Stack: (sp=0x00007f33ae172e60)
0x00007f33ae172e60:   000000000000001e 0000000000000000
0x00007f33ae172e70:   0000000000000000 0000000000000000
0x00007f33ae172e80:   00007f33ae172edf 0000000000000000
0x00007f33ae172e90:   0000000000000000 00007f33ae173050
0x00007f33ae172ea0:   0000000000000080 0000000041c94000
0x00007f33ae172eb0:   00007f32f29af7b0 0000000000000000
0x00007f33ae172ec0:   0000000000000067 00007f32f29b181d
0x00007f33ae172ed0:   0000000000000080 0000000100000000
0x00007f33ae172ee0:   00007f33ae173050 00007f33ae173050
0x00007f33ae172ef0:   0000000041c94000 00007f33a8c3e300
0x00007f33ae172f00:   00007f32f29b17c0 00007f33a8c444b0
0x00007f33ae172f10:   0000000000000000 00007f32f29bb831
0x00007f33ae172f20:   0000000100000001 0000000000000080
0x00007f33ae172f30:   0000004f0000004f 0000000000000005
0x00007f33ae172f40:   0000000000000000 0000000000000000
0x00007f33ae172f50:   00007f33a8c444b0 0000000041c94000
0x00007f33ae172f60:   00007f33a8c444b0 00007f32f3ff1240
0x00007f33ae172f70:   0000000000000000 0000000000000000
0x00007f33ae172f80:   0000000000000000 00007f32f2ad1479
0x00007f33ae172f90:   00000000ae173220 0000008000000001
0x00007f33ae172fa0:   0000000000000080 00007f33ae173050
0x00007f33ae172fb0:   00007f33a8c3e300 00007f33aeadb400
0x00007f33ae172fc0:   0000000000000000 00007f33a8c3e300
0x00007f33ae172fd0:   0000000000000180 0000000000000000
0x00007f33ae172fe0:   00007f3300000020 00007f334039f020
0x00007f33ae172ff0:   00007f3300000005 00007f3300000005
0x00007f33ae173000:   00007f33a8c6e160 0000000000000080
0x00007f33ae173010:   41000000778ebf38 00007f33a8c6ff90
0x00007f33ae173020:   3fe0000000000000 0000000000000600
0x00007f33ae173030:   0000000041800000 00007f33a8f8c350
0x00007f33ae173040:   00000001ffffffff 3f0000000000be80
0x00007f33ae173050:   000000080000001e 00007f33a8f8c350 

Instructions: (pc=0x00007f32f2e8e813)
0x00007f32f2e8e7f3:   4b 8d 14 37 66 0f 1f 84 00 00 00 00 00 0f 28 1e
0x00007f32f2e8e803:   48 83 c1 40 48 83 c6 40 0f 28 56 d0 0f 28 4e e0
0x00007f32f2e8e813:   0f 28 46 f0 0f 29 59 c0 0f 29 51 d0 0f 29 49 e0
0x00007f32f2e8e823:   0f 29 41 f0 48 39 ca 75 d4 e9 d3 fc ff ff 0f 1f 

Register to memory mapping:

RAX=0x00007f33a8f98f50 is an unknown value
RBX=0x0000000000000200 is an unknown value
RCX=0x00007f33404dbce0 is an unknown value
RDX=0x00007f33404dbe20 is an unknown value
RSP=0x00007f33ae172e60 is pointing into the stack for thread: 0x00007f33a800d800
RBP=0x0000000000000080 is an unknown value
RSI=0x00007f33a8f99010 is an unknown value
RDI=0x00007f33404dbc20 is an unknown value
R8 =0x00007f32f2e9c680: <offset 0xf4c680> in /lib/x86_64-linux-gnu/libnvidia-glcore.so.470.57.02 at 0x00007f32f1f50000
R9 =0x0000000000000000 is an unknown value
R10=0x0000000000000000 is an unknown value
R11=0x0000000000000000 is an unknown value
R12=0x0000000000000000 is an unknown value
R13=0x0000000000000000 is an unknown value
R14=0x00007f33404dbc20 is an unknown value
R15=0x0000000000000200 is an unknown value


Stack: [0x00007f33ae075000,0x00007f33ae175000],  sp=0x00007f33ae172e60,  free space=1015k
Native frames: (J=compiled Java code, j=interpreted, Vv=VM code, C=native code)
C  [libnvidia-glcore.so.470.57.02+0xf3e813]

Java frames: (J=compiled Java code, j=interpreted, Vv=VM code)
j  org.lwjgl.opengl.GL12C.nglTexSubImage3D(IIIIIIIIIIJ)V+0
j  org.lwjgl.opengl.GL12C.glTexSubImage3D(IIIIIIIIIILjava/nio/ByteBuffer;)V+21
j  org.lwjgl.opengl.GL12.glTexSubImage3D(IIIIIIIIIILjava/nio/ByteBuffer;)V+18
j  com.game.engine.TextureLoader.loadSpecialTextureATLAS(Lcom/game/engine/datatypes/Atlas;)I+107
j  com.game.engine.TextureLoader.init(Ljava/lang/String;)V+454
j  com.game.engine.display.DisplayManager.createDisplay(Z)V+377
j  com.game.Main.main([Ljava/lang/String;)V+172
v  ~StubRoutines::call_stub

---------------  P R O C E S S  ---------------

Java Threads: ( => current thread )
  0x00007f33a8c14000 JavaThread "Java2D Disposer" daemon [_thread_blocked, id=216279, stack(0x00007f336c38f000,0x00007f336c490000)]
  0x00007f33a80f8800 JavaThread "Service Thread" daemon [_thread_blocked, id=216272, stack(0x00007f336f2f3000,0x00007f336f3f4000)]
  0x00007f33a80f3800 JavaThread "C1 CompilerThread11" daemon [_thread_blocked, id=216271, stack(0x00007f336f3f5000,0x00007f336f4f5000)]
  0x00007f33a80f1800 JavaThread "C1 CompilerThread10" daemon [_thread_blocked, id=216270, stack(0x00007f336f4f6000,0x00007f336f5f6000)]
  0x00007f33a80ef800 JavaThread "C1 CompilerThread9" daemon [_thread_blocked, id=216269, stack(0x00007f336f5f7000,0x00007f336f6f7000)]
  0x00007f33a80ed800 JavaThread "C1 CompilerThread8" daemon [_thread_blocked, id=216268, stack(0x00007f336f6f8000,0x00007f336f7f8000)]
  0x00007f33a80eb000 JavaThread "C2 CompilerThread7" daemon [_thread_blocked, id=216267, stack(0x00007f336f7f9000,0x00007f336f8f9000)]
  0x00007f33a80e9000 JavaThread "C2 CompilerThread6" daemon [_thread_blocked, id=216266, stack(0x00007f336f8fa000,0x00007f336f9fa000)]
  0x00007f33a80e7000 JavaThread "C2 CompilerThread5" daemon [_thread_blocked, id=216265, stack(0x00007f336f9fb000,0x00007f336fafb000)]
  0x00007f33a80e4800 JavaThread "C2 CompilerThread4" daemon [_thread_blocked, id=216264, stack(0x00007f336fafc000,0x00007f336fbfc000)]
  0x00007f33a80da800 JavaThread "C2 CompilerThread3" daemon [_thread_blocked, id=216263, stack(0x00007f336fbfd000,0x00007f336fcfd000)]
  0x00007f33a80d8800 JavaThread "C2 CompilerThread2" daemon [_thread_blocked, id=216262, stack(0x00007f336fcfe000,0x00007f336fdfe000)]
  0x00007f33a80d6800 JavaThread "C2 CompilerThread1" daemon [_thread_blocked, id=216261, stack(0x00007f336fdff000,0x00007f336feff000)]
  0x00007f33a80d3800 JavaThread "C2 CompilerThread0" daemon [_thread_blocked, id=216260, stack(0x00007f336ff00000,0x00007f3370000000)]
  0x00007f33a80d0800 JavaThread "Signal Dispatcher" daemon [_thread_blocked, id=216259, stack(0x00007f337408e000,0x00007f337418f000)]
  0x00007f33a809d800 JavaThread "Finalizer" daemon [_thread_blocked, id=216258, stack(0x00007f3374a2e000,0x00007f3374b2f000)]
  0x00007f33a8099000 JavaThread "Reference Handler" daemon [_thread_blocked, id=216257, stack(0x00007f3374b2f000,0x00007f3374c30000)]
=>0x00007f33a800d800 JavaThread "main" [_thread_in_native, id=216242, stack(0x00007f33ae075000,0x00007f33ae175000)]

Other Threads:
  0x00007f33a808f000 VMThread [stack: 0x00007f3374c31000,0x00007f3374d31000] [id=216256]
  0x00007f33a80fb000 WatcherThread [stack: 0x00007f336f1f3000,0x00007f336f2f3000] [id=216273]

VM state:not at safepoint (normal execution)

VM Mutex/Monitor currently owned by a thread: None

heap address: 0x00000003d2e00000, size: 16082 MB, Compressed Oops mode: Zero based, Oop shift amount: 3
Narrow klass base: 0x0000000000000000, Narrow klass shift: 3
Compressed class space size: 1073741824 Address: 0x00000007c0000000

Heap:
 PSYoungGen      total 300544K, used 46448K [0x0000000670f80000, 0x0000000685e80000, 0x00000007c0000000)
  eden space 258048K, 18% used [0x0000000670f80000,0x0000000673cdc300,0x0000000680b80000)
  from space 42496K, 0% used [0x0000000683500000,0x0000000683500000,0x0000000685e80000)
  to   space 42496K, 0% used [0x0000000680b80000,0x0000000680b80000,0x0000000683500000)
 ParOldGen       total 687104K, used 0K [0x00000003d2e00000, 0x00000003fcd00000, 0x0000000670f80000)
  object space 687104K, 0% used [0x00000003d2e00000,0x00000003d2e00000,0x00000003fcd00000)
 Metaspace       used 12625K, capacity 12865K, committed 13056K, reserved 1060864K
  class space    used 1057K, capacity 1171K, committed 1280K, reserved 1048576K

Card table byte_map: [0x00007f3397096000,0x00007f3399000000] byte_map_base: 0x00007f33951ff000

Marking Bits: (ParMarkBitMap*) 0x00007f33af2e7780
 Begin Bits: [0x00007f3340970000, 0x00007f33504b8000)
 End Bits:   [0x00007f33504b8000, 0x00007f3360000000)

Polling page: 0x00007f33af74a000

CodeCache: size=245760Kb used=5369Kb max_used=5369Kb free=240390Kb
 bounds [0x00007f3399000000, 0x00007f3399540000, 0x00007f33a8000000]
 total_blobs=1947 nmethods=923 adapters=936
 compilation: enabled

Compilation events (10 events):
Event: 0.543 Thread 0x00007f33a80eb000 nmethod 917 0x00007f3399535590 code [0x00007f33995356e0, 0x00007f33995357b8]
Event: 0.544 Thread 0x00007f33a80ed800 nmethod 919 0x00007f339952cb90 code [0x00007f339952ce40, 0x00007f339952db48]
Event: 0.544 Thread 0x00007f33a80f1800 nmethod 918 0x00007f3399535890 code [0x00007f3399535c20, 0x00007f3399537b18]
Event: 0.549 Thread 0x00007f33a80e9000 nmethod 916 0x00007f339953ac50 code [0x00007f339953ae20, 0x00007f339953b730]
Event: 0.553 Thread 0x00007f33a80ef800  921       1       java.nio.charset.CharsetEncoder::maxBytesPerChar (5 bytes)
Event: 0.553 Thread 0x00007f33a80ef800 nmethod 921 0x00007f339953a110 code [0x00007f339953a260, 0x00007f339953a370]
Event: 0.555 Thread 0x00007f33a80f3800  922       1       java.nio.DirectByteBuffer::isDirect (2 bytes)
Event: 0.555 Thread 0x00007f33a80f3800 nmethod 922 0x00007f3399539e50 code [0x00007f3399539fa0, 0x00007f339953a0b0]
Event: 0.562 Thread 0x00007f33a80ed800  923       3       java.util.HashMap::resize (359 bytes)
Event: 0.562 Thread 0x00007f33a80ed800 nmethod 923 0x00007f339953d810 code [0x00007f339953da60, 0x00007f339953eca8]

GC Heap History (0 events):
No events

Deoptimization events (3 events):
Event: 0.045 Thread 0x00007f33a800d800 Uncommon trap: reason=unstable_if action=reinterpret pc=0x00007f33992c48a8 method=java.lang.String.hashCode()I @ 14
Event: 0.116 Thread 0x00007f33a800d800 Uncommon trap: reason=unstable_if action=reinterpret pc=0x00007f3399393160 method=java.io.DataInputStream.readUTF(Ljava/io/DataInput;)Ljava/lang/String; @ 31
Event: 0.127 Thread 0x00007f33a800d800 Uncommon trap: reason=unstable_if action=reinterpret pc=0x00007f33993a9d80 method=java.lang.String.indexOf([CII[CIII)I @ 134

Classes redefined (0 events):
No events

Internal exceptions (10 events):
Event: 0.088 Thread 0x00007f33a800d800 Exception <a 'java/security/PrivilegedActionException'> (0x0000000671225220) thrown at [/home/jenkins/node/workspace/Corretto8/generic_linux/x64/build/Corretto8Src/installers/linux/universal/tar/corretto-build/buildRoot/src/hotspot/src/share/vm/prims/jvm.
Event: 0.088 Thread 0x00007f33a800d800 Exception <a 'java/security/PrivilegedActionException'> (0x0000000671225430) thrown at [/home/jenkins/node/workspace/Corretto8/generic_linux/x64/build/Corretto8Src/installers/linux/universal/tar/corretto-build/buildRoot/src/hotspot/src/share/vm/prims/jvm.
Event: 0.135 Thread 0x00007f33a800d800 Exception <a 'java/lang/NoSuchMethodError': java.lang.Object.lambda$static$0(Ljava/lang/String;)Ljava/lang/Boolean;> (0x0000000672964a00) thrown at [/home/jenkins/node/workspace/Corretto8/generic_linux/x64/build/Corretto8Src/installers/linux/universal/tar
Event: 0.157 Thread 0x00007f33a800d800 Exception <a 'sun/nio/fs/UnixException'> (0x0000000672ac3560) thrown at [/home/jenkins/node/workspace/Corretto8/generic_linux/x64/build/Corretto8Src/installers/linux/universal/tar/corretto-build/buildRoot/src/hotspot/src/share/vm/prims/jni.cpp, line 711]
Event: 0.168 Thread 0x00007f33a800d800 Exception <a 'sun/nio/fs/UnixException'> (0x0000000672b8d038) thrown at [/home/jenkins/node/workspace/Corretto8/generic_linux/x64/build/Corretto8Src/installers/linux/universal/tar/corretto-build/buildRoot/src/hotspot/src/share/vm/prims/jni.cpp, line 711]
Event: 0.249 Thread 0x00007f33a800d800 Exception <a 'sun/nio/fs/UnixException'> (0x0000000672c851e8) thrown at [/home/jenkins/node/workspace/Corretto8/generic_linux/x64/build/Corretto8Src/installers/linux/universal/tar/corretto-build/buildRoot/src/hotspot/src/share/vm/prims/jni.cpp, line 711]
Event: 0.250 Thread 0x00007f33a800d800 Exception <a 'sun/nio/fs/UnixException'> (0x0000000672c92dd0) thrown at [/home/jenkins/node/workspace/Corretto8/generic_linux/x64/build/Corretto8Src/installers/linux/universal/tar/corretto-build/buildRoot/src/hotspot/src/share/vm/prims/jni.cpp, line 711]
Event: 0.511 Thread 0x00007f33a800d800 Exception <a 'java/io/FileNotFoundException'> (0x00000006734e8f48) thrown at [/home/jenkins/node/workspace/Corretto8/generic_linux/x64/build/Corretto8Src/installers/linux/universal/tar/corretto-build/buildRoot/src/hotspot/src/share/vm/prims/jni.cpp, line 
Event: 0.511 Thread 0x00007f33a800d800 Exception <a 'java/io/FileNotFoundException'> (0x00000006734e9968) thrown at [/home/jenkins/node/workspace/Corretto8/generic_linux/x64/build/Corretto8Src/installers/linux/universal/tar/corretto-build/buildRoot/src/hotspot/src/share/vm/prims/jni.cpp, line 
Event: 0.555 Thread 0x00007f33a800d800 Exception <a 'sun/nio/fs/UnixException'> (0x00000006737f9920) thrown at [/home/jenkins/node/workspace/Corretto8/generic_linux/x64/build/Corretto8Src/installers/linux/universal/tar/corretto-build/buildRoot/src/hotspot/src/share/vm/prims/jni.cpp, line 711]

Events (10 events):
Event: 0.548 loading class org/lwjgl/opengl/GL14C
Event: 0.548 loading class org/lwjgl/opengl/GL14C done
Event: 0.551 loading class org/lwjgl/stb/STBImage
Event: 0.551 loading class org/lwjgl/stb/STBImage done
Event: 0.552 loading class org/lwjgl/stb/LibSTB
Event: 0.552 loading class org/lwjgl/stb/LibSTB done
Event: 0.556 loading class org/lwjgl/stb/STBImageResize
Event: 0.556 loading class org/lwjgl/stb/STBImageResize done
Event: 0.557 loading class com/game/engine/datatypes/TextureData
Event: 0.557 loading class com/game/engine/datatypes/TextureData done


Dynamic libraries:
4111f000-41121000 r-xs 00000000 00:01 22038                              /memfd:/.glXXXXXX (deleted)
41c94000-41d43000 rw-p 00000000 00:00 0 
3d2e00000-3fcd00000 rw-p 00000000 00:00 0 
3fcd00000-670f80000 ---p 00000000 00:00 0 
670f80000-685e80000 rw-p 00000000 00:00 0 
685e80000-7c0000000 ---p 00000000 00:00 0 
7c0000000-7c0140000 rw-p 00000000 00:00 0 
7c0140000-800000000 ---p 00000000 00:00 0 
563bd5000000-563bd5001000 r-xp 00000000 08:44 5114662                    /usr/lib/jvm/java-1.8.0-amazon-corretto/jre/bin/java
563bd5200000-563bd5201000 r--p 00000000 08:44 5114662                    /usr/lib/jvm/java-1.8.0-amazon-corretto/jre/bin/java
563bd5201000-563bd5202000 rw-p 00001000 08:44 5114662                    /usr/lib/jvm/java-1.8.0-amazon-corretto/jre/bin/java
563bd70e5000-563bd7106000 rw-p 00000000 00:00 0                          [heap]
7f32e8000000-7f32e8021000 rw-p 00000000 00:00 0 
7f32e8021000-7f32ec000000 ---p 00000000 00:00 0 
7f32ec000000-7f32ec021000 rw-p 00000000 00:00 0 
7f32ec021000-7f32f0000000 ---p 00000000 00:00 0 
7f32f1f50000-7f32f31a9000 r-xp 00000000 08:44 3933155                    /usr/lib/x86_64-linux-gnu/libnvidia-glcore.so.470.57.02
7f32f31a9000-7f32f31ca000 rwxp 01259000 08:44 3933155                    /usr/lib/x86_64-linux-gnu/libnvidia-glcore.so.470.57.02
7f32f31ca000-7f32f36e2000 r-xp 0127a000 08:44 3933155                    /usr/lib/x86_64-linux-gnu/libnvidia-glcore.so.470.57.02
7f32f36e2000-7f32f38e1000 ---p 01792000 08:44 3933155                    /usr/lib/x86_64-linux-gnu/libnvidia-glcore.so.470.57.02
7f32f38e1000-7f32f3e3a000 r--p 01791000 08:44 3933155                    /usr/lib/x86_64-linux-gnu/libnvidia-glcore.so.470.57.02
7f32f3e3a000-7f32f3fde000 rw-p 01cea000 08:44 3933155                    /usr/lib/x86_64-linux-gnu/libnvidia-glcore.so.470.57.02
7f32f3fde000-7f32f4000000 rw-p 00000000 00:00 0 
7f32f4000000-7f32f4108000 rw-p 00000000 00:00 0 
7f32f4108000-7f32f8000000 ---p 00000000 00:00 0 
7f32f8000000-7f32f8021000 rw-p 00000000 00:00 0 
7f32f8021000-7f32fc000000 ---p 00000000 00:00 0 
7f32fc000000-7f32fc0db000 rw-p 00000000 00:00 0 
7f32fc0db000-7f3300000000 ---p 00000000 00:00 0 
7f3300000000-7f3300100000 rw-p 00000000 00:00 0 
7f3300100000-7f3304000000 ---p 00000000 00:00 0 
7f3304000000-7f3304138000 rw-p 00000000 00:00 0 
7f3304138000-7f3308000000 ---p 00000000 00:00 0 
7f3308000000-7f33080f6000 rw-p 00000000 00:00 0 
7f33080f6000-7f330c000000 ---p 00000000 00:00 0 
7f330c000000-7f330c17d000 rw-p 00000000 00:00 0 
7f330c17d000-7f3310000000 ---p 00000000 00:00 0 
7f3310000000-7f3310076000 rw-p 00000000 00:00 0 
7f3310076000-7f3314000000 ---p 00000000 00:00 0 
7f3314000000-7f3314022000 rw-p 00000000 00:00 0 
7f3314022000-7f3318000000 ---p 00000000 00:00 0 
7f3318000000-7f3318031000 rw-p 00000000 00:00 0 
7f3318031000-7f331c000000 ---p 00000000 00:00 0 
7f331c000000-7f331c021000 rw-p 00000000 00:00 0 
7f331c021000-7f3320000000 ---p 00000000 00:00 0 
7f3320000000-7f332009a000 rw-p 00000000 00:00 0 
7f332009a000-7f3324000000 ---p 00000000 00:00 0 
7f3324000000-7f3324021000 rw-p 00000000 00:00 0 
7f3324021000-7f3328000000 ---p 00000000 00:00 0 
7f3328000000-7f332805e000 rw-p 00000000 00:00 0 
7f332805e000-7f332c000000 ---p 00000000 00:00 0 
7f332c000000-7f332c021000 rw-p 00000000 00:00 0 
7f332c021000-7f3330000000 ---p 00000000 00:00 0 
7f3330000000-7f3330021000 rw-p 00000000 00:00 0 
7f3330021000-7f3334000000 ---p 00000000 00:00 0 
7f3334000000-7f3334021000 rw-p 00000000 00:00 0 
7f3334021000-7f3338000000 ---p 00000000 00:00 0 
7f3338000000-7f3338021000 rw-p 00000000 00:00 0 
7f3338021000-7f333c000000 ---p 00000000 00:00 0 
7f333c000000-7f333c021000 rw-p 00000000 00:00 0 
7f333c021000-7f3340000000 ---p 00000000 00:00 0 
7f334013e000-7f334019d000 r-xp 00000000 08:44 9437855                    /tmp/lwjglbrett/3.2.3-build-13/liblwjgl_stb.so
7f334019d000-7f334039c000 ---p 0005f000 08:44 9437855                    /tmp/lwjglbrett/3.2.3-build-13/liblwjgl_stb.so
7f334039c000-7f334039d000 r--p 0005e000 08:44 9437855                    /tmp/lwjglbrett/3.2.3-build-13/liblwjgl_stb.so
7f334039d000-7f334039e000 rw-p 0005f000 08:44 9437855                    /tmp/lwjglbrett/3.2.3-build-13/liblwjgl_stb.so
7f334039e000-7f3360000000 rw-p 00000000 00:00 0 
7f3360000000-7f3360021000 rw-p 00000000 00:00 0 
7f3360021000-7f3364000000 ---p 00000000 00:00 0 
7f3364000000-7f3364021000 rw-p 00000000 00:00 0 
7f3364021000-7f3368000000 ---p 00000000 00:00 0 
7f3368000000-7f3368021000 rw-p 00000000 00:00 0 
7f3368021000-7f336c000000 ---p 00000000 00:00 0 
7f336c18f000-7f336c30f000 rw-p 00000000 00:00 0 
7f336c30f000-7f336c38f000 ---p 00000000 00:00 0 
7f336c38f000-7f336c392000 ---p 00000000 00:00 0 
7f336c392000-7f336c490000 rw-p 00000000 00:00 0 
7f336c490000-7f336c495000 r-xp 00000000 08:44 3943336                    /usr/lib/x86_64-linux-gnu/libXtst.so.6.1.0
7f336c495000-7f336c694000 ---p 00005000 08:44 3943336                    /usr/lib/x86_64-linux-gnu/libXtst.so.6.1.0
7f336c694000-7f336c695000 r--p 00004000 08:44 3943336                    /usr/lib/x86_64-linux-gnu/libXtst.so.6.1.0
7f336c695000-7f336c696000 rw-p 00005000 08:44 3943336                    /usr/lib/x86_64-linux-gnu/libXtst.so.6.1.0
7f336c6d7000-7f336c732000 r-xp 00000000 08:44 5121934                    /usr/lib/jvm/java-1.8.0-amazon-corretto/jre/lib/amd64/libawt_xawt.so
7f336c732000-7f336c932000 ---p 0005b000 08:44 5121934                    /usr/lib/jvm/java-1.8.0-amazon-corretto/jre/lib/amd64/libawt_xawt.so
7f336c932000-7f336c933000 r--p 0005b000 08:44 5121934                    /usr/lib/jvm/java-1.8.0-amazon-corretto/jre/lib/amd64/libawt_xawt.so
7f336c933000-7f336c936000 rw-p 0005c000 08:44 5121934                    /usr/lib/jvm/java-1.8.0-amazon-corretto/jre/lib/amd64/libawt_xawt.so
7f336c936000-7f336c938000 rw-p 00000000 00:00 0 
7f336c938000-7f336c9d8000 r-xp 00000000 08:44 5121749                    /usr/lib/jvm/java-1.8.0-amazon-corretto/jre/lib/amd64/libawt.so
7f336c9d8000-7f336cbd8000 ---p 000a0000 08:44 5121749                    /usr/lib/jvm/java-1.8.0-amazon-corretto/jre/lib/amd64/libawt.so
7f336cbd8000-7f336cbd9000 r--p 000a0000 08:44 5121749                    /usr/lib/jvm/java-1.8.0-amazon-corretto/jre/lib/amd64/libawt.so
7f336cbd9000-7f336cbe4000 rw-p 000a1000 08:44 5121749                    /usr/lib/jvm/java-1.8.0-amazon-corretto/jre/lib/amd64/libawt.so
7f336cbe4000-7f336cc09000 rw-p 00000000 00:00 0 
7f336cc09000-7f336cc0e000 r--s 002f9000 08:44 5122307                    /usr/lib/jvm/java-1.8.0-amazon-corretto/jre/lib/charsets.jar
7f336cc0e000-7f336ce0e000 rw-p 00000000 00:00 0 
7f336ce0e000-7f336ce66000 r-xp 00000000 08:44 9437852                    /tmp/lwjglbrett/3.2.3-build-13/liblwjgl_opengl.so
7f336ce66000-7f336d065000 ---p 00058000 08:44 9437852                    /tmp/lwjglbrett/3.2.3-build-13/liblwjgl_opengl.so
7f336d065000-7f336d066000 r--p 00057000 08:44 9437852                    /tmp/lwjglbrett/3.2.3-build-13/liblwjgl_opengl.so
7f336d066000-7f336d067000 rw-p 00058000 08:44 9437852                    /tmp/lwjglbrett/3.2.3-build-13/liblwjgl_opengl.so
7f336d067000-7f336d06c000 r-xp 00000000 00:00 0 
7f336d06c000-7f336d06f000 rw-s 00000000 00:05 1019                       /dev/nvidiactl
7f336d06f000-7f336d071000 rw-s 00000000 00:01 22038                      /memfd:/.glXXXXXX (deleted)
7f336d071000-7f336d0f1000 rw-s 00000000 00:05 1019                       /dev/nvidiactl
7f336d0f1000-7f336d0f5000 rw-s 00000000 00:05 1019                       /dev/nvidiactl
7f336d0f5000-7f336d1f5000 rw-s 00000000 00:05 1019                       /dev/nvidiactl
7f336d1f5000-7f336d208000 rw-s 00000000 00:05 1019                       /dev/nvidiactl
7f336d208000-7f336d209000 rw-s 00000000 00:05 1020                       /dev/nvidia0
7f336d209000-7f336d20b000 rw-s 00000000 00:05 1019                       /dev/nvidiactl
7f336d20b000-7f336d20f000 rw-s 00000000 00:05 1019                       /dev/nvidiactl
7f336d20f000-7f336d24f000 rw-s 00000000 00:05 1019                       /dev/nvidiactl
7f336d24f000-7f336d26f000 rw-s 00000000 00:05 1019                       /dev/nvidiactl
7f336d26f000-7f336d2af000 rw-s 00000000 00:05 1019                       /dev/nvidiactl
7f336d2af000-7f336d2ef000 rw-s 00000000 00:05 1019                       /dev/nvidiactl
7f336d2ef000-7f336d494000 rw-s 00000000 00:01 7168                       /memfd:/.nvidia_drv.XXXXXX (deleted)
7f336d494000-7f336d499000 r--p 00000000 08:44 3934790                    /usr/lib/x86_64-linux-gnu/libdrm.so.2.4.0
7f336d499000-7f336d4a3000 r-xp 00005000 08:44 3934790                    /usr/lib/x86_64-linux-gnu/libdrm.so.2.4.0
7f336d4a3000-7f336d4a7000 r--p 0000f000 08:44 3934790                    /usr/lib/x86_64-linux-gnu/libdrm.so.2.4.0
7f336d4a7000-7f336d4a8000 r--p 00012000 08:44 3934790                    /usr/lib/x86_64-linux-gnu/libdrm.so.2.4.0
7f336d4a8000-7f336d4a9000 rw-p 00013000 08:44 3934790                    /usr/lib/x86_64-linux-gnu/libdrm.so.2.4.0
7f336d4a9000-7f336d4b4000 r--p 00000000 08:44 3934154                    /usr/lib/x86_64-linux-gnu/libxcb-glx.so.0.0.0
7f336d4b4000-7f336d4bd000 r-xp 0000b000 08:44 3934154                    /usr/lib/x86_64-linux-gnu/libxcb-glx.so.0.0.0
7f336d4bd000-7f336d4c2000 r--p 00014000 08:44 3934154                    /usr/lib/x86_64-linux-gnu/libxcb-glx.so.0.0.0
7f336d4c2000-7f336d4c3000 ---p 00019000 08:44 3934154                    /usr/lib/x86_64-linux-gnu/libxcb-glx.so.0.0.0
7f336d4c3000-7f336d4c5000 r--p 00019000 08:44 3934154                    /usr/lib/x86_64-linux-gnu/libxcb-glx.so.0.0.0
7f336d4c5000-7f336d4c6000 rw-p 0001b000 08:44 3934154                    /usr/lib/x86_64-linux-gnu/libxcb-glx.so.0.0.0
7f336d4c6000-7f336d4c9000 r-xp 00000000 08:44 3933156                    /usr/lib/x86_64-linux-gnu/libnvidia-tls.so.470.57.02
7f336d4c9000-7f336d6c9000 ---p 00003000 08:44 3933156                    /usr/lib/x86_64-linux-gnu/libnvidia-tls.so.470.57.02
7f336d6c9000-7f336d6ca000 r--p 00003000 08:44 3933156                    /usr/lib/x86_64-linux-gnu/libnvidia-tls.so.470.57.02
7f336d6ca000-7f336d6cb000 rw-p 00004000 08:44 3933156                    /usr/lib/x86_64-linux-gnu/libnvidia-tls.so.470.57.02
7f336d6cb000-7f336d73d000 r-xp 00000000 08:44 3936883                    /usr/lib/x86_64-linux-gnu/libnvidia-glsi.so.470.57.02
7f336d73d000-7f336d93d000 ---p 00072000 08:44 3936883                    /usr/lib/x86_64-linux-gnu/libnvidia-glsi.so.470.57.02
7f336d93d000-7f336d966000 r--p 00072000 08:44 3936883                    /usr/lib/x86_64-linux-gnu/libnvidia-glsi.so.470.57.02
7f336d966000-7f336d967000 rw-p 0009b000 08:44 3936883                    /usr/lib/x86_64-linux-gnu/libnvidia-glsi.so.470.57.02
7f336d967000-7f336d96e000 rw-p 00000000 00:00 0 
7f336d96e000-7f336da20000 r-xp 00000000 08:44 7077911                    /usr/lib/x86_64-linux-gnu/nvidia/current/libGLX_nvidia.so.470.57.02
7f336da20000-7f336da55000 rwxp 000b2000 08:44 7077911                    /usr/lib/x86_64-linux-gnu/nvidia/current/libGLX_nvidia.so.470.57.02
7f336da55000-7f336da5c000 r-xp 000e7000 08:44 7077911                    /usr/lib/x86_64-linux-gnu/nvidia/current/libGLX_nvidia.so.470.57.02
7f336da5c000-7f336dc5b000 ---p 000ee000 08:44 7077911                    /usr/lib/x86_64-linux-gnu/nvidia/current/libGLX_nvidia.so.470.57.02
7f336dc5b000-7f336dca4000 r--p 000ed000 08:44 7077911                    /usr/lib/x86_64-linux-gnu/nvidia/current/libGLX_nvidia.so.470.57.02
7f336dca4000-7f336dca9000 rw-p 00136000 08:44 7077911                    /usr/lib/x86_64-linux-gnu/nvidia/current/libGLX_nvidia.so.470.57.02
7f336dca9000-7f336dcab000 rw-p 00000000 00:00 0 
7f336dcab000-7f336dceb000 r--p 00000000 08:44 3939091                    /usr/lib/x86_64-linux-gnu/libGLdispatch.so.0.0.0
7f336dceb000-7f336dcee000 r-xp 00040000 08:44 3939091                    /usr/lib/x86_64-linux-gnu/libGLdispatch.so.0.0.0
7f336dcee000-7f336dd29000 r-xp 00043000 08:44 3939091                    /usr/lib/x86_64-linux-gnu/libGLdispatch.so.0.0.0
7f336dd29000-7f336dd2a000 r-xp 0007e000 08:44 3939091                    /usr/lib/x86_64-linux-gnu/libGLdispatch.so.0.0.0
7f336dd2a000-7f336dd3e000 r--p 0007f000 08:44 3939091                    /usr/lib/x86_64-linux-gnu/libGLdispatch.so.0.0.0
7f336dd3e000-7f336dd5a000 r--p 00092000 08:44 3939091                    /usr/lib/x86_64-linux-gnu/libGLdispatch.so.0.0.0
7f336dd5a000-7f336dd5b000 rw-p 000ae000 08:44 3939091                    /usr/lib/x86_64-linux-gnu/libGLdispatch.so.0.0.0
7f336dd5b000-7f336dd63000 rw-p 00000000 00:00 0 
7f336dd63000-7f336dda6000 r--p 00000000 08:44 6292234                    /usr/lib/mesa-diverted/x86_64-linux-gnu/libGL.so.1.7.0
7f336dda6000-7f336dda9000 r-xp 00043000 08:44 6292234                    /usr/lib/mesa-diverted/x86_64-linux-gnu/libGL.so.1.7.0
7f336dda9000-7f336ddc4000 r-xp 00046000 08:44 6292234                    /usr/lib/mesa-diverted/x86_64-linux-gnu/libGL.so.1.7.0
7f336ddc4000-7f336ddc5000 r-xp 00061000 08:44 6292234                    /usr/lib/mesa-diverted/x86_64-linux-gnu/libGL.so.1.7.0
7f336ddc5000-7f336ddda000 r--p 00062000 08:44 6292234                    /usr/lib/mesa-diverted/x86_64-linux-gnu/libGL.so.1.7.0
7f336ddda000-7f336dde8000 r--p 00076000 08:44 6292234                    /usr/lib/mesa-diverted/x86_64-linux-gnu/libGL.so.1.7.0
7f336dde8000-7f336dde9000 rw-p 00084000 08:44 6292234                    /usr/lib/mesa-diverted/x86_64-linux-gnu/libGL.so.1.7.0
7f336dde9000-7f336ddea000 rw-p 00000000 00:00 0 
7f336ddea000-7f336ddeb000 rw-s 00000000 00:05 1020                       /dev/nvidia0
7f336ddeb000-7f336de0b000 rw-s 00000000 00:05 1019                       /dev/nvidiactl
7f336de0b000-7f336de2b000 rw-s 00000000 00:05 1019                       /dev/nvidiactl
7f336de2b000-7f336de2c000 r--p 00000000 08:44 3934439                    /usr/lib/x86_64-linux-gnu/libX11-xcb.so.1.0.0
7f336de2c000-7f336de2d000 r-xp 00001000 08:44 3934439                    /usr/lib/x86_64-linux-gnu/libX11-xcb.so.1.0.0
7f336de2d000-7f336de2e000 r--p 00002000 08:44 3934439                    /usr/lib/x86_64-linux-gnu/libX11-xcb.so.1.0.0
7f336de2e000-7f336de2f000 r--p 00002000 08:44 3934439                    /usr/lib/x86_64-linux-gnu/libX11-xcb.so.1.0.0
7f336de2f000-7f336de30000 rw-p 00003000 08:44 3934439                    /usr/lib/x86_64-linux-gnu/libX11-xcb.so.1.0.0
7f336de30000-7f336de31000 r--p 00000000 08:44 3949702                    /usr/lib/x86_64-linux-gnu/libXinerama.so.1.0.0
7f336de31000-7f336de32000 r-xp 00001000 08:44 3949702                    /usr/lib/x86_64-linux-gnu/libXinerama.so.1.0.0
7f336de32000-7f336de33000 r--p 00002000 08:44 3949702                    /usr/lib/x86_64-linux-gnu/libXinerama.so.1.0.0
7f336de33000-7f336de34000 r--p 00002000 08:44 3949702                    /usr/lib/x86_64-linux-gnu/libXinerama.so.1.0.0
7f336de34000-7f336de35000 rw-p 00003000 08:44 3949702                    /usr/lib/x86_64-linux-gnu/libXinerama.so.1.0.0
7f336de35000-7f336de38000 r--p 00000000 08:44 3943331                    /usr/lib/x86_64-linux-gnu/libXcursor.so.1.0.2
7f336de38000-7f336de3e000 r-xp 00003000 08:44 3943331                    /usr/lib/x86_64-linux-gnu/libXcursor.so.1.0.2
7f336de3e000-7f336de40000 r--p 00009000 08:44 3943331                    /usr/lib/x86_64-linux-gnu/libXcursor.so.1.0.2
7f336de40000-7f336de41000 r--p 0000a000 08:44 3943331                    /usr/lib/x86_64-linux-gnu/libXcursor.so.1.0.2
7f336de41000-7f336de42000 rw-p 0000b000 08:44 3943331                    /usr/lib/x86_64-linux-gnu/libXcursor.so.1.0.2
7f336de42000-7f336de4b000 r-xp 00000000 08:44 3939156                    /usr/lib/x86_64-linux-gnu/libXrender.so.1.3.0
7f336de4b000-7f336e04a000 ---p 00009000 08:44 3939156                    /usr/lib/x86_64-linux-gnu/libXrender.so.1.3.0
7f336e04a000-7f336e04b000 r--p 00008000 08:44 3939156                    /usr/lib/x86_64-linux-gnu/libXrender.so.1.3.0
7f336e04b000-7f336e04c000 rw-p 00009000 08:44 3939156                    /usr/lib/x86_64-linux-gnu/libXrender.so.1.3.0
7f336e04c000-7f336e04e000 r--p 00000000 08:44 3974177                    /usr/lib/x86_64-linux-gnu/libXrandr.so.2.2.0
7f336e04e000-7f336e055000 r-xp 00002000 08:44 3974177                    /usr/lib/x86_64-linux-gnu/libXrandr.so.2.2.0
7f336e055000-7f336e057000 r--p 00009000 08:44 3974177                    /usr/lib/x86_64-linux-gnu/libXrandr.so.2.2.0
7f336e057000-7f336e058000 r--p 0000a000 08:44 3974177                    /usr/lib/x86_64-linux-gnu/libXrandr.so.2.2.0
7f336e058000-7f336e059000 rw-p 0000b000 08:44 3974177                    /usr/lib/x86_64-linux-gnu/libXrandr.so.2.2.0
7f336e059000-7f336e05c000 r--p 00000000 08:44 3974143                    /usr/lib/x86_64-linux-gnu/libXi.so.6.1.0
7f336e05c000-7f336e068000 r-xp 00003000 08:44 3974143                    /usr/lib/x86_64-linux-gnu/libXi.so.6.1.0
7f336e068000-7f336e06b000 r--p 0000f000 08:44 3974143                    /usr/lib/x86_64-linux-gnu/libXi.so.6.1.0
7f336e06b000-7f336e06c000 r--p 00011000 08:44 3974143                    /usr/lib/x86_64-linux-gnu/libXi.so.6.1.0
7f336e06c000-7f336e06d000 rw-p 00012000 08:44 3974143                    /usr/lib/x86_64-linux-gnu/libXi.so.6.1.0
7f336e06d000-7f336e071000 r--p 00000000 08:44 3946799                    /usr/lib/x86_64-linux-gnu/libXext.so.6.4.0
7f336e071000-7f336e07c000 r-xp 00004000 08:44 3946799                    /usr/lib/x86_64-linux-gnu/libXext.so.6.4.0
7f336e07c000-7f336e080000 r--p 0000f000 08:44 3946799                    /usr/lib/x86_64-linux-gnu/libXext.so.6.4.0
7f336e080000-7f336e081000 r--p 00012000 08:44 3946799                    /usr/lib/x86_64-linux-gnu/libXext.so.6.4.0
7f336e081000-7f336e082000 rw-p 00013000 08:44 3946799                    /usr/lib/x86_64-linux-gnu/libXext.so.6.4.0
7f336e082000-7f336e087000 r-xp 00000000 08:44 3939064                    /usr/lib/x86_64-linux-gnu/libXxf86vm.so.1.0.0
7f336e087000-7f336e286000 ---p 00005000 08:44 3939064                    /usr/lib/x86_64-linux-gnu/libXxf86vm.so.1.0.0
7f336e286000-7f336e287000 r--p 00004000 08:44 3939064                    /usr/lib/x86_64-linux-gnu/libXxf86vm.so.1.0.0
7f336e287000-7f336e288000 rw-p 00005000 08:44 3939064                    /usr/lib/x86_64-linux-gnu/libXxf86vm.so.1.0.0
7f336e288000-7f336e28a000 r--p 00000000 08:44 3932335                    /usr/lib/x86_64-linux-gnu/libmd.so.0.0.5
7f336e28a000-7f336e291000 r-xp 00002000 08:44 3932335                    /usr/lib/x86_64-linux-gnu/libmd.so.0.0.5
7f336e291000-7f336e293000 r--p 00009000 08:44 3932335                    /usr/lib/x86_64-linux-gnu/libmd.so.0.0.5
7f336e293000-7f336e294000 r--p 0000a000 08:44 3932335                    /usr/lib/x86_64-linux-gnu/libmd.so.0.0.5
7f336e294000-7f336e295000 rw-p 0000b000 08:44 3932335                    /usr/lib/x86_64-linux-gnu/libmd.so.0.0.5
7f336e295000-7f336e299000 r--p 00000000 08:44 3938076                    /usr/lib/x86_64-linux-gnu/libbsd.so.0.11.3
7f336e299000-7f336e2a5000 r-xp 00004000 08:44 3938076                    /usr/lib/x86_64-linux-gnu/libbsd.so.0.11.3
7f336e2a5000-7f336e2a8000 r--p 00010000 08:44 3938076                    /usr/lib/x86_64-linux-gnu/libbsd.so.0.11.3
7f336e2a8000-7f336e2a9000 ---p 00013000 08:44 3938076                    /usr/lib/x86_64-linux-gnu/libbsd.so.0.11.3
7f336e2a9000-7f336e2aa000 r--p 00013000 08:44 3938076                    /usr/lib/x86_64-linux-gnu/libbsd.so.0.11.3
7f336e2aa000-7f336e2ab000 rw-p 00014000 08:44 3938076                    /usr/lib/x86_64-linux-gnu/libbsd.so.0.11.3
7f336e2ab000-7f336e2ac000 rw-p 00000000 00:00 0 
7f336e2ac000-7f336e2b1000 r-xp 00000000 08:44 3938959                    /usr/lib/x86_64-linux-gnu/libXdmcp.so.6.0.0
7f336e2b1000-7f336e4b0000 ---p 00005000 08:44 3938959                    /usr/lib/x86_64-linux-gnu/libXdmcp.so.6.0.0
7f336e4b0000-7f336e4b1000 r--p 00004000 08:44 3938959                    /usr/lib/x86_64-linux-gnu/libXdmcp.so.6.0.0
7f336e4b1000-7f336e4b2000 rw-p 00005000 08:44 3938959                    /usr/lib/x86_64-linux-gnu/libXdmcp.so.6.0.0
7f336e4b2000-7f336e4be000 r--p 00000000 08:44 3933956                    /usr/lib/x86_64-linux-gnu/libxcb.so.1.1.0
7f336e4be000-7f336e4d2000 r-xp 0000c000 08:44 3933956                    /usr/lib/x86_64-linux-gnu/libxcb.so.1.1.0
7f336e4d2000-7f336e4db000 r--p 00020000 08:44 3933956                    /usr/lib/x86_64-linux-gnu/libxcb.so.1.1.0
7f336e4db000-7f336e4dc000 r--p 00028000 08:44 3933956                    /usr/lib/x86_64-linux-gnu/libxcb.so.1.1.0
7f336e4dc000-7f336e4dd000 rw-p 00029000 08:44 3933956                    /usr/lib/x86_64-linux-gnu/libxcb.so.1.1.0
7f336e4dd000-7f336e4f9000 r--p 00000000 08:44 3935585                    /usr/lib/x86_64-linux-gnu/libX11.so.6.4.0
7f336e4f9000-7f336e585000 r-xp 0001c000 08:44 3935585                    /usr/lib/x86_64-linux-gnu/libX11.so.6.4.0
7f336e585000-7f336e619000 r--p 000a8000 08:44 3935585                    /usr/lib/x86_64-linux-gnu/libX11.so.6.4.0
7f336e619000-7f336e61a000 ---p 0013c000 08:44 3935585                    /usr/lib/x86_64-linux-gnu/libX11.so.6.4.0
7f336e61a000-7f336e61b000 r--p 0013c000 08:44 3935585                    /usr/lib/x86_64-linux-gnu/libX11.so.6.4.0
7f336e61b000-7f336e620000 rw-p 0013d000 08:44 3935585                    /usr/lib/x86_64-linux-gnu/libX11.so.6.4.0
7f336e620000-7f336e621000 rw-s 00000000 00:05 1020                       /dev/nvidia0
7f336e621000-7f336e622000 rw-s 00000000 00:05 1020                       /dev/nvidia0
7f336e622000-7f336e623000 rw-s 00000000 00:05 1019                       /dev/nvidiactl
7f336e623000-7f336e624000 rw-s 00000000 00:05 1019                       /dev/nvidiactl
7f336e624000-7f336e625000 rw-s 00000000 00:05 1019                       /dev/nvidiactl
7f336e625000-7f336e626000 rw-s 00044000 00:01 7168                       /memfd:/.nvidia_drv.XXXXXX (deleted)
7f336e626000-7f336e629000 r--p 00000000 08:44 3937876                    /usr/lib/x86_64-linux-gnu/libGLX.so.0.0.0
7f336e629000-7f336e644000 r-xp 00003000 08:44 3937876                    /usr/lib/x86_64-linux-gnu/libGLX.so.0.0.0
7f336e644000-7f336e648000 r--p 0001e000 08:44 3937876                    /usr/lib/x86_64-linux-gnu/libGLX.so.0.0.0
7f336e648000-7f336e649000 r--p 00021000 08:44 3937876                    /usr/lib/x86_64-linux-gnu/libGLX.so.0.0.0
7f336e649000-7f336e64a000 rw-p 00022000 08:44 3937876                    /usr/lib/x86_64-linux-gnu/libGLX.so.0.0.0
7f336e64a000-7f336e65a000 rw-p 00000000 00:00 0 
7f336e65a000-7f336e661000 r--s 00000000 08:44 3980780                    /usr/lib/x86_64-linux-gnu/gconv/gconv-modules.cache
7f336e661000-7f336e6a4000 r-xp 00000000 08:44 9437851                    /tmp/lwjglbrett/3.2.3-build-13/libglfw.so
7f336e6a4000-7f336e8a3000 ---p 00043000 08:44 9437851                    /tmp/lwjglbrett/3.2.3-build-13/libglfw.so
7f336e8a3000-7f336e8a4000 r--p 00042000 08:44 9437851                    /tmp/lwjglbrett/3.2.3-build-13/libglfw.so
7f336e8a4000-7f336e8a6000 rw-p 00043000 08:44 9437851                    /tmp/lwjglbrett/3.2.3-build-13/libglfw.so
7f336e8a6000-7f336e8c7000 rw-p 00000000 00:00 0 
7f336e8c7000-7f336e918000 r-xp 00000000 08:44 9437850                    /tmp/lwjglbrett/3.2.3-build-13/liblwjgl.so
7f336e918000-7f336eb17000 ---p 00051000 08:44 9437850                    /tmp/lwjglbrett/3.2.3-build-13/liblwjgl.so
7f336eb17000-7f336eb18000 r--p 00050000 08:44 9437850                    /tmp/lwjglbrett/3.2.3-build-13/liblwjgl.so
7f336eb18000-7f336eb19000 rw-p 00051000 08:44 9437850                    /tmp/lwjglbrett/3.2.3-build-13/liblwjgl.so
7f336eb19000-7f336eb22000 r-xp 00000000 08:44 5121742                    /usr/lib/jvm/java-1.8.0-amazon-corretto/jre/lib/amd64/libmanagement.so
7f336eb22000-7f336ed21000 ---p 00009000 08:44 5121742                    /usr/lib/jvm/java-1.8.0-amazon-corretto/jre/lib/amd64/libmanagement.so
7f336ed21000-7f336ed22000 r--p 00008000 08:44 5121742                    /usr/lib/jvm/java-1.8.0-amazon-corretto/jre/lib/amd64/libmanagement.so
7f336ed22000-7f336ed23000 rw-p 00009000 08:44 5121742                    /usr/lib/jvm/java-1.8.0-amazon-corretto/jre/lib/amd64/libmanagement.so
7f336ed23000-7f336ed24000 r--s 00008000 08:43 393600                     /home/brett/Documents/Brock/Gamers/Java Brock 2021 Project/Library/lib/native/lwjgl-opengles-natives-linux.jar
7f336ed24000-7f336ed25000 r--s 00095000 08:43 393594                     /home/brett/Documents/Brock/Gamers/Java Brock 2021 Project/Library/lib/native/lwjgl-openal-natives-windows-x86.jar
7f336ed25000-7f336ed26000 r--s 0009e000 08:43 393595                     /home/brett/Documents/Brock/Gamers/Java Brock 2021 Project/Library/lib/native/lwjgl-openal-natives-windows.jar
7f336ed26000-7f336ed28000 r--s 00080000 08:43 393593                     /home/brett/Documents/Brock/Gamers/Java Brock 2021 Project/Library/lib/native/lwjgl-openal-natives-macos.jar
7f336ed28000-7f336ed29000 r--s 00090000 08:43 393592                     /home/brett/Documents/Brock/Gamers/Java Brock 2021 Project/Library/lib/native/lwjgl-openal-natives-linux.jar
7f336ed29000-7f336ed2a000 r--s 0000f000 08:43 393590                     /home/brett/Documents/Brock/Gamers/Java Brock 2021 Project/Library/lib/native/lwjgl-nfd-natives-windows-x86.jar
7f336ed2a000-7f336ed2b000 r--s 00011000 08:43 393591                     /home/brett/Documents/Brock/Gamers/Java Brock 2021 Project/Library/lib/native/lwjgl-nfd-natives-windows.jar
7f336ed2b000-7f336ed2c000 r--s 00001000 08:43 393589                     /home/brett/Documents/Brock/Gamers/Java Brock 2021 Project/Library/lib/native/lwjgl-nfd-natives-macos.jar
7f336ed2c000-7f336ed2e000 r--s 0001c000 08:43 393586                     /home/brett/Documents/Brock/Gamers/Java Brock 2021 Project/Library/lib/native/lwjgl-natives-windows-x86.jar
7f336ed2e000-7f336ed30000 r--s 00020000 08:43 393587                     /home/brett/Documents/Brock/Gamers/Java Brock 2021 Project/Library/lib/native/lwjgl-natives-windows.jar
7f336ed30000-7f336ed48000 r-xp 00000000 08:44 5121713                    /usr/lib/jvm/java-1.8.0-amazon-corretto/jre/lib/amd64/libnet.so
7f336ed48000-7f336ef47000 ---p 00018000 08:44 5121713                    /usr/lib/jvm/java-1.8.0-amazon-corretto/jre/lib/amd64/libnet.so
7f336ef47000-7f336ef48000 r--p 00017000 08:44 5121713                    /usr/lib/jvm/java-1.8.0-amazon-corretto/jre/lib/amd64/libnet.so
7f336ef48000-7f336ef49000 rw-p 00018000 08:44 5121713                    /usr/lib/jvm/java-1.8.0-amazon-corretto/jre/lib/amd64/libnet.so
7f336ef49000-7f336ef5a000 r-xp 00000000 08:44 5121754                    /usr/lib/jvm/java-1.8.0-amazon-corretto/jre/lib/amd64/libnio.so
7f336ef5a000-7f336f15a000 ---p 00011000 08:44 5121754                    /usr/lib/jvm/java-1.8.0-amazon-corretto/jre/lib/amd64/libnio.so
7f336f15a000-7f336f15b000 r--p 00011000 08:44 5121754                    /usr/lib/jvm/java-1.8.0-amazon-corretto/jre/lib/amd64/libnio.so
7f336f15b000-7f336f15c000 rw-p 00012000 08:44 5121754                    /usr/lib/jvm/java-1.8.0-amazon-corretto/jre/lib/amd64/libnio.so
7f336f15c000-7f336f1f2000 r--s 007cf000 08:44 5122300                    /usr/lib/jvm/java-1.8.0-amazon-corretto/jre/lib/ext/jfxrt.jar
7f336f1f2000-7f336f1f3000 ---p 00000000 00:00 0 
7f336f1f3000-7f336f2f3000 rw-p 00000000 00:00 0 
7f336f2f3000-7f336f2f6000 ---p 00000000 00:00 0 
7f336f2f6000-7f336f3f4000 rw-p 00000000 00:00 0 
7f336f3f4000-7f336f3f5000 ---p 00000000 00:00 0 
7f336f3f5000-7f336f3f8000 ---p 00000000 00:00 0 
7f336f3f8000-7f336f4f5000 rw-p 00000000 00:00 0 
7f336f4f5000-7f336f4f6000 ---p 00000000 00:00 0 
7f336f4f6000-7f336f4f9000 ---p 00000000 00:00 0 
7f336f4f9000-7f336f5f6000 rw-p 00000000 00:00 0 
7f336f5f6000-7f336f5f7000 ---p 00000000 00:00 0 
7f336f5f7000-7f336f5fa000 ---p 00000000 00:00 0 
7f336f5fa000-7f336f6f7000 rw-p 00000000 00:00 0 
7f336f6f7000-7f336f6f8000 ---p 00000000 00:00 0 
7f336f6f8000-7f336f6fb000 ---p 00000000 00:00 0 
7f336f6fb000-7f336f7f8000 rw-p 00000000 00:00 0 
7f336f7f8000-7f336f7f9000 ---p 00000000 00:00 0 
7f336f7f9000-7f336f7fc000 ---p 00000000 00:00 0 
7f336f7fc000-7f336f8f9000 rw-p 00000000 00:00 0 
7f336f8f9000-7f336f8fa000 ---p 00000000 00:00 0 
7f336f8fa000-7f336f8fd000 ---p 00000000 00:00 0 
7f336f8fd000-7f336f9fa000 rw-p 00000000 00:00 0 
7f336f9fa000-7f336f9fb000 ---p 00000000 00:00 0 
7f336f9fb000-7f336f9fe000 ---p 00000000 00:00 0 
7f336f9fe000-7f336fafb000 rw-p 00000000 00:00 0 
7f336fafb000-7f336fafc000 ---p 00000000 00:00 0 
7f336fafc000-7f336faff000 ---p 00000000 00:00 0 
7f336faff000-7f336fbfc000 rw-p 00000000 00:00 0 
7f336fbfc000-7f336fbfd000 ---p 00000000 00:00 0 
7f336fbfd000-7f336fc00000 ---p 00000000 00:00 0 
7f336fc00000-7f336fcfd000 rw-p 00000000 00:00 0 
7f336fcfd000-7f336fcfe000 ---p 00000000 00:00 0 
7f336fcfe000-7f336fd01000 ---p 00000000 00:00 0 
7f336fd01000-7f336fdfe000 rw-p 00000000 00:00 0 
7f336fdfe000-7f336fdff000 ---p 00000000 00:00 0 
7f336fdff000-7f336fe02000 ---p 00000000 00:00 0 
7f336fe02000-7f336feff000 rw-p 00000000 00:00 0 
7f336feff000-7f336ff00000 ---p 00000000 00:00 0 
7f336ff00000-7f336ff03000 ---p 00000000 00:00 0 
7f336ff03000-7f3370000000 rw-p 00000000 00:00 0 
7f3370000000-7f3370021000 rw-p 00000000 00:00 0 
7f3370021000-7f3374000000 ---p 00000000 00:00 0 
7f3374000000-7f3374001000 r--s 00001000 08:43 393588                     /home/brett/Documents/Brock/Gamers/Java Brock 2021 Project/Library/lib/native/lwjgl-nfd-natives-linux.jar
7f3374001000-7f3374002000 r--s 00009000 08:43 393585                     /home/brett/Documents/Brock/Gamers/Java Brock 2021 Project/Library/lib/native/lwjgl-natives-macos.jar
7f3374002000-7f3374004000 r--p 00000000 08:44 3933927                    /usr/lib/x86_64-linux-gnu/libXfixes.so.3.1.0
7f3374004000-7f3374007000 r-xp 00002000 08:44 3933927                    /usr/lib/x86_64-linux-gnu/libXfixes.so.3.1.0
7f3374007000-7f3374008000 r--p 00005000 08:44 3933927                    /usr/lib/x86_64-linux-gnu/libXfixes.so.3.1.0
7f3374008000-7f3374009000 r--p 00005000 08:44 3933927                    /usr/lib/x86_64-linux-gnu/libXfixes.so.3.1.0
7f3374009000-7f337400a000 rw-p 00006000 08:44 3933927                    /usr/lib/x86_64-linux-gnu/libXfixes.so.3.1.0
7f337400a000-7f337400b000 r--p 00000000 08:44 3936017                    /usr/lib/x86_64-linux-gnu/libXau.so.6.0.0
7f337400b000-7f337400c000 r-xp 00001000 08:44 3936017                    /usr/lib/x86_64-linux-gnu/libXau.so.6.0.0
7f337400c000-7f337400d000 r--p 00002000 08:44 3936017                    /usr/lib/x86_64-linux-gnu/libXau.so.6.0.0
7f337400d000-7f337400e000 r--p 00002000 08:44 3936017                    /usr/lib/x86_64-linux-gnu/libXau.so.6.0.0
7f337400e000-7f337400f000 rw-p 00003000 08:44 3936017                    /usr/lib/x86_64-linux-gnu/libXau.so.6.0.0
7f337400f000-7f3374010000 r-xp 00000000 00:00 0 
7f3374010000-7f3374023000 r--s 0034b000 08:44 5122310                    /usr/lib/jvm/java-1.8.0-amazon-corretto/jre/lib/resources.jar
7f3374023000-7f3374024000 r--s 00017000 08:43 393614                     /home/brett/Documents/Brock/Gamers/Java Brock 2021 Project/Library/lib/native/lwjgl-tinyfd-natives-windows-x86.jar
7f3374024000-7f3374025000 r--s 0001b000 08:43 393615                     /home/brett/Documents/Brock/Gamers/Java Brock 2021 Project/Library/lib/native/lwjgl-tinyfd-natives-windows.jar
7f3374025000-7f3374026000 r--s 0000a000 08:43 393613                     /home/brett/Documents/Brock/Gamers/Java Brock 2021 Project/Library/lib/native/lwjgl-tinyfd-natives-macos.jar
7f3374026000-7f3374027000 r--s 00009000 08:43 393612                     /home/brett/Documents/Brock/Gamers/Java Brock 2021 Project/Library/lib/native/lwjgl-tinyfd-natives-linux.jar
7f3374027000-7f3374029000 r--s 00025000 08:43 393610                     /home/brett/Documents/Brock/Gamers/Java Brock 2021 Project/Library/lib/native/lwjgl-tinyexr-natives-windows-x86.jar
7f3374029000-7f337402a000 r--s 0002c000 08:43 393611                     /home/brett/Documents/Brock/Gamers/Java Brock 2021 Project/Library/lib/native/lwjgl-tinyexr-natives-windows.jar
7f337402a000-7f337402b000 r--s 00012000 08:43 393609                     /home/brett/Documents/Brock/Gamers/Java Brock 2021 Project/Library/lib/native/lwjgl-tinyexr-natives-macos.jar
7f337402b000-7f337402c000 r--s 0000f000 08:43 393608                     /home/brett/Documents/Brock/Gamers/Java Brock 2021 Project/Library/lib/native/lwjgl-tinyexr-natives-linux.jar
7f337402c000-7f337402d000 r--s 00033000 08:43 393606                     /home/brett/Documents/Brock/Gamers/Java Brock 2021 Project/Library/lib/native/lwjgl-stb-natives-windows-x86.jar
7f337402d000-7f337402f000 r--s 00039000 08:43 393607                     /home/brett/Documents/Brock/Gamers/Java Brock 2021 Project/Library/lib/native/lwjgl-stb-natives-windows.jar
7f337402f000-7f3374030000 r--s 0002f000 08:43 393605                     /home/brett/Documents/Brock/Gamers/Java Brock 2021 Project/Library/lib/native/lwjgl-stb-natives-macos.jar
7f3374030000-7f3374031000 r--s 00030000 08:43 393604                     /home/brett/Documents/Brock/Gamers/Java Brock 2021 Project/Library/lib/native/lwjgl-stb-natives-linux.jar
7f3374031000-7f3374033000 r--s 00013000 08:43 393598                     /home/brett/Documents/Brock/Gamers/Java Brock 2021 Project/Library/lib/native/lwjgl-opengl-natives-windows-x86.jar
7f3374033000-7f3374035000 r--s 00015000 08:43 393599                     /home/brett/Documents/Brock/Gamers/Java Brock 2021 Project/Library/lib/native/lwjgl-opengl-natives-windows.jar
7f3374035000-7f3374036000 r--s 00009000 08:43 393597                     /home/brett/Documents/Brock/Gamers/Java Brock 2021 Project/Library/lib/native/lwjgl-opengl-natives-macos.jar
7f3374036000-7f3374037000 r--s 00013000 08:43 393596                     /home/brett/Documents/Brock/Gamers/Java Brock 2021 Project/Library/lib/native/lwjgl-opengl-natives-linux.jar
7f3374037000-7f3374038000 r--s 0000e000 08:43 393602                     /home/brett/Documents/Brock/Gamers/Java Brock 2021 Project/Library/lib/native/lwjgl-opengles-natives-windows-x86.jar
7f3374038000-7f3374039000 r--s 00010000 08:43 393603                     /home/brett/Documents/Brock/Gamers/Java Brock 2021 Project/Library/lib/native/lwjgl-opengles-natives-windows.jar
7f3374039000-7f337403a000 r--s 00004000 08:43 393601                     /home/brett/Documents/Brock/Gamers/Java Brock 2021 Project/Library/lib/native/lwjgl-opengles-natives-macos.jar
7f337403a000-7f337403b000 r--s 00012000 08:43 393584                     /home/brett/Documents/Brock/Gamers/Java Brock 2021 Project/Library/lib/native/lwjgl-natives-linux.jar
7f337403b000-7f337403c000 r--s 00012000 08:43 393582                     /home/brett/Documents/Brock/Gamers/Java Brock 2021 Project/Library/lib/native/lwjgl-lz4-natives-windows-x86.jar
7f337403c000-7f337403d000 r--s 00015000 08:43 393583                     /home/brett/Documents/Brock/Gamers/Java Brock 2021 Project/Library/lib/native/lwjgl-lz4-natives-windows.jar
7f337403d000-7f337403e000 r--s 00017000 08:43 393581                     /home/brett/Documents/Brock/Gamers/Java Brock 2021 Project/Library/lib/native/lwjgl-lz4-natives-macos.jar
7f337403e000-7f3374040000 r--s 0000f000 08:43 393580                     /home/brett/Documents/Brock/Gamers/Java Brock 2021 Project/Library/lib/native/lwjgl-lz4-natives-linux.jar
7f3374040000-7f3374041000 r--s 00020000 08:43 393578                     /home/brett/Documents/Brock/Gamers/Java Brock 2021 Project/Library/lib/native/lwjgl-glfw-natives-windows-x86.jar
7f3374041000-7f3374043000 r--s 00021000 08:43 393579                     /home/brett/Documents/Brock/Gamers/Java Brock 2021 Project/Library/lib/native/lwjgl-glfw-natives-windows.jar
7f3374043000-7f3374045000 r--s 0000f000 08:43 393577                     /home/brett/Documents/Brock/Gamers/Java Brock 2021 Project/Library/lib/native/lwjgl-glfw-natives-macos.jar
7f3374045000-7f3374046000 r--s 00026000 08:43 393576                     /home/brett/Documents/Brock/Gamers/Java Brock 2021 Project/Library/lib/native/lwjgl-glfw-natives-linux.jar
7f3374046000-7f3374047000 r--s 0020e000 08:43 393574                     /home/brett/Documents/Brock/Gamers/Java Brock 2021 Project/Library/lib/native/lwjgl-assimp-natives-windows-x86.jar
7f3374047000-7f3374049000 r--s 00278000 08:43 393575                     /home/brett/Documents/Brock/Gamers/Java Brock 2021 Project/Library/lib/native/lwjgl-assimp-natives-windows.jar
7f3374049000-7f337404b000 r--s 003ff000 08:43 393572                     /home/brett/Documents/Brock/Gamers/Java Brock 2021 Project/Library/lib/native/lwjgl-assimp-natives-linux.jar
7f337404b000-7f3374052000 r--s 00051000 08:43 393638                     /home/brett/Documents/Brock/Gamers/Java Brock 2021 Project/Library/lib/lwjgl-opengles.jar
7f3374052000-7f337405d000 r--s 000da000 08:43 393637                     /home/brett/Documents/Brock/Gamers/Java Brock 2021 Project/Library/lib/lwjgl-opengl.jar
7f337405d000-7f337408e000 rw-p 00000000 00:00 0 
7f337408e000-7f3374091000 ---p 00000000 00:00 0 
7f3374091000-7f337418f000 rw-p 00000000 00:00 0 
7f337418f000-7f3374a2e000 r--p 00000000 08:44 3941331                    /usr/lib/locale/locale-archive
7f3374a2e000-7f3374a31000 ---p 00000000 00:00 0 
7f3374a31000-7f3374b2f000 rw-p 00000000 00:00 0 
7f3374b2f000-7f3374b32000 ---p 00000000 00:00 0 
7f3374b32000-7f3374c30000 rw-p 00000000 00:00 0 
7f3374c30000-7f3374c31000 ---p 00000000 00:00 0 
7f3374c31000-7f3378000000 rw-p 00000000 00:00 0 
7f3378000000-7f3378021000 rw-p 00000000 00:00 0 
7f3378021000-7f337c000000 ---p 00000000 00:00 0 
7f337c000000-7f337c021000 rw-p 00000000 00:00 0 
7f337c021000-7f3380000000 ---p 00000000 00:00 0 
7f3380000000-7f3380021000 rw-p 00000000 00:00 0 
7f3380021000-7f3384000000 ---p 00000000 00:00 0 
7f3384000000-7f3384021000 rw-p 00000000 00:00 0 
7f3384021000-7f3388000000 ---p 00000000 00:00 0 
7f3388000000-7f3388021000 rw-p 00000000 00:00 0 
7f3388021000-7f338c000000 ---p 00000000 00:00 0 
7f338c000000-7f338c021000 rw-p 00000000 00:00 0 
7f338c021000-7f3390000000 ---p 00000000 00:00 0 
7f3390000000-7f3390021000 rw-p 00000000 00:00 0 
7f3390021000-7f3394000000 ---p 00000000 00:00 0 
7f3394000000-7f3394001000 r--s 002fe000 08:43 393573                     /home/brett/Documents/Brock/Gamers/Java Brock 2021 Project/Library/lib/native/lwjgl-assimp-natives-macos.jar
7f3394001000-7f3394002000 r--s 00001000 08:43 393641                     /home/brett/Documents/Brock/Gamers/Java Brock 2021 Project/Library/lib/lwjgl-tinyfd.jar
7f3394002000-7f3394003000 r--s 0000a000 08:43 393640                     /home/brett/Documents/Brock/Gamers/Java Brock 2021 Project/Library/lib/lwjgl-tinyexr.jar
7f3394003000-7f3394005000 r--s 00018000 08:43 393639                     /home/brett/Documents/Brock/Gamers/Java Brock 2021 Project/Library/lib/lwjgl-stb.jar
7f3394005000-7f3394007000 r--s 00012000 08:43 393636                     /home/brett/Documents/Brock/Gamers/Java Brock 2021 Project/Library/lib/lwjgl-openal.jar
7f3394007000-7f3394009000 r--s 00001000 08:43 393635                     /home/brett/Documents/Brock/Gamers/Java Brock 2021 Project/Library/lib/lwjgl-nfd.jar
7f3394009000-7f339400b000 r--s 0000b000 08:43 393634                     /home/brett/Documents/Brock/Gamers/Java Brock 2021 Project/Library/lib/lwjgl-lz4.jar
7f339400b000-7f339400f000 r--s 0001f000 08:43 393632                     /home/brett/Documents/Brock/Gamers/Java Brock 2021 Project/Library/lib/lwjgl-egl.jar
7f339400f000-7f3394144000 rw-p 00000000 00:00 0 
7f3394144000-7f3394315000 r--s 03c97000 08:44 5122309                    /usr/lib/jvm/java-1.8.0-amazon-corretto/jre/lib/rt.jar
7f3394315000-7f339648a000 rw-p 00000000 00:00 0 
7f339648a000-7f339648b000 ---p 00000000 00:00 0 
7f339648b000-7f339658b000 rw-p 00000000 00:00 0 
7f339658b000-7f339658c000 ---p 00000000 00:00 0 
7f339658c000-7f339668c000 rw-p 00000000 00:00 0 
7f339668c000-7f339668d000 ---p 00000000 00:00 0 
7f339668d000-7f339678d000 rw-p 00000000 00:00 0 
7f339678d000-7f339678e000 ---p 00000000 00:00 0 
7f339678e000-7f339688e000 rw-p 00000000 00:00 0 
7f339688e000-7f339688f000 ---p 00000000 00:00 0 
7f339688f000-7f339698f000 rw-p 00000000 00:00 0 
7f339698f000-7f3396990000 ---p 00000000 00:00 0 
7f3396990000-7f3396a90000 rw-p 00000000 00:00 0 
7f3396a90000-7f3396a91000 ---p 00000000 00:00 0 
7f3396a91000-7f3396b91000 rw-p 00000000 00:00 0 
7f3396b91000-7f3396b92000 ---p 00000000 00:00 0 
7f3396b92000-7f3396c92000 rw-p 00000000 00:00 0 
7f3396c92000-7f3396c93000 ---p 00000000 00:00 0 
7f3396c93000-7f3396d93000 rw-p 00000000 00:00 0 
7f3396d93000-7f3396d94000 ---p 00000000 00:00 0 
7f3396d94000-7f3396e94000 rw-p 00000000 00:00 0 
7f3396e94000-7f3396e95000 ---p 00000000 00:00 0 
7f3396e95000-7f3396f95000 rw-p 00000000 00:00 0 
7f3396f95000-7f3396f96000 ---p 00000000 00:00 0 
7f3396f96000-7f33971e6000 rw-p 00000000 00:00 0 
7f33971e6000-7f3398586000 ---p 00000000 00:00 0 
7f3398586000-7f339862f000 rw-p 00000000 00:00 0 
7f339862f000-7f3398fff000 ---p 00000000 00:00 0 
7f3398fff000-7f3399000000 rw-p 00000000 00:00 0 
7f3399000000-7f3399540000 rwxp 00000000 00:00 0 
7f3399540000-7f33a8000000 ---p 00000000 00:00 0 
7f33a8000000-7f33a8f99000 rw-p 00000000 00:00 0 
7f33a8f99000-7f33ac000000 ---p 00000000 00:00 0 
7f33ac000000-7f33ac003000 r--s 00018000 08:43 393633                     /home/brett/Documents/Brock/Gamers/Java Brock 2021 Project/Library/lib/lwjgl-glfw.jar
7f33ac003000-7f33ac006000 r--s 00033000 08:43 393631                     /home/brett/Documents/Brock/Gamers/Java Brock 2021 Project/Library/lib/lwjgl-assimp.jar
7f33ac006000-7f33ac00d000 r--s 00081000 08:43 393642                     /home/brett/Documents/Brock/Gamers/Java Brock 2021 Project/Library/lib/lwjgl.jar
7f33ac00d000-7f33ac013000 r--s 000d3000 08:44 5122308                    /usr/lib/jvm/java-1.8.0-amazon-corretto/jre/lib/jfr.jar
7f33ac013000-7f33ac05c000 rw-p 00000000 00:00 0 
7f33ac05c000-7f33ac05d000 ---p 00000000 00:00 0 
7f33ac05d000-7f33ac2ad000 rw-p 00000000 00:00 0 
7f33ac2ad000-7f33ad64e000 ---p 00000000 00:00 0 
7f33ad64e000-7f33ad663000 rw-p 00000000 00:00 0 
7f33ad663000-7f33ada0e000 ---p 00000000 00:00 0 
7f33ada0e000-7f33ada29000 r-xp 00000000 08:44 5121722                    /usr/lib/jvm/java-1.8.0-amazon-corretto/jre/lib/amd64/libzip.so
7f33ada29000-7f33adc28000 ---p 0001b000 08:44 5121722                    /usr/lib/jvm/java-1.8.0-amazon-corretto/jre/lib/amd64/libzip.so
7f33adc28000-7f33adc29000 r--p 0001a000 08:44 5121722                    /usr/lib/jvm/java-1.8.0-amazon-corretto/jre/lib/amd64/libzip.so
7f33adc29000-7f33adc2a000 rw-p 0001b000 08:44 5121722                    /usr/lib/jvm/java-1.8.0-amazon-corretto/jre/lib/amd64/libzip.so
7f33adc2a000-7f33adc54000 r-xp 00000000 08:44 5114839                    /usr/lib/jvm/java-1.8.0-amazon-corretto/jre/lib/amd64/libjava.so
7f33adc54000-7f33ade53000 ---p 0002a000 08:44 5114839                    /usr/lib/jvm/java-1.8.0-amazon-corretto/jre/lib/amd64/libjava.so
7f33ade53000-7f33ade54000 r--p 00029000 08:44 5114839                    /usr/lib/jvm/java-1.8.0-amazon-corretto/jre/lib/amd64/libjava.so
7f33ade54000-7f33ade56000 rw-p 0002a000 08:44 5114839                    /usr/lib/jvm/java-1.8.0-amazon-corretto/jre/lib/amd64/libjava.so
7f33ade56000-7f33ade67000 r-xp 00000000 08:44 5114812                    /usr/lib/jvm/java-1.8.0-amazon-corretto/jre/lib/amd64/libverify.so
7f33ade67000-7f33ae066000 ---p 00011000 08:44 5114812                    /usr/lib/jvm/java-1.8.0-amazon-corretto/jre/lib/amd64/libverify.so
7f33ae066000-7f33ae068000 r--p 00010000 08:44 5114812                    /usr/lib/jvm/java-1.8.0-amazon-corretto/jre/lib/amd64/libverify.so
7f33ae068000-7f33ae069000 rw-p 00012000 08:44 5114812                    /usr/lib/jvm/java-1.8.0-amazon-corretto/jre/lib/amd64/libverify.so
7f33ae069000-7f33ae06c000 r--p 00000000 08:44 3956590                    /usr/lib/x86_64-linux-gnu/librt-2.32.so
7f33ae06c000-7f33ae070000 r-xp 00003000 08:44 3956590                    /usr/lib/x86_64-linux-gnu/librt-2.32.so
7f33ae070000-7f33ae071000 r--p 00007000 08:44 3956590                    /usr/lib/x86_64-linux-gnu/librt-2.32.so
7f33ae071000-7f33ae072000 ---p 00008000 08:44 3956590                    /usr/lib/x86_64-linux-gnu/librt-2.32.so
7f33ae072000-7f33ae073000 r--p 00008000 08:44 3956590                    /usr/lib/x86_64-linux-gnu/librt-2.32.so
7f33ae073000-7f33ae074000 rw-p 00009000 08:44 3956590                    /usr/lib/x86_64-linux-gnu/librt-2.32.so
7f33ae074000-7f33ae075000 ---p 00000000 00:00 0 
7f33ae075000-7f33ae078000 ---p 00000000 00:00 0 
7f33ae078000-7f33ae175000 rw-p 00000000 00:00 0 
7f33ae175000-7f33ae184000 r--p 00000000 08:44 3945130                    /usr/lib/x86_64-linux-gnu/libm-2.32.so
7f33ae184000-7f33ae21f000 r-xp 0000f000 08:44 3945130                    /usr/lib/x86_64-linux-gnu/libm-2.32.so
7f33ae21f000-7f33ae2b8000 r--p 000aa000 08:44 3945130                    /usr/lib/x86_64-linux-gnu/libm-2.32.so
7f33ae2b8000-7f33ae2b9000 r--p 00142000 08:44 3945130                    /usr/lib/x86_64-linux-gnu/libm-2.32.so
7f33ae2b9000-7f33ae2ba000 rw-p 00143000 08:44 3945130                    /usr/lib/x86_64-linux-gnu/libm-2.32.so
7f33ae2ba000-7f33af012000 r-xp 00000000 08:44 5114742                    /usr/lib/jvm/java-1.8.0-amazon-corretto/jre/lib/amd64/server/libjvm.so
7f33af012000-7f33af211000 ---p 00d58000 08:44 5114742                    /usr/lib/jvm/java-1.8.0-amazon-corretto/jre/lib/amd64/server/libjvm.so
7f33af211000-7f33af2a8000 r--p 00d57000 08:44 5114742                    /usr/lib/jvm/java-1.8.0-amazon-corretto/jre/lib/amd64/server/libjvm.so
7f33af2a8000-7f33af2d1000 rw-p 00dee000 08:44 5114742                    /usr/lib/jvm/java-1.8.0-amazon-corretto/jre/lib/amd64/server/libjvm.so
7f33af2d1000-7f33af306000 rw-p 00000000 00:00 0 
7f33af306000-7f33af32c000 r--p 00000000 08:44 3945128                    /usr/lib/x86_64-linux-gnu/libc-2.32.so
7f33af32c000-7f33af475000 r-xp 00026000 08:44 3945128                    /usr/lib/x86_64-linux-gnu/libc-2.32.so
7f33af475000-7f33af4c0000 r--p 0016f000 08:44 3945128                    /usr/lib/x86_64-linux-gnu/libc-2.32.so
7f33af4c0000-7f33af4c1000 ---p 001ba000 08:44 3945128                    /usr/lib/x86_64-linux-gnu/libc-2.32.so
7f33af4c1000-7f33af4c4000 r--p 001ba000 08:44 3945128                    /usr/lib/x86_64-linux-gnu/libc-2.32.so
7f33af4c4000-7f33af4c7000 rw-p 001bd000 08:44 3945128                    /usr/lib/x86_64-linux-gnu/libc-2.32.so
7f33af4c7000-7f33af4cb000 rw-p 00000000 00:00 0 
7f33af4cb000-7f33af4cc000 r--p 00000000 08:44 3945129                    /usr/lib/x86_64-linux-gnu/libdl-2.32.so
7f33af4cc000-7f33af4ce000 r-xp 00001000 08:44 3945129                    /usr/lib/x86_64-linux-gnu/libdl-2.32.so
7f33af4ce000-7f33af4cf000 r--p 00003000 08:44 3945129                    /usr/lib/x86_64-linux-gnu/libdl-2.32.so
7f33af4cf000-7f33af4d0000 r--p 00003000 08:44 3945129                    /usr/lib/x86_64-linux-gnu/libdl-2.32.so
7f33af4d0000-7f33af4d1000 rw-p 00004000 08:44 3945129                    /usr/lib/x86_64-linux-gnu/libdl-2.32.so
7f33af4d1000-7f33af4e8000 r-xp 00000000 08:44 5114804                    /usr/lib/jvm/java-1.8.0-amazon-corretto/jre/lib/amd64/jli/libjli.so
7f33af4e8000-7f33af6e7000 ---p 00017000 08:44 5114804                    /usr/lib/jvm/java-1.8.0-amazon-corretto/jre/lib/amd64/jli/libjli.so
7f33af6e7000-7f33af6e8000 r--p 00016000 08:44 5114804                    /usr/lib/jvm/java-1.8.0-amazon-corretto/jre/lib/amd64/jli/libjli.so
7f33af6e8000-7f33af6e9000 rw-p 00017000 08:44 5114804                    /usr/lib/jvm/java-1.8.0-amazon-corretto/jre/lib/amd64/jli/libjli.so
7f33af6e9000-7f33af6f0000 r--p 00000000 08:44 3956588                    /usr/lib/x86_64-linux-gnu/libpthread-2.32.so
7f33af6f0000-7f33af6ff000 r-xp 00007000 08:44 3956588                    /usr/lib/x86_64-linux-gnu/libpthread-2.32.so
7f33af6ff000-7f33af704000 r--p 00016000 08:44 3956588                    /usr/lib/x86_64-linux-gnu/libpthread-2.32.so
7f33af704000-7f33af705000 r--p 0001a000 08:44 3956588                    /usr/lib/x86_64-linux-gnu/libpthread-2.32.so
7f33af705000-7f33af706000 rw-p 0001b000 08:44 3956588                    /usr/lib/x86_64-linux-gnu/libpthread-2.32.so
7f33af706000-7f33af70a000 rw-p 00000000 00:00 0 
7f33af70a000-7f33af70d000 r--s 000a5000 08:43 393630                     /home/brett/Documents/Brock/Gamers/Java Brock 2021 Project/Library/lib/joml-1.10.2.jar
7f33af70d000-7f33af72e000 rw-p 00000000 00:00 0 
7f33af72e000-7f33af736000 rw-s 00000000 08:44 9438125                    /tmp/hsperfdata_brett/216237
7f33af736000-7f33af739000 r--p 00000000 08:44 3956584                    /usr/lib/x86_64-linux-gnu/libnss_files-2.32.so
7f33af739000-7f33af73f000 r-xp 00003000 08:44 3956584                    /usr/lib/x86_64-linux-gnu/libnss_files-2.32.so
7f33af73f000-7f33af741000 r--p 00009000 08:44 3956584                    /usr/lib/x86_64-linux-gnu/libnss_files-2.32.so
7f33af741000-7f33af742000 r--p 0000a000 08:44 3956584                    /usr/lib/x86_64-linux-gnu/libnss_files-2.32.so
7f33af742000-7f33af743000 rw-p 0000b000 08:44 3956584                    /usr/lib/x86_64-linux-gnu/libnss_files-2.32.so
7f33af743000-7f33af74a000 rw-p 00000000 00:00 0 
7f33af74a000-7f33af74b000 r--p 00000000 00:00 0 
7f33af74b000-7f33af74d000 rw-p 00000000 00:00 0 
7f33af74d000-7f33af74e000 r--p 00000000 08:44 3945124                    /usr/lib/x86_64-linux-gnu/ld-2.32.so
7f33af74e000-7f33af76e000 r-xp 00001000 08:44 3945124                    /usr/lib/x86_64-linux-gnu/ld-2.32.so
7f33af76e000-7f33af777000 r--p 00021000 08:44 3945124                    /usr/lib/x86_64-linux-gnu/ld-2.32.so
7f33af777000-7f33af778000 r--p 00029000 08:44 3945124                    /usr/lib/x86_64-linux-gnu/ld-2.32.so
7f33af778000-7f33af77a000 rw-p 0002a000 08:44 3945124                    /usr/lib/x86_64-linux-gnu/ld-2.32.so
7fffdb031000-7fffdb053000 rw-p 00000000 00:00 0                          [stack]
7fffdb1e3000-7fffdb1e7000 r--p 00000000 00:00 0                          [vvar]
7fffdb1e7000-7fffdb1e9000 r-xp 00000000 00:00 0                          [vdso]

VM Arguments:
jvm_args: -Dfile.encoding=UTF-8 
java_command: com.game.Main
java_class_path (initial): /home/brett/Documents/Brock/Gamers/Java Brock 2021 Project/Game/bin:/home/brett/Documents/Brock/Gamers/Java Brock 2021 Project/Library/lib/joml-1.10.2.jar:/home/brett/Documents/Brock/Gamers/Java Brock 2021 Project/Library/lib/lwjgl.jar:/home/brett/Documents/Brock/Gamers/Java Brock 2021 Project/Library/lib/lwjgl-assimp.jar:/home/brett/Documents/Brock/Gamers/Java Brock 2021 Project/Library/lib/lwjgl-egl.jar:/home/brett/Documents/Brock/Gamers/Java Brock 2021 Project/Library/lib/lwjgl-glfw.jar:/home/brett/Documents/Brock/Gamers/Java Brock 2021 Project/Library/lib/lwjgl-lz4.jar:/home/brett/Documents/Brock/Gamers/Java Brock 2021 Project/Library/lib/lwjgl-nfd.jar:/home/brett/Documents/Brock/Gamers/Java Brock 2021 Project/Library/lib/lwjgl-openal.jar:/home/brett/Documents/Brock/Gamers/Java Brock 2021 Project/Library/lib/lwjgl-opengl.jar:/home/brett/Documents/Brock/Gamers/Java Brock 2021 Project/Library/lib/lwjgl-opengles.jar:/home/brett/Documents/Brock/Gamers/Java Brock 2021 Project/Library/lib/lwjgl-stb.jar:/home/brett/Documents/Brock/Gamers/Java Brock 2021 Project/Library/lib/lwjgl-tinyexr.jar:/home/brett/Documents/Brock/Gamers/Java Brock 2021 Project/Library/lib/lwjgl-tinyfd.jar:/home/brett/Documents/Brock/Gamers/Java Brock 2021 Project/Library/lib/native/lwjgl-assimp-natives-linux.jar:/home/brett/Documents/Brock/Gamers/Java Brock 2021 Project/Library/lib/native/lwjgl-assimp-natives-macos.jar:/home/brett/Documents/Brock/Gamers/Java Brock 2021 Project/Library/lib/native/lwjgl-assimp-natives-windows.jar:/home/brett/Documents/Brock/Gamers/Java Brock 2021 Project/Library/lib/native/lwjgl-assimp-natives-windows-x86.jar:/home/brett/Documents/Brock/Gamers/Java Brock 2021 Project/Library/lib/native/lwjgl-glfw-natives-linux.jar:/home/brett/Documents/Brock/Gamers/Java Brock 2021 Project/Library/lib/native/lwjgl-glfw-natives-macos.jar:/home/brett/Documents/Brock/Gamers/Java Brock 2021 Project/Library/lib/native/lwjgl-glfw-natives-windows.jar:/home/brett
Launcher Type: SUN_STANDARD

Environment Variables:
PATH=/home/brett/.cargo/bin:/home/brett/.local/bin:/usr/local/bin:/usr/bin:/bin:/usr/local/games:/usr/games:/snap/bin:/home/brett/.dotnet/tools
SHELL=/bin/bash
DISPLAY=:0

Signal Handlers:
SIGSEGV: [libjvm.so+0xb324b0], sa_mask[0]=11111111011111111101111111111110, sa_flags=SA_RESTART|SA_SIGINFO
SIGBUS: [libjvm.so+0xb324b0], sa_mask[0]=11111111011111111101111111111110, sa_flags=SA_RESTART|SA_SIGINFO
SIGFPE: [libjvm.so+0x95a060], sa_mask[0]=11111111011111111101111111111110, sa_flags=SA_RESTART|SA_SIGINFO
SIGPIPE: [libjvm.so+0x95a060], sa_mask[0]=11111111011111111101111111111110, sa_flags=SA_RESTART|SA_SIGINFO
SIGXFSZ: [libjvm.so+0x95a060], sa_mask[0]=11111111011111111101111111111110, sa_flags=SA_RESTART|SA_SIGINFO
SIGILL: [libjvm.so+0x95a060], sa_mask[0]=11111111011111111101111111111110, sa_flags=SA_RESTART|SA_SIGINFO
SIGUSR1: SIG_DFL, sa_mask[0]=00000000000000000000000000000000, sa_flags=none
SIGUSR2: [libjvm.so+0x959f30], sa_mask[0]=00100000000000000000000000000000, sa_flags=SA_RESTART|SA_SIGINFO
SIGHUP: [libjvm.so+0x95a550], sa_mask[0]=11111111011111111101111111111110, sa_flags=SA_RESTART|SA_SIGINFO
SIGINT: [libjvm.so+0x95a550], sa_mask[0]=11111111011111111101111111111110, sa_flags=SA_RESTART|SA_SIGINFO
SIGTERM: [libjvm.so+0x95a550], sa_mask[0]=11111111011111111101111111111110, sa_flags=SA_RESTART|SA_SIGINFO
SIGQUIT: [libjvm.so+0x95a550], sa_mask[0]=11111111011111111101111111111110, sa_flags=SA_RESTART|SA_SIGINFO


---------------  S Y S T E M  ---------------

OS:PRETTY_NAME="Debian GNU/Linux bookworm/sid"
NAME="Debian GNU/Linux"
ID=debian
HOME_URL="https://www.debian.org/"
SUPPORT_URL="https://www.debian.org/support"
BUG_REPORT_URL="https://bugs.debian.org/"

uname:Linux 5.10.0-8-amd64 #1 SMP Debian 5.10.46-4 (2021-08-03) x86_64
libc:glibc 2.32 NPTL 2.32 
rlimit: STACK 8192k, CORE 0k, NPROC 256734, NOFILE 1048576, AS infinity
load average:2.90 2.66 2.57

/proc/meminfo:
MemTotal:       65868308 kB
MemFree:         1977692 kB
MemAvailable:   30287176 kB
Buffers:         3122260 kB
Cached:         23586380 kB
SwapCached:       195028 kB
Active:         27149792 kB
Inactive:       31331844 kB
Active(anon):   14715556 kB
Inactive(anon): 18462664 kB
Active(file):   12434236 kB
Inactive(file): 12869180 kB
Unevictable:         224 kB
Mlocked:             224 kB
SwapTotal:      41554936 kB
SwapFree:       40160248 kB
Dirty:            204624 kB
Writeback:           400 kB
AnonPages:      31146152 kB
Mapped:          3040036 kB
Shmem:           1413488 kB
KReclaimable:    3745980 kB
Slab:            4298796 kB
SReclaimable:    3745980 kB
SUnreclaim:       552816 kB
KernelStack:       37632 kB
PageTables:       188108 kB
NFS_Unstable:          0 kB
Bounce:                0 kB
WritebackTmp:          0 kB
CommitLimit:    74489088 kB
Committed_AS:   54839544 kB
VmallocTotal:   34359738367 kB
VmallocUsed:      248112 kB
VmallocChunk:          0 kB
Percpu:            41088 kB
HardwareCorrupted:     0 kB
AnonHugePages:  13500416 kB
ShmemHugePages:        0 kB
ShmemPmdMapped:        0 kB
FileHugePages:         0 kB
FilePmdMapped:         0 kB
HugePages_Total:       0
HugePages_Free:        0
HugePages_Rsvd:        0
HugePages_Surp:        0
Hugepagesize:       2048 kB
Hugetlb:               0 kB
DirectMap4k:    29753956 kB
DirectMap2M:    37300224 kB
DirectMap1G:     1048576 kB


CPU:total 16 (initial active 16) (16 cores per cpu, 1 threads per core) family 23 model 113 stepping 0, cmov, cx8, fxsr, mmx, sse, sse2, sse3, ssse3, sse4.1, sse4.2, popcnt, avx, avx2, aes, clmul, mmxext, 3dnowpref, lzcnt, sse4a, tsc, tscinvbit, tscinv, bmi1

/proc/cpuinfo:
processor	: 0
vendor_id	: AuthenticAMD
cpu family	: 23
model		: 113
model name	: AMD Ryzen 7 3800X 8-Core Processor
stepping	: 0
microcode	: 0x8701021
cpu MHz		: 4149.714
cache size	: 512 KB
physical id	: 0
siblings	: 16
core id		: 0
cpu cores	: 8
apicid		: 0
initial apicid	: 0
fpu		: yes
fpu_exception	: yes
cpuid level	: 16
wp		: yes
flags		: fpu vme de pse tsc msr pae mce cx8 apic sep mtrr pge mca cmov pat pse36 clflush mmx fxsr sse sse2 ht syscall nx mmxext fxsr_opt pdpe1gb rdtscp lm constant_tsc rep_good nopl nonstop_tsc cpuid extd_apicid aperfmperf pni pclmulqdq monitor ssse3 fma cx16 sse4_1 sse4_2 movbe popcnt aes xsave avx f16c rdrand lahf_lm cmp_legacy svm extapic cr8_legacy abm sse4a misalignsse 3dnowprefetch osvw ibs skinit wdt tce topoext perfctr_core perfctr_nb bpext perfctr_llc mwaitx cpb cat_l3 cdp_l3 hw_pstate sme ssbd mba sev ibpb stibp vmmcall sev_es fsgsbase bmi1 avx2 smep bmi2 cqm rdt_a rdseed adx smap clflushopt clwb sha_ni xsaveopt xsavec xgetbv1 xsaves cqm_llc cqm_occup_llc cqm_mbm_total cqm_mbm_local clzero irperf xsaveerptr rdpru wbnoinvd arat npt lbrv svm_lock nrip_save tsc_scale vmcb_clean flushbyasid decodeassists pausefilter pfthreshold avic v_vmsave_vmload vgif umip rdpid overflow_recov succor smca
bugs		: sysret_ss_attrs spectre_v1 spectre_v2 spec_store_bypass
bogomips	: 7785.42
TLB size	: 3072 4K pages
clflush size	: 64
cache_alignment	: 64
address sizes	: 43 bits physical, 48 bits virtual
power management: ts ttp tm hwpstate cpb eff_freq_ro [13] [14]

processor	: 1
vendor_id	: AuthenticAMD
cpu family	: 23
model		: 113
model name	: AMD Ryzen 7 3800X 8-Core Processor
stepping	: 0
microcode	: 0x8701021
cpu MHz		: 4025.472
cache size	: 512 KB
physical id	: 0
siblings	: 16
core id		: 1
cpu cores	: 8
apicid		: 2
initial apicid	: 2
fpu		: yes
fpu_exception	: yes
cpuid level	: 16
wp		: yes
flags		: fpu vme de pse tsc msr pae mce cx8 apic sep mtrr pge mca cmov pat pse36 clflush mmx fxsr sse sse2 ht syscall nx mmxext fxsr_opt pdpe1gb rdtscp lm constant_tsc rep_good nopl nonstop_tsc cpuid extd_apicid aperfmperf pni pclmulqdq monitor ssse3 fma cx16 sse4_1 sse4_2 movbe popcnt aes xsave avx f16c rdrand lahf_lm cmp_legacy svm extapic cr8_legacy abm sse4a misalignsse 3dnowprefetch osvw ibs skinit wdt tce topoext perfctr_core perfctr_nb bpext perfctr_llc mwaitx cpb cat_l3 cdp_l3 hw_pstate sme ssbd mba sev ibpb stibp vmmcall sev_es fsgsbase bmi1 avx2 smep bmi2 cqm rdt_a rdseed adx smap clflushopt clwb sha_ni xsaveopt xsavec xgetbv1 xsaves cqm_llc cqm_occup_llc cqm_mbm_total cqm_mbm_local clzero irperf xsaveerptr rdpru wbnoinvd arat npt lbrv svm_lock nrip_save tsc_scale vmcb_clean flushbyasid decodeassists pausefilter pfthreshold avic v_vmsave_vmload vgif umip rdpid overflow_recov succor smca
bugs		: sysret_ss_attrs spectre_v1 spectre_v2 spec_store_bypass
bogomips	: 7785.42
TLB size	: 3072 4K pages
clflush size	: 64
cache_alignment	: 64
address sizes	: 43 bits physical, 48 bits virtual
power management: ts ttp tm hwpstate cpb eff_freq_ro [13] [14]

processor	: 2
vendor_id	: AuthenticAMD
cpu family	: 23
model		: 113
model name	: AMD Ryzen 7 3800X 8-Core Processor
stepping	: 0
microcode	: 0x8701021
cpu MHz		: 4146.833
cache size	: 512 KB
physical id	: 0
siblings	: 16
core id		: 2
cpu cores	: 8
apicid		: 4
initial apicid	: 4
fpu		: yes
fpu_exception	: yes
cpuid level	: 16
wp		: yes
flags		: fpu vme de pse tsc msr pae mce cx8 apic sep mtrr pge mca cmov pat pse36 clflush mmx fxsr sse sse2 ht syscall nx mmxext fxsr_opt pdpe1gb rdtscp lm constant_tsc rep_good nopl nonstop_tsc cpuid extd_apicid aperfmperf pni pclmulqdq monitor ssse3 fma cx16 sse4_1 sse4_2 movbe popcnt aes xsave avx f16c rdrand lahf_lm cmp_legacy svm extapic cr8_legacy abm sse4a misalignsse 3dnowprefetch osvw ibs skinit wdt tce topoext perfctr_core perfctr_nb bpext perfctr_llc mwaitx cpb cat_l3 cdp_l3 hw_pstate sme ssbd mba sev ibpb stibp vmmcall sev_es fsgsbase bmi1 avx2 smep bmi2 cqm rdt_a rdseed adx smap clflushopt clwb sha_ni xsaveopt xsavec xgetbv1 xsaves cqm_llc cqm_occup_llc cqm_mbm_total cqm_mbm_local clzero irperf xsaveerptr rdpru wbnoinvd arat npt lbrv svm_lock nrip_save tsc_scale vmcb_clean flushbyasid decodeassists pausefilter pfthreshold avic v_vmsave_vmload vgif umip rdpid overflow_recov succor smca
bugs		: sysret_ss_attrs spectre_v1 spectre_v2 spec_store_bypass
bogomips	: 7785.42
TLB size	: 3072 4K pages
clflush size	: 64
cache_alignment	: 64
address sizes	: 43 bits physical, 48 bits virtual
power management: ts ttp tm hwpstate cpb eff_freq_ro [13] [14]

processor	: 3
vendor_id	: AuthenticAMD
cpu family	: 23
model		: 113
model name	: AMD Ryzen 7 3800X 8-Core Processor
stepping	: 0
microcode	: 0x8701021
cpu MHz		: 3761.498
cache size	: 512 KB
physical id	: 0
siblings	: 16
core id		: 3
cpu cores	: 8
apicid		: 6
initial apicid	: 6
fpu		: yes
fpu_exception	: yes
cpuid level	: 16
wp		: yes
flags		: fpu vme de pse tsc msr pae mce cx8 apic sep mtrr pge mca cmov pat pse36 clflush mmx fxsr sse sse2 ht syscall nx mmxext fxsr_opt pdpe1gb rdtscp lm constant_tsc rep_good nopl nonstop_tsc cpuid extd_apicid aperfmperf pni pclmulqdq monitor ssse3 fma cx16 sse4_1 sse4_2 movbe popcnt aes xsave avx f16c rdrand lahf_lm cmp_legacy svm extapic cr8_legacy abm sse4a misalignsse 3dnowprefetch osvw ibs skinit wdt tce topoext perfctr_core perfctr_nb bpext perfctr_llc mwaitx cpb cat_l3 cdp_l3 hw_pstate sme ssbd mba sev ibpb stibp vmmcall sev_es fsgsbase bmi1 avx2 smep bmi2 cqm rdt_a rdseed adx smap clflushopt clwb sha_ni xsaveopt xsavec xgetbv1 xsaves cqm_llc cqm_occup_llc cqm_mbm_total cqm_mbm_local clzero irperf xsaveerptr rdpru wbnoinvd arat npt lbrv svm_lock nrip_save tsc_scale vmcb_clean flushbyasid decodeassists pausefilter pfthreshold avic v_vmsave_vmload vgif umip rdpid overflow_recov succor smca
bugs		: sysret_ss_attrs spectre_v1 spectre_v2 spec_store_bypass
bogomips	: 7785.42
TLB size	: 3072 4K pages
clflush size	: 64
cache_alignment	: 64
address sizes	: 43 bits physical, 48 bits virtual
power management: ts ttp tm hwpstate cpb eff_freq_ro [13] [14]

processor	: 4
vendor_id	: AuthenticAMD
cpu family	: 23
model		: 113
model name	: AMD Ryzen 7 3800X 8-Core Processor
stepping	: 0
microcode	: 0x8701021
cpu MHz		: 4148.420
cache size	: 512 KB
physical id	: 0
siblings	: 16
core id		: 4
cpu cores	: 8
apicid		: 8
initial apicid	: 8
fpu		: yes
fpu_exception	: yes
cpuid level	: 16
wp		: yes
flags		: fpu vme de pse tsc msr pae mce cx8 apic sep mtrr pge mca cmov pat pse36 clflush mmx fxsr sse sse2 ht syscall nx mmxext fxsr_opt pdpe1gb rdtscp lm constant_tsc rep_good nopl nonstop_tsc cpuid extd_apicid aperfmperf pni pclmulqdq monitor ssse3 fma cx16 sse4_1 sse4_2 movbe popcnt aes xsave avx f16c rdrand lahf_lm cmp_legacy svm extapic cr8_legacy abm sse4a misalignsse 3dnowprefetch osvw ibs skinit wdt tce topoext perfctr_core perfctr_nb bpext perfctr_llc mwaitx cpb cat_l3 cdp_l3 hw_pstate sme ssbd mba sev ibpb stibp vmmcall sev_es fsgsbase bmi1 avx2 smep bmi2 cqm rdt_a rdseed adx smap clflushopt clwb sha_ni xsaveopt xsavec xgetbv1 xsaves cqm_llc cqm_occup_llc cqm_mbm_total cqm_mbm_local clzero irperf xsaveerptr rdpru wbnoinvd arat npt lbrv svm_lock nrip_save tsc_scale vmcb_clean flushbyasid decodeassists pausefilter pfthreshold avic v_vmsave_vmload vgif umip rdpid overflow_recov succor smca
bugs		: sysret_ss_attrs spectre_v1 spectre_v2 spec_store_bypass
bogomips	: 7785.42
TLB size	: 3072 4K pages
clflush size	: 64
cache_alignment	: 64
address sizes	: 43 bits physical, 48 bits virtual
power management: ts ttp tm hwpstate cpb eff_freq_ro [13] [14]

processor	: 5
vendor_id	: AuthenticAMD
cpu family	: 23
model		: 113
model name	: AMD Ryzen 7 3800X 8-Core Processor
stepping	: 0
microcode	: 0x8701021
cpu MHz		: 2665.437
cache size	: 512 KB
physical id	: 0
siblings	: 16
core id		: 5
cpu cores	: 8
apicid		: 10
initial apicid	: 10
fpu		: yes
fpu_exception	: yes
cpuid level	: 16
wp		: yes
flags		: fpu vme de pse tsc msr pae mce cx8 apic sep mtrr pge mca cmov pat pse36 clflush mmx fxsr sse sse2 ht syscall nx mmxext fxsr_opt pdpe1gb rdtscp lm constant_tsc rep_good nopl nonstop_tsc cpuid extd_apicid aperfmperf pni pclmulqdq monitor ssse3 fma cx16 sse4_1 sse4_2 movbe popcnt aes xsave avx f16c rdrand lahf_lm cmp_legacy svm extapic cr8_legacy abm sse4a misalignsse 3dnowprefetch osvw ibs skinit wdt tce topoext perfctr_core perfctr_nb bpext perfctr_llc mwaitx cpb cat_l3 cdp_l3 hw_pstate sme ssbd mba sev ibpb stibp vmmcall sev_es fsgsbase bmi1 avx2 smep bmi2 cqm rdt_a rdseed adx smap clflushopt clwb sha_ni xsaveopt xsavec xgetbv1 xsaves cqm_llc cqm_occup_llc cqm_mbm_total cqm_mbm_local clzero irperf xsaveerptr rdpru wbnoinvd arat npt lbrv svm_lock nrip_save tsc_scale vmcb_clean flushbyasid decodeassists pausefilter pfthreshold avic v_vmsave_vmload vgif umip rdpid overflow_recov succor smca
bugs		: sysret_ss_attrs spectre_v1 spectre_v2 spec_store_bypass
bogomips	: 7785.42
TLB size	: 3072 4K pages
clflush size	: 64
cache_alignment	: 64
address sizes	: 43 bits physical, 48 bits virtual
power management: ts ttp tm hwpstate cpb eff_freq_ro [13] [14]

processor	: 6
vendor_id	: AuthenticAMD
cpu family	: 23
model		: 113
model name	: AMD Ryzen 7 3800X 8-Core Processor
stepping	: 0
microcode	: 0x8701021
cpu MHz		: 4151.808
cache size	: 512 KB
physical id	: 0
siblings	: 16
core id		: 6
cpu cores	: 8
apicid		: 12
initial apicid	: 12
fpu		: yes
fpu_exception	: yes
cpuid level	: 16
wp		: yes
flags		: fpu vme de pse tsc msr pae mce cx8 apic sep mtrr pge mca cmov pat pse36 clflush mmx fxsr sse sse2 ht syscall nx mmxext fxsr_opt pdpe1gb rdtscp lm constant_tsc rep_good nopl nonstop_tsc cpuid extd_apicid aperfmperf pni pclmulqdq monitor ssse3 fma cx16 sse4_1 sse4_2 movbe popcnt aes xsave avx f16c rdrand lahf_lm cmp_legacy svm extapic cr8_legacy abm sse4a misalignsse 3dnowprefetch osvw ibs skinit wdt tce topoext perfctr_core perfctr_nb bpext perfctr_llc mwaitx cpb cat_l3 cdp_l3 hw_pstate sme ssbd mba sev ibpb stibp vmmcall sev_es fsgsbase bmi1 avx2 smep bmi2 cqm rdt_a rdseed adx smap clflushopt clwb sha_ni xsaveopt xsavec xgetbv1 xsaves cqm_llc cqm_occup_llc cqm_mbm_total cqm_mbm_local clzero irperf xsaveerptr rdpru wbnoinvd arat npt lbrv svm_lock nrip_save tsc_scale vmcb_clean flushbyasid decodeassists pausefilter pfthreshold avic v_vmsave_vmload vgif umip rdpid overflow_recov succor smca
bugs		: sysret_ss_attrs spectre_v1 spectre_v2 spec_store_bypass
bogomips	: 7785.42
TLB size	: 3072 4K pages
clflush size	: 64
cache_alignment	: 64
address sizes	: 43 bits physical, 48 bits virtual
power management: ts ttp tm hwpstate cpb eff_freq_ro [13] [14]

processor	: 7
vendor_id	: AuthenticAMD
cpu family	: 23
model		: 113
model name	: AMD Ryzen 7 3800X 8-Core Processor
stepping	: 0
microcode	: 0x8701021
cpu MHz		: 4149.855
cache size	: 512 KB
physical id	: 0
siblings	: 16
core id		: 7
cpu cores	: 8
apicid		: 14
initial apicid	: 14
fpu		: yes
fpu_exception	: yes
cpuid level	: 16
wp		: yes
flags		: fpu vme de pse tsc msr pae mce cx8 apic sep mtrr pge mca cmov pat pse36 clflush mmx fxsr sse sse2 ht syscall nx mmxext fxsr_opt pdpe1gb rdtscp lm constant_tsc rep_good nopl nonstop_tsc cpuid extd_apicid aperfmperf pni pclmulqdq monitor ssse3 fma cx16 sse4_1 sse4_2 movbe popcnt aes xsave avx f16c rdrand lahf_lm cmp_legacy svm extapic cr8_legacy abm sse4a misalignsse 3dnowprefetch osvw ibs skinit wdt tce topoext perfctr_core perfctr_nb bpext perfctr_llc mwaitx cpb cat_l3 cdp_l3 hw_pstate sme ssbd mba sev ibpb stibp vmmcall sev_es fsgsbase bmi1 avx2 smep bmi2 cqm rdt_a rdseed adx smap clflushopt clwb sha_ni xsaveopt xsavec xgetbv1 xsaves cqm_llc cqm_occup_llc cqm_mbm_total cqm_mbm_local clzero irperf xsaveerptr rdpru wbnoinvd arat npt lbrv svm_lock nrip_save tsc_scale vmcb_clean flushbyasid decodeassists pausefilter pfthreshold avic v_vmsave_vmload vgif umip rdpid overflow_recov succor smca
bugs		: sysret_ss_attrs spectre_v1 spectre_v2 spec_store_bypass
bogomips	: 7785.42
TLB size	: 3072 4K pages
clflush size	: 64
cache_alignment	: 64
address sizes	: 43 bits physical, 48 bits virtual
power management: ts ttp tm hwpstate cpb eff_freq_ro [13] [14]

processor	: 8
vendor_id	: AuthenticAMD
cpu family	: 23
model		: 113
model name	: AMD Ryzen 7 3800X 8-Core Processor
stepping	: 0
microcode	: 0x8701021
cpu MHz		: 4148.725
cache size	: 512 KB
physical id	: 0
siblings	: 16
core id		: 0
cpu cores	: 8
apicid		: 1
initial apicid	: 1
fpu		: yes
fpu_exception	: yes
cpuid level	: 16
wp		: yes
flags		: fpu vme de pse tsc msr pae mce cx8 apic sep mtrr pge mca cmov pat pse36 clflush mmx fxsr sse sse2 ht syscall nx mmxext fxsr_opt pdpe1gb rdtscp lm constant_tsc rep_good nopl nonstop_tsc cpuid extd_apicid aperfmperf pni pclmulqdq monitor ssse3 fma cx16 sse4_1 sse4_2 movbe popcnt aes xsave avx f16c rdrand lahf_lm cmp_legacy svm extapic cr8_legacy abm sse4a misalignsse 3dnowprefetch osvw ibs skinit wdt tce topoext perfctr_core perfctr_nb bpext perfctr_llc mwaitx cpb cat_l3 cdp_l3 hw_pstate sme ssbd mba sev ibpb stibp vmmcall sev_es fsgsbase bmi1 avx2 smep bmi2 cqm rdt_a rdseed adx smap clflushopt clwb sha_ni xsaveopt xsavec xgetbv1 xsaves cqm_llc cqm_occup_llc cqm_mbm_total cqm_mbm_local clzero irperf xsaveerptr rdpru wbnoinvd arat npt lbrv svm_lock nrip_save tsc_scale vmcb_clean flushbyasid decodeassists pausefilter pfthreshold avic v_vmsave_vmload vgif umip rdpid overflow_recov succor smca
bugs		: sysret_ss_attrs spectre_v1 spectre_v2 spec_store_bypass
bogomips	: 7785.42
TLB size	: 3072 4K pages
clflush size	: 64
cache_alignment	: 64
address sizes	: 43 bits physical, 48 bits virtual
power management: ts ttp tm hwpstate cpb eff_freq_ro [13] [14]

processor	: 9
vendor_id	: AuthenticAMD
cpu family	: 23
model		: 113
model name	: AMD Ryzen 7 3800X 8-Core Processor
stepping	: 0
microcode	: 0x8701021
cpu MHz		: 4027.455
cache size	: 512 KB
physical id	: 0
siblings	: 16
core id		: 1
cpu cores	: 8
apicid		: 3
initial apicid	: 3
fpu		: yes
fpu_exception	: yes
cpuid level	: 16
wp		: yes
flags		: fpu vme de pse tsc msr pae mce cx8 apic sep mtrr pge mca cmov pat pse36 clflush mmx fxsr sse sse2 ht syscall nx mmxext fxsr_opt pdpe1gb rdtscp lm constant_tsc rep_good nopl nonstop_tsc cpuid extd_apicid aperfmperf pni pclmulqdq monitor ssse3 fma cx16 sse4_1 sse4_2 movbe popcnt aes xsave avx f16c rdrand lahf_lm cmp_legacy svm extapic cr8_legacy abm sse4a misalignsse 3dnowprefetch osvw ibs skinit wdt tce topoext perfctr_core perfctr_nb bpext perfctr_llc mwaitx cpb cat_l3 cdp_l3 hw_pstate sme ssbd mba sev ibpb stibp vmmcall sev_es fsgsbase bmi1 avx2 smep bmi2 cqm rdt_a rdseed adx smap clflushopt clwb sha_ni xsaveopt xsavec xgetbv1 xsaves cqm_llc cqm_occup_llc cqm_mbm_total cqm_mbm_local clzero irperf xsaveerptr rdpru wbnoinvd arat npt lbrv svm_lock nrip_save tsc_scale vmcb_clean flushbyasid decodeassists pausefilter pfthreshold avic v_vmsave_vmload vgif umip rdpid overflow_recov succor smca
bugs		: sysret_ss_attrs spectre_v1 spectre_v2 spec_store_bypass
bogomips	: 7785.42
TLB size	: 3072 4K pages
clflush size	: 64
cache_alignment	: 64
address sizes	: 43 bits physical, 48 bits virtual
power management: ts ttp tm hwpstate cpb eff_freq_ro [13] [14]

processor	: 10
vendor_id	: AuthenticAMD
cpu family	: 23
model		: 113
model name	: AMD Ryzen 7 3800X 8-Core Processor
stepping	: 0
microcode	: 0x8701021
cpu MHz		: 4154.360
cache size	: 512 KB
physical id	: 0
siblings	: 16
core id		: 2
cpu cores	: 8
apicid		: 5
initial apicid	: 5
fpu		: yes
fpu_exception	: yes
cpuid level	: 16
wp		: yes
flags		: fpu vme de pse tsc msr pae mce cx8 apic sep mtrr pge mca cmov pat pse36 clflush mmx fxsr sse sse2 ht syscall nx mmxext fxsr_opt pdpe1gb rdtscp lm constant_tsc rep_good nopl nonstop_tsc cpuid extd_apicid aperfmperf pni pclmulqdq monitor ssse3 fma cx16 sse4_1 sse4_2 movbe popcnt aes xsave avx f16c rdrand lahf_lm cmp_legacy svm extapic cr8_legacy abm sse4a misalignsse 3dnowprefetch osvw ibs skinit wdt tce topoext perfctr_core perfctr_nb bpext perfctr_llc mwaitx cpb cat_l3 cdp_l3 hw_pstate sme ssbd mba sev ibpb stibp vmmcall sev_es fsgsbase bmi1 avx2 smep bmi2 cqm rdt_a rdseed adx smap clflushopt clwb sha_ni xsaveopt xsavec xgetbv1 xsaves cqm_llc cqm_occup_llc cqm_mbm_total cqm_mbm_local clzero irperf xsaveerptr rdpru wbnoinvd arat npt lbrv svm_lock nrip_save tsc_scale vmcb_clean flushbyasid decodeassists pausefilter pfthreshold avic v_vmsave_vmload vgif umip rdpid overflow_recov succor smca
bugs		: sysret_ss_attrs spectre_v1 spectre_v2 spec_store_bypass
bogomips	: 7785.42
TLB size	: 3072 4K pages
clflush size	: 64
cache_alignment	: 64
address sizes	: 43 bits physical, 48 bits virtual
power management: ts ttp tm hwpstate cpb eff_freq_ro [13] [14]

processor	: 11
vendor_id	: AuthenticAMD
cpu family	: 23
model		: 113
model name	: AMD Ryzen 7 3800X 8-Core Processor
stepping	: 0
microcode	: 0x8701021
cpu MHz		: 3880.402
cache size	: 512 KB
physical id	: 0
siblings	: 16
core id		: 3
cpu cores	: 8
apicid		: 7
initial apicid	: 7
fpu		: yes
fpu_exception	: yes
cpuid level	: 16
wp		: yes
flags		: fpu vme de pse tsc msr pae mce cx8 apic sep mtrr pge mca cmov pat pse36 clflush mmx fxsr sse sse2 ht syscall nx mmxext fxsr_opt pdpe1gb rdtscp lm constant_tsc rep_good nopl nonstop_tsc cpuid extd_apicid aperfmperf pni pclmulqdq monitor ssse3 fma cx16 sse4_1 sse4_2 movbe popcnt aes xsave avx f16c rdrand lahf_lm cmp_legacy svm extapic cr8_legacy abm sse4a misalignsse 3dnowprefetch osvw ibs skinit wdt tce topoext perfctr_core perfctr_nb bpext perfctr_llc mwaitx cpb cat_l3 cdp_l3 hw_pstate sme ssbd mba sev ibpb stibp vmmcall sev_es fsgsbase bmi1 avx2 smep bmi2 cqm rdt_a rdseed adx smap clflushopt clwb sha_ni xsaveopt xsavec xgetbv1 xsaves cqm_llc cqm_occup_llc cqm_mbm_total cqm_mbm_local clzero irperf xsaveerptr rdpru wbnoinvd arat npt lbrv svm_lock nrip_save tsc_scale vmcb_clean flushbyasid decodeassists pausefilter pfthreshold avic v_vmsave_vmload vgif umip rdpid overflow_recov succor smca
bugs		: sysret_ss_attrs spectre_v1 spectre_v2 spec_store_bypass
bogomips	: 7785.42
TLB size	: 3072 4K pages
clflush size	: 64
cache_alignment	: 64
address sizes	: 43 bits physical, 48 bits virtual
power management: ts ttp tm hwpstate cpb eff_freq_ro [13] [14]

processor	: 12
vendor_id	: AuthenticAMD
cpu family	: 23
model		: 113
model name	: AMD Ryzen 7 3800X 8-Core Processor
stepping	: 0
microcode	: 0x8701021
cpu MHz		: 4147.119
cache size	: 512 KB
physical id	: 0
siblings	: 16
core id		: 4
cpu cores	: 8
apicid		: 9
initial apicid	: 9
fpu		: yes
fpu_exception	: yes
cpuid level	: 16
wp		: yes
flags		: fpu vme de pse tsc msr pae mce cx8 apic sep mtrr pge mca cmov pat pse36 clflush mmx fxsr sse sse2 ht syscall nx mmxext fxsr_opt pdpe1gb rdtscp lm constant_tsc rep_good nopl nonstop_tsc cpuid extd_apicid aperfmperf pni pclmulqdq monitor ssse3 fma cx16 sse4_1 sse4_2 movbe popcnt aes xsave avx f16c rdrand lahf_lm cmp_legacy svm extapic cr8_legacy abm sse4a misalignsse 3dnowprefetch osvw ibs skinit wdt tce topoext perfctr_core perfctr_nb bpext perfctr_llc mwaitx cpb cat_l3 cdp_l3 hw_pstate sme ssbd mba sev ibpb stibp vmmcall sev_es fsgsbase bmi1 avx2 smep bmi2 cqm rdt_a rdseed adx smap clflushopt clwb sha_ni xsaveopt xsavec xgetbv1 xsaves cqm_llc cqm_occup_llc cqm_mbm_total cqm_mbm_local clzero irperf xsaveerptr rdpru wbnoinvd arat npt lbrv svm_lock nrip_save tsc_scale vmcb_clean flushbyasid decodeassists pausefilter pfthreshold avic v_vmsave_vmload vgif umip rdpid overflow_recov succor smca
bugs		: sysret_ss_attrs spectre_v1 spectre_v2 spec_store_bypass
bogomips	: 7785.42
TLB size	: 3072 4K pages
clflush size	: 64
cache_alignment	: 64
address sizes	: 43 bits physical, 48 bits virtual
power management: ts ttp tm hwpstate cpb eff_freq_ro [13] [14]

processor	: 13
vendor_id	: AuthenticAMD
cpu family	: 23
model		: 113
model name	: AMD Ryzen 7 3800X 8-Core Processor
stepping	: 0
microcode	: 0x8701021
cpu MHz		: 2856.457
cache size	: 512 KB
physical id	: 0
siblings	: 16
core id		: 5
cpu cores	: 8
apicid		: 11
initial apicid	: 11
fpu		: yes
fpu_exception	: yes
cpuid level	: 16
wp		: yes
flags		: fpu vme de pse tsc msr pae mce cx8 apic sep mtrr pge mca cmov pat pse36 clflush mmx fxsr sse sse2 ht syscall nx mmxext fxsr_opt pdpe1gb rdtscp lm constant_tsc rep_good nopl nonstop_tsc cpuid extd_apicid aperfmperf pni pclmulqdq monitor ssse3 fma cx16 sse4_1 sse4_2 movbe popcnt aes xsave avx f16c rdrand lahf_lm cmp_legacy svm extapic cr8_legacy abm sse4a misalignsse 3dnowprefetch osvw ibs skinit wdt tce topoext perfctr_core perfctr_nb bpext perfctr_llc mwaitx cpb cat_l3 cdp_l3 hw_pstate sme ssbd mba sev ibpb stibp vmmcall sev_es fsgsbase bmi1 avx2 smep bmi2 cqm rdt_a rdseed adx smap clflushopt clwb sha_ni xsaveopt xsavec xgetbv1 xsaves cqm_llc cqm_occup_llc cqm_mbm_total cqm_mbm_local clzero irperf xsaveerptr rdpru wbnoinvd arat npt lbrv svm_lock nrip_save tsc_scale vmcb_clean flushbyasid decodeassists pausefilter pfthreshold avic v_vmsave_vmload vgif umip rdpid overflow_recov succor smca
bugs		: sysret_ss_attrs spectre_v1 spectre_v2 spec_store_bypass
bogomips	: 7785.42
TLB size	: 3072 4K pages
clflush size	: 64
cache_alignment	: 64
address sizes	: 43 bits physical, 48 bits virtual
power management: ts ttp tm hwpstate cpb eff_freq_ro [13] [14]

processor	: 14
vendor_id	: AuthenticAMD
cpu family	: 23
model		: 113
model name	: AMD Ryzen 7 3800X 8-Core Processor
stepping	: 0
microcode	: 0x8701021
cpu MHz		: 4148.147
cache size	: 512 KB
physical id	: 0
siblings	: 16
core id		: 6
cpu cores	: 8
apicid		: 13
initial apicid	: 13
fpu		: yes
fpu_exception	: yes
cpuid level	: 16
wp		: yes
flags		: fpu vme de pse tsc msr pae mce cx8 apic sep mtrr pge mca cmov pat pse36 clflush mmx fxsr sse sse2 ht syscall nx mmxext fxsr_opt pdpe1gb rdtscp lm constant_tsc rep_good nopl nonstop_tsc cpuid extd_apicid aperfmperf pni pclmulqdq monitor ssse3 fma cx16 sse4_1 sse4_2 movbe popcnt aes xsave avx f16c rdrand lahf_lm cmp_legacy svm extapic cr8_legacy abm sse4a misalignsse 3dnowprefetch osvw ibs skinit wdt tce topoext perfctr_core perfctr_nb bpext perfctr_llc mwaitx cpb cat_l3 cdp_l3 hw_pstate sme ssbd mba sev ibpb stibp vmmcall sev_es fsgsbase bmi1 avx2 smep bmi2 cqm rdt_a rdseed adx smap clflushopt clwb sha_ni xsaveopt xsavec xgetbv1 xsaves cqm_llc cqm_occup_llc cqm_mbm_total cqm_mbm_local clzero irperf xsaveerptr rdpru wbnoinvd arat npt lbrv svm_lock nrip_save tsc_scale vmcb_clean flushbyasid decodeassists pausefilter pfthreshold avic v_vmsave_vmload vgif umip rdpid overflow_recov succor smca
bugs		: sysret_ss_attrs spectre_v1 spectre_v2 spec_store_bypass
bogomips	: 7785.42
TLB size	: 3072 4K pages
clflush size	: 64
cache_alignment	: 64
address sizes	: 43 bits physical, 48 bits virtual
power management: ts ttp tm hwpstate cpb eff_freq_ro [13] [14]

processor	: 15
vendor_id	: AuthenticAMD
cpu family	: 23
model		: 113
model name	: AMD Ryzen 7 3800X 8-Core Processor
stepping	: 0
microcode	: 0x8701021
cpu MHz		: 4147.489
cache size	: 512 KB
physical id	: 0
siblings	: 16
core id		: 7
cpu cores	: 8
apicid		: 15
initial apicid	: 15
fpu		: yes
fpu_exception	: yes
cpuid level	: 16
wp		: yes
flags		: fpu vme de pse tsc msr pae mce cx8 apic sep mtrr pge mca cmov pat pse36 clflush mmx fxsr sse sse2 ht syscall nx mmxext fxsr_opt pdpe1gb rdtscp lm constant_tsc rep_good nopl nonstop_tsc cpuid extd_apicid aperfmperf pni pclmulqdq monitor ssse3 fma cx16 sse4_1 sse4_2 movbe popcnt aes xsave avx f16c rdrand lahf_lm cmp_legacy svm extapic cr8_legacy abm sse4a misalignsse 3dnowprefetch osvw ibs skinit wdt tce topoext perfctr_core perfctr_nb bpext perfctr_llc mwaitx cpb cat_l3 cdp_l3 hw_pstate sme ssbd mba sev ibpb stibp vmmcall sev_es fsgsbase bmi1 avx2 smep bmi2 cqm rdt_a rdseed adx smap clflushopt clwb sha_ni xsaveopt xsavec xgetbv1 xsaves cqm_llc cqm_occup_llc cqm_mbm_total cqm_mbm_local clzero irperf xsaveerptr rdpru wbnoinvd arat npt lbrv svm_lock nrip_save tsc_scale vmcb_clean flushbyasid decodeassists pausefilter pfthreshold avic v_vmsave_vmload vgif umip rdpid overflow_recov succor smca
bugs		: sysret_ss_attrs spectre_v1 spectre_v2 spec_store_bypass
bogomips	: 7785.42
TLB size	: 3072 4K pages
clflush size	: 64
cache_alignment	: 64
address sizes	: 43 bits physical, 48 bits virtual
power management: ts ttp tm hwpstate cpb eff_freq_ro [13] [14]



Memory: 4k page, physical 65868308k(1977692k free), swap 41554936k(40160248k free)

vm_info: OpenJDK 64-Bit Server VM (25.282-b08) for linux-amd64 JRE (1.8.0_282-b08), built on Jan 14 2021 07:18:50 by "jenkins" with gcc 7.3.1 20180303 (Red Hat 7.3.1-5)

time: Tue Oct 19 00:17:13 2021
timezone: EDT
elapsed time: 0.590295 seconds (0d 0h 0m 0s)

