#
# A fatal error has been detected by the Java Runtime Environment:
#
#  SIGSEGV (0xb) at pc=0x000000004037edd2, pid=388611, tid=0x00007fd27a26a640
#
# JRE version: OpenJDK Runtime Environment (8.0_282-b08) (build 1.8.0_282-b08)
# Java VM: OpenJDK 64-Bit Server VM (25.282-b08 mixed mode linux-amd64 compressed oops)
# Problematic frame:
# C  0x000000004037edd2
#
# Failed to write core dump. Core dumps have been disabled. To enable core dumping, try "ulimit -c unlimited" before starting Java again
#
# If you would like to submit a bug report, please include
# instructions on how to reproduce the bug and visit:
#   https://github.com/corretto/corretto-8/issues/
# The crash happened outside the Java Virtual Machine in native code.
# See problematic frame for where to report the bug.
#

---------------  T H R E A D  ---------------

Current thread (0x00007fd27400d800):  JavaThread "main" [_thread_in_native, id=388617, stack(0x00007fd27a16b000,0x00007fd27a26b000)]

siginfo: si_signo: 11 (SIGSEGV), si_code: 1 (SEGV_MAPERR), si_addr: 0x0000000000000000

Registers:
RAX=0x00007fd2298817d4, RBX=0x0000000041b98000, RCX=0x0000000000000000, RDX=0x000000000000000c
RSP=0x00007fd27a269568, RBP=0x000000003f800000, RSI=0x0000000000000000, RDI=0x0000000000000000
R8 =0x0000000000000000, R9 =0x00007fd249165ff8, R10=0x0000000000000001, R11=0x0000000000000000
R12=0x0000000000000000, R13=0x0000000041b98000, R14=0x0000000000000004, R15=0x00007fd1ace98198
RIP=0x000000004037edd2, EFLAGS=0x0000000000010246, CSGSFS=0x002b000000000033, ERR=0x0000000000000004
  TRAPNO=0x000000000000000e

Top of Stack: (sp=0x00007fd27a269568)
0x00007fd27a269568:   00007fd23af2c787 3fffffff3fffffff
0x00007fd27a269578:   0000003f3fffffff 00007fd200000000
0x00007fd27a269588:   00000000000003c0 00c0000000000000
0x00007fd27a269598:   00007fd2298817d4 000000000000000c
0x00007fd27a2695a8:   0000000041b98000 0000000000000004
0x00007fd27a2695b8:   0000000000000000 000000000000000c
0x00007fd27a2695c8:   0000000000000000 00000000ffffffff
0x00007fd27a2695d8:   00007fd23af2e60c 00000000000001f1
0x00007fd27a2695e8:   000001f100000000 0000000041b98000
0x00007fd27a2695f8:   0000000000000004 0000000000000010
0x00007fd27a269608:   00000000000001f1 0000000000000000
0x00007fd27a269618:   00007fd23ab1bcad 00007fd2483ae320
0x00007fd27a269628:   0000000c7400d800 00007fd2483ae320
0x00007fd27a269638:   00007fd2483ae320 00007fd27a2696d0
0x00007fd27a269648:   0000000000000000 00007fd2483ae318
0x00007fd27a269658:   00007fd27a269708 00007fd27400d800
0x00007fd27a269668:   00007fd265017de7 00007fd27a2696d0
0x00007fd27a269678:   00007fd265017b39 fffffffe00000000
0x00007fd27a269688:   00007fd265017b02 00007fd27a269690
0x00007fd27a269698:   00007fd2483ae318 00007fd27a269708
0x00007fd27a2696a8:   00007fd2483dc9c0 0000000000000000
0x00007fd27a2696b8:   00007fd2483ae320 0000000000000000
0x00007fd27a2696c8:   00007fd27a2696f0 00007fd27a269750
0x00007fd27a2696d8:   00007fd265007ffd 0000000673768638
0x00007fd27a2696e8:   00007fd265011a58 00000000000001f1
0x00007fd27a2696f8:   000000000000000c 0000000000000000
0x00007fd27a269708:   0000000000000004 00007fd27a269710
0x00007fd27a269718:   00007fd253f9b8f4 00007fd27a269778
0x00007fd27a269728:   00007fd253f9dd78 0000000000000000
0x00007fd27a269738:   00007fd253f9b938 00007fd27a2696f0
0x00007fd27a269748:   00007fd27a269760 00007fd27a2697c0
0x00007fd27a269758:   00007fd265007ffd 00000000000001f1 

Instructions: (pc=0x000000004037edd2)
0x000000004037edb2:   68 0c 48 be 38 fc be 41 00 00 00 00 48 8b 36 48
0x000000004037edc2:   8b b6 68 03 00 00 48 8b f9 48 c1 e7 04 48 03 f7
0x000000004037edd2:   8b 3e 8b 6e 04 89 78 10 89 68 14 8b 7e 08 8b 6e
0x000000004037ede2:   0c 89 78 18 89 68 1c 48 be 38 fc be 41 00 00 00 

Register to memory mapping:

RAX=0x00007fd2298817d4 is an unknown value
RBX=0x0000000041b98000 is an unknown value
RCX=0x0000000000000000 is an unknown value
RDX=0x000000000000000c is an unknown value
RSP=0x00007fd27a269568 is pointing into the stack for thread: 0x00007fd27400d800
RBP=0x000000003f800000 is an unknown value
RSI=0x0000000000000000 is an unknown value
RDI=0x0000000000000000 is an unknown value
R8 =0x0000000000000000 is an unknown value
R9 =0x00007fd249165ff8 is an unknown value
R10=0x0000000000000001 is an unknown value
R11=0x0000000000000000 is an unknown value
R12=0x0000000000000000 is an unknown value
R13=0x0000000041b98000 is an unknown value
R14=0x0000000000000004 is an unknown value
R15=0x00007fd1ace98198 is an unknown value


Stack: [0x00007fd27a16b000,0x00007fd27a26b000],  sp=0x00007fd27a269568,  free space=1017k
Native frames: (J=compiled Java code, j=interpreted, Vv=VM code, C=native code)
C  0x000000004037edd2

Java frames: (J=compiled Java code, j=interpreted, Vv=VM code)
j  org.lwjgl.opengl.GL31C.glDrawArraysInstanced(IIII)V+0
j  org.lwjgl.opengl.GL31.glDrawArraysInstanced(IIII)V+4
j  com.game.engine.renderer.EntityRenderer.render(Lcom/game/engine/shaders/AtlasShader;Lcom/game/engine/shaders/WorldShader;Lorg/joml/Matrix4f;)V+553
j  com.game.engine.display.TestDisplay.render()V+30
j  com.game.engine.display.DisplayManager.updateDisplay()V+28
j  com.game.Main.main([Ljava/lang/String;)V+339
v  ~StubRoutines::call_stub

---------------  P R O C E S S  ---------------

Java Threads: ( => current thread )
  0x00007fd274c14800 JavaThread "Java2D Disposer" daemon [_thread_blocked, id=388649, stack(0x00007fd248485000,0x00007fd248586000)]
  0x00007fd274101000 JavaThread "Service Thread" daemon [_thread_blocked, id=388647, stack(0x00007fd24b3f4000,0x00007fd24b4f5000)]
  0x00007fd2740ec000 JavaThread "C1 CompilerThread11" daemon [_thread_blocked, id=388646, stack(0x00007fd24b4f6000,0x00007fd24b5f6000)]
  0x00007fd2740e9800 JavaThread "C1 CompilerThread10" daemon [_thread_in_native, id=388645, stack(0x00007fd24b5f7000,0x00007fd24b6f7000)]
  0x00007fd2740e7800 JavaThread "C1 CompilerThread9" daemon [_thread_blocked, id=388644, stack(0x00007fd24b6f8000,0x00007fd24b7f8000)]
  0x00007fd2740e5800 JavaThread "C1 CompilerThread8" daemon [_thread_in_native, id=388643, stack(0x00007fd24b7f9000,0x00007fd24b8f9000)]
  0x00007fd2740e3000 JavaThread "C2 CompilerThread7" daemon [_thread_blocked, id=388642, stack(0x00007fd24b8fa000,0x00007fd24b9fa000)]
  0x00007fd2740e1000 JavaThread "C2 CompilerThread6" daemon [_thread_blocked, id=388641, stack(0x00007fd24b9fb000,0x00007fd24bafb000)]
  0x00007fd2740df000 JavaThread "C2 CompilerThread5" daemon [_thread_blocked, id=388640, stack(0x00007fd24bafc000,0x00007fd24bbfc000)]
  0x00007fd2740dc800 JavaThread "C2 CompilerThread4" daemon [_thread_blocked, id=388639, stack(0x00007fd24bbfd000,0x00007fd24bcfd000)]
  0x00007fd2740da800 JavaThread "C2 CompilerThread3" daemon [_thread_blocked, id=388638, stack(0x00007fd24bcfe000,0x00007fd24bdfe000)]
  0x00007fd2740d8800 JavaThread "C2 CompilerThread2" daemon [_thread_blocked, id=388637, stack(0x00007fd24bdff000,0x00007fd24beff000)]
  0x00007fd2740d6800 JavaThread "C2 CompilerThread1" daemon [_thread_blocked, id=388636, stack(0x00007fd24bf00000,0x00007fd24c000000)]
  0x00007fd2740d3800 JavaThread "C2 CompilerThread0" daemon [_thread_blocked, id=388635, stack(0x00007fd25008f000,0x00007fd25018f000)]
  0x00007fd2740d0800 JavaThread "Signal Dispatcher" daemon [_thread_blocked, id=388634, stack(0x00007fd25018f000,0x00007fd250290000)]
  0x00007fd27409d800 JavaThread "Finalizer" daemon [_thread_blocked, id=388633, stack(0x00007fd250b2f000,0x00007fd250c30000)]
  0x00007fd274099000 JavaThread "Reference Handler" daemon [_thread_blocked, id=388632, stack(0x00007fd250c30000,0x00007fd250d31000)]
=>0x00007fd27400d800 JavaThread "main" [_thread_in_native, id=388617, stack(0x00007fd27a16b000,0x00007fd27a26b000)]

Other Threads:
  0x00007fd27408f000 VMThread [stack: 0x00007fd250d32000,0x00007fd250e32000] [id=388631]
  0x00007fd274103800 WatcherThread [stack: 0x00007fd24b2f4000,0x00007fd24b3f4000] [id=388648]

VM state:not at safepoint (normal execution)

VM Mutex/Monitor currently owned by a thread: None

heap address: 0x00000003d2e00000, size: 16082 MB, Compressed Oops mode: Zero based, Oop shift amount: 3
Narrow klass base: 0x0000000000000000, Narrow klass shift: 3
Compressed class space size: 1073741824 Address: 0x00000007c0000000

Heap:
 PSYoungGen      total 300544K, used 46448K [0x0000000670f80000, 0x0000000685e80000, 0x00000007c0000000)
  eden space 258048K, 18% used [0x0000000670f80000,0x0000000673cdc310,0x0000000680b80000)
  from space 42496K, 0% used [0x0000000683500000,0x0000000683500000,0x0000000685e80000)
  to   space 42496K, 0% used [0x0000000680b80000,0x0000000680b80000,0x0000000683500000)
 ParOldGen       total 687104K, used 0K [0x00000003d2e00000, 0x00000003fcd00000, 0x0000000670f80000)
  object space 687104K, 0% used [0x00000003d2e00000,0x00000003d2e00000,0x00000003fcd00000)
 Metaspace       used 14229K, capacity 14467K, committed 14592K, reserved 1062912K
  class space    used 1126K, capacity 1236K, committed 1280K, reserved 1048576K

Card table byte_map: [0x00007fd263096000,0x00007fd265000000] byte_map_base: 0x00007fd2611ff000

Marking Bits: (ParMarkBitMap*) 0x00007fd27b3dd780
 Begin Bits: [0x00007fd1f4970000, 0x00007fd2044b8000)
 End Bits:   [0x00007fd2044b8000, 0x00007fd214000000)

Polling page: 0x00007fd27b840000

CodeCache: size=245760Kb used=5544Kb max_used=5544Kb free=240215Kb
 bounds [0x00007fd265000000, 0x00007fd265570000, 0x00007fd274000000]
 total_blobs=2091 nmethods=1016 adapters=987
 compilation: enabled

Compilation events (10 events):
Event: 1.550 Thread 0x00007fd2740e5800 nmethod 1014 0x00007fd265568490 code [0x00007fd2655685e0, 0x00007fd2655686f0]
Event: 1.550 Thread 0x00007fd2740e5800 1017       1       org.joml.Matrix4f::_m20 (7 bytes)
Event: 1.550 Thread 0x00007fd2740e7800 nmethod 1013 0x00007fd265568750 code [0x00007fd2655688a0, 0x00007fd2655689b0]
Event: 1.550 Thread 0x00007fd2740e7800 1010       3       org.joml.Matrix4f::mul (7 bytes)
Event: 1.550 Thread 0x00007fd2740e5800 nmethod 1017 0x00007fd265568a10 code [0x00007fd265568b60, 0x00007fd265568c70]
Event: 1.550 Thread 0x00007fd2740e5800 1011       3       org.joml.Matrix4f::mul (139 bytes)
Event: 1.550 Thread 0x00007fd2740e9800 nmethod 1009 0x00007fd265568cd0 code [0x00007fd265568ee0, 0x00007fd265569b10]
Event: 1.550 Thread 0x00007fd2740e9800 1012       3       org.joml.Matrix4f::mulAffine (476 bytes)
Event: 1.550 Thread 0x00007fd2740ec000 nmethod 1007 0x00007fd26556a050 code [0x00007fd26556a1e0, 0x00007fd26556a458]
Event: 1.550 Thread 0x00007fd2740e7800 nmethod 1010 0x00007fd26556a590 code [0x00007fd26556a700, 0x00007fd26556a8a8]

GC Heap History (0 events):
No events

Deoptimization events (4 events):
Event: 0.037 Thread 0x00007fd27400d800 Uncommon trap: reason=unstable_if action=reinterpret pc=0x00007fd2652c36e8 method=java.lang.String.hashCode()I @ 14
Event: 0.110 Thread 0x00007fd27400d800 Uncommon trap: reason=unstable_if action=reinterpret pc=0x00007fd2653946fc method=java.io.DataInputStream.readUTF(Ljava/io/DataInput;)Ljava/lang/String; @ 31
Event: 0.123 Thread 0x00007fd27400d800 Uncommon trap: reason=unstable_if action=reinterpret pc=0x00007fd2653aea00 method=java.lang.String.indexOf([CII[CIII)I @ 134
Event: 1.474 Thread 0x00007fd27400d800 Uncommon trap: reason=unstable_if action=reinterpret pc=0x00007fd2653d310c method=java.io.BufferedReader.readLine(Z)Ljava/lang/String; @ 66

Classes redefined (0 events):
No events

Internal exceptions (10 events):
Event: 0.083 Thread 0x00007fd27400d800 Exception <a 'java/security/PrivilegedActionException'> (0x0000000671223f38) thrown at [/home/jenkins/node/workspace/Corretto8/generic_linux/x64/build/Corretto8Src/installers/linux/universal/tar/corretto-build/buildRoot/src/hotspot/src/share/vm/prims/jvm.
Event: 0.083 Thread 0x00007fd27400d800 Exception <a 'java/security/PrivilegedActionException'> (0x0000000671224148) thrown at [/home/jenkins/node/workspace/Corretto8/generic_linux/x64/build/Corretto8Src/installers/linux/universal/tar/corretto-build/buildRoot/src/hotspot/src/share/vm/prims/jvm.
Event: 0.128 Thread 0x00007fd27400d800 Exception <a 'java/lang/NoSuchMethodError': java.lang.Object.lambda$static$0(Ljava/lang/String;)Ljava/lang/Boolean;> (0x0000000672963848) thrown at [/home/jenkins/node/workspace/Corretto8/generic_linux/x64/build/Corretto8Src/installers/linux/universal/tar
Event: 0.151 Thread 0x00007fd27400d800 Exception <a 'sun/nio/fs/UnixException'> (0x0000000672ac23a8) thrown at [/home/jenkins/node/workspace/Corretto8/generic_linux/x64/build/Corretto8Src/installers/linux/universal/tar/corretto-build/buildRoot/src/hotspot/src/share/vm/prims/jni.cpp, line 711]
Event: 0.163 Thread 0x00007fd27400d800 Exception <a 'sun/nio/fs/UnixException'> (0x0000000672b8be80) thrown at [/home/jenkins/node/workspace/Corretto8/generic_linux/x64/build/Corretto8Src/installers/linux/universal/tar/corretto-build/buildRoot/src/hotspot/src/share/vm/prims/jni.cpp, line 711]
Event: 0.453 Thread 0x00007fd27400d800 Exception <a 'sun/nio/fs/UnixException'> (0x0000000672c84030) thrown at [/home/jenkins/node/workspace/Corretto8/generic_linux/x64/build/Corretto8Src/installers/linux/universal/tar/corretto-build/buildRoot/src/hotspot/src/share/vm/prims/jni.cpp, line 711]
Event: 0.454 Thread 0x00007fd27400d800 Exception <a 'sun/nio/fs/UnixException'> (0x0000000672c91c18) thrown at [/home/jenkins/node/workspace/Corretto8/generic_linux/x64/build/Corretto8Src/installers/linux/universal/tar/corretto-build/buildRoot/src/hotspot/src/share/vm/prims/jni.cpp, line 711]
Event: 0.725 Thread 0x00007fd27400d800 Exception <a 'java/io/FileNotFoundException'> (0x00000006734e7dd0) thrown at [/home/jenkins/node/workspace/Corretto8/generic_linux/x64/build/Corretto8Src/installers/linux/universal/tar/corretto-build/buildRoot/src/hotspot/src/share/vm/prims/jni.cpp, line 
Event: 0.725 Thread 0x00007fd27400d800 Exception <a 'java/io/FileNotFoundException'> (0x00000006734e87f0) thrown at [/home/jenkins/node/workspace/Corretto8/generic_linux/x64/build/Corretto8Src/installers/linux/universal/tar/corretto-build/buildRoot/src/hotspot/src/share/vm/prims/jni.cpp, line 
Event: 0.768 Thread 0x00007fd27400d800 Exception <a 'sun/nio/fs/UnixException'> (0x000000067379e040) thrown at [/home/jenkins/node/workspace/Corretto8/generic_linux/x64/build/Corretto8Src/installers/linux/universal/tar/corretto-build/buildRoot/src/hotspot/src/share/vm/prims/jni.cpp, line 711]

Events (10 events):
Event: 1.545 loading class com/game/engine/tools/input/Keyboard
Event: 1.545 loading class com/game/engine/tools/input/Keyboard done
Event: 1.546 loading class com/game/engine/tools/input/InputMaster
Event: 1.546 loading class com/game/engine/tools/input/InputMaster done
Event: 1.546 loading class org/joml/Math
Event: 1.546 loading class org/joml/Math done
Event: 1.546 loading class org/joml/Runtime
Event: 1.546 loading class org/joml/Runtime done
Event: 1.547 loading class java/lang/NumberFormatException
Event: 1.547 loading class java/lang/NumberFormatException done


Dynamic libraries:
4037d000-4037f000 r-xs 00000000 00:01 38015                              /memfd:/.glXXXXXX (deleted)
41b98000-41c47000 rw-p 00000000 00:00 0 
3d2e00000-3fcd00000 rw-p 00000000 00:00 0 
3fcd00000-670f80000 ---p 00000000 00:00 0 
670f80000-685e80000 rw-p 00000000 00:00 0 
685e80000-7c0000000 ---p 00000000 00:00 0 
7c0000000-7c0140000 rw-p 00000000 00:00 0 
7c0140000-800000000 ---p 00000000 00:00 0 
56267ec00000-56267ec01000 r-xp 00000000 08:44 5114662                    /usr/lib/jvm/java-1.8.0-amazon-corretto/jre/bin/java
56267ee00000-56267ee01000 r--p 00000000 08:44 5114662                    /usr/lib/jvm/java-1.8.0-amazon-corretto/jre/bin/java
56267ee01000-56267ee02000 rw-p 00001000 08:44 5114662                    /usr/lib/jvm/java-1.8.0-amazon-corretto/jre/bin/java
56267ff85000-56267ffa6000 rw-p 00000000 00:00 0                          [heap]
7fd1a0000000-7fd1a096a000 rw-p 00000000 00:00 0 
7fd1a096a000-7fd1a4000000 ---p 00000000 00:00 0 
7fd1a8000000-7fd1a8021000 rw-p 00000000 00:00 0 
7fd1a8021000-7fd1ac000000 ---p 00000000 00:00 0 
7fd1ac000000-7fd1afffb000 rw-p 00000000 00:00 0 
7fd1afffb000-7fd1b0000000 ---p 00000000 00:00 0 
7fd1b0000000-7fd1b0021000 rw-p 00000000 00:00 0 
7fd1b0021000-7fd1b4000000 ---p 00000000 00:00 0 
7fd1b4000000-7fd1b4021000 rw-p 00000000 00:00 0 
7fd1b4021000-7fd1b8000000 ---p 00000000 00:00 0 
7fd1b8000000-7fd1b80ee000 rw-p 00000000 00:00 0 
7fd1b80ee000-7fd1bc000000 ---p 00000000 00:00 0 
7fd1bc000000-7fd1bc0e9000 rw-p 00000000 00:00 0 
7fd1bc0e9000-7fd1c0000000 ---p 00000000 00:00 0 
7fd1c0000000-7fd1c00f8000 rw-p 00000000 00:00 0 
7fd1c00f8000-7fd1c4000000 ---p 00000000 00:00 0 
7fd1c4000000-7fd1c4102000 rw-p 00000000 00:00 0 
7fd1c4102000-7fd1c8000000 ---p 00000000 00:00 0 
7fd1c8000000-7fd1c8022000 rw-p 00000000 00:00 0 
7fd1c8022000-7fd1cc000000 ---p 00000000 00:00 0 
7fd1cc000000-7fd1cc0f1000 rw-p 00000000 00:00 0 
7fd1cc0f1000-7fd1d0000000 ---p 00000000 00:00 0 
7fd1d0000000-7fd1d0031000 rw-p 00000000 00:00 0 
7fd1d0031000-7fd1d4000000 ---p 00000000 00:00 0 
7fd1d4000000-7fd1d4036000 rw-p 00000000 00:00 0 
7fd1d4036000-7fd1d8000000 ---p 00000000 00:00 0 
7fd1d8000000-7fd1d8184000 rw-p 00000000 00:00 0 
7fd1d8184000-7fd1dc000000 ---p 00000000 00:00 0 
7fd1dc000000-7fd1dc021000 rw-p 00000000 00:00 0 
7fd1dc021000-7fd1e0000000 ---p 00000000 00:00 0 
7fd1e0000000-7fd1e006a000 rw-p 00000000 00:00 0 
7fd1e006a000-7fd1e4000000 ---p 00000000 00:00 0 
7fd1e4000000-7fd1e407c000 rw-p 00000000 00:00 0 
7fd1e407c000-7fd1e8000000 ---p 00000000 00:00 0 
7fd1e8000000-7fd1e8021000 rw-p 00000000 00:00 0 
7fd1e8021000-7fd1ec000000 ---p 00000000 00:00 0 
7fd1ec000000-7fd1ec021000 rw-p 00000000 00:00 0 
7fd1ec021000-7fd1f0000000 ---p 00000000 00:00 0 
7fd1f0000000-7fd1f0021000 rw-p 00000000 00:00 0 
7fd1f0021000-7fd1f4000000 ---p 00000000 00:00 0 
7fd1f4970000-7fd214000000 rw-p 00000000 00:00 0 
7fd214000000-7fd214021000 rw-p 00000000 00:00 0 
7fd214021000-7fd218000000 ---p 00000000 00:00 0 
7fd218000000-7fd218021000 rw-p 00000000 00:00 0 
7fd218021000-7fd21c000000 ---p 00000000 00:00 0 
7fd21c000000-7fd21c021000 rw-p 00000000 00:00 0 
7fd21c021000-7fd220000000 ---p 00000000 00:00 0 
7fd224000000-7fd224021000 rw-p 00000000 00:00 0 
7fd224021000-7fd228000000 ---p 00000000 00:00 0 
7fd228c79000-7fd228d79000 rw-p 00000000 00:00 0 
7fd228d79000-7fd228e79000 ---p 00000000 00:00 0 
7fd228e79000-7fd229079000 rw-s 00000000 00:05 1019                       /dev/nvidiactl
7fd229079000-7fd229479000 rw-s 00000000 00:05 1019                       /dev/nvidiactl
7fd229479000-7fd229879000 rw-s 00000000 00:05 1019                       /dev/nvidiactl
7fd229879000-7fd229c79000 rw-s 00000000 00:05 1019                       /dev/nvidiactl
7fd229c79000-7fd22a079000 rw-s 00000000 00:05 1019                       /dev/nvidiactl
7fd22a079000-7fd22a279000 rw-s 00000000 00:05 1019                       /dev/nvidiactl
7fd22a279000-7fd22c000000 rw-p 00000000 00:00 0 
7fd22c000000-7fd22c021000 rw-p 00000000 00:00 0 
7fd22c021000-7fd230000000 ---p 00000000 00:00 0 
7fd230000000-7fd230021000 rw-p 00000000 00:00 0 
7fd230021000-7fd234000000 ---p 00000000 00:00 0 
7fd234000000-7fd234021000 rw-p 00000000 00:00 0 
7fd234021000-7fd238000000 ---p 00000000 00:00 0 
7fd23814f000-7fd239f50000 rw-p 00000000 00:00 0 
7fd239f50000-7fd23b1a9000 r-xp 00000000 08:44 3933155                    /usr/lib/x86_64-linux-gnu/libnvidia-glcore.so.470.57.02
7fd23b1a9000-7fd23b1ca000 rwxp 01259000 08:44 3933155                    /usr/lib/x86_64-linux-gnu/libnvidia-glcore.so.470.57.02
7fd23b1ca000-7fd23b6e2000 r-xp 0127a000 08:44 3933155                    /usr/lib/x86_64-linux-gnu/libnvidia-glcore.so.470.57.02
7fd23b6e2000-7fd23b8e1000 ---p 01792000 08:44 3933155                    /usr/lib/x86_64-linux-gnu/libnvidia-glcore.so.470.57.02
7fd23b8e1000-7fd23be3a000 r--p 01791000 08:44 3933155                    /usr/lib/x86_64-linux-gnu/libnvidia-glcore.so.470.57.02
7fd23be3a000-7fd23bfde000 rw-p 01cea000 08:44 3933155                    /usr/lib/x86_64-linux-gnu/libnvidia-glcore.so.470.57.02
7fd23bfde000-7fd23c000000 rw-p 00000000 00:00 0 
7fd23c000000-7fd23c021000 rw-p 00000000 00:00 0 
7fd23c021000-7fd240000000 ---p 00000000 00:00 0 
7fd240000000-7fd240021000 rw-p 00000000 00:00 0 
7fd240021000-7fd244000000 ---p 00000000 00:00 0 
7fd244000000-7fd244021000 rw-p 00000000 00:00 0 
7fd244021000-7fd248000000 ---p 00000000 00:00 0 
7fd248024000-7fd248083000 r-xp 00000000 08:44 9437855                    /tmp/lwjglbrett/3.2.3-build-13/liblwjgl_stb.so
7fd248083000-7fd248282000 ---p 0005f000 08:44 9437855                    /tmp/lwjglbrett/3.2.3-build-13/liblwjgl_stb.so
7fd248282000-7fd248283000 r--p 0005e000 08:44 9437855                    /tmp/lwjglbrett/3.2.3-build-13/liblwjgl_stb.so
7fd248283000-7fd248284000 rw-p 0005f000 08:44 9437855                    /tmp/lwjglbrett/3.2.3-build-13/liblwjgl_stb.so
7fd248284000-7fd248485000 rw-p 00000000 00:00 0 
7fd248485000-7fd248488000 ---p 00000000 00:00 0 
7fd248488000-7fd248586000 rw-p 00000000 00:00 0 
7fd248586000-7fd24858b000 r-xp 00000000 08:44 3943336                    /usr/lib/x86_64-linux-gnu/libXtst.so.6.1.0
7fd24858b000-7fd24878a000 ---p 00005000 08:44 3943336                    /usr/lib/x86_64-linux-gnu/libXtst.so.6.1.0
7fd24878a000-7fd24878b000 r--p 00004000 08:44 3943336                    /usr/lib/x86_64-linux-gnu/libXtst.so.6.1.0
7fd24878b000-7fd24878c000 rw-p 00005000 08:44 3943336                    /usr/lib/x86_64-linux-gnu/libXtst.so.6.1.0
7fd2487cd000-7fd248828000 r-xp 00000000 08:44 5121934                    /usr/lib/jvm/java-1.8.0-amazon-corretto/jre/lib/amd64/libawt_xawt.so
7fd248828000-7fd248a28000 ---p 0005b000 08:44 5121934                    /usr/lib/jvm/java-1.8.0-amazon-corretto/jre/lib/amd64/libawt_xawt.so
7fd248a28000-7fd248a29000 r--p 0005b000 08:44 5121934                    /usr/lib/jvm/java-1.8.0-amazon-corretto/jre/lib/amd64/libawt_xawt.so
7fd248a29000-7fd248a2c000 rw-p 0005c000 08:44 5121934                    /usr/lib/jvm/java-1.8.0-amazon-corretto/jre/lib/amd64/libawt_xawt.so
7fd248a2c000-7fd248a2e000 rw-p 00000000 00:00 0 
7fd248a2e000-7fd248ace000 r-xp 00000000 08:44 5121749                    /usr/lib/jvm/java-1.8.0-amazon-corretto/jre/lib/amd64/libawt.so
7fd248ace000-7fd248cce000 ---p 000a0000 08:44 5121749                    /usr/lib/jvm/java-1.8.0-amazon-corretto/jre/lib/amd64/libawt.so
7fd248cce000-7fd248ccf000 r--p 000a0000 08:44 5121749                    /usr/lib/jvm/java-1.8.0-amazon-corretto/jre/lib/amd64/libawt.so
7fd248ccf000-7fd248cda000 rw-p 000a1000 08:44 5121749                    /usr/lib/jvm/java-1.8.0-amazon-corretto/jre/lib/amd64/libawt.so
7fd248cda000-7fd248cff000 rw-p 00000000 00:00 0 
7fd248cff000-7fd248d04000 r--s 002f9000 08:44 5122307                    /usr/lib/jvm/java-1.8.0-amazon-corretto/jre/lib/charsets.jar
7fd248d04000-7fd248f04000 rw-p 00000000 00:00 0 
7fd248f04000-7fd248f5c000 r-xp 00000000 08:44 9437852                    /tmp/lwjglbrett/3.2.3-build-13/liblwjgl_opengl.so
7fd248f5c000-7fd24915b000 ---p 00058000 08:44 9437852                    /tmp/lwjglbrett/3.2.3-build-13/liblwjgl_opengl.so
7fd24915b000-7fd24915c000 r--p 00057000 08:44 9437852                    /tmp/lwjglbrett/3.2.3-build-13/liblwjgl_opengl.so
7fd24915c000-7fd24915d000 rw-p 00058000 08:44 9437852                    /tmp/lwjglbrett/3.2.3-build-13/liblwjgl_opengl.so
7fd24915d000-7fd249161000 r-xp 00000000 00:00 0 
7fd249161000-7fd249164000 rw-s 00000000 00:05 1019                       /dev/nvidiactl
7fd249164000-7fd249166000 rw-s 00000000 00:01 38015                      /memfd:/.glXXXXXX (deleted)
7fd249166000-7fd2491e6000 rw-s 00000000 00:05 1019                       /dev/nvidiactl
7fd2491e6000-7fd2491ea000 rw-s 00000000 00:05 1019                       /dev/nvidiactl
7fd2492ea000-7fd2492fd000 rw-s 00000000 00:05 1019                       /dev/nvidiactl
7fd2492fd000-7fd249301000 rw-s 00000000 00:05 1019                       /dev/nvidiactl
7fd249301000-7fd249341000 rw-s 00000000 00:05 1019                       /dev/nvidiactl
7fd249341000-7fd249361000 rw-s 00000000 00:05 1019                       /dev/nvidiactl
7fd249361000-7fd2493a1000 rw-s 00000000 00:05 1019                       /dev/nvidiactl
7fd2493a1000-7fd2493e1000 rw-s 00000000 00:05 1019                       /dev/nvidiactl
7fd2493e1000-7fd249586000 rw-s 00000000 00:01 7168                       /memfd:/.nvidia_drv.XXXXXX (deleted)
7fd249586000-7fd24958b000 r--p 00000000 08:44 3934790                    /usr/lib/x86_64-linux-gnu/libdrm.so.2.4.0
7fd24958b000-7fd249595000 r-xp 00005000 08:44 3934790                    /usr/lib/x86_64-linux-gnu/libdrm.so.2.4.0
7fd249595000-7fd249599000 r--p 0000f000 08:44 3934790                    /usr/lib/x86_64-linux-gnu/libdrm.so.2.4.0
7fd249599000-7fd24959a000 r--p 00012000 08:44 3934790                    /usr/lib/x86_64-linux-gnu/libdrm.so.2.4.0
7fd24959a000-7fd24959b000 rw-p 00013000 08:44 3934790                    /usr/lib/x86_64-linux-gnu/libdrm.so.2.4.0
7fd24959b000-7fd2495a6000 r--p 00000000 08:44 3934154                    /usr/lib/x86_64-linux-gnu/libxcb-glx.so.0.0.0
7fd2495a6000-7fd2495af000 r-xp 0000b000 08:44 3934154                    /usr/lib/x86_64-linux-gnu/libxcb-glx.so.0.0.0
7fd2495af000-7fd2495b4000 r--p 00014000 08:44 3934154                    /usr/lib/x86_64-linux-gnu/libxcb-glx.so.0.0.0
7fd2495b4000-7fd2495b5000 ---p 00019000 08:44 3934154                    /usr/lib/x86_64-linux-gnu/libxcb-glx.so.0.0.0
7fd2495b5000-7fd2495b7000 r--p 00019000 08:44 3934154                    /usr/lib/x86_64-linux-gnu/libxcb-glx.so.0.0.0
7fd2495b7000-7fd2495b8000 rw-p 0001b000 08:44 3934154                    /usr/lib/x86_64-linux-gnu/libxcb-glx.so.0.0.0
7fd2495b8000-7fd2495bb000 r-xp 00000000 08:44 3933156                    /usr/lib/x86_64-linux-gnu/libnvidia-tls.so.470.57.02
7fd2495bb000-7fd2497bb000 ---p 00003000 08:44 3933156                    /usr/lib/x86_64-linux-gnu/libnvidia-tls.so.470.57.02
7fd2497bb000-7fd2497bc000 r--p 00003000 08:44 3933156                    /usr/lib/x86_64-linux-gnu/libnvidia-tls.so.470.57.02
7fd2497bc000-7fd2497bd000 rw-p 00004000 08:44 3933156                    /usr/lib/x86_64-linux-gnu/libnvidia-tls.so.470.57.02
7fd2497bd000-7fd24982f000 r-xp 00000000 08:44 3936883                    /usr/lib/x86_64-linux-gnu/libnvidia-glsi.so.470.57.02
7fd24982f000-7fd249a2f000 ---p 00072000 08:44 3936883                    /usr/lib/x86_64-linux-gnu/libnvidia-glsi.so.470.57.02
7fd249a2f000-7fd249a58000 r--p 00072000 08:44 3936883                    /usr/lib/x86_64-linux-gnu/libnvidia-glsi.so.470.57.02
7fd249a58000-7fd249a59000 rw-p 0009b000 08:44 3936883                    /usr/lib/x86_64-linux-gnu/libnvidia-glsi.so.470.57.02
7fd249a59000-7fd249a60000 rw-p 00000000 00:00 0 
7fd249a60000-7fd249b12000 r-xp 00000000 08:44 7077911                    /usr/lib/x86_64-linux-gnu/nvidia/current/libGLX_nvidia.so.470.57.02
7fd249b12000-7fd249b47000 rwxp 000b2000 08:44 7077911                    /usr/lib/x86_64-linux-gnu/nvidia/current/libGLX_nvidia.so.470.57.02
7fd249b47000-7fd249b4e000 r-xp 000e7000 08:44 7077911                    /usr/lib/x86_64-linux-gnu/nvidia/current/libGLX_nvidia.so.470.57.02
7fd249b4e000-7fd249d4d000 ---p 000ee000 08:44 7077911                    /usr/lib/x86_64-linux-gnu/nvidia/current/libGLX_nvidia.so.470.57.02
7fd249d4d000-7fd249d96000 r--p 000ed000 08:44 7077911                    /usr/lib/x86_64-linux-gnu/nvidia/current/libGLX_nvidia.so.470.57.02
7fd249d96000-7fd249d9b000 rw-p 00136000 08:44 7077911                    /usr/lib/x86_64-linux-gnu/nvidia/current/libGLX_nvidia.so.470.57.02
7fd249d9b000-7fd249d9d000 rw-p 00000000 00:00 0 
7fd249d9d000-7fd249ddd000 r--p 00000000 08:44 3939091                    /usr/lib/x86_64-linux-gnu/libGLdispatch.so.0.0.0
7fd249ddd000-7fd249de0000 r-xp 00040000 08:44 3939091                    /usr/lib/x86_64-linux-gnu/libGLdispatch.so.0.0.0
7fd249de0000-7fd249e1b000 r-xp 00043000 08:44 3939091                    /usr/lib/x86_64-linux-gnu/libGLdispatch.so.0.0.0
7fd249e1b000-7fd249e1c000 r-xp 0007e000 08:44 3939091                    /usr/lib/x86_64-linux-gnu/libGLdispatch.so.0.0.0
7fd249e1c000-7fd249e30000 r--p 0007f000 08:44 3939091                    /usr/lib/x86_64-linux-gnu/libGLdispatch.so.0.0.0
7fd249e30000-7fd249e4c000 r--p 00092000 08:44 3939091                    /usr/lib/x86_64-linux-gnu/libGLdispatch.so.0.0.0
7fd249e4c000-7fd249e4d000 rw-p 000ae000 08:44 3939091                    /usr/lib/x86_64-linux-gnu/libGLdispatch.so.0.0.0
7fd249e4d000-7fd249e55000 rw-p 00000000 00:00 0 
7fd249e55000-7fd249e98000 r--p 00000000 08:44 6292234                    /usr/lib/mesa-diverted/x86_64-linux-gnu/libGL.so.1.7.0
7fd249e98000-7fd249e9b000 r-xp 00043000 08:44 6292234                    /usr/lib/mesa-diverted/x86_64-linux-gnu/libGL.so.1.7.0
7fd249e9b000-7fd249eb6000 r-xp 00046000 08:44 6292234                    /usr/lib/mesa-diverted/x86_64-linux-gnu/libGL.so.1.7.0
7fd249eb6000-7fd249eb7000 r-xp 00061000 08:44 6292234                    /usr/lib/mesa-diverted/x86_64-linux-gnu/libGL.so.1.7.0
7fd249eb7000-7fd249ecc000 r--p 00062000 08:44 6292234                    /usr/lib/mesa-diverted/x86_64-linux-gnu/libGL.so.1.7.0
7fd249ecc000-7fd249eda000 r--p 00076000 08:44 6292234                    /usr/lib/mesa-diverted/x86_64-linux-gnu/libGL.so.1.7.0
7fd249eda000-7fd249edb000 rw-p 00084000 08:44 6292234                    /usr/lib/mesa-diverted/x86_64-linux-gnu/libGL.so.1.7.0
7fd249edb000-7fd249edc000 rw-p 00000000 00:00 0 
7fd249edc000-7fd249edd000 r-xp 00000000 00:00 0 
7fd249edd000-7fd249efd000 rw-s 00000000 00:05 1019                       /dev/nvidiactl
7fd249f1d000-7fd249f1e000 r--p 00000000 08:44 3934439                    /usr/lib/x86_64-linux-gnu/libX11-xcb.so.1.0.0
7fd249f1e000-7fd249f1f000 r-xp 00001000 08:44 3934439                    /usr/lib/x86_64-linux-gnu/libX11-xcb.so.1.0.0
7fd249f1f000-7fd249f20000 r--p 00002000 08:44 3934439                    /usr/lib/x86_64-linux-gnu/libX11-xcb.so.1.0.0
7fd249f20000-7fd249f21000 r--p 00002000 08:44 3934439                    /usr/lib/x86_64-linux-gnu/libX11-xcb.so.1.0.0
7fd249f21000-7fd249f22000 rw-p 00003000 08:44 3934439                    /usr/lib/x86_64-linux-gnu/libX11-xcb.so.1.0.0
7fd249f22000-7fd249f23000 r--p 00000000 08:44 3949702                    /usr/lib/x86_64-linux-gnu/libXinerama.so.1.0.0
7fd249f23000-7fd249f24000 r-xp 00001000 08:44 3949702                    /usr/lib/x86_64-linux-gnu/libXinerama.so.1.0.0
7fd249f24000-7fd249f25000 r--p 00002000 08:44 3949702                    /usr/lib/x86_64-linux-gnu/libXinerama.so.1.0.0
7fd249f25000-7fd249f26000 r--p 00002000 08:44 3949702                    /usr/lib/x86_64-linux-gnu/libXinerama.so.1.0.0
7fd249f26000-7fd249f27000 rw-p 00003000 08:44 3949702                    /usr/lib/x86_64-linux-gnu/libXinerama.so.1.0.0
7fd249f27000-7fd249f2a000 r--p 00000000 08:44 3943331                    /usr/lib/x86_64-linux-gnu/libXcursor.so.1.0.2
7fd249f2a000-7fd249f30000 r-xp 00003000 08:44 3943331                    /usr/lib/x86_64-linux-gnu/libXcursor.so.1.0.2
7fd249f30000-7fd249f32000 r--p 00009000 08:44 3943331                    /usr/lib/x86_64-linux-gnu/libXcursor.so.1.0.2
7fd249f32000-7fd249f33000 r--p 0000a000 08:44 3943331                    /usr/lib/x86_64-linux-gnu/libXcursor.so.1.0.2
7fd249f33000-7fd249f34000 rw-p 0000b000 08:44 3943331                    /usr/lib/x86_64-linux-gnu/libXcursor.so.1.0.2
7fd249f34000-7fd249f3d000 r-xp 00000000 08:44 3939156                    /usr/lib/x86_64-linux-gnu/libXrender.so.1.3.0
7fd249f3d000-7fd24a13c000 ---p 00009000 08:44 3939156                    /usr/lib/x86_64-linux-gnu/libXrender.so.1.3.0
7fd24a13c000-7fd24a13d000 r--p 00008000 08:44 3939156                    /usr/lib/x86_64-linux-gnu/libXrender.so.1.3.0
7fd24a13d000-7fd24a13e000 rw-p 00009000 08:44 3939156                    /usr/lib/x86_64-linux-gnu/libXrender.so.1.3.0
7fd24a13e000-7fd24a140000 r--p 00000000 08:44 3974177                    /usr/lib/x86_64-linux-gnu/libXrandr.so.2.2.0
7fd24a140000-7fd24a147000 r-xp 00002000 08:44 3974177                    /usr/lib/x86_64-linux-gnu/libXrandr.so.2.2.0
7fd24a147000-7fd24a149000 r--p 00009000 08:44 3974177                    /usr/lib/x86_64-linux-gnu/libXrandr.so.2.2.0
7fd24a149000-7fd24a14a000 r--p 0000a000 08:44 3974177                    /usr/lib/x86_64-linux-gnu/libXrandr.so.2.2.0
7fd24a14a000-7fd24a14b000 rw-p 0000b000 08:44 3974177                    /usr/lib/x86_64-linux-gnu/libXrandr.so.2.2.0
7fd24a14b000-7fd24a14e000 r--p 00000000 08:44 3974143                    /usr/lib/x86_64-linux-gnu/libXi.so.6.1.0
7fd24a14e000-7fd24a15a000 r-xp 00003000 08:44 3974143                    /usr/lib/x86_64-linux-gnu/libXi.so.6.1.0
7fd24a15a000-7fd24a15d000 r--p 0000f000 08:44 3974143                    /usr/lib/x86_64-linux-gnu/libXi.so.6.1.0
7fd24a15d000-7fd24a15e000 r--p 00011000 08:44 3974143                    /usr/lib/x86_64-linux-gnu/libXi.so.6.1.0
7fd24a15e000-7fd24a15f000 rw-p 00012000 08:44 3974143                    /usr/lib/x86_64-linux-gnu/libXi.so.6.1.0
7fd24a15f000-7fd24a163000 r--p 00000000 08:44 3946799                    /usr/lib/x86_64-linux-gnu/libXext.so.6.4.0
7fd24a163000-7fd24a16e000 r-xp 00004000 08:44 3946799                    /usr/lib/x86_64-linux-gnu/libXext.so.6.4.0
7fd24a16e000-7fd24a172000 r--p 0000f000 08:44 3946799                    /usr/lib/x86_64-linux-gnu/libXext.so.6.4.0
7fd24a172000-7fd24a173000 r--p 00012000 08:44 3946799                    /usr/lib/x86_64-linux-gnu/libXext.so.6.4.0
7fd24a173000-7fd24a174000 rw-p 00013000 08:44 3946799                    /usr/lib/x86_64-linux-gnu/libXext.so.6.4.0
7fd24a174000-7fd24a179000 r-xp 00000000 08:44 3939064                    /usr/lib/x86_64-linux-gnu/libXxf86vm.so.1.0.0
7fd24a179000-7fd24a378000 ---p 00005000 08:44 3939064                    /usr/lib/x86_64-linux-gnu/libXxf86vm.so.1.0.0
7fd24a378000-7fd24a379000 r--p 00004000 08:44 3939064                    /usr/lib/x86_64-linux-gnu/libXxf86vm.so.1.0.0
7fd24a379000-7fd24a37a000 rw-p 00005000 08:44 3939064                    /usr/lib/x86_64-linux-gnu/libXxf86vm.so.1.0.0
7fd24a37a000-7fd24a37c000 r--p 00000000 08:44 3932335                    /usr/lib/x86_64-linux-gnu/libmd.so.0.0.5
7fd24a37c000-7fd24a383000 r-xp 00002000 08:44 3932335                    /usr/lib/x86_64-linux-gnu/libmd.so.0.0.5
7fd24a383000-7fd24a385000 r--p 00009000 08:44 3932335                    /usr/lib/x86_64-linux-gnu/libmd.so.0.0.5
7fd24a385000-7fd24a386000 r--p 0000a000 08:44 3932335                    /usr/lib/x86_64-linux-gnu/libmd.so.0.0.5
7fd24a386000-7fd24a387000 rw-p 0000b000 08:44 3932335                    /usr/lib/x86_64-linux-gnu/libmd.so.0.0.5
7fd24a387000-7fd24a38b000 r--p 00000000 08:44 3938076                    /usr/lib/x86_64-linux-gnu/libbsd.so.0.11.3
7fd24a38b000-7fd24a397000 r-xp 00004000 08:44 3938076                    /usr/lib/x86_64-linux-gnu/libbsd.so.0.11.3
7fd24a397000-7fd24a39a000 r--p 00010000 08:44 3938076                    /usr/lib/x86_64-linux-gnu/libbsd.so.0.11.3
7fd24a39a000-7fd24a39b000 ---p 00013000 08:44 3938076                    /usr/lib/x86_64-linux-gnu/libbsd.so.0.11.3
7fd24a39b000-7fd24a39c000 r--p 00013000 08:44 3938076                    /usr/lib/x86_64-linux-gnu/libbsd.so.0.11.3
7fd24a39c000-7fd24a39d000 rw-p 00014000 08:44 3938076                    /usr/lib/x86_64-linux-gnu/libbsd.so.0.11.3
7fd24a39d000-7fd24a39e000 rw-p 00000000 00:00 0 
7fd24a39e000-7fd24a3a3000 r-xp 00000000 08:44 3938959                    /usr/lib/x86_64-linux-gnu/libXdmcp.so.6.0.0
7fd24a3a3000-7fd24a5a2000 ---p 00005000 08:44 3938959                    /usr/lib/x86_64-linux-gnu/libXdmcp.so.6.0.0
7fd24a5a2000-7fd24a5a3000 r--p 00004000 08:44 3938959                    /usr/lib/x86_64-linux-gnu/libXdmcp.so.6.0.0
7fd24a5a3000-7fd24a5a4000 rw-p 00005000 08:44 3938959                    /usr/lib/x86_64-linux-gnu/libXdmcp.so.6.0.0
7fd24a5a4000-7fd24a5b0000 r--p 00000000 08:44 3933956                    /usr/lib/x86_64-linux-gnu/libxcb.so.1.1.0
7fd24a5b0000-7fd24a5c4000 r-xp 0000c000 08:44 3933956                    /usr/lib/x86_64-linux-gnu/libxcb.so.1.1.0
7fd24a5c4000-7fd24a5cd000 r--p 00020000 08:44 3933956                    /usr/lib/x86_64-linux-gnu/libxcb.so.1.1.0
7fd24a5cd000-7fd24a5ce000 r--p 00028000 08:44 3933956                    /usr/lib/x86_64-linux-gnu/libxcb.so.1.1.0
7fd24a5ce000-7fd24a5cf000 rw-p 00029000 08:44 3933956                    /usr/lib/x86_64-linux-gnu/libxcb.so.1.1.0
7fd24a5cf000-7fd24a5eb000 r--p 00000000 08:44 3935585                    /usr/lib/x86_64-linux-gnu/libX11.so.6.4.0
7fd24a5eb000-7fd24a677000 r-xp 0001c000 08:44 3935585                    /usr/lib/x86_64-linux-gnu/libX11.so.6.4.0
7fd24a677000-7fd24a70b000 r--p 000a8000 08:44 3935585                    /usr/lib/x86_64-linux-gnu/libX11.so.6.4.0
7fd24a70b000-7fd24a70c000 ---p 0013c000 08:44 3935585                    /usr/lib/x86_64-linux-gnu/libX11.so.6.4.0
7fd24a70c000-7fd24a70d000 r--p 0013c000 08:44 3935585                    /usr/lib/x86_64-linux-gnu/libX11.so.6.4.0
7fd24a70d000-7fd24a712000 rw-p 0013d000 08:44 3935585                    /usr/lib/x86_64-linux-gnu/libX11.so.6.4.0
7fd24a712000-7fd24a713000 rw-s 00000000 00:05 1020                       /dev/nvidia0
7fd24a713000-7fd24a715000 rw-s 00000000 00:05 1019                       /dev/nvidiactl
7fd24a715000-7fd24a716000 rw-s 00000000 00:05 1020                       /dev/nvidia0
7fd24a716000-7fd24a717000 rw-s 00000000 00:05 1020                       /dev/nvidia0
7fd24a717000-7fd24a718000 rw-s 00000000 00:05 1020                       /dev/nvidia0
7fd24a718000-7fd24a71b000 r--p 00000000 08:44 3937876                    /usr/lib/x86_64-linux-gnu/libGLX.so.0.0.0
7fd24a71b000-7fd24a736000 r-xp 00003000 08:44 3937876                    /usr/lib/x86_64-linux-gnu/libGLX.so.0.0.0
7fd24a736000-7fd24a73a000 r--p 0001e000 08:44 3937876                    /usr/lib/x86_64-linux-gnu/libGLX.so.0.0.0
7fd24a73a000-7fd24a73b000 r--p 00021000 08:44 3937876                    /usr/lib/x86_64-linux-gnu/libGLX.so.0.0.0
7fd24a73b000-7fd24a73c000 rw-p 00022000 08:44 3937876                    /usr/lib/x86_64-linux-gnu/libGLX.so.0.0.0
7fd24a73c000-7fd24a74c000 rw-p 00000000 00:00 0 
7fd24a74c000-7fd24a753000 r--s 00000000 08:44 3980780                    /usr/lib/x86_64-linux-gnu/gconv/gconv-modules.cache
7fd24a753000-7fd24a796000 r-xp 00000000 08:44 9437851                    /tmp/lwjglbrett/3.2.3-build-13/libglfw.so
7fd24a796000-7fd24a995000 ---p 00043000 08:44 9437851                    /tmp/lwjglbrett/3.2.3-build-13/libglfw.so
7fd24a995000-7fd24a996000 r--p 00042000 08:44 9437851                    /tmp/lwjglbrett/3.2.3-build-13/libglfw.so
7fd24a996000-7fd24a998000 rw-p 00043000 08:44 9437851                    /tmp/lwjglbrett/3.2.3-build-13/libglfw.so
7fd24a998000-7fd24a9b9000 rw-p 00000000 00:00 0 
7fd24a9b9000-7fd24aa0a000 r-xp 00000000 08:44 9437850                    /tmp/lwjglbrett/3.2.3-build-13/liblwjgl.so
7fd24aa0a000-7fd24ac09000 ---p 00051000 08:44 9437850                    /tmp/lwjglbrett/3.2.3-build-13/liblwjgl.so
7fd24ac09000-7fd24ac0a000 r--p 00050000 08:44 9437850                    /tmp/lwjglbrett/3.2.3-build-13/liblwjgl.so
7fd24ac0a000-7fd24ac0b000 rw-p 00051000 08:44 9437850                    /tmp/lwjglbrett/3.2.3-build-13/liblwjgl.so
7fd24ac0b000-7fd24ac1e000 r--s 0034b000 08:44 5122310                    /usr/lib/jvm/java-1.8.0-amazon-corretto/jre/lib/resources.jar
7fd24ac1e000-7fd24ac27000 r-xp 00000000 08:44 5121742                    /usr/lib/jvm/java-1.8.0-amazon-corretto/jre/lib/amd64/libmanagement.so
7fd24ac27000-7fd24ae26000 ---p 00009000 08:44 5121742                    /usr/lib/jvm/java-1.8.0-amazon-corretto/jre/lib/amd64/libmanagement.so
7fd24ae26000-7fd24ae27000 r--p 00008000 08:44 5121742                    /usr/lib/jvm/java-1.8.0-amazon-corretto/jre/lib/amd64/libmanagement.so
7fd24ae27000-7fd24ae28000 rw-p 00009000 08:44 5121742                    /usr/lib/jvm/java-1.8.0-amazon-corretto/jre/lib/amd64/libmanagement.so
7fd24ae28000-7fd24ae29000 r--s 00090000 08:43 393592                     /home/brett/Documents/Brock/Gamers/Java Brock 2021 Project/Library/lib/native/lwjgl-openal-natives-linux.jar
7fd24ae29000-7fd24ae2a000 r--s 0000f000 08:43 393590                     /home/brett/Documents/Brock/Gamers/Java Brock 2021 Project/Library/lib/native/lwjgl-nfd-natives-windows-x86.jar
7fd24ae2a000-7fd24ae2b000 r--s 00011000 08:43 393591                     /home/brett/Documents/Brock/Gamers/Java Brock 2021 Project/Library/lib/native/lwjgl-nfd-natives-windows.jar
7fd24ae2b000-7fd24ae2c000 r--s 00001000 08:43 393589                     /home/brett/Documents/Brock/Gamers/Java Brock 2021 Project/Library/lib/native/lwjgl-nfd-natives-macos.jar
7fd24ae2c000-7fd24ae2d000 r--s 00001000 08:43 393588                     /home/brett/Documents/Brock/Gamers/Java Brock 2021 Project/Library/lib/native/lwjgl-nfd-natives-linux.jar
7fd24ae2d000-7fd24ae2f000 r--s 0001c000 08:43 393586                     /home/brett/Documents/Brock/Gamers/Java Brock 2021 Project/Library/lib/native/lwjgl-natives-windows-x86.jar
7fd24ae2f000-7fd24ae31000 r--s 00020000 08:43 393587                     /home/brett/Documents/Brock/Gamers/Java Brock 2021 Project/Library/lib/native/lwjgl-natives-windows.jar
7fd24ae31000-7fd24ae49000 r-xp 00000000 08:44 5121713                    /usr/lib/jvm/java-1.8.0-amazon-corretto/jre/lib/amd64/libnet.so
7fd24ae49000-7fd24b048000 ---p 00018000 08:44 5121713                    /usr/lib/jvm/java-1.8.0-amazon-corretto/jre/lib/amd64/libnet.so
7fd24b048000-7fd24b049000 r--p 00017000 08:44 5121713                    /usr/lib/jvm/java-1.8.0-amazon-corretto/jre/lib/amd64/libnet.so
7fd24b049000-7fd24b04a000 rw-p 00018000 08:44 5121713                    /usr/lib/jvm/java-1.8.0-amazon-corretto/jre/lib/amd64/libnet.so
7fd24b04a000-7fd24b05b000 r-xp 00000000 08:44 5121754                    /usr/lib/jvm/java-1.8.0-amazon-corretto/jre/lib/amd64/libnio.so
7fd24b05b000-7fd24b25b000 ---p 00011000 08:44 5121754                    /usr/lib/jvm/java-1.8.0-amazon-corretto/jre/lib/amd64/libnio.so
7fd24b25b000-7fd24b25c000 r--p 00011000 08:44 5121754                    /usr/lib/jvm/java-1.8.0-amazon-corretto/jre/lib/amd64/libnio.so
7fd24b25c000-7fd24b25d000 rw-p 00012000 08:44 5121754                    /usr/lib/jvm/java-1.8.0-amazon-corretto/jre/lib/amd64/libnio.so
7fd24b25d000-7fd24b2f3000 r--s 007cf000 08:44 5122300                    /usr/lib/jvm/java-1.8.0-amazon-corretto/jre/lib/ext/jfxrt.jar
7fd24b2f3000-7fd24b2f4000 ---p 00000000 00:00 0 
7fd24b2f4000-7fd24b3f4000 rw-p 00000000 00:00 0 
7fd24b3f4000-7fd24b3f7000 ---p 00000000 00:00 0 
7fd24b3f7000-7fd24b4f5000 rw-p 00000000 00:00 0 
7fd24b4f5000-7fd24b4f6000 ---p 00000000 00:00 0 
7fd24b4f6000-7fd24b4f9000 ---p 00000000 00:00 0 
7fd24b4f9000-7fd24b5f6000 rw-p 00000000 00:00 0 
7fd24b5f6000-7fd24b5f7000 ---p 00000000 00:00 0 
7fd24b5f7000-7fd24b5fa000 ---p 00000000 00:00 0 
7fd24b5fa000-7fd24b6f7000 rw-p 00000000 00:00 0 
7fd24b6f7000-7fd24b6f8000 ---p 00000000 00:00 0 
7fd24b6f8000-7fd24b6fb000 ---p 00000000 00:00 0 
7fd24b6fb000-7fd24b7f8000 rw-p 00000000 00:00 0 
7fd24b7f8000-7fd24b7f9000 ---p 00000000 00:00 0 
7fd24b7f9000-7fd24b7fc000 ---p 00000000 00:00 0 
7fd24b7fc000-7fd24b8f9000 rw-p 00000000 00:00 0 
7fd24b8f9000-7fd24b8fa000 ---p 00000000 00:00 0 
7fd24b8fa000-7fd24b8fd000 ---p 00000000 00:00 0 
7fd24b8fd000-7fd24b9fa000 rw-p 00000000 00:00 0 
7fd24b9fa000-7fd24b9fb000 ---p 00000000 00:00 0 
7fd24b9fb000-7fd24b9fe000 ---p 00000000 00:00 0 
7fd24b9fe000-7fd24bafb000 rw-p 00000000 00:00 0 
7fd24bafb000-7fd24bafc000 ---p 00000000 00:00 0 
7fd24bafc000-7fd24baff000 ---p 00000000 00:00 0 
7fd24baff000-7fd24bbfc000 rw-p 00000000 00:00 0 
7fd24bbfc000-7fd24bbfd000 ---p 00000000 00:00 0 
7fd24bbfd000-7fd24bc00000 ---p 00000000 00:00 0 
7fd24bc00000-7fd24bcfd000 rw-p 00000000 00:00 0 
7fd24bcfd000-7fd24bcfe000 ---p 00000000 00:00 0 
7fd24bcfe000-7fd24bd01000 ---p 00000000 00:00 0 
7fd24bd01000-7fd24bdfe000 rw-p 00000000 00:00 0 
7fd24bdfe000-7fd24bdff000 ---p 00000000 00:00 0 
7fd24bdff000-7fd24be02000 ---p 00000000 00:00 0 
7fd24be02000-7fd24beff000 rw-p 00000000 00:00 0 
7fd24beff000-7fd24bf00000 ---p 00000000 00:00 0 
7fd24bf00000-7fd24bf03000 ---p 00000000 00:00 0 
7fd24bf03000-7fd24c000000 rw-p 00000000 00:00 0 
7fd24c000000-7fd24c021000 rw-p 00000000 00:00 0 
7fd24c021000-7fd250000000 ---p 00000000 00:00 0 
7fd250000000-7fd250001000 r--s 00009000 08:43 393585                     /home/brett/Documents/Brock/Gamers/Java Brock 2021 Project/Library/lib/native/lwjgl-natives-macos.jar
7fd250001000-7fd250002000 r--s 00012000 08:43 393584                     /home/brett/Documents/Brock/Gamers/Java Brock 2021 Project/Library/lib/native/lwjgl-natives-linux.jar
7fd250002000-7fd250003000 r--s 00012000 08:43 393582                     /home/brett/Documents/Brock/Gamers/Java Brock 2021 Project/Library/lib/native/lwjgl-lz4-natives-windows-x86.jar
7fd250003000-7fd250004000 rw-s 00000000 00:05 1019                       /dev/nvidiactl
7fd250004000-7fd250005000 rw-s 00000000 00:05 1019                       /dev/nvidiactl
7fd250005000-7fd250006000 rw-s 00000000 00:05 1019                       /dev/nvidiactl
7fd250006000-7fd250007000 rw-s 00044000 00:01 7168                       /memfd:/.nvidia_drv.XXXXXX (deleted)
7fd250007000-7fd250009000 r--p 00000000 08:44 3933927                    /usr/lib/x86_64-linux-gnu/libXfixes.so.3.1.0
7fd250009000-7fd25000c000 r-xp 00002000 08:44 3933927                    /usr/lib/x86_64-linux-gnu/libXfixes.so.3.1.0
7fd25000c000-7fd25000d000 r--p 00005000 08:44 3933927                    /usr/lib/x86_64-linux-gnu/libXfixes.so.3.1.0
7fd25000d000-7fd25000e000 r--p 00005000 08:44 3933927                    /usr/lib/x86_64-linux-gnu/libXfixes.so.3.1.0
7fd25000e000-7fd25000f000 rw-p 00006000 08:44 3933927                    /usr/lib/x86_64-linux-gnu/libXfixes.so.3.1.0
7fd25000f000-7fd250010000 r--p 00000000 08:44 3936017                    /usr/lib/x86_64-linux-gnu/libXau.so.6.0.0
7fd250010000-7fd250011000 r-xp 00001000 08:44 3936017                    /usr/lib/x86_64-linux-gnu/libXau.so.6.0.0
7fd250011000-7fd250012000 r--p 00002000 08:44 3936017                    /usr/lib/x86_64-linux-gnu/libXau.so.6.0.0
7fd250012000-7fd250013000 r--p 00002000 08:44 3936017                    /usr/lib/x86_64-linux-gnu/libXau.so.6.0.0
7fd250013000-7fd250014000 rw-p 00003000 08:44 3936017                    /usr/lib/x86_64-linux-gnu/libXau.so.6.0.0
7fd250014000-7fd250015000 r-xp 00000000 00:00 0 
7fd250015000-7fd250016000 r--s 00017000 08:43 393614                     /home/brett/Documents/Brock/Gamers/Java Brock 2021 Project/Library/lib/native/lwjgl-tinyfd-natives-windows-x86.jar
7fd250016000-7fd250017000 r--s 0001b000 08:43 393615                     /home/brett/Documents/Brock/Gamers/Java Brock 2021 Project/Library/lib/native/lwjgl-tinyfd-natives-windows.jar
7fd250017000-7fd250018000 r--s 0000a000 08:43 393613                     /home/brett/Documents/Brock/Gamers/Java Brock 2021 Project/Library/lib/native/lwjgl-tinyfd-natives-macos.jar
7fd250018000-7fd250019000 r--s 00009000 08:43 393612                     /home/brett/Documents/Brock/Gamers/Java Brock 2021 Project/Library/lib/native/lwjgl-tinyfd-natives-linux.jar
7fd250019000-7fd25001b000 r--s 00025000 08:43 393610                     /home/brett/Documents/Brock/Gamers/Java Brock 2021 Project/Library/lib/native/lwjgl-tinyexr-natives-windows-x86.jar
7fd25001b000-7fd25001c000 r--s 0002c000 08:43 393611                     /home/brett/Documents/Brock/Gamers/Java Brock 2021 Project/Library/lib/native/lwjgl-tinyexr-natives-windows.jar
7fd25001c000-7fd25001d000 r--s 00012000 08:43 393609                     /home/brett/Documents/Brock/Gamers/Java Brock 2021 Project/Library/lib/native/lwjgl-tinyexr-natives-macos.jar
7fd25001d000-7fd25001e000 r--s 0000f000 08:43 393608                     /home/brett/Documents/Brock/Gamers/Java Brock 2021 Project/Library/lib/native/lwjgl-tinyexr-natives-linux.jar
7fd25001e000-7fd25001f000 r--s 00033000 08:43 393606                     /home/brett/Documents/Brock/Gamers/Java Brock 2021 Project/Library/lib/native/lwjgl-stb-natives-windows-x86.jar
7fd25001f000-7fd250021000 r--s 00039000 08:43 393607                     /home/brett/Documents/Brock/Gamers/Java Brock 2021 Project/Library/lib/native/lwjgl-stb-natives-windows.jar
7fd250021000-7fd250022000 r--s 0002f000 08:43 393605                     /home/brett/Documents/Brock/Gamers/Java Brock 2021 Project/Library/lib/native/lwjgl-stb-natives-macos.jar
7fd250022000-7fd250023000 r--s 00030000 08:43 393604                     /home/brett/Documents/Brock/Gamers/Java Brock 2021 Project/Library/lib/native/lwjgl-stb-natives-linux.jar
7fd250023000-7fd250025000 r--s 00013000 08:43 393598                     /home/brett/Documents/Brock/Gamers/Java Brock 2021 Project/Library/lib/native/lwjgl-opengl-natives-windows-x86.jar
7fd250025000-7fd250027000 r--s 00015000 08:43 393599                     /home/brett/Documents/Brock/Gamers/Java Brock 2021 Project/Library/lib/native/lwjgl-opengl-natives-windows.jar
7fd250027000-7fd250028000 r--s 00009000 08:43 393597                     /home/brett/Documents/Brock/Gamers/Java Brock 2021 Project/Library/lib/native/lwjgl-opengl-natives-macos.jar
7fd250028000-7fd250029000 r--s 00013000 08:43 393596                     /home/brett/Documents/Brock/Gamers/Java Brock 2021 Project/Library/lib/native/lwjgl-opengl-natives-linux.jar
7fd250029000-7fd25002a000 r--s 0000e000 08:43 393602                     /home/brett/Documents/Brock/Gamers/Java Brock 2021 Project/Library/lib/native/lwjgl-opengles-natives-windows-x86.jar
7fd25002a000-7fd25002b000 r--s 00010000 08:43 393603                     /home/brett/Documents/Brock/Gamers/Java Brock 2021 Project/Library/lib/native/lwjgl-opengles-natives-windows.jar
7fd25002b000-7fd25002c000 r--s 00004000 08:43 393601                     /home/brett/Documents/Brock/Gamers/Java Brock 2021 Project/Library/lib/native/lwjgl-opengles-natives-macos.jar
7fd25002c000-7fd25002d000 r--s 00008000 08:43 393600                     /home/brett/Documents/Brock/Gamers/Java Brock 2021 Project/Library/lib/native/lwjgl-opengles-natives-linux.jar
7fd25002d000-7fd25002e000 r--s 00095000 08:43 393594                     /home/brett/Documents/Brock/Gamers/Java Brock 2021 Project/Library/lib/native/lwjgl-openal-natives-windows-x86.jar
7fd25002e000-7fd25002f000 r--s 0009e000 08:43 393595                     /home/brett/Documents/Brock/Gamers/Java Brock 2021 Project/Library/lib/native/lwjgl-openal-natives-windows.jar
7fd25002f000-7fd250031000 r--s 00080000 08:43 393593                     /home/brett/Documents/Brock/Gamers/Java Brock 2021 Project/Library/lib/native/lwjgl-openal-natives-macos.jar
7fd250031000-7fd250032000 r--s 00015000 08:43 393583                     /home/brett/Documents/Brock/Gamers/Java Brock 2021 Project/Library/lib/native/lwjgl-lz4-natives-windows.jar
7fd250032000-7fd250033000 r--s 00017000 08:43 393581                     /home/brett/Documents/Brock/Gamers/Java Brock 2021 Project/Library/lib/native/lwjgl-lz4-natives-macos.jar
7fd250033000-7fd250035000 r--s 0000f000 08:43 393580                     /home/brett/Documents/Brock/Gamers/Java Brock 2021 Project/Library/lib/native/lwjgl-lz4-natives-linux.jar
7fd250035000-7fd250036000 r--s 00020000 08:43 393578                     /home/brett/Documents/Brock/Gamers/Java Brock 2021 Project/Library/lib/native/lwjgl-glfw-natives-windows-x86.jar
7fd250036000-7fd250038000 r--s 00021000 08:43 393579                     /home/brett/Documents/Brock/Gamers/Java Brock 2021 Project/Library/lib/native/lwjgl-glfw-natives-windows.jar
7fd250038000-7fd25003a000 r--s 0000f000 08:43 393577                     /home/brett/Documents/Brock/Gamers/Java Brock 2021 Project/Library/lib/native/lwjgl-glfw-natives-macos.jar
7fd25003a000-7fd25003b000 r--s 00026000 08:43 393576                     /home/brett/Documents/Brock/Gamers/Java Brock 2021 Project/Library/lib/native/lwjgl-glfw-natives-linux.jar
7fd25003b000-7fd25003c000 r--s 0020e000 08:43 393574                     /home/brett/Documents/Brock/Gamers/Java Brock 2021 Project/Library/lib/native/lwjgl-assimp-natives-windows-x86.jar
7fd25003c000-7fd25003e000 r--s 00278000 08:43 393575                     /home/brett/Documents/Brock/Gamers/Java Brock 2021 Project/Library/lib/native/lwjgl-assimp-natives-windows.jar
7fd25003e000-7fd25003f000 r--s 002fe000 08:43 393573                     /home/brett/Documents/Brock/Gamers/Java Brock 2021 Project/Library/lib/native/lwjgl-assimp-natives-macos.jar
7fd25003f000-7fd250041000 r--s 003ff000 08:43 393572                     /home/brett/Documents/Brock/Gamers/Java Brock 2021 Project/Library/lib/native/lwjgl-assimp-natives-linux.jar
7fd250041000-7fd250042000 r--s 00001000 08:43 393641                     /home/brett/Documents/Brock/Gamers/Java Brock 2021 Project/Library/lib/lwjgl-tinyfd.jar
7fd250042000-7fd250044000 r--s 00018000 08:43 393639                     /home/brett/Documents/Brock/Gamers/Java Brock 2021 Project/Library/lib/lwjgl-stb.jar
7fd250044000-7fd25004b000 r--s 00051000 08:43 393638                     /home/brett/Documents/Brock/Gamers/Java Brock 2021 Project/Library/lib/lwjgl-opengles.jar
7fd25004b000-7fd250056000 r--s 000da000 08:43 393637                     /home/brett/Documents/Brock/Gamers/Java Brock 2021 Project/Library/lib/lwjgl-opengl.jar
7fd250056000-7fd250058000 r--s 00012000 08:43 393636                     /home/brett/Documents/Brock/Gamers/Java Brock 2021 Project/Library/lib/lwjgl-openal.jar
7fd250058000-7fd25005a000 r--s 00001000 08:43 393635                     /home/brett/Documents/Brock/Gamers/Java Brock 2021 Project/Library/lib/lwjgl-nfd.jar
7fd25005a000-7fd25005d000 r--s 00018000 08:43 393633                     /home/brett/Documents/Brock/Gamers/Java Brock 2021 Project/Library/lib/lwjgl-glfw.jar
7fd25005d000-7fd25008e000 rw-p 00000000 00:00 0 
7fd25008e000-7fd25008f000 ---p 00000000 00:00 0 
7fd25008f000-7fd250092000 ---p 00000000 00:00 0 
7fd250092000-7fd25018f000 rw-p 00000000 00:00 0 
7fd25018f000-7fd250192000 ---p 00000000 00:00 0 
7fd250192000-7fd250290000 rw-p 00000000 00:00 0 
7fd250290000-7fd250b2f000 r--p 00000000 08:44 3941331                    /usr/lib/locale/locale-archive
7fd250b2f000-7fd250b32000 ---p 00000000 00:00 0 
7fd250b32000-7fd250c30000 rw-p 00000000 00:00 0 
7fd250c30000-7fd250c33000 ---p 00000000 00:00 0 
7fd250c33000-7fd250d31000 rw-p 00000000 00:00 0 
7fd250d31000-7fd250d32000 ---p 00000000 00:00 0 
7fd250d32000-7fd254000000 rw-p 00000000 00:00 0 
7fd254000000-7fd254021000 rw-p 00000000 00:00 0 
7fd254021000-7fd258000000 ---p 00000000 00:00 0 
7fd258000000-7fd258021000 rw-p 00000000 00:00 0 
7fd258021000-7fd25c000000 ---p 00000000 00:00 0 
7fd25c000000-7fd25c021000 rw-p 00000000 00:00 0 
7fd25c021000-7fd260000000 ---p 00000000 00:00 0 
7fd260000000-7fd260001000 r--s 0000a000 08:43 393640                     /home/brett/Documents/Brock/Gamers/Java Brock 2021 Project/Library/lib/lwjgl-tinyexr.jar
7fd260001000-7fd260005000 r--s 0001f000 08:43 393632                     /home/brett/Documents/Brock/Gamers/Java Brock 2021 Project/Library/lib/lwjgl-egl.jar
7fd260005000-7fd260008000 r--s 00033000 08:43 393631                     /home/brett/Documents/Brock/Gamers/Java Brock 2021 Project/Library/lib/lwjgl-assimp.jar
7fd260008000-7fd26000f000 r--s 00081000 08:43 393642                     /home/brett/Documents/Brock/Gamers/Java Brock 2021 Project/Library/lib/lwjgl.jar
7fd26000f000-7fd260245000 rw-p 00000000 00:00 0 
7fd260245000-7fd260416000 r--s 03c97000 08:44 5122309                    /usr/lib/jvm/java-1.8.0-amazon-corretto/jre/lib/rt.jar
7fd260416000-7fd26258b000 rw-p 00000000 00:00 0 
7fd26258b000-7fd26258c000 ---p 00000000 00:00 0 
7fd26258c000-7fd26268c000 rw-p 00000000 00:00 0 
7fd26268c000-7fd26268d000 ---p 00000000 00:00 0 
7fd26268d000-7fd26278d000 rw-p 00000000 00:00 0 
7fd26278d000-7fd26278e000 ---p 00000000 00:00 0 
7fd26278e000-7fd26288e000 rw-p 00000000 00:00 0 
7fd26288e000-7fd26288f000 ---p 00000000 00:00 0 
7fd26288f000-7fd26298f000 rw-p 00000000 00:00 0 
7fd26298f000-7fd262990000 ---p 00000000 00:00 0 
7fd262990000-7fd262a90000 rw-p 00000000 00:00 0 
7fd262a90000-7fd262a91000 ---p 00000000 00:00 0 
7fd262a91000-7fd262b91000 rw-p 00000000 00:00 0 
7fd262b91000-7fd262b92000 ---p 00000000 00:00 0 
7fd262b92000-7fd262c92000 rw-p 00000000 00:00 0 
7fd262c92000-7fd262c93000 ---p 00000000 00:00 0 
7fd262c93000-7fd262d93000 rw-p 00000000 00:00 0 
7fd262d93000-7fd262d94000 ---p 00000000 00:00 0 
7fd262d94000-7fd262e94000 rw-p 00000000 00:00 0 
7fd262e94000-7fd262e95000 ---p 00000000 00:00 0 
7fd262e95000-7fd262f95000 rw-p 00000000 00:00 0 
7fd262f95000-7fd262f96000 ---p 00000000 00:00 0 
7fd262f96000-7fd2631e6000 rw-p 00000000 00:00 0 
7fd2631e6000-7fd264586000 ---p 00000000 00:00 0 
7fd264586000-7fd26462f000 rw-p 00000000 00:00 0 
7fd26462f000-7fd264fff000 ---p 00000000 00:00 0 
7fd264fff000-7fd265000000 rw-p 00000000 00:00 0 
7fd265000000-7fd265570000 rwxp 00000000 00:00 0 
7fd265570000-7fd274000000 ---p 00000000 00:00 0 
7fd274000000-7fd277d91000 rw-p 00000000 00:00 0 
7fd277d91000-7fd278000000 ---p 00000000 00:00 0 
7fd278000000-7fd278002000 r--s 0000b000 08:43 393634                     /home/brett/Documents/Brock/Gamers/Java Brock 2021 Project/Library/lib/lwjgl-lz4.jar
7fd278002000-7fd278008000 r--s 000d3000 08:44 5122308                    /usr/lib/jvm/java-1.8.0-amazon-corretto/jre/lib/jfr.jar
7fd278008000-7fd278051000 rw-p 00000000 00:00 0 
7fd278051000-7fd278052000 ---p 00000000 00:00 0 
7fd278052000-7fd278152000 rw-p 00000000 00:00 0 
7fd278152000-7fd278153000 ---p 00000000 00:00 0 
7fd278153000-7fd2783a3000 rw-p 00000000 00:00 0 
7fd2783a3000-7fd279744000 ---p 00000000 00:00 0 
7fd279744000-7fd27975a000 rw-p 00000000 00:00 0 
7fd27975a000-7fd279b04000 ---p 00000000 00:00 0 
7fd279b04000-7fd279b1f000 r-xp 00000000 08:44 5121722                    /usr/lib/jvm/java-1.8.0-amazon-corretto/jre/lib/amd64/libzip.so
7fd279b1f000-7fd279d1e000 ---p 0001b000 08:44 5121722                    /usr/lib/jvm/java-1.8.0-amazon-corretto/jre/lib/amd64/libzip.so
7fd279d1e000-7fd279d1f000 r--p 0001a000 08:44 5121722                    /usr/lib/jvm/java-1.8.0-amazon-corretto/jre/lib/amd64/libzip.so
7fd279d1f000-7fd279d20000 rw-p 0001b000 08:44 5121722                    /usr/lib/jvm/java-1.8.0-amazon-corretto/jre/lib/amd64/libzip.so
7fd279d20000-7fd279d4a000 r-xp 00000000 08:44 5114839                    /usr/lib/jvm/java-1.8.0-amazon-corretto/jre/lib/amd64/libjava.so
7fd279d4a000-7fd279f49000 ---p 0002a000 08:44 5114839                    /usr/lib/jvm/java-1.8.0-amazon-corretto/jre/lib/amd64/libjava.so
7fd279f49000-7fd279f4a000 r--p 00029000 08:44 5114839                    /usr/lib/jvm/java-1.8.0-amazon-corretto/jre/lib/amd64/libjava.so
7fd279f4a000-7fd279f4c000 rw-p 0002a000 08:44 5114839                    /usr/lib/jvm/java-1.8.0-amazon-corretto/jre/lib/amd64/libjava.so
7fd279f4c000-7fd279f5d000 r-xp 00000000 08:44 5114812                    /usr/lib/jvm/java-1.8.0-amazon-corretto/jre/lib/amd64/libverify.so
7fd279f5d000-7fd27a15c000 ---p 00011000 08:44 5114812                    /usr/lib/jvm/java-1.8.0-amazon-corretto/jre/lib/amd64/libverify.so
7fd27a15c000-7fd27a15e000 r--p 00010000 08:44 5114812                    /usr/lib/jvm/java-1.8.0-amazon-corretto/jre/lib/amd64/libverify.so
7fd27a15e000-7fd27a15f000 rw-p 00012000 08:44 5114812                    /usr/lib/jvm/java-1.8.0-amazon-corretto/jre/lib/amd64/libverify.so
7fd27a15f000-7fd27a162000 r--p 00000000 08:44 3956590                    /usr/lib/x86_64-linux-gnu/librt-2.32.so
7fd27a162000-7fd27a166000 r-xp 00003000 08:44 3956590                    /usr/lib/x86_64-linux-gnu/librt-2.32.so
7fd27a166000-7fd27a167000 r--p 00007000 08:44 3956590                    /usr/lib/x86_64-linux-gnu/librt-2.32.so
7fd27a167000-7fd27a168000 ---p 00008000 08:44 3956590                    /usr/lib/x86_64-linux-gnu/librt-2.32.so
7fd27a168000-7fd27a169000 r--p 00008000 08:44 3956590                    /usr/lib/x86_64-linux-gnu/librt-2.32.so
7fd27a169000-7fd27a16a000 rw-p 00009000 08:44 3956590                    /usr/lib/x86_64-linux-gnu/librt-2.32.so
7fd27a16a000-7fd27a16b000 ---p 00000000 00:00 0 
7fd27a16b000-7fd27a16e000 ---p 00000000 00:00 0 
7fd27a16e000-7fd27a26b000 rw-p 00000000 00:00 0 
7fd27a26b000-7fd27a27a000 r--p 00000000 08:44 3945130                    /usr/lib/x86_64-linux-gnu/libm-2.32.so
7fd27a27a000-7fd27a315000 r-xp 0000f000 08:44 3945130                    /usr/lib/x86_64-linux-gnu/libm-2.32.so
7fd27a315000-7fd27a3ae000 r--p 000aa000 08:44 3945130                    /usr/lib/x86_64-linux-gnu/libm-2.32.so
7fd27a3ae000-7fd27a3af000 r--p 00142000 08:44 3945130                    /usr/lib/x86_64-linux-gnu/libm-2.32.so
7fd27a3af000-7fd27a3b0000 rw-p 00143000 08:44 3945130                    /usr/lib/x86_64-linux-gnu/libm-2.32.so
7fd27a3b0000-7fd27b108000 r-xp 00000000 08:44 5114742                    /usr/lib/jvm/java-1.8.0-amazon-corretto/jre/lib/amd64/server/libjvm.so
7fd27b108000-7fd27b307000 ---p 00d58000 08:44 5114742                    /usr/lib/jvm/java-1.8.0-amazon-corretto/jre/lib/amd64/server/libjvm.so
7fd27b307000-7fd27b39e000 r--p 00d57000 08:44 5114742                    /usr/lib/jvm/java-1.8.0-amazon-corretto/jre/lib/amd64/server/libjvm.so
7fd27b39e000-7fd27b3c7000 rw-p 00dee000 08:44 5114742                    /usr/lib/jvm/java-1.8.0-amazon-corretto/jre/lib/amd64/server/libjvm.so
7fd27b3c7000-7fd27b3fc000 rw-p 00000000 00:00 0 
7fd27b3fc000-7fd27b422000 r--p 00000000 08:44 3945128                    /usr/lib/x86_64-linux-gnu/libc-2.32.so
7fd27b422000-7fd27b56b000 r-xp 00026000 08:44 3945128                    /usr/lib/x86_64-linux-gnu/libc-2.32.so
7fd27b56b000-7fd27b5b6000 r--p 0016f000 08:44 3945128                    /usr/lib/x86_64-linux-gnu/libc-2.32.so
7fd27b5b6000-7fd27b5b7000 ---p 001ba000 08:44 3945128                    /usr/lib/x86_64-linux-gnu/libc-2.32.so
7fd27b5b7000-7fd27b5ba000 r--p 001ba000 08:44 3945128                    /usr/lib/x86_64-linux-gnu/libc-2.32.so
7fd27b5ba000-7fd27b5bd000 rw-p 001bd000 08:44 3945128                    /usr/lib/x86_64-linux-gnu/libc-2.32.so
7fd27b5bd000-7fd27b5c1000 rw-p 00000000 00:00 0 
7fd27b5c1000-7fd27b5c2000 r--p 00000000 08:44 3945129                    /usr/lib/x86_64-linux-gnu/libdl-2.32.so
7fd27b5c2000-7fd27b5c4000 r-xp 00001000 08:44 3945129                    /usr/lib/x86_64-linux-gnu/libdl-2.32.so
7fd27b5c4000-7fd27b5c5000 r--p 00003000 08:44 3945129                    /usr/lib/x86_64-linux-gnu/libdl-2.32.so
7fd27b5c5000-7fd27b5c6000 r--p 00003000 08:44 3945129                    /usr/lib/x86_64-linux-gnu/libdl-2.32.so
7fd27b5c6000-7fd27b5c7000 rw-p 00004000 08:44 3945129                    /usr/lib/x86_64-linux-gnu/libdl-2.32.so
7fd27b5c7000-7fd27b5de000 r-xp 00000000 08:44 5114804                    /usr/lib/jvm/java-1.8.0-amazon-corretto/jre/lib/amd64/jli/libjli.so
7fd27b5de000-7fd27b7dd000 ---p 00017000 08:44 5114804                    /usr/lib/jvm/java-1.8.0-amazon-corretto/jre/lib/amd64/jli/libjli.so
7fd27b7dd000-7fd27b7de000 r--p 00016000 08:44 5114804                    /usr/lib/jvm/java-1.8.0-amazon-corretto/jre/lib/amd64/jli/libjli.so
7fd27b7de000-7fd27b7df000 rw-p 00017000 08:44 5114804                    /usr/lib/jvm/java-1.8.0-amazon-corretto/jre/lib/amd64/jli/libjli.so
7fd27b7df000-7fd27b7e6000 r--p 00000000 08:44 3956588                    /usr/lib/x86_64-linux-gnu/libpthread-2.32.so
7fd27b7e6000-7fd27b7f5000 r-xp 00007000 08:44 3956588                    /usr/lib/x86_64-linux-gnu/libpthread-2.32.so
7fd27b7f5000-7fd27b7fa000 r--p 00016000 08:44 3956588                    /usr/lib/x86_64-linux-gnu/libpthread-2.32.so
7fd27b7fa000-7fd27b7fb000 r--p 0001a000 08:44 3956588                    /usr/lib/x86_64-linux-gnu/libpthread-2.32.so
7fd27b7fb000-7fd27b7fc000 rw-p 0001b000 08:44 3956588                    /usr/lib/x86_64-linux-gnu/libpthread-2.32.so
7fd27b7fc000-7fd27b800000 rw-p 00000000 00:00 0 
7fd27b800000-7fd27b803000 r--s 000a5000 08:43 393630                     /home/brett/Documents/Brock/Gamers/Java Brock 2021 Project/Library/lib/joml-1.10.2.jar
7fd27b803000-7fd27b824000 rw-p 00000000 00:00 0 
7fd27b824000-7fd27b82c000 rw-s 00000000 08:44 9437546                    /tmp/hsperfdata_brett/388611
7fd27b82c000-7fd27b82f000 r--p 00000000 08:44 3956584                    /usr/lib/x86_64-linux-gnu/libnss_files-2.32.so
7fd27b82f000-7fd27b835000 r-xp 00003000 08:44 3956584                    /usr/lib/x86_64-linux-gnu/libnss_files-2.32.so
7fd27b835000-7fd27b837000 r--p 00009000 08:44 3956584                    /usr/lib/x86_64-linux-gnu/libnss_files-2.32.so
7fd27b837000-7fd27b838000 r--p 0000a000 08:44 3956584                    /usr/lib/x86_64-linux-gnu/libnss_files-2.32.so
7fd27b838000-7fd27b839000 rw-p 0000b000 08:44 3956584                    /usr/lib/x86_64-linux-gnu/libnss_files-2.32.so
7fd27b839000-7fd27b840000 rw-p 00000000 00:00 0 
7fd27b840000-7fd27b841000 r--p 00000000 00:00 0 
7fd27b841000-7fd27b843000 rw-p 00000000 00:00 0 
7fd27b843000-7fd27b844000 r--p 00000000 08:44 3945124                    /usr/lib/x86_64-linux-gnu/ld-2.32.so
7fd27b844000-7fd27b864000 r-xp 00001000 08:44 3945124                    /usr/lib/x86_64-linux-gnu/ld-2.32.so
7fd27b864000-7fd27b86d000 r--p 00021000 08:44 3945124                    /usr/lib/x86_64-linux-gnu/ld-2.32.so
7fd27b86d000-7fd27b86e000 r--p 00029000 08:44 3945124                    /usr/lib/x86_64-linux-gnu/ld-2.32.so
7fd27b86e000-7fd27b870000 rw-p 0002a000 08:44 3945124                    /usr/lib/x86_64-linux-gnu/ld-2.32.so
7ffc63fd7000-7ffc63ff9000 rw-p 00000000 00:00 0                          [stack]
7ffc63ff9000-7ffc63ffd000 r--p 00000000 00:00 0                          [vvar]
7ffc63ffd000-7ffc63fff000 r-xp 00000000 00:00 0                          [vdso]

VM Arguments:
jvm_args: -Dfile.encoding=UTF-8 
java_command: com.game.Main
java_class_path (initial): /home/brett/Documents/Brock/Gamers/Java Brock 2021 Project/Game/bin:/home/brett/Documents/Brock/Gamers/Java Brock 2021 Project/Library/lib/joml-1.10.2.jar:/home/brett/Documents/Brock/Gamers/Java Brock 2021 Project/Library/lib/lwjgl.jar:/home/brett/Documents/Brock/Gamers/Java Brock 2021 Project/Library/lib/lwjgl-assimp.jar:/home/brett/Documents/Brock/Gamers/Java Brock 2021 Project/Library/lib/lwjgl-egl.jar:/home/brett/Documents/Brock/Gamers/Java Brock 2021 Project/Library/lib/lwjgl-glfw.jar:/home/brett/Documents/Brock/Gamers/Java Brock 2021 Project/Library/lib/lwjgl-lz4.jar:/home/brett/Documents/Brock/Gamers/Java Brock 2021 Project/Library/lib/lwjgl-nfd.jar:/home/brett/Documents/Brock/Gamers/Java Brock 2021 Project/Library/lib/lwjgl-openal.jar:/home/brett/Documents/Brock/Gamers/Java Brock 2021 Project/Library/lib/lwjgl-opengl.jar:/home/brett/Documents/Brock/Gamers/Java Brock 2021 Project/Library/lib/lwjgl-opengles.jar:/home/brett/Documents/Brock/Gamers/Java Brock 2021 Project/Library/lib/lwjgl-stb.jar:/home/brett/Documents/Brock/Gamers/Java Brock 2021 Project/Library/lib/lwjgl-tinyexr.jar:/home/brett/Documents/Brock/Gamers/Java Brock 2021 Project/Library/lib/lwjgl-tinyfd.jar:/home/brett/Documents/Brock/Gamers/Java Brock 2021 Project/Library/lib/native/lwjgl-assimp-natives-linux.jar:/home/brett/Documents/Brock/Gamers/Java Brock 2021 Project/Library/lib/native/lwjgl-assimp-natives-macos.jar:/home/brett/Documents/Brock/Gamers/Java Brock 2021 Project/Library/lib/native/lwjgl-assimp-natives-windows.jar:/home/brett/Documents/Brock/Gamers/Java Brock 2021 Project/Library/lib/native/lwjgl-assimp-natives-windows-x86.jar:/home/brett/Documents/Brock/Gamers/Java Brock 2021 Project/Library/lib/native/lwjgl-glfw-natives-linux.jar:/home/brett/Documents/Brock/Gamers/Java Brock 2021 Project/Library/lib/native/lwjgl-glfw-natives-macos.jar:/home/brett/Documents/Brock/Gamers/Java Brock 2021 Project/Library/lib/native/lwjgl-glfw-natives-windows.jar:/home/brett
Launcher Type: SUN_STANDARD

Environment Variables:
PATH=/home/brett/.cargo/bin:/home/brett/.local/bin:/usr/local/bin:/usr/bin:/bin:/usr/local/games:/usr/games:/snap/bin:/home/brett/.dotnet/tools
SHELL=/bin/bash
DISPLAY=:0

Signal Handlers:
SIGSEGV: [libjvm.so+0xb324b0], sa_mask[0]=11111111011111111101111111111110, sa_flags=SA_RESTART|SA_SIGINFO
SIGBUS: [libjvm.so+0xb324b0], sa_mask[0]=11111111011111111101111111111110, sa_flags=SA_RESTART|SA_SIGINFO
SIGFPE: [libjvm.so+0x95a060], sa_mask[0]=11111111011111111101111111111110, sa_flags=SA_RESTART|SA_SIGINFO
SIGPIPE: [libjvm.so+0x95a060], sa_mask[0]=11111111011111111101111111111110, sa_flags=SA_RESTART|SA_SIGINFO
SIGXFSZ: [libjvm.so+0x95a060], sa_mask[0]=11111111011111111101111111111110, sa_flags=SA_RESTART|SA_SIGINFO
SIGILL: [libjvm.so+0x95a060], sa_mask[0]=11111111011111111101111111111110, sa_flags=SA_RESTART|SA_SIGINFO
SIGUSR1: SIG_DFL, sa_mask[0]=00000000000000000000000000000000, sa_flags=none
SIGUSR2: [libjvm.so+0x959f30], sa_mask[0]=00100000000000000000000000000000, sa_flags=SA_RESTART|SA_SIGINFO
SIGHUP: [libjvm.so+0x95a550], sa_mask[0]=11111111011111111101111111111110, sa_flags=SA_RESTART|SA_SIGINFO
SIGINT: [libjvm.so+0x95a550], sa_mask[0]=11111111011111111101111111111110, sa_flags=SA_RESTART|SA_SIGINFO
SIGTERM: [libjvm.so+0x95a550], sa_mask[0]=11111111011111111101111111111110, sa_flags=SA_RESTART|SA_SIGINFO
SIGQUIT: [libjvm.so+0x95a550], sa_mask[0]=11111111011111111101111111111110, sa_flags=SA_RESTART|SA_SIGINFO


---------------  S Y S T E M  ---------------

OS:PRETTY_NAME="Debian GNU/Linux bookworm/sid"
NAME="Debian GNU/Linux"
ID=debian
HOME_URL="https://www.debian.org/"
SUPPORT_URL="https://www.debian.org/support"
BUG_REPORT_URL="https://bugs.debian.org/"

uname:Linux 5.10.0-8-amd64 #1 SMP Debian 5.10.46-4 (2021-08-03) x86_64
libc:glibc 2.32 NPTL 2.32 
rlimit: STACK 8192k, CORE 0k, NPROC 256734, NOFILE 1048576, AS infinity
load average:1.96 2.02 2.39

/proc/meminfo:
MemTotal:       65868308 kB
MemFree:         1051532 kB
MemAvailable:   29783152 kB
Buffers:         1740096 kB
Cached:         27217864 kB
SwapCached:       137624 kB
Active:         22485336 kB
Inactive:       38762088 kB
Active(anon):   18161760 kB
Inactive(anon): 15204696 kB
Active(file):    4323576 kB
Inactive(file): 23557392 kB
Unevictable:         256 kB
Mlocked:             256 kB
SwapTotal:      41554936 kB
SwapFree:       39024632 kB
Dirty:               724 kB
Writeback:             0 kB
AnonPages:      31885240 kB
Mapped:          2253596 kB
Shmem:           1083892 kB
KReclaimable:    1918244 kB
Slab:            2468828 kB
SReclaimable:    1918244 kB
SUnreclaim:       550584 kB
KernelStack:       36768 kB
PageTables:       187664 kB
NFS_Unstable:          0 kB
Bounce:                0 kB
WritebackTmp:          0 kB
CommitLimit:    74489088 kB
Committed_AS:   56411440 kB
VmallocTotal:   34359738367 kB
VmallocUsed:      247456 kB
VmallocChunk:          0 kB
Percpu:            41856 kB
HardwareCorrupted:     0 kB
AnonHugePages:  13791232 kB
ShmemHugePages:        0 kB
ShmemPmdMapped:        0 kB
FileHugePages:         0 kB
FilePmdMapped:         0 kB
HugePages_Total:       0
HugePages_Free:        0
HugePages_Rsvd:        0
HugePages_Surp:        0
Hugepagesize:       2048 kB
Hugetlb:               0 kB
DirectMap4k:    30079588 kB
DirectMap2M:    36974592 kB
DirectMap1G:     1048576 kB


CPU:total 16 (initial active 16) (16 cores per cpu, 1 threads per core) family 23 model 113 stepping 0, cmov, cx8, fxsr, mmx, sse, sse2, sse3, ssse3, sse4.1, sse4.2, popcnt, avx, avx2, aes, clmul, mmxext, 3dnowpref, lzcnt, sse4a, tsc, tscinvbit, tscinv, bmi1

/proc/cpuinfo:
processor	: 0
vendor_id	: AuthenticAMD
cpu family	: 23
model		: 113
model name	: AMD Ryzen 7 3800X 8-Core Processor
stepping	: 0
microcode	: 0x8701021
cpu MHz		: 2072.459
cache size	: 512 KB
physical id	: 0
siblings	: 16
core id		: 0
cpu cores	: 8
apicid		: 0
initial apicid	: 0
fpu		: yes
fpu_exception	: yes
cpuid level	: 16
wp		: yes
flags		: fpu vme de pse tsc msr pae mce cx8 apic sep mtrr pge mca cmov pat pse36 clflush mmx fxsr sse sse2 ht syscall nx mmxext fxsr_opt pdpe1gb rdtscp lm constant_tsc rep_good nopl nonstop_tsc cpuid extd_apicid aperfmperf pni pclmulqdq monitor ssse3 fma cx16 sse4_1 sse4_2 movbe popcnt aes xsave avx f16c rdrand lahf_lm cmp_legacy svm extapic cr8_legacy abm sse4a misalignsse 3dnowprefetch osvw ibs skinit wdt tce topoext perfctr_core perfctr_nb bpext perfctr_llc mwaitx cpb cat_l3 cdp_l3 hw_pstate sme ssbd mba sev ibpb stibp vmmcall sev_es fsgsbase bmi1 avx2 smep bmi2 cqm rdt_a rdseed adx smap clflushopt clwb sha_ni xsaveopt xsavec xgetbv1 xsaves cqm_llc cqm_occup_llc cqm_mbm_total cqm_mbm_local clzero irperf xsaveerptr rdpru wbnoinvd arat npt lbrv svm_lock nrip_save tsc_scale vmcb_clean flushbyasid decodeassists pausefilter pfthreshold avic v_vmsave_vmload vgif umip rdpid overflow_recov succor smca
bugs		: sysret_ss_attrs spectre_v1 spectre_v2 spec_store_bypass
bogomips	: 7785.42
TLB size	: 3072 4K pages
clflush size	: 64
cache_alignment	: 64
address sizes	: 43 bits physical, 48 bits virtual
power management: ts ttp tm hwpstate cpb eff_freq_ro [13] [14]

processor	: 1
vendor_id	: AuthenticAMD
cpu family	: 23
model		: 113
model name	: AMD Ryzen 7 3800X 8-Core Processor
stepping	: 0
microcode	: 0x8701021
cpu MHz		: 3624.096
cache size	: 512 KB
physical id	: 0
siblings	: 16
core id		: 1
cpu cores	: 8
apicid		: 2
initial apicid	: 2
fpu		: yes
fpu_exception	: yes
cpuid level	: 16
wp		: yes
flags		: fpu vme de pse tsc msr pae mce cx8 apic sep mtrr pge mca cmov pat pse36 clflush mmx fxsr sse sse2 ht syscall nx mmxext fxsr_opt pdpe1gb rdtscp lm constant_tsc rep_good nopl nonstop_tsc cpuid extd_apicid aperfmperf pni pclmulqdq monitor ssse3 fma cx16 sse4_1 sse4_2 movbe popcnt aes xsave avx f16c rdrand lahf_lm cmp_legacy svm extapic cr8_legacy abm sse4a misalignsse 3dnowprefetch osvw ibs skinit wdt tce topoext perfctr_core perfctr_nb bpext perfctr_llc mwaitx cpb cat_l3 cdp_l3 hw_pstate sme ssbd mba sev ibpb stibp vmmcall sev_es fsgsbase bmi1 avx2 smep bmi2 cqm rdt_a rdseed adx smap clflushopt clwb sha_ni xsaveopt xsavec xgetbv1 xsaves cqm_llc cqm_occup_llc cqm_mbm_total cqm_mbm_local clzero irperf xsaveerptr rdpru wbnoinvd arat npt lbrv svm_lock nrip_save tsc_scale vmcb_clean flushbyasid decodeassists pausefilter pfthreshold avic v_vmsave_vmload vgif umip rdpid overflow_recov succor smca
bugs		: sysret_ss_attrs spectre_v1 spectre_v2 spec_store_bypass
bogomips	: 7785.42
TLB size	: 3072 4K pages
clflush size	: 64
cache_alignment	: 64
address sizes	: 43 bits physical, 48 bits virtual
power management: ts ttp tm hwpstate cpb eff_freq_ro [13] [14]

processor	: 2
vendor_id	: AuthenticAMD
cpu family	: 23
model		: 113
model name	: AMD Ryzen 7 3800X 8-Core Processor
stepping	: 0
microcode	: 0x8701021
cpu MHz		: 4026.131
cache size	: 512 KB
physical id	: 0
siblings	: 16
core id		: 2
cpu cores	: 8
apicid		: 4
initial apicid	: 4
fpu		: yes
fpu_exception	: yes
cpuid level	: 16
wp		: yes
flags		: fpu vme de pse tsc msr pae mce cx8 apic sep mtrr pge mca cmov pat pse36 clflush mmx fxsr sse sse2 ht syscall nx mmxext fxsr_opt pdpe1gb rdtscp lm constant_tsc rep_good nopl nonstop_tsc cpuid extd_apicid aperfmperf pni pclmulqdq monitor ssse3 fma cx16 sse4_1 sse4_2 movbe popcnt aes xsave avx f16c rdrand lahf_lm cmp_legacy svm extapic cr8_legacy abm sse4a misalignsse 3dnowprefetch osvw ibs skinit wdt tce topoext perfctr_core perfctr_nb bpext perfctr_llc mwaitx cpb cat_l3 cdp_l3 hw_pstate sme ssbd mba sev ibpb stibp vmmcall sev_es fsgsbase bmi1 avx2 smep bmi2 cqm rdt_a rdseed adx smap clflushopt clwb sha_ni xsaveopt xsavec xgetbv1 xsaves cqm_llc cqm_occup_llc cqm_mbm_total cqm_mbm_local clzero irperf xsaveerptr rdpru wbnoinvd arat npt lbrv svm_lock nrip_save tsc_scale vmcb_clean flushbyasid decodeassists pausefilter pfthreshold avic v_vmsave_vmload vgif umip rdpid overflow_recov succor smca
bugs		: sysret_ss_attrs spectre_v1 spectre_v2 spec_store_bypass
bogomips	: 7785.42
TLB size	: 3072 4K pages
clflush size	: 64
cache_alignment	: 64
address sizes	: 43 bits physical, 48 bits virtual
power management: ts ttp tm hwpstate cpb eff_freq_ro [13] [14]

processor	: 3
vendor_id	: AuthenticAMD
cpu family	: 23
model		: 113
model name	: AMD Ryzen 7 3800X 8-Core Processor
stepping	: 0
microcode	: 0x8701021
cpu MHz		: 3378.143
cache size	: 512 KB
physical id	: 0
siblings	: 16
core id		: 3
cpu cores	: 8
apicid		: 6
initial apicid	: 6
fpu		: yes
fpu_exception	: yes
cpuid level	: 16
wp		: yes
flags		: fpu vme de pse tsc msr pae mce cx8 apic sep mtrr pge mca cmov pat pse36 clflush mmx fxsr sse sse2 ht syscall nx mmxext fxsr_opt pdpe1gb rdtscp lm constant_tsc rep_good nopl nonstop_tsc cpuid extd_apicid aperfmperf pni pclmulqdq monitor ssse3 fma cx16 sse4_1 sse4_2 movbe popcnt aes xsave avx f16c rdrand lahf_lm cmp_legacy svm extapic cr8_legacy abm sse4a misalignsse 3dnowprefetch osvw ibs skinit wdt tce topoext perfctr_core perfctr_nb bpext perfctr_llc mwaitx cpb cat_l3 cdp_l3 hw_pstate sme ssbd mba sev ibpb stibp vmmcall sev_es fsgsbase bmi1 avx2 smep bmi2 cqm rdt_a rdseed adx smap clflushopt clwb sha_ni xsaveopt xsavec xgetbv1 xsaves cqm_llc cqm_occup_llc cqm_mbm_total cqm_mbm_local clzero irperf xsaveerptr rdpru wbnoinvd arat npt lbrv svm_lock nrip_save tsc_scale vmcb_clean flushbyasid decodeassists pausefilter pfthreshold avic v_vmsave_vmload vgif umip rdpid overflow_recov succor smca
bugs		: sysret_ss_attrs spectre_v1 spectre_v2 spec_store_bypass
bogomips	: 7785.42
TLB size	: 3072 4K pages
clflush size	: 64
cache_alignment	: 64
address sizes	: 43 bits physical, 48 bits virtual
power management: ts ttp tm hwpstate cpb eff_freq_ro [13] [14]

processor	: 4
vendor_id	: AuthenticAMD
cpu family	: 23
model		: 113
model name	: AMD Ryzen 7 3800X 8-Core Processor
stepping	: 0
microcode	: 0x8701021
cpu MHz		: 4147.716
cache size	: 512 KB
physical id	: 0
siblings	: 16
core id		: 4
cpu cores	: 8
apicid		: 8
initial apicid	: 8
fpu		: yes
fpu_exception	: yes
cpuid level	: 16
wp		: yes
flags		: fpu vme de pse tsc msr pae mce cx8 apic sep mtrr pge mca cmov pat pse36 clflush mmx fxsr sse sse2 ht syscall nx mmxext fxsr_opt pdpe1gb rdtscp lm constant_tsc rep_good nopl nonstop_tsc cpuid extd_apicid aperfmperf pni pclmulqdq monitor ssse3 fma cx16 sse4_1 sse4_2 movbe popcnt aes xsave avx f16c rdrand lahf_lm cmp_legacy svm extapic cr8_legacy abm sse4a misalignsse 3dnowprefetch osvw ibs skinit wdt tce topoext perfctr_core perfctr_nb bpext perfctr_llc mwaitx cpb cat_l3 cdp_l3 hw_pstate sme ssbd mba sev ibpb stibp vmmcall sev_es fsgsbase bmi1 avx2 smep bmi2 cqm rdt_a rdseed adx smap clflushopt clwb sha_ni xsaveopt xsavec xgetbv1 xsaves cqm_llc cqm_occup_llc cqm_mbm_total cqm_mbm_local clzero irperf xsaveerptr rdpru wbnoinvd arat npt lbrv svm_lock nrip_save tsc_scale vmcb_clean flushbyasid decodeassists pausefilter pfthreshold avic v_vmsave_vmload vgif umip rdpid overflow_recov succor smca
bugs		: sysret_ss_attrs spectre_v1 spectre_v2 spec_store_bypass
bogomips	: 7785.42
TLB size	: 3072 4K pages
clflush size	: 64
cache_alignment	: 64
address sizes	: 43 bits physical, 48 bits virtual
power management: ts ttp tm hwpstate cpb eff_freq_ro [13] [14]

processor	: 5
vendor_id	: AuthenticAMD
cpu family	: 23
model		: 113
model name	: AMD Ryzen 7 3800X 8-Core Processor
stepping	: 0
microcode	: 0x8701021
cpu MHz		: 2074.565
cache size	: 512 KB
physical id	: 0
siblings	: 16
core id		: 5
cpu cores	: 8
apicid		: 10
initial apicid	: 10
fpu		: yes
fpu_exception	: yes
cpuid level	: 16
wp		: yes
flags		: fpu vme de pse tsc msr pae mce cx8 apic sep mtrr pge mca cmov pat pse36 clflush mmx fxsr sse sse2 ht syscall nx mmxext fxsr_opt pdpe1gb rdtscp lm constant_tsc rep_good nopl nonstop_tsc cpuid extd_apicid aperfmperf pni pclmulqdq monitor ssse3 fma cx16 sse4_1 sse4_2 movbe popcnt aes xsave avx f16c rdrand lahf_lm cmp_legacy svm extapic cr8_legacy abm sse4a misalignsse 3dnowprefetch osvw ibs skinit wdt tce topoext perfctr_core perfctr_nb bpext perfctr_llc mwaitx cpb cat_l3 cdp_l3 hw_pstate sme ssbd mba sev ibpb stibp vmmcall sev_es fsgsbase bmi1 avx2 smep bmi2 cqm rdt_a rdseed adx smap clflushopt clwb sha_ni xsaveopt xsavec xgetbv1 xsaves cqm_llc cqm_occup_llc cqm_mbm_total cqm_mbm_local clzero irperf xsaveerptr rdpru wbnoinvd arat npt lbrv svm_lock nrip_save tsc_scale vmcb_clean flushbyasid decodeassists pausefilter pfthreshold avic v_vmsave_vmload vgif umip rdpid overflow_recov succor smca
bugs		: sysret_ss_attrs spectre_v1 spectre_v2 spec_store_bypass
bogomips	: 7785.42
TLB size	: 3072 4K pages
clflush size	: 64
cache_alignment	: 64
address sizes	: 43 bits physical, 48 bits virtual
power management: ts ttp tm hwpstate cpb eff_freq_ro [13] [14]

processor	: 6
vendor_id	: AuthenticAMD
cpu family	: 23
model		: 113
model name	: AMD Ryzen 7 3800X 8-Core Processor
stepping	: 0
microcode	: 0x8701021
cpu MHz		: 4143.310
cache size	: 512 KB
physical id	: 0
siblings	: 16
core id		: 6
cpu cores	: 8
apicid		: 12
initial apicid	: 12
fpu		: yes
fpu_exception	: yes
cpuid level	: 16
wp		: yes
flags		: fpu vme de pse tsc msr pae mce cx8 apic sep mtrr pge mca cmov pat pse36 clflush mmx fxsr sse sse2 ht syscall nx mmxext fxsr_opt pdpe1gb rdtscp lm constant_tsc rep_good nopl nonstop_tsc cpuid extd_apicid aperfmperf pni pclmulqdq monitor ssse3 fma cx16 sse4_1 sse4_2 movbe popcnt aes xsave avx f16c rdrand lahf_lm cmp_legacy svm extapic cr8_legacy abm sse4a misalignsse 3dnowprefetch osvw ibs skinit wdt tce topoext perfctr_core perfctr_nb bpext perfctr_llc mwaitx cpb cat_l3 cdp_l3 hw_pstate sme ssbd mba sev ibpb stibp vmmcall sev_es fsgsbase bmi1 avx2 smep bmi2 cqm rdt_a rdseed adx smap clflushopt clwb sha_ni xsaveopt xsavec xgetbv1 xsaves cqm_llc cqm_occup_llc cqm_mbm_total cqm_mbm_local clzero irperf xsaveerptr rdpru wbnoinvd arat npt lbrv svm_lock nrip_save tsc_scale vmcb_clean flushbyasid decodeassists pausefilter pfthreshold avic v_vmsave_vmload vgif umip rdpid overflow_recov succor smca
bugs		: sysret_ss_attrs spectre_v1 spectre_v2 spec_store_bypass
bogomips	: 7785.42
TLB size	: 3072 4K pages
clflush size	: 64
cache_alignment	: 64
address sizes	: 43 bits physical, 48 bits virtual
power management: ts ttp tm hwpstate cpb eff_freq_ro [13] [14]

processor	: 7
vendor_id	: AuthenticAMD
cpu family	: 23
model		: 113
model name	: AMD Ryzen 7 3800X 8-Core Processor
stepping	: 0
microcode	: 0x8701021
cpu MHz		: 3017.882
cache size	: 512 KB
physical id	: 0
siblings	: 16
core id		: 7
cpu cores	: 8
apicid		: 14
initial apicid	: 14
fpu		: yes
fpu_exception	: yes
cpuid level	: 16
wp		: yes
flags		: fpu vme de pse tsc msr pae mce cx8 apic sep mtrr pge mca cmov pat pse36 clflush mmx fxsr sse sse2 ht syscall nx mmxext fxsr_opt pdpe1gb rdtscp lm constant_tsc rep_good nopl nonstop_tsc cpuid extd_apicid aperfmperf pni pclmulqdq monitor ssse3 fma cx16 sse4_1 sse4_2 movbe popcnt aes xsave avx f16c rdrand lahf_lm cmp_legacy svm extapic cr8_legacy abm sse4a misalignsse 3dnowprefetch osvw ibs skinit wdt tce topoext perfctr_core perfctr_nb bpext perfctr_llc mwaitx cpb cat_l3 cdp_l3 hw_pstate sme ssbd mba sev ibpb stibp vmmcall sev_es fsgsbase bmi1 avx2 smep bmi2 cqm rdt_a rdseed adx smap clflushopt clwb sha_ni xsaveopt xsavec xgetbv1 xsaves cqm_llc cqm_occup_llc cqm_mbm_total cqm_mbm_local clzero irperf xsaveerptr rdpru wbnoinvd arat npt lbrv svm_lock nrip_save tsc_scale vmcb_clean flushbyasid decodeassists pausefilter pfthreshold avic v_vmsave_vmload vgif umip rdpid overflow_recov succor smca
bugs		: sysret_ss_attrs spectre_v1 spectre_v2 spec_store_bypass
bogomips	: 7785.42
TLB size	: 3072 4K pages
clflush size	: 64
cache_alignment	: 64
address sizes	: 43 bits physical, 48 bits virtual
power management: ts ttp tm hwpstate cpb eff_freq_ro [13] [14]

processor	: 8
vendor_id	: AuthenticAMD
cpu family	: 23
model		: 113
model name	: AMD Ryzen 7 3800X 8-Core Processor
stepping	: 0
microcode	: 0x8701021
cpu MHz		: 2072.248
cache size	: 512 KB
physical id	: 0
siblings	: 16
core id		: 0
cpu cores	: 8
apicid		: 1
initial apicid	: 1
fpu		: yes
fpu_exception	: yes
cpuid level	: 16
wp		: yes
flags		: fpu vme de pse tsc msr pae mce cx8 apic sep mtrr pge mca cmov pat pse36 clflush mmx fxsr sse sse2 ht syscall nx mmxext fxsr_opt pdpe1gb rdtscp lm constant_tsc rep_good nopl nonstop_tsc cpuid extd_apicid aperfmperf pni pclmulqdq monitor ssse3 fma cx16 sse4_1 sse4_2 movbe popcnt aes xsave avx f16c rdrand lahf_lm cmp_legacy svm extapic cr8_legacy abm sse4a misalignsse 3dnowprefetch osvw ibs skinit wdt tce topoext perfctr_core perfctr_nb bpext perfctr_llc mwaitx cpb cat_l3 cdp_l3 hw_pstate sme ssbd mba sev ibpb stibp vmmcall sev_es fsgsbase bmi1 avx2 smep bmi2 cqm rdt_a rdseed adx smap clflushopt clwb sha_ni xsaveopt xsavec xgetbv1 xsaves cqm_llc cqm_occup_llc cqm_mbm_total cqm_mbm_local clzero irperf xsaveerptr rdpru wbnoinvd arat npt lbrv svm_lock nrip_save tsc_scale vmcb_clean flushbyasid decodeassists pausefilter pfthreshold avic v_vmsave_vmload vgif umip rdpid overflow_recov succor smca
bugs		: sysret_ss_attrs spectre_v1 spectre_v2 spec_store_bypass
bogomips	: 7785.42
TLB size	: 3072 4K pages
clflush size	: 64
cache_alignment	: 64
address sizes	: 43 bits physical, 48 bits virtual
power management: ts ttp tm hwpstate cpb eff_freq_ro [13] [14]

processor	: 9
vendor_id	: AuthenticAMD
cpu family	: 23
model		: 113
model name	: AMD Ryzen 7 3800X 8-Core Processor
stepping	: 0
microcode	: 0x8701021
cpu MHz		: 3589.906
cache size	: 512 KB
physical id	: 0
siblings	: 16
core id		: 1
cpu cores	: 8
apicid		: 3
initial apicid	: 3
fpu		: yes
fpu_exception	: yes
cpuid level	: 16
wp		: yes
flags		: fpu vme de pse tsc msr pae mce cx8 apic sep mtrr pge mca cmov pat pse36 clflush mmx fxsr sse sse2 ht syscall nx mmxext fxsr_opt pdpe1gb rdtscp lm constant_tsc rep_good nopl nonstop_tsc cpuid extd_apicid aperfmperf pni pclmulqdq monitor ssse3 fma cx16 sse4_1 sse4_2 movbe popcnt aes xsave avx f16c rdrand lahf_lm cmp_legacy svm extapic cr8_legacy abm sse4a misalignsse 3dnowprefetch osvw ibs skinit wdt tce topoext perfctr_core perfctr_nb bpext perfctr_llc mwaitx cpb cat_l3 cdp_l3 hw_pstate sme ssbd mba sev ibpb stibp vmmcall sev_es fsgsbase bmi1 avx2 smep bmi2 cqm rdt_a rdseed adx smap clflushopt clwb sha_ni xsaveopt xsavec xgetbv1 xsaves cqm_llc cqm_occup_llc cqm_mbm_total cqm_mbm_local clzero irperf xsaveerptr rdpru wbnoinvd arat npt lbrv svm_lock nrip_save tsc_scale vmcb_clean flushbyasid decodeassists pausefilter pfthreshold avic v_vmsave_vmload vgif umip rdpid overflow_recov succor smca
bugs		: sysret_ss_attrs spectre_v1 spectre_v2 spec_store_bypass
bogomips	: 7785.42
TLB size	: 3072 4K pages
clflush size	: 64
cache_alignment	: 64
address sizes	: 43 bits physical, 48 bits virtual
power management: ts ttp tm hwpstate cpb eff_freq_ro [13] [14]

processor	: 10
vendor_id	: AuthenticAMD
cpu family	: 23
model		: 113
model name	: AMD Ryzen 7 3800X 8-Core Processor
stepping	: 0
microcode	: 0x8701021
cpu MHz		: 3897.607
cache size	: 512 KB
physical id	: 0
siblings	: 16
core id		: 2
cpu cores	: 8
apicid		: 5
initial apicid	: 5
fpu		: yes
fpu_exception	: yes
cpuid level	: 16
wp		: yes
flags		: fpu vme de pse tsc msr pae mce cx8 apic sep mtrr pge mca cmov pat pse36 clflush mmx fxsr sse sse2 ht syscall nx mmxext fxsr_opt pdpe1gb rdtscp lm constant_tsc rep_good nopl nonstop_tsc cpuid extd_apicid aperfmperf pni pclmulqdq monitor ssse3 fma cx16 sse4_1 sse4_2 movbe popcnt aes xsave avx f16c rdrand lahf_lm cmp_legacy svm extapic cr8_legacy abm sse4a misalignsse 3dnowprefetch osvw ibs skinit wdt tce topoext perfctr_core perfctr_nb bpext perfctr_llc mwaitx cpb cat_l3 cdp_l3 hw_pstate sme ssbd mba sev ibpb stibp vmmcall sev_es fsgsbase bmi1 avx2 smep bmi2 cqm rdt_a rdseed adx smap clflushopt clwb sha_ni xsaveopt xsavec xgetbv1 xsaves cqm_llc cqm_occup_llc cqm_mbm_total cqm_mbm_local clzero irperf xsaveerptr rdpru wbnoinvd arat npt lbrv svm_lock nrip_save tsc_scale vmcb_clean flushbyasid decodeassists pausefilter pfthreshold avic v_vmsave_vmload vgif umip rdpid overflow_recov succor smca
bugs		: sysret_ss_attrs spectre_v1 spectre_v2 spec_store_bypass
bogomips	: 7785.42
TLB size	: 3072 4K pages
clflush size	: 64
cache_alignment	: 64
address sizes	: 43 bits physical, 48 bits virtual
power management: ts ttp tm hwpstate cpb eff_freq_ro [13] [14]

processor	: 11
vendor_id	: AuthenticAMD
cpu family	: 23
model		: 113
model name	: AMD Ryzen 7 3800X 8-Core Processor
stepping	: 0
microcode	: 0x8701021
cpu MHz		: 3210.704
cache size	: 512 KB
physical id	: 0
siblings	: 16
core id		: 3
cpu cores	: 8
apicid		: 7
initial apicid	: 7
fpu		: yes
fpu_exception	: yes
cpuid level	: 16
wp		: yes
flags		: fpu vme de pse tsc msr pae mce cx8 apic sep mtrr pge mca cmov pat pse36 clflush mmx fxsr sse sse2 ht syscall nx mmxext fxsr_opt pdpe1gb rdtscp lm constant_tsc rep_good nopl nonstop_tsc cpuid extd_apicid aperfmperf pni pclmulqdq monitor ssse3 fma cx16 sse4_1 sse4_2 movbe popcnt aes xsave avx f16c rdrand lahf_lm cmp_legacy svm extapic cr8_legacy abm sse4a misalignsse 3dnowprefetch osvw ibs skinit wdt tce topoext perfctr_core perfctr_nb bpext perfctr_llc mwaitx cpb cat_l3 cdp_l3 hw_pstate sme ssbd mba sev ibpb stibp vmmcall sev_es fsgsbase bmi1 avx2 smep bmi2 cqm rdt_a rdseed adx smap clflushopt clwb sha_ni xsaveopt xsavec xgetbv1 xsaves cqm_llc cqm_occup_llc cqm_mbm_total cqm_mbm_local clzero irperf xsaveerptr rdpru wbnoinvd arat npt lbrv svm_lock nrip_save tsc_scale vmcb_clean flushbyasid decodeassists pausefilter pfthreshold avic v_vmsave_vmload vgif umip rdpid overflow_recov succor smca
bugs		: sysret_ss_attrs spectre_v1 spectre_v2 spec_store_bypass
bogomips	: 7785.42
TLB size	: 3072 4K pages
clflush size	: 64
cache_alignment	: 64
address sizes	: 43 bits physical, 48 bits virtual
power management: ts ttp tm hwpstate cpb eff_freq_ro [13] [14]

processor	: 12
vendor_id	: AuthenticAMD
cpu family	: 23
model		: 113
model name	: AMD Ryzen 7 3800X 8-Core Processor
stepping	: 0
microcode	: 0x8701021
cpu MHz		: 4138.991
cache size	: 512 KB
physical id	: 0
siblings	: 16
core id		: 4
cpu cores	: 8
apicid		: 9
initial apicid	: 9
fpu		: yes
fpu_exception	: yes
cpuid level	: 16
wp		: yes
flags		: fpu vme de pse tsc msr pae mce cx8 apic sep mtrr pge mca cmov pat pse36 clflush mmx fxsr sse sse2 ht syscall nx mmxext fxsr_opt pdpe1gb rdtscp lm constant_tsc rep_good nopl nonstop_tsc cpuid extd_apicid aperfmperf pni pclmulqdq monitor ssse3 fma cx16 sse4_1 sse4_2 movbe popcnt aes xsave avx f16c rdrand lahf_lm cmp_legacy svm extapic cr8_legacy abm sse4a misalignsse 3dnowprefetch osvw ibs skinit wdt tce topoext perfctr_core perfctr_nb bpext perfctr_llc mwaitx cpb cat_l3 cdp_l3 hw_pstate sme ssbd mba sev ibpb stibp vmmcall sev_es fsgsbase bmi1 avx2 smep bmi2 cqm rdt_a rdseed adx smap clflushopt clwb sha_ni xsaveopt xsavec xgetbv1 xsaves cqm_llc cqm_occup_llc cqm_mbm_total cqm_mbm_local clzero irperf xsaveerptr rdpru wbnoinvd arat npt lbrv svm_lock nrip_save tsc_scale vmcb_clean flushbyasid decodeassists pausefilter pfthreshold avic v_vmsave_vmload vgif umip rdpid overflow_recov succor smca
bugs		: sysret_ss_attrs spectre_v1 spectre_v2 spec_store_bypass
bogomips	: 7785.42
TLB size	: 3072 4K pages
clflush size	: 64
cache_alignment	: 64
address sizes	: 43 bits physical, 48 bits virtual
power management: ts ttp tm hwpstate cpb eff_freq_ro [13] [14]

processor	: 13
vendor_id	: AuthenticAMD
cpu family	: 23
model		: 113
model name	: AMD Ryzen 7 3800X 8-Core Processor
stepping	: 0
microcode	: 0x8701021
cpu MHz		: 2073.207
cache size	: 512 KB
physical id	: 0
siblings	: 16
core id		: 5
cpu cores	: 8
apicid		: 11
initial apicid	: 11
fpu		: yes
fpu_exception	: yes
cpuid level	: 16
wp		: yes
flags		: fpu vme de pse tsc msr pae mce cx8 apic sep mtrr pge mca cmov pat pse36 clflush mmx fxsr sse sse2 ht syscall nx mmxext fxsr_opt pdpe1gb rdtscp lm constant_tsc rep_good nopl nonstop_tsc cpuid extd_apicid aperfmperf pni pclmulqdq monitor ssse3 fma cx16 sse4_1 sse4_2 movbe popcnt aes xsave avx f16c rdrand lahf_lm cmp_legacy svm extapic cr8_legacy abm sse4a misalignsse 3dnowprefetch osvw ibs skinit wdt tce topoext perfctr_core perfctr_nb bpext perfctr_llc mwaitx cpb cat_l3 cdp_l3 hw_pstate sme ssbd mba sev ibpb stibp vmmcall sev_es fsgsbase bmi1 avx2 smep bmi2 cqm rdt_a rdseed adx smap clflushopt clwb sha_ni xsaveopt xsavec xgetbv1 xsaves cqm_llc cqm_occup_llc cqm_mbm_total cqm_mbm_local clzero irperf xsaveerptr rdpru wbnoinvd arat npt lbrv svm_lock nrip_save tsc_scale vmcb_clean flushbyasid decodeassists pausefilter pfthreshold avic v_vmsave_vmload vgif umip rdpid overflow_recov succor smca
bugs		: sysret_ss_attrs spectre_v1 spectre_v2 spec_store_bypass
bogomips	: 7785.42
TLB size	: 3072 4K pages
clflush size	: 64
cache_alignment	: 64
address sizes	: 43 bits physical, 48 bits virtual
power management: ts ttp tm hwpstate cpb eff_freq_ro [13] [14]

processor	: 14
vendor_id	: AuthenticAMD
cpu family	: 23
model		: 113
model name	: AMD Ryzen 7 3800X 8-Core Processor
stepping	: 0
microcode	: 0x8701021
cpu MHz		: 4157.333
cache size	: 512 KB
physical id	: 0
siblings	: 16
core id		: 6
cpu cores	: 8
apicid		: 13
initial apicid	: 13
fpu		: yes
fpu_exception	: yes
cpuid level	: 16
wp		: yes
flags		: fpu vme de pse tsc msr pae mce cx8 apic sep mtrr pge mca cmov pat pse36 clflush mmx fxsr sse sse2 ht syscall nx mmxext fxsr_opt pdpe1gb rdtscp lm constant_tsc rep_good nopl nonstop_tsc cpuid extd_apicid aperfmperf pni pclmulqdq monitor ssse3 fma cx16 sse4_1 sse4_2 movbe popcnt aes xsave avx f16c rdrand lahf_lm cmp_legacy svm extapic cr8_legacy abm sse4a misalignsse 3dnowprefetch osvw ibs skinit wdt tce topoext perfctr_core perfctr_nb bpext perfctr_llc mwaitx cpb cat_l3 cdp_l3 hw_pstate sme ssbd mba sev ibpb stibp vmmcall sev_es fsgsbase bmi1 avx2 smep bmi2 cqm rdt_a rdseed adx smap clflushopt clwb sha_ni xsaveopt xsavec xgetbv1 xsaves cqm_llc cqm_occup_llc cqm_mbm_total cqm_mbm_local clzero irperf xsaveerptr rdpru wbnoinvd arat npt lbrv svm_lock nrip_save tsc_scale vmcb_clean flushbyasid decodeassists pausefilter pfthreshold avic v_vmsave_vmload vgif umip rdpid overflow_recov succor smca
bugs		: sysret_ss_attrs spectre_v1 spectre_v2 spec_store_bypass
bogomips	: 7785.42
TLB size	: 3072 4K pages
clflush size	: 64
cache_alignment	: 64
address sizes	: 43 bits physical, 48 bits virtual
power management: ts ttp tm hwpstate cpb eff_freq_ro [13] [14]

processor	: 15
vendor_id	: AuthenticAMD
cpu family	: 23
model		: 113
model name	: AMD Ryzen 7 3800X 8-Core Processor
stepping	: 0
microcode	: 0x8701021
cpu MHz		: 2976.577
cache size	: 512 KB
physical id	: 0
siblings	: 16
core id		: 7
cpu cores	: 8
apicid		: 15
initial apicid	: 15
fpu		: yes
fpu_exception	: yes
cpuid level	: 16
wp		: yes
flags		: fpu vme de pse tsc msr pae mce cx8 apic sep mtrr pge mca cmov pat pse36 clflush mmx fxsr sse sse2 ht syscall nx mmxext fxsr_opt pdpe1gb rdtscp lm constant_tsc rep_good nopl nonstop_tsc cpuid extd_apicid aperfmperf pni pclmulqdq monitor ssse3 fma cx16 sse4_1 sse4_2 movbe popcnt aes xsave avx f16c rdrand lahf_lm cmp_legacy svm extapic cr8_legacy abm sse4a misalignsse 3dnowprefetch osvw ibs skinit wdt tce topoext perfctr_core perfctr_nb bpext perfctr_llc mwaitx cpb cat_l3 cdp_l3 hw_pstate sme ssbd mba sev ibpb stibp vmmcall sev_es fsgsbase bmi1 avx2 smep bmi2 cqm rdt_a rdseed adx smap clflushopt clwb sha_ni xsaveopt xsavec xgetbv1 xsaves cqm_llc cqm_occup_llc cqm_mbm_total cqm_mbm_local clzero irperf xsaveerptr rdpru wbnoinvd arat npt lbrv svm_lock nrip_save tsc_scale vmcb_clean flushbyasid decodeassists pausefilter pfthreshold avic v_vmsave_vmload vgif umip rdpid overflow_recov succor smca
bugs		: sysret_ss_attrs spectre_v1 spectre_v2 spec_store_bypass
bogomips	: 7785.42
TLB size	: 3072 4K pages
clflush size	: 64
cache_alignment	: 64
address sizes	: 43 bits physical, 48 bits virtual
power management: ts ttp tm hwpstate cpb eff_freq_ro [13] [14]



Memory: 4k page, physical 65868308k(1051532k free), swap 41554936k(39024632k free)

vm_info: OpenJDK 64-Bit Server VM (25.282-b08) for linux-amd64 JRE (1.8.0_282-b08), built on Jan 14 2021 07:18:50 by "jenkins" with gcc 7.3.1 20180303 (Red Hat 7.3.1-5)

time: Thu Oct 21 00:29:12 2021
timezone: EDT
elapsed time: 1.553961 seconds (0d 0h 0m 1s)

