#
# A fatal error has been detected by the Java Runtime Environment:
#
#  SIGSEGV (0xb) at pc=0x0000000041dceef1, pid=1746744, tid=0x00007fde525d6640
#
# JRE version: OpenJDK Runtime Environment (8.0_282-b08) (build 1.8.0_282-b08)
# Java VM: OpenJDK 64-Bit Server VM (25.282-b08 mixed mode linux-amd64 compressed oops)
# Problematic frame:
# C  0x0000000041dceef1
#
# Failed to write core dump. Core dumps have been disabled. To enable core dumping, try "ulimit -c unlimited" before starting Java again
#
# If you would like to submit a bug report, please include
# instructions on how to reproduce the bug and visit:
#   https://github.com/corretto/corretto-8/issues/
# The crash happened outside the Java Virtual Machine in native code.
# See problematic frame for where to report the bug.
#

---------------  T H R E A D  ---------------

Current thread (0x00007fde4c00d800):  JavaThread "main" [_thread_in_native, id=1746749, stack(0x00007fde524d7000,0x00007fde525d7000)]

siginfo: si_signo: 11 (SIGSEGV), si_code: 2 (SEGV_ACCERR), si_addr: 0x00007fdd77dde001

Registers:
RAX=0x0000000041dceec0, RBX=0x00000000ff000000, RCX=0x0000000000000003, RDX=0x0000000000000000
RSP=0x00007fde525d4d98, RBP=0x000000000000020b, RSI=0x00007fdd77dddfff, RDI=0x00007fdd6e52f784
R8 =0x0000000000000400, R9 =0x00007fdd6e52efb0, R10=0x00007fdd77ddda20, R11=0x00007fdd6e52efb0
R12=0x0000000041701000, R13=0x00007fdd969a7240, R14=0x0000000000000000, R15=0x00000000000003d2
RIP=0x0000000041dceef1, EFLAGS=0x0000000000010202, CSGSFS=0x002b000000000033, ERR=0x0000000000000004
  TRAPNO=0x000000000000000e

Top of Stack: (sp=0x00007fde525d4d98)
0x00007fde525d4d98:   00007fdd77ddda20 00007fdd6e52efb0
0x00007fde525d4da8:   00007fde525d4f30 0000000000000400
0x00007fde525d4db8:   00007fdd969a782d 0000000000000400
0x00007fde525d4dc8:   0000000100000000 00007fde4c5d1840
0x00007fde525d4dd8:   00007fde525d4f30 0000000041701000
0x00007fde525d4de8:   00007fdd97ff5260 00007fdd969a77d0
0x00007fde525d4df8:   00007fdd6e15d390 0000000000000000
0x00007fde525d4e08:   00007fdd969b1841 0000000100000001
0x00007fde525d4e18:   0000000100000400 0000004f0000004f
0x00007fde525d4e28:   0000000000000005 0000000000000000
0x00007fde525d4e38:   0000000000000000 00007fdd6e15d890
0x00007fde525d4e48:   0000000041701000 00007fdd6e15d390
0x00007fde525d4e58:   0000000000000000 00007fde525d4f30
0x00007fde525d4e68:   00007fdd6e15d890 00007fdd97ff1280
0x00007fde525d4e78:   00007fdd96ac6700 00007fde4c985860
0x00007fde525d4e88:   00007fdd00000400 0000000000000000
0x00007fde525d4e98:   0000000100000400 0000000000000001
0x00007fde525d4ea8:   00007fde4c5720c0 000000004cc5b800
0x00007fde525d4eb8:   0000000000000002 000056069359d1f0
0x00007fde525d4ec8:   00007fde537efc87 0000000000000001
0x00007fde525d4ed8:   00007fde4c000080 0000000000000000
0x00007fde525d4ee8:   00007fdd6c000000 0000000000401000
0x00007fde525d4ef8:   0000000000400040 000000000255e000
0x00007fde525d4f08:   000000000215e000 0000000000000000
0x00007fde525d4f18:   0000000000400017 0000000000400020
0x00007fde525d4f28:   00007fde4c000020 0000000800000019
0x00007fde525d4f38:   00007fdd77b00e20 00007fdd77ddda20
0x00007fde525d4f48:   0000000000000000 0000000000000000
0x00007fde525d4f58:   0000000000000000 0000000300000c00
0x00007fde525d4f68:   0000000300000003 0000000000000001
0x00007fde525d4f78:   0000000000000000 000000000000007e
0x00007fde525d4f88:   0000000000000000 0000040000000400 

Instructions: (pc=0x0000000041dceef1)
0x0000000041dceed1:   8b f2 49 8b fb 41 8b e8 85 ed 0f 84 36 00 00 00
0x0000000041dceee1:   b9 03 00 00 00 0f 8f 05 00 00 00 48 f7 d9 f7 dd
0x0000000041dceef1:   0f b6 5e 02 c1 e3 10 0f b7 16 0b da 48 03 f1 48
0x0000000041dcef01:   83 c7 04 81 e3 ff ff ff 00 81 cb 00 00 00 ff ff 

Register to memory mapping:

RAX=0x0000000041dceec0 is an unknown value
RBX=0x00000000ff000000 is an unknown value
RCX=0x0000000000000003 is an unknown value
RDX=0x0000000000000000 is an unknown value
RSP=0x00007fde525d4d98 is pointing into the stack for thread: 0x00007fde4c00d800
RBP=0x000000000000020b is an unknown value
RSI=0x00007fdd77dddfff is an unknown value
RDI=0x00007fdd6e52f784 is an unknown value
R8 =0x0000000000000400 is an unknown value
R9 =0x00007fdd6e52efb0 is an unknown value
R10=0x00007fdd77ddda20 is an unknown value
R11=0x00007fdd6e52efb0 is an unknown value
R12=0x0000000041701000 is an unknown value
R13=0x00007fdd969a7240: <offset 0xa62240> in /lib/x86_64-linux-gnu/libnvidia-glcore.so.470.82.00 at 0x00007fdd95f45000
R14=0x0000000000000000 is an unknown value
R15=0x00000000000003d2 is an unknown value


Stack: [0x00007fde524d7000,0x00007fde525d7000],  sp=0x00007fde525d4d98,  free space=1015k
Native frames: (J=compiled Java code, j=interpreted, Vv=VM code, C=native code)
C  0x0000000041dceef1

Java frames: (J=compiled Java code, j=interpreted, Vv=VM code)
j  org.lwjgl.opengl.GL11C.nglTexImage2D(IIIIIIIIJ)V+0
j  org.lwjgl.opengl.GL11C.glTexImage2D(IIIIIIIILjava/nio/ByteBuffer;)V+17
j  org.lwjgl.opengl.GL11.glTexImage2D(IIIIIIIILjava/nio/ByteBuffer;)V+14
j  com.game.engine.TextureLoader.loadTextureI(Ljava/lang/String;Lcom/game/engine/datatypes/ogl/TextureData;FII)Lcom/game/engine/datatypes/ogl/Texture;+78
j  com.game.engine.threading.GameRegistry.lambda$1(Ljava/lang/String;)V+24
j  com.game.engine.threading.GameRegistry$$Lambda$43.run()V+4
J 979 C1 com.game.engine.threading.Threading.processMain(J)V (55 bytes) @ 0x00007fde3d552544 [0x00007fde3d552140+0x404]
j  com.game.engine.display.DisplayManager.updateDisplay()V+138
j  com.game.Main.main([Ljava/lang/String;)V+350
v  ~StubRoutines::call_stub

---------------  P R O C E S S  ---------------

Java Threads: ( => current thread )
  0x00007fde4cc57000 JavaThread "pool-1-thread-1" [_thread_in_native, id=1746782, stack(0x00007fde204f0000,0x00007fde205f1000)]
  0x00007fde4cc3f000 JavaThread "Java2D Disposer" daemon [_thread_blocked, id=1746781, stack(0x00007fde205f1000,0x00007fde206f2000)]
  0x00007fde4c0f1000 JavaThread "Service Thread" daemon [_thread_blocked, id=1746779, stack(0x00007fde236f7000,0x00007fde237f8000)]
  0x00007fde4c0ec000 JavaThread "C1 CompilerThread11" daemon [_thread_blocked, id=1746778, stack(0x00007fde237f9000,0x00007fde238f9000)]
  0x00007fde4c0e9800 JavaThread "C1 CompilerThread10" daemon [_thread_blocked, id=1746777, stack(0x00007fde238fa000,0x00007fde239fa000)]
  0x00007fde4c0e7800 JavaThread "C1 CompilerThread9" daemon [_thread_blocked, id=1746776, stack(0x00007fde239fb000,0x00007fde23afb000)]
  0x00007fde4c0e5800 JavaThread "C1 CompilerThread8" daemon [_thread_blocked, id=1746775, stack(0x00007fde23afc000,0x00007fde23bfc000)]
  0x00007fde4c0e3000 JavaThread "C2 CompilerThread7" daemon [_thread_blocked, id=1746774, stack(0x00007fde23bfd000,0x00007fde23cfd000)]
  0x00007fde4c0e1000 JavaThread "C2 CompilerThread6" daemon [_thread_blocked, id=1746773, stack(0x00007fde23cfe000,0x00007fde23dfe000)]
  0x00007fde4c0df000 JavaThread "C2 CompilerThread5" daemon [_thread_blocked, id=1746772, stack(0x00007fde23dff000,0x00007fde23eff000)]
  0x00007fde4c0dc800 JavaThread "C2 CompilerThread4" daemon [_thread_blocked, id=1746771, stack(0x00007fde23f00000,0x00007fde24000000)]
  0x00007fde4c0da800 JavaThread "C2 CompilerThread3" daemon [_thread_blocked, id=1746770, stack(0x00007fde280eb000,0x00007fde281eb000)]
  0x00007fde4c0d8800 JavaThread "C2 CompilerThread2" daemon [_thread_blocked, id=1746769, stack(0x00007fde281ec000,0x00007fde282ec000)]
  0x00007fde4c0d6800 JavaThread "C2 CompilerThread1" daemon [_thread_blocked, id=1746768, stack(0x00007fde282ed000,0x00007fde283ed000)]
  0x00007fde4c0d3800 JavaThread "C2 CompilerThread0" daemon [_thread_blocked, id=1746767, stack(0x00007fde283ee000,0x00007fde284ee000)]
  0x00007fde4c0d0800 JavaThread "Signal Dispatcher" daemon [_thread_blocked, id=1746766, stack(0x00007fde284ee000,0x00007fde285ef000)]
  0x00007fde4c09d800 JavaThread "Finalizer" daemon [_thread_blocked, id=1746765, stack(0x00007fde28e8e000,0x00007fde28f8f000)]
  0x00007fde4c099000 JavaThread "Reference Handler" daemon [_thread_blocked, id=1746764, stack(0x00007fde28f8f000,0x00007fde29090000)]
=>0x00007fde4c00d800 JavaThread "main" [_thread_in_native, id=1746749, stack(0x00007fde524d7000,0x00007fde525d7000)]

Other Threads:
  0x00007fde4c08f000 VMThread [stack: 0x00007fde29091000,0x00007fde29191000] [id=1746763]
  0x00007fde4c0f3800 WatcherThread [stack: 0x00007fde235f7000,0x00007fde236f7000] [id=1746780]

VM state:not at safepoint (normal execution)

VM Mutex/Monitor currently owned by a thread: None

heap address: 0x00000003d2e00000, size: 16082 MB, Compressed Oops mode: Zero based, Oop shift amount: 3
Narrow klass base: 0x0000000000000000, Narrow klass shift: 3
Compressed class space size: 1073741824 Address: 0x00000007c0000000

Heap:
 PSYoungGen      total 300544K, used 46459K [0x0000000670f80000, 0x0000000685e80000, 0x00000007c0000000)
  eden space 258048K, 18% used [0x0000000670f80000,0x0000000673cdee18,0x0000000680b80000)
  from space 42496K, 0% used [0x0000000683500000,0x0000000683500000,0x0000000685e80000)
  to   space 42496K, 0% used [0x0000000680b80000,0x0000000680b80000,0x0000000683500000)
 ParOldGen       total 687104K, used 0K [0x00000003d2e00000, 0x00000003fcd00000, 0x0000000670f80000)
  object space 687104K, 0% used [0x00000003d2e00000,0x00000003d2e00000,0x00000003fcd00000)
 Metaspace       used 12542K, capacity 12863K, committed 13056K, reserved 1060864K
  class space    used 1083K, capacity 1205K, committed 1280K, reserved 1048576K

Card table byte_map: [0x00007fde3b096000,0x00007fde3d000000] byte_map_base: 0x00007fde391ff000

Marking Bits: (ParMarkBitMap*) 0x00007fde53749780
 Begin Bits: [0x00007fdddc970000, 0x00007fddec4b8000)
 End Bits:   [0x00007fddec4b8000, 0x00007fddfc000000)

Polling page: 0x00007fde53bb4000

CodeCache: size=245760Kb used=5453Kb max_used=5453Kb free=240306Kb
 bounds [0x00007fde3d000000, 0x00007fde3d560000, 0x00007fde4c000000]
 total_blobs=2001 nmethods=983 adapters=930
 compilation: enabled

Compilation events (10 events):
Event: 2.843 Thread 0x00007fde4c0e5800 nmethod 977 0x00007fde3d551610 code [0x00007fde3d5517a0, 0x00007fde3d551a78]
Event: 2.843 Thread 0x00007fde4c0ec000 nmethod 980 0x00007fde3d551c10 code [0x00007fde3d551d80, 0x00007fde3d551ef0]
Event: 2.843 Thread 0x00007fde4c0e9800 nmethod 979 0x00007fde3d551f90 code [0x00007fde3d552140, 0x00007fde3d552748]
Event: 2.843 Thread 0x00007fde4c0e7800 nmethod 973 0x00007fde3d552950 code [0x00007fde3d552b60, 0x00007fde3d553438]
Event: 2.936 Thread 0x00007fde4c0e5800  981       3       org.lwjgl.system.Checks::check (7 bytes)
Event: 2.936 Thread 0x00007fde4c0e5800 nmethod 981 0x00007fde3d553790 code [0x00007fde3d553900, 0x00007fde3d553b08]
Event: 3.311 Thread 0x00007fde4c0ec000  982       3       org.lwjgl.system.MemoryUtil::memLengthUTF8 (107 bytes)
Event: 3.311 Thread 0x00007fde4c0ec000 nmethod 982 0x00007fde3d553c10 code [0x00007fde3d553de0, 0x00007fde3d554438]
Event: 3.400 Thread 0x00007fde4c0e9800  983       3       java.lang.Math::max (12 bytes)
Event: 3.401 Thread 0x00007fde4c0e9800 nmethod 983 0x00007fde3d554650 code [0x00007fde3d5547c0, 0x00007fde3d554950]

GC Heap History (0 events):
No events

Deoptimization events (3 events):
Event: 0.067 Thread 0x00007fde4c00d800 Uncommon trap: reason=unstable_if action=reinterpret pc=0x00007fde3d2c31a8 method=java.lang.String.hashCode()I @ 14
Event: 0.138 Thread 0x00007fde4c00d800 Uncommon trap: reason=unstable_if action=reinterpret pc=0x00007fde3d3984a0 method=java.io.DataInputStream.readUTF(Ljava/io/DataInput;)Ljava/lang/String; @ 31
Event: 0.150 Thread 0x00007fde4c00d800 Uncommon trap: reason=unstable_if action=reinterpret pc=0x00007fde3d3aa980 method=java.lang.String.indexOf([CII[CIII)I @ 134

Classes redefined (0 events):
No events

Internal exceptions (10 events):
Event: 0.108 Thread 0x00007fde4c00d800 Exception <a 'java/security/PrivilegedActionException'> (0x0000000671224228) thrown at [/home/jenkins/node/workspace/Corretto8/generic_linux/x64/build/Corretto8Src/installers/linux/universal/tar/corretto-build/buildRoot/src/hotspot/src/share/vm/prims/jvm.
Event: 0.108 Thread 0x00007fde4c00d800 Exception <a 'java/security/PrivilegedActionException'> (0x0000000671224438) thrown at [/home/jenkins/node/workspace/Corretto8/generic_linux/x64/build/Corretto8Src/installers/linux/universal/tar/corretto-build/buildRoot/src/hotspot/src/share/vm/prims/jvm.
Event: 0.171 Thread 0x00007fde4c00d800 Exception <a 'java/lang/NoSuchMethodError': java.lang.Object.lambda$static$0(Ljava/lang/String;)Ljava/lang/Boolean;> (0x0000000672a03198) thrown at [/home/jenkins/node/workspace/Corretto8/generic_linux/x64/build/Corretto8Src/installers/linux/universal/tar
Event: 0.195 Thread 0x00007fde4c00d800 Exception <a 'sun/nio/fs/UnixException'> (0x0000000672b613a8) thrown at [/home/jenkins/node/workspace/Corretto8/generic_linux/x64/build/Corretto8Src/installers/linux/universal/tar/corretto-build/buildRoot/src/hotspot/src/share/vm/prims/jni.cpp, line 711]
Event: 0.207 Thread 0x00007fde4c00d800 Exception <a 'sun/nio/fs/UnixException'> (0x0000000672c2ae60) thrown at [/home/jenkins/node/workspace/Corretto8/generic_linux/x64/build/Corretto8Src/installers/linux/universal/tar/corretto-build/buildRoot/src/hotspot/src/share/vm/prims/jni.cpp, line 711]
Event: 0.417 Thread 0x00007fde4c00d800 Exception <a 'sun/nio/fs/UnixException'> (0x0000000672d1ed98) thrown at [/home/jenkins/node/workspace/Corretto8/generic_linux/x64/build/Corretto8Src/installers/linux/universal/tar/corretto-build/buildRoot/src/hotspot/src/share/vm/prims/jni.cpp, line 711]
Event: 0.418 Thread 0x00007fde4c00d800 Exception <a 'sun/nio/fs/UnixException'> (0x0000000672d2cc58) thrown at [/home/jenkins/node/workspace/Corretto8/generic_linux/x64/build/Corretto8Src/installers/linux/universal/tar/corretto-build/buildRoot/src/hotspot/src/share/vm/prims/jni.cpp, line 711]
Event: 0.680 Thread 0x00007fde4c00d800 Exception <a 'java/io/FileNotFoundException'> (0x00000006735897d0) thrown at [/home/jenkins/node/workspace/Corretto8/generic_linux/x64/build/Corretto8Src/installers/linux/universal/tar/corretto-build/buildRoot/src/hotspot/src/share/vm/prims/jni.cpp, line 
Event: 0.680 Thread 0x00007fde4c00d800 Exception <a 'java/io/FileNotFoundException'> (0x000000067358a1f0) thrown at [/home/jenkins/node/workspace/Corretto8/generic_linux/x64/build/Corretto8Src/installers/linux/universal/tar/corretto-build/buildRoot/src/hotspot/src/share/vm/prims/jni.cpp, line 
Event: 0.725 Thread 0x00007fde4cc57000 Exception <a 'sun/nio/fs/UnixException'> (0x000000067380ae80) thrown at [/home/jenkins/node/workspace/Corretto8/generic_linux/x64/build/Corretto8Src/installers/linux/universal/tar/corretto-build/buildRoot/src/hotspot/src/share/vm/prims/jni.cpp, line 711]

Events (10 events):
Event: 0.745 loading class org/lwjgl/opengl/GL21C
Event: 0.745 loading class org/lwjgl/opengl/GL21C done
Event: 0.745 loading class org/lwjgl/opengl/GL20C
Event: 0.745 loading class org/lwjgl/opengl/GL20C done
Event: 0.745 loading class org/lwjgl/opengl/GL15C
Event: 0.745 loading class org/lwjgl/opengl/GL15C done
Event: 0.746 loading class org/lwjgl/opengl/GL14C
Event: 0.746 loading class org/lwjgl/opengl/GL14C done
Event: 1.017 Thread 0x00007fde4c00d800 DEOPT PACKING pc=0x00007fde3d549a5c sp=0x00007fde525d5750
Event: 1.017 Thread 0x00007fde4c00d800 DEOPT UNPACKING pc=0x00007fde3d0470c4 sp=0x00007fde525d54f8 mode 0


Dynamic libraries:
41701000-417b0000 rw-p 00000000 00:00 0 
41dcd000-41dcf000 r-xs 00000000 00:01 90055                              /memfd:/.glXXXXXX (deleted)
3d2e00000-3fcd00000 rw-p 00000000 00:00 0 
3fcd00000-670f80000 ---p 00000000 00:00 0 
670f80000-685e80000 rw-p 00000000 00:00 0 
685e80000-7c0000000 ---p 00000000 00:00 0 
7c0000000-7c0140000 rw-p 00000000 00:00 0 
7c0140000-800000000 ---p 00000000 00:00 0 
560c0f000000-560c0f001000 r-xp 00000000 08:34 5114662                    /usr/lib/jvm/java-1.8.0-amazon-corretto/jre/bin/java
560c0f200000-560c0f201000 r--p 00000000 08:34 5114662                    /usr/lib/jvm/java-1.8.0-amazon-corretto/jre/bin/java
560c0f201000-560c0f202000 rw-p 00001000 08:34 5114662                    /usr/lib/jvm/java-1.8.0-amazon-corretto/jre/bin/java
560c1015f000-560c10180000 rw-p 00000000 00:00 0                          [heap]
7fdd64000000-7fdd64601000 rw-p 00000000 00:00 0 
7fdd64601000-7fdd68000000 ---p 00000000 00:00 0 
7fdd6c000000-7fdd6e55e000 rw-p 00000000 00:00 0 
7fdd6e55e000-7fdd70000000 ---p 00000000 00:00 0 
7fdd74000000-7fdd77dde000 rw-p 00000000 00:00 0 
7fdd77dde000-7fdd78000000 ---p 00000000 00:00 0 
7fdd78000000-7fdd7bf11000 rw-p 00000000 00:00 0 
7fdd7bf11000-7fdd7c000000 ---p 00000000 00:00 0 
7fdd7c000000-7fdd7ffd1000 rw-p 00000000 00:00 0 
7fdd7ffd1000-7fdd80000000 ---p 00000000 00:00 0 
7fdd84000000-7fdd87c17000 rw-p 00000000 00:00 0 
7fdd87c17000-7fdd88000000 ---p 00000000 00:00 0 
7fdd88000000-7fdd8bffa000 rw-p 00000000 00:00 0 
7fdd8bffa000-7fdd8c000000 ---p 00000000 00:00 0 
7fdd8c000000-7fdd8c021000 rw-p 00000000 00:00 0 
7fdd8c021000-7fdd90000000 ---p 00000000 00:00 0 
7fdd90000000-7fdd90021000 rw-p 00000000 00:00 0 
7fdd90021000-7fdd94000000 ---p 00000000 00:00 0 
7fdd95345000-7fdd95745000 rw-s 00000000 00:05 1034                       /dev/nvidiactl
7fdd95745000-7fdd95b45000 rw-s 00000000 00:05 1034                       /dev/nvidiactl
7fdd95d45000-7fdd95f45000 rw-s 00000000 00:05 1034                       /dev/nvidiactl
7fdd95f45000-7fdd971a6000 r-xp 00000000 08:34 3932713                    /usr/lib/x86_64-linux-gnu/libnvidia-glcore.so.470.82.00
7fdd971a6000-7fdd971c7000 rwxp 01261000 08:34 3932713                    /usr/lib/x86_64-linux-gnu/libnvidia-glcore.so.470.82.00
7fdd971c7000-7fdd976df000 r-xp 01282000 08:34 3932713                    /usr/lib/x86_64-linux-gnu/libnvidia-glcore.so.470.82.00
7fdd976df000-7fdd978df000 ---p 0179a000 08:34 3932713                    /usr/lib/x86_64-linux-gnu/libnvidia-glcore.so.470.82.00
7fdd978df000-7fdd97e3a000 r--p 0179a000 08:34 3932713                    /usr/lib/x86_64-linux-gnu/libnvidia-glcore.so.470.82.00
7fdd97e3a000-7fdd97fde000 rw-p 01cf5000 08:34 3932713                    /usr/lib/x86_64-linux-gnu/libnvidia-glcore.so.470.82.00
7fdd97fde000-7fdd98000000 rw-p 00000000 00:00 0 
7fdd98000000-7fdd980cb000 rw-p 00000000 00:00 0 
7fdd980cb000-7fdd9c000000 ---p 00000000 00:00 0 
7fdd9c000000-7fdd9c021000 rw-p 00000000 00:00 0 
7fdd9c021000-7fdda0000000 ---p 00000000 00:00 0 
7fdda0000000-7fdda009c000 rw-p 00000000 00:00 0 
7fdda009c000-7fdda4000000 ---p 00000000 00:00 0 
7fdda4000000-7fdda410b000 rw-p 00000000 00:00 0 
7fdda410b000-7fdda8000000 ---p 00000000 00:00 0 
7fdda8000000-7fdda8021000 rw-p 00000000 00:00 0 
7fdda8021000-7fddac000000 ---p 00000000 00:00 0 
7fddac000000-7fddac142000 rw-p 00000000 00:00 0 
7fddac142000-7fddb0000000 ---p 00000000 00:00 0 
7fddb0000000-7fddb0021000 rw-p 00000000 00:00 0 
7fddb0021000-7fddb4000000 ---p 00000000 00:00 0 
7fddb4000000-7fddb4021000 rw-p 00000000 00:00 0 
7fddb4021000-7fddb8000000 ---p 00000000 00:00 0 
7fddb8000000-7fddb8095000 rw-p 00000000 00:00 0 
7fddb8095000-7fddbc000000 ---p 00000000 00:00 0 
7fddbc000000-7fddbc031000 rw-p 00000000 00:00 0 
7fddbc031000-7fddc0000000 ---p 00000000 00:00 0 
7fddc0000000-7fddc0021000 rw-p 00000000 00:00 0 
7fddc0021000-7fddc4000000 ---p 00000000 00:00 0 
7fddc4000000-7fddc416f000 rw-p 00000000 00:00 0 
7fddc416f000-7fddc8000000 ---p 00000000 00:00 0 
7fddc8000000-7fddc8021000 rw-p 00000000 00:00 0 
7fddc8021000-7fddcc000000 ---p 00000000 00:00 0 
7fddcc000000-7fddcc0fc000 rw-p 00000000 00:00 0 
7fddcc0fc000-7fddd0000000 ---p 00000000 00:00 0 
7fddd0000000-7fddd0021000 rw-p 00000000 00:00 0 
7fddd0021000-7fddd4000000 ---p 00000000 00:00 0 
7fddd4000000-7fddd4021000 rw-p 00000000 00:00 0 
7fddd4021000-7fddd8000000 ---p 00000000 00:00 0 
7fddd8000000-7fddd8021000 rw-p 00000000 00:00 0 
7fddd8021000-7fdddc000000 ---p 00000000 00:00 0 
7fdddc170000-7fdddc570000 rw-s 00000000 00:05 1034                       /dev/nvidiactl
7fdddc570000-7fdddc970000 rw-s 00000000 00:05 1034                       /dev/nvidiactl
7fdddc970000-7fddfc000000 rw-p 00000000 00:00 0 
7fddfc000000-7fddfc021000 rw-p 00000000 00:00 0 
7fddfc021000-7fde00000000 ---p 00000000 00:00 0 
7fde00000000-7fde00021000 rw-p 00000000 00:00 0 
7fde00021000-7fde04000000 ---p 00000000 00:00 0 
7fde04000000-7fde04021000 rw-p 00000000 00:00 0 
7fde04021000-7fde08000000 ---p 00000000 00:00 0 
7fde08000000-7fde08021000 rw-p 00000000 00:00 0 
7fde08021000-7fde0c000000 ---p 00000000 00:00 0 
7fde0c000000-7fde0c021000 rw-p 00000000 00:00 0 
7fde0c021000-7fde10000000 ---p 00000000 00:00 0 
7fde10000000-7fde10021000 rw-p 00000000 00:00 0 
7fde10021000-7fde14000000 ---p 00000000 00:00 0 
7fde14000000-7fde14021000 rw-p 00000000 00:00 0 
7fde14021000-7fde18000000 ---p 00000000 00:00 0 
7fde18000000-7fde18021000 rw-p 00000000 00:00 0 
7fde18021000-7fde1c000000 ---p 00000000 00:00 0 
7fde1c000000-7fde1c021000 rw-p 00000000 00:00 0 
7fde1c021000-7fde20000000 ---p 00000000 00:00 0 
7fde2008f000-7fde2028f000 rw-s 00000000 00:05 1034                       /dev/nvidiactl
7fde2028f000-7fde202ee000 r-xp 00000000 08:34 9437839                    /tmp/lwjglbrett/3.2.3-build-13/liblwjgl_stb.so
7fde202ee000-7fde204ed000 ---p 0005f000 08:34 9437839                    /tmp/lwjglbrett/3.2.3-build-13/liblwjgl_stb.so
7fde204ed000-7fde204ee000 r--p 0005e000 08:34 9437839                    /tmp/lwjglbrett/3.2.3-build-13/liblwjgl_stb.so
7fde204ee000-7fde204ef000 rw-p 0005f000 08:34 9437839                    /tmp/lwjglbrett/3.2.3-build-13/liblwjgl_stb.so
7fde204ef000-7fde204f0000 rw-p 00000000 00:00 0 
7fde204f0000-7fde204f3000 ---p 00000000 00:00 0 
7fde204f3000-7fde205f1000 rw-p 00000000 00:00 0 
7fde205f1000-7fde205f4000 ---p 00000000 00:00 0 
7fde205f4000-7fde206f2000 rw-p 00000000 00:00 0 
7fde206f2000-7fde206f7000 r-xp 00000000 08:34 3943336                    /usr/lib/x86_64-linux-gnu/libXtst.so.6.1.0
7fde206f7000-7fde208f6000 ---p 00005000 08:34 3943336                    /usr/lib/x86_64-linux-gnu/libXtst.so.6.1.0
7fde208f6000-7fde208f7000 r--p 00004000 08:34 3943336                    /usr/lib/x86_64-linux-gnu/libXtst.so.6.1.0
7fde208f7000-7fde208f8000 rw-p 00005000 08:34 3943336                    /usr/lib/x86_64-linux-gnu/libXtst.so.6.1.0
7fde20941000-7fde2099c000 r-xp 00000000 08:34 5121934                    /usr/lib/jvm/java-1.8.0-amazon-corretto/jre/lib/amd64/libawt_xawt.so
7fde2099c000-7fde20b9c000 ---p 0005b000 08:34 5121934                    /usr/lib/jvm/java-1.8.0-amazon-corretto/jre/lib/amd64/libawt_xawt.so
7fde20b9c000-7fde20b9d000 r--p 0005b000 08:34 5121934                    /usr/lib/jvm/java-1.8.0-amazon-corretto/jre/lib/amd64/libawt_xawt.so
7fde20b9d000-7fde20ba0000 rw-p 0005c000 08:34 5121934                    /usr/lib/jvm/java-1.8.0-amazon-corretto/jre/lib/amd64/libawt_xawt.so
7fde20ba0000-7fde20ba2000 rw-p 00000000 00:00 0 
7fde20ba2000-7fde20c42000 r-xp 00000000 08:34 5121749                    /usr/lib/jvm/java-1.8.0-amazon-corretto/jre/lib/amd64/libawt.so
7fde20c42000-7fde20e42000 ---p 000a0000 08:34 5121749                    /usr/lib/jvm/java-1.8.0-amazon-corretto/jre/lib/amd64/libawt.so
7fde20e42000-7fde20e43000 r--p 000a0000 08:34 5121749                    /usr/lib/jvm/java-1.8.0-amazon-corretto/jre/lib/amd64/libawt.so
7fde20e43000-7fde20e4e000 rw-p 000a1000 08:34 5121749                    /usr/lib/jvm/java-1.8.0-amazon-corretto/jre/lib/amd64/libawt.so
7fde20e4e000-7fde20e73000 rw-p 00000000 00:00 0 
7fde20e73000-7fde20e78000 r--s 002f9000 08:34 5122307                    /usr/lib/jvm/java-1.8.0-amazon-corretto/jre/lib/charsets.jar
7fde20e78000-7fde20ff8000 rw-p 00000000 00:00 0 
7fde20ff8000-7fde21078000 ---p 00000000 00:00 0 
7fde21078000-7fde21278000 rw-p 00000000 00:00 0 
7fde21278000-7fde212d0000 r-xp 00000000 08:34 9437813                    /tmp/lwjglbrett/3.2.3-build-13/liblwjgl_opengl.so
7fde212d0000-7fde214cf000 ---p 00058000 08:34 9437813                    /tmp/lwjglbrett/3.2.3-build-13/liblwjgl_opengl.so
7fde214cf000-7fde214d0000 r--p 00057000 08:34 9437813                    /tmp/lwjglbrett/3.2.3-build-13/liblwjgl_opengl.so
7fde214d0000-7fde214d1000 rw-p 00058000 08:34 9437813                    /tmp/lwjglbrett/3.2.3-build-13/liblwjgl_opengl.so
7fde214d1000-7fde214d4000 r-xp 00000000 00:00 0 
7fde21654000-7fde21667000 rw-s 00000000 00:05 1034                       /dev/nvidiactl
7fde21667000-7fde216a7000 rw-s 00000000 00:05 1034                       /dev/nvidiactl
7fde216a7000-7fde216c7000 rw-s 00000000 00:05 1034                       /dev/nvidiactl
7fde216c7000-7fde21707000 rw-s 00000000 00:05 1034                       /dev/nvidiactl
7fde21707000-7fde21747000 rw-s 00000000 00:05 1034                       /dev/nvidiactl
7fde21747000-7fde218ec000 rw-s 00000000 00:01 7168                       /memfd:/.nvidia_drv.XXXXXX (deleted)
7fde218ec000-7fde218f1000 r--p 00000000 08:34 3934790                    /usr/lib/x86_64-linux-gnu/libdrm.so.2.4.0
7fde218f1000-7fde218fb000 r-xp 00005000 08:34 3934790                    /usr/lib/x86_64-linux-gnu/libdrm.so.2.4.0
7fde218fb000-7fde218ff000 r--p 0000f000 08:34 3934790                    /usr/lib/x86_64-linux-gnu/libdrm.so.2.4.0
7fde218ff000-7fde21900000 r--p 00012000 08:34 3934790                    /usr/lib/x86_64-linux-gnu/libdrm.so.2.4.0
7fde21900000-7fde21901000 rw-p 00013000 08:34 3934790                    /usr/lib/x86_64-linux-gnu/libdrm.so.2.4.0
7fde21901000-7fde2190c000 r--p 00000000 08:34 3934154                    /usr/lib/x86_64-linux-gnu/libxcb-glx.so.0.0.0
7fde2190c000-7fde21915000 r-xp 0000b000 08:34 3934154                    /usr/lib/x86_64-linux-gnu/libxcb-glx.so.0.0.0
7fde21915000-7fde2191a000 r--p 00014000 08:34 3934154                    /usr/lib/x86_64-linux-gnu/libxcb-glx.so.0.0.0
7fde2191a000-7fde2191b000 ---p 00019000 08:34 3934154                    /usr/lib/x86_64-linux-gnu/libxcb-glx.so.0.0.0
7fde2191b000-7fde2191d000 r--p 00019000 08:34 3934154                    /usr/lib/x86_64-linux-gnu/libxcb-glx.so.0.0.0
7fde2191d000-7fde2191e000 rw-p 0001b000 08:34 3934154                    /usr/lib/x86_64-linux-gnu/libxcb-glx.so.0.0.0
7fde2191e000-7fde21921000 r-xp 00000000 08:34 3932716                    /usr/lib/x86_64-linux-gnu/libnvidia-tls.so.470.82.00
7fde21921000-7fde21b21000 ---p 00003000 08:34 3932716                    /usr/lib/x86_64-linux-gnu/libnvidia-tls.so.470.82.00
7fde21b21000-7fde21b22000 r--p 00003000 08:34 3932716                    /usr/lib/x86_64-linux-gnu/libnvidia-tls.so.470.82.00
7fde21b22000-7fde21b23000 rw-p 00004000 08:34 3932716                    /usr/lib/x86_64-linux-gnu/libnvidia-tls.so.470.82.00
7fde21b23000-7fde21b95000 r-xp 00000000 08:34 3932707                    /usr/lib/x86_64-linux-gnu/libnvidia-glsi.so.470.82.00
7fde21b95000-7fde21d95000 ---p 00072000 08:34 3932707                    /usr/lib/x86_64-linux-gnu/libnvidia-glsi.so.470.82.00
7fde21d95000-7fde21dbe000 r--p 00072000 08:34 3932707                    /usr/lib/x86_64-linux-gnu/libnvidia-glsi.so.470.82.00
7fde21dbe000-7fde21dbf000 rw-p 0009b000 08:34 3932707                    /usr/lib/x86_64-linux-gnu/libnvidia-glsi.so.470.82.00
7fde21dbf000-7fde21dc6000 rw-p 00000000 00:00 0 
7fde21dc6000-7fde21e78000 r-xp 00000000 08:34 7077974                    /usr/lib/x86_64-linux-gnu/nvidia/current/libGLX_nvidia.so.470.82.00
7fde21e78000-7fde21ead000 rwxp 000b2000 08:34 7077974                    /usr/lib/x86_64-linux-gnu/nvidia/current/libGLX_nvidia.so.470.82.00
7fde21ead000-7fde21eb4000 r-xp 000e7000 08:34 7077974                    /usr/lib/x86_64-linux-gnu/nvidia/current/libGLX_nvidia.so.470.82.00
7fde21eb4000-7fde220b3000 ---p 000ee000 08:34 7077974                    /usr/lib/x86_64-linux-gnu/nvidia/current/libGLX_nvidia.so.470.82.00
7fde220b3000-7fde220fc000 r--p 000ed000 08:34 7077974                    /usr/lib/x86_64-linux-gnu/nvidia/current/libGLX_nvidia.so.470.82.00
7fde220fc000-7fde22101000 rw-p 00136000 08:34 7077974                    /usr/lib/x86_64-linux-gnu/nvidia/current/libGLX_nvidia.so.470.82.00
7fde22101000-7fde22103000 rw-p 00000000 00:00 0 
7fde22103000-7fde22143000 r--p 00000000 08:34 3939091                    /usr/lib/x86_64-linux-gnu/libGLdispatch.so.0.0.0
7fde22143000-7fde22146000 r-xp 00040000 08:34 3939091                    /usr/lib/x86_64-linux-gnu/libGLdispatch.so.0.0.0
7fde22146000-7fde22181000 r-xp 00043000 08:34 3939091                    /usr/lib/x86_64-linux-gnu/libGLdispatch.so.0.0.0
7fde22181000-7fde22182000 r-xp 0007e000 08:34 3939091                    /usr/lib/x86_64-linux-gnu/libGLdispatch.so.0.0.0
7fde22182000-7fde22196000 r--p 0007f000 08:34 3939091                    /usr/lib/x86_64-linux-gnu/libGLdispatch.so.0.0.0
7fde22196000-7fde221b2000 r--p 00092000 08:34 3939091                    /usr/lib/x86_64-linux-gnu/libGLdispatch.so.0.0.0
7fde221b2000-7fde221b3000 rw-p 000ae000 08:34 3939091                    /usr/lib/x86_64-linux-gnu/libGLdispatch.so.0.0.0
7fde221b3000-7fde221bb000 rw-p 00000000 00:00 0 
7fde221bb000-7fde221fe000 r--p 00000000 08:34 6292234                    /usr/lib/mesa-diverted/x86_64-linux-gnu/libGL.so.1.7.0
7fde221fe000-7fde22201000 r-xp 00043000 08:34 6292234                    /usr/lib/mesa-diverted/x86_64-linux-gnu/libGL.so.1.7.0
7fde22201000-7fde2221c000 r-xp 00046000 08:34 6292234                    /usr/lib/mesa-diverted/x86_64-linux-gnu/libGL.so.1.7.0
7fde2221c000-7fde2221d000 r-xp 00061000 08:34 6292234                    /usr/lib/mesa-diverted/x86_64-linux-gnu/libGL.so.1.7.0
7fde2221d000-7fde22232000 r--p 00062000 08:34 6292234                    /usr/lib/mesa-diverted/x86_64-linux-gnu/libGL.so.1.7.0
7fde22232000-7fde22240000 r--p 00076000 08:34 6292234                    /usr/lib/mesa-diverted/x86_64-linux-gnu/libGL.so.1.7.0
7fde22240000-7fde22241000 rw-p 00084000 08:34 6292234                    /usr/lib/mesa-diverted/x86_64-linux-gnu/libGL.so.1.7.0
7fde22241000-7fde22242000 rw-p 00000000 00:00 0 
7fde22242000-7fde22243000 r-xp 00000000 00:00 0 
7fde22243000-7fde22244000 r-xp 00000000 00:00 0 
7fde22244000-7fde22247000 rw-s 00000000 00:05 1034                       /dev/nvidiactl
7fde2224b000-7fde2226b000 rw-s 00000000 00:05 1034                       /dev/nvidiactl
7fde2228b000-7fde2228c000 r--p 00000000 08:34 3934439                    /usr/lib/x86_64-linux-gnu/libX11-xcb.so.1.0.0
7fde2228c000-7fde2228d000 r-xp 00001000 08:34 3934439                    /usr/lib/x86_64-linux-gnu/libX11-xcb.so.1.0.0
7fde2228d000-7fde2228e000 r--p 00002000 08:34 3934439                    /usr/lib/x86_64-linux-gnu/libX11-xcb.so.1.0.0
7fde2228e000-7fde2228f000 r--p 00002000 08:34 3934439                    /usr/lib/x86_64-linux-gnu/libX11-xcb.so.1.0.0
7fde2228f000-7fde22290000 rw-p 00003000 08:34 3934439                    /usr/lib/x86_64-linux-gnu/libX11-xcb.so.1.0.0
7fde22290000-7fde22291000 r--p 00000000 08:34 3949702                    /usr/lib/x86_64-linux-gnu/libXinerama.so.1.0.0
7fde22291000-7fde22292000 r-xp 00001000 08:34 3949702                    /usr/lib/x86_64-linux-gnu/libXinerama.so.1.0.0
7fde22292000-7fde22293000 r--p 00002000 08:34 3949702                    /usr/lib/x86_64-linux-gnu/libXinerama.so.1.0.0
7fde22293000-7fde22294000 r--p 00002000 08:34 3949702                    /usr/lib/x86_64-linux-gnu/libXinerama.so.1.0.0
7fde22294000-7fde22295000 rw-p 00003000 08:34 3949702                    /usr/lib/x86_64-linux-gnu/libXinerama.so.1.0.0
7fde22295000-7fde22298000 r--p 00000000 08:34 3943331                    /usr/lib/x86_64-linux-gnu/libXcursor.so.1.0.2
7fde22298000-7fde2229e000 r-xp 00003000 08:34 3943331                    /usr/lib/x86_64-linux-gnu/libXcursor.so.1.0.2
7fde2229e000-7fde222a0000 r--p 00009000 08:34 3943331                    /usr/lib/x86_64-linux-gnu/libXcursor.so.1.0.2
7fde222a0000-7fde222a1000 r--p 0000a000 08:34 3943331                    /usr/lib/x86_64-linux-gnu/libXcursor.so.1.0.2
7fde222a1000-7fde222a2000 rw-p 0000b000 08:34 3943331                    /usr/lib/x86_64-linux-gnu/libXcursor.so.1.0.2
7fde222a2000-7fde222ab000 r-xp 00000000 08:34 3939156                    /usr/lib/x86_64-linux-gnu/libXrender.so.1.3.0
7fde222ab000-7fde224aa000 ---p 00009000 08:34 3939156                    /usr/lib/x86_64-linux-gnu/libXrender.so.1.3.0
7fde224aa000-7fde224ab000 r--p 00008000 08:34 3939156                    /usr/lib/x86_64-linux-gnu/libXrender.so.1.3.0
7fde224ab000-7fde224ac000 rw-p 00009000 08:34 3939156                    /usr/lib/x86_64-linux-gnu/libXrender.so.1.3.0
7fde224ac000-7fde224ae000 r--p 00000000 08:34 3974177                    /usr/lib/x86_64-linux-gnu/libXrandr.so.2.2.0
7fde224ae000-7fde224b5000 r-xp 00002000 08:34 3974177                    /usr/lib/x86_64-linux-gnu/libXrandr.so.2.2.0
7fde224b5000-7fde224b7000 r--p 00009000 08:34 3974177                    /usr/lib/x86_64-linux-gnu/libXrandr.so.2.2.0
7fde224b7000-7fde224b8000 r--p 0000a000 08:34 3974177                    /usr/lib/x86_64-linux-gnu/libXrandr.so.2.2.0
7fde224b8000-7fde224b9000 rw-p 0000b000 08:34 3974177                    /usr/lib/x86_64-linux-gnu/libXrandr.so.2.2.0
7fde224b9000-7fde224bc000 r--p 00000000 08:34 3974143                    /usr/lib/x86_64-linux-gnu/libXi.so.6.1.0
7fde224bc000-7fde224c8000 r-xp 00003000 08:34 3974143                    /usr/lib/x86_64-linux-gnu/libXi.so.6.1.0
7fde224c8000-7fde224cb000 r--p 0000f000 08:34 3974143                    /usr/lib/x86_64-linux-gnu/libXi.so.6.1.0
7fde224cb000-7fde224cc000 r--p 00011000 08:34 3974143                    /usr/lib/x86_64-linux-gnu/libXi.so.6.1.0
7fde224cc000-7fde224cd000 rw-p 00012000 08:34 3974143                    /usr/lib/x86_64-linux-gnu/libXi.so.6.1.0
7fde224cd000-7fde224d1000 r--p 00000000 08:34 3946799                    /usr/lib/x86_64-linux-gnu/libXext.so.6.4.0
7fde224d1000-7fde224dc000 r-xp 00004000 08:34 3946799                    /usr/lib/x86_64-linux-gnu/libXext.so.6.4.0
7fde224dc000-7fde224e0000 r--p 0000f000 08:34 3946799                    /usr/lib/x86_64-linux-gnu/libXext.so.6.4.0
7fde224e0000-7fde224e1000 r--p 00012000 08:34 3946799                    /usr/lib/x86_64-linux-gnu/libXext.so.6.4.0
7fde224e1000-7fde224e2000 rw-p 00013000 08:34 3946799                    /usr/lib/x86_64-linux-gnu/libXext.so.6.4.0
7fde224e2000-7fde224e7000 r-xp 00000000 08:34 3939064                    /usr/lib/x86_64-linux-gnu/libXxf86vm.so.1.0.0
7fde224e7000-7fde226e6000 ---p 00005000 08:34 3939064                    /usr/lib/x86_64-linux-gnu/libXxf86vm.so.1.0.0
7fde226e6000-7fde226e7000 r--p 00004000 08:34 3939064                    /usr/lib/x86_64-linux-gnu/libXxf86vm.so.1.0.0
7fde226e7000-7fde226e8000 rw-p 00005000 08:34 3939064                    /usr/lib/x86_64-linux-gnu/libXxf86vm.so.1.0.0
7fde226e8000-7fde226ea000 r--p 00000000 08:34 3932335                    /usr/lib/x86_64-linux-gnu/libmd.so.0.0.5
7fde226ea000-7fde226f1000 r-xp 00002000 08:34 3932335                    /usr/lib/x86_64-linux-gnu/libmd.so.0.0.5
7fde226f1000-7fde226f3000 r--p 00009000 08:34 3932335                    /usr/lib/x86_64-linux-gnu/libmd.so.0.0.5
7fde226f3000-7fde226f4000 r--p 0000a000 08:34 3932335                    /usr/lib/x86_64-linux-gnu/libmd.so.0.0.5
7fde226f4000-7fde226f5000 rw-p 0000b000 08:34 3932335                    /usr/lib/x86_64-linux-gnu/libmd.so.0.0.5
7fde226f5000-7fde226f9000 r--p 00000000 08:34 3938076                    /usr/lib/x86_64-linux-gnu/libbsd.so.0.11.3
7fde226f9000-7fde22705000 r-xp 00004000 08:34 3938076                    /usr/lib/x86_64-linux-gnu/libbsd.so.0.11.3
7fde22705000-7fde22708000 r--p 00010000 08:34 3938076                    /usr/lib/x86_64-linux-gnu/libbsd.so.0.11.3
7fde22708000-7fde22709000 ---p 00013000 08:34 3938076                    /usr/lib/x86_64-linux-gnu/libbsd.so.0.11.3
7fde22709000-7fde2270a000 r--p 00013000 08:34 3938076                    /usr/lib/x86_64-linux-gnu/libbsd.so.0.11.3
7fde2270a000-7fde2270b000 rw-p 00014000 08:34 3938076                    /usr/lib/x86_64-linux-gnu/libbsd.so.0.11.3
7fde2270b000-7fde2270c000 rw-p 00000000 00:00 0 
7fde2270c000-7fde22711000 r-xp 00000000 08:34 3938959                    /usr/lib/x86_64-linux-gnu/libXdmcp.so.6.0.0
7fde22711000-7fde22910000 ---p 00005000 08:34 3938959                    /usr/lib/x86_64-linux-gnu/libXdmcp.so.6.0.0
7fde22910000-7fde22911000 r--p 00004000 08:34 3938959                    /usr/lib/x86_64-linux-gnu/libXdmcp.so.6.0.0
7fde22911000-7fde22912000 rw-p 00005000 08:34 3938959                    /usr/lib/x86_64-linux-gnu/libXdmcp.so.6.0.0
7fde22912000-7fde2291e000 r--p 00000000 08:34 3933956                    /usr/lib/x86_64-linux-gnu/libxcb.so.1.1.0
7fde2291e000-7fde22932000 r-xp 0000c000 08:34 3933956                    /usr/lib/x86_64-linux-gnu/libxcb.so.1.1.0
7fde22932000-7fde2293b000 r--p 00020000 08:34 3933956                    /usr/lib/x86_64-linux-gnu/libxcb.so.1.1.0
7fde2293b000-7fde2293c000 r--p 00028000 08:34 3933956                    /usr/lib/x86_64-linux-gnu/libxcb.so.1.1.0
7fde2293c000-7fde2293d000 rw-p 00029000 08:34 3933956                    /usr/lib/x86_64-linux-gnu/libxcb.so.1.1.0
7fde2293d000-7fde22959000 r--p 00000000 08:34 3935585                    /usr/lib/x86_64-linux-gnu/libX11.so.6.4.0
7fde22959000-7fde229e5000 r-xp 0001c000 08:34 3935585                    /usr/lib/x86_64-linux-gnu/libX11.so.6.4.0
7fde229e5000-7fde22a79000 r--p 000a8000 08:34 3935585                    /usr/lib/x86_64-linux-gnu/libX11.so.6.4.0
7fde22a79000-7fde22a7a000 ---p 0013c000 08:34 3935585                    /usr/lib/x86_64-linux-gnu/libX11.so.6.4.0
7fde22a7a000-7fde22a7b000 r--p 0013c000 08:34 3935585                    /usr/lib/x86_64-linux-gnu/libX11.so.6.4.0
7fde22a7b000-7fde22a80000 rw-p 0013d000 08:34 3935585                    /usr/lib/x86_64-linux-gnu/libX11.so.6.4.0
7fde22a80000-7fde22a82000 rw-s 00000000 00:01 90055                      /memfd:/.glXXXXXX (deleted)
7fde22a82000-7fde22a83000 rw-s 00000000 00:05 1035                       /dev/nvidia0
7fde22a83000-7fde22a85000 rw-s 00000000 00:05 1034                       /dev/nvidiactl
7fde22a85000-7fde22a89000 rw-s 00000000 00:05 1034                       /dev/nvidiactl
7fde22a89000-7fde22a8a000 rw-s 00000000 00:05 1035                       /dev/nvidia0
7fde22a8a000-7fde22a8b000 rw-s 00000000 00:05 1035                       /dev/nvidia0
7fde22a8b000-7fde22a8c000 rw-s 00000000 00:05 1035                       /dev/nvidia0
7fde22a8c000-7fde22a8d000 rw-s 00000000 00:05 1034                       /dev/nvidiactl
7fde22a8d000-7fde22a8e000 rw-s 00000000 00:05 1034                       /dev/nvidiactl
7fde22a8e000-7fde22a91000 r--p 00000000 08:34 3937876                    /usr/lib/x86_64-linux-gnu/libGLX.so.0.0.0
7fde22a91000-7fde22aac000 r-xp 00003000 08:34 3937876                    /usr/lib/x86_64-linux-gnu/libGLX.so.0.0.0
7fde22aac000-7fde22ab0000 r--p 0001e000 08:34 3937876                    /usr/lib/x86_64-linux-gnu/libGLX.so.0.0.0
7fde22ab0000-7fde22ab1000 r--p 00021000 08:34 3937876                    /usr/lib/x86_64-linux-gnu/libGLX.so.0.0.0
7fde22ab1000-7fde22ab2000 rw-p 00022000 08:34 3937876                    /usr/lib/x86_64-linux-gnu/libGLX.so.0.0.0
7fde22ab2000-7fde22ac2000 rw-p 00000000 00:00 0 
7fde22ac2000-7fde22ac9000 r--s 00000000 08:34 3980780                    /usr/lib/x86_64-linux-gnu/gconv/gconv-modules.cache
7fde22ac9000-7fde22b0c000 r-xp 00000000 08:34 9437811                    /tmp/lwjglbrett/3.2.3-build-13/libglfw.so
7fde22b0c000-7fde22d0b000 ---p 00043000 08:34 9437811                    /tmp/lwjglbrett/3.2.3-build-13/libglfw.so
7fde22d0b000-7fde22d0c000 r--p 00042000 08:34 9437811                    /tmp/lwjglbrett/3.2.3-build-13/libglfw.so
7fde22d0c000-7fde22d0e000 rw-p 00043000 08:34 9437811                    /tmp/lwjglbrett/3.2.3-build-13/libglfw.so
7fde22d0e000-7fde22d2f000 rw-p 00000000 00:00 0 
7fde22d2f000-7fde22d80000 r-xp 00000000 08:34 9437808                    /tmp/lwjglbrett/3.2.3-build-13/liblwjgl.so
7fde22d80000-7fde22f7f000 ---p 00051000 08:34 9437808                    /tmp/lwjglbrett/3.2.3-build-13/liblwjgl.so
7fde22f7f000-7fde22f80000 r--p 00050000 08:34 9437808                    /tmp/lwjglbrett/3.2.3-build-13/liblwjgl.so
7fde22f80000-7fde22f81000 rw-p 00051000 08:34 9437808                    /tmp/lwjglbrett/3.2.3-build-13/liblwjgl.so
7fde22f81000-7fde22f8a000 r-xp 00000000 08:34 5121742                    /usr/lib/jvm/java-1.8.0-amazon-corretto/jre/lib/amd64/libmanagement.so
7fde22f8a000-7fde23189000 ---p 00009000 08:34 5121742                    /usr/lib/jvm/java-1.8.0-amazon-corretto/jre/lib/amd64/libmanagement.so
7fde23189000-7fde2318a000 r--p 00008000 08:34 5121742                    /usr/lib/jvm/java-1.8.0-amazon-corretto/jre/lib/amd64/libmanagement.so
7fde2318a000-7fde2318b000 rw-p 00009000 08:34 5121742                    /usr/lib/jvm/java-1.8.0-amazon-corretto/jre/lib/amd64/libmanagement.so
7fde2318b000-7fde2318c000 r--s 00010000 08:33 393603                     /home/brett/Documents/Brock/Gamers/Java Brock 2021 Project/Library/lib/native/lwjgl-opengles-natives-windows.jar
7fde2318c000-7fde2318d000 r--s 00004000 08:33 393601                     /home/brett/Documents/Brock/Gamers/Java Brock 2021 Project/Library/lib/native/lwjgl-opengles-natives-macos.jar
7fde2318d000-7fde2318e000 r--s 00008000 08:33 393600                     /home/brett/Documents/Brock/Gamers/Java Brock 2021 Project/Library/lib/native/lwjgl-opengles-natives-linux.jar
7fde2318e000-7fde2318f000 r--s 00095000 08:33 393594                     /home/brett/Documents/Brock/Gamers/Java Brock 2021 Project/Library/lib/native/lwjgl-openal-natives-windows-x86.jar
7fde2318f000-7fde23190000 r--s 0009e000 08:33 393595                     /home/brett/Documents/Brock/Gamers/Java Brock 2021 Project/Library/lib/native/lwjgl-openal-natives-windows.jar
7fde23190000-7fde23192000 r--s 00080000 08:33 393593                     /home/brett/Documents/Brock/Gamers/Java Brock 2021 Project/Library/lib/native/lwjgl-openal-natives-macos.jar
7fde23192000-7fde23193000 rw-s 00000000 00:05 1034                       /dev/nvidiactl
7fde23193000-7fde23194000 rw-s 00044000 00:01 7168                       /memfd:/.nvidia_drv.XXXXXX (deleted)
7fde23194000-7fde23196000 r--p 00000000 08:34 3933927                    /usr/lib/x86_64-linux-gnu/libXfixes.so.3.1.0
7fde23196000-7fde23199000 r-xp 00002000 08:34 3933927                    /usr/lib/x86_64-linux-gnu/libXfixes.so.3.1.0
7fde23199000-7fde2319a000 r--p 00005000 08:34 3933927                    /usr/lib/x86_64-linux-gnu/libXfixes.so.3.1.0
7fde2319a000-7fde2319b000 r--p 00005000 08:34 3933927                    /usr/lib/x86_64-linux-gnu/libXfixes.so.3.1.0
7fde2319b000-7fde2319c000 rw-p 00006000 08:34 3933927                    /usr/lib/x86_64-linux-gnu/libXfixes.so.3.1.0
7fde2319c000-7fde2319d000 r--p 00000000 08:34 3936017                    /usr/lib/x86_64-linux-gnu/libXau.so.6.0.0
7fde2319d000-7fde2319e000 r-xp 00001000 08:34 3936017                    /usr/lib/x86_64-linux-gnu/libXau.so.6.0.0
7fde2319e000-7fde2319f000 r--p 00002000 08:34 3936017                    /usr/lib/x86_64-linux-gnu/libXau.so.6.0.0
7fde2319f000-7fde231a0000 r--p 00002000 08:34 3936017                    /usr/lib/x86_64-linux-gnu/libXau.so.6.0.0
7fde231a0000-7fde231a1000 rw-p 00003000 08:34 3936017                    /usr/lib/x86_64-linux-gnu/libXau.so.6.0.0
7fde231a1000-7fde231a2000 r-xp 00000000 00:00 0 
7fde231a2000-7fde231b5000 r--s 0034b000 08:34 5122310                    /usr/lib/jvm/java-1.8.0-amazon-corretto/jre/lib/resources.jar
7fde231b5000-7fde231b6000 r--s 00017000 08:33 393614                     /home/brett/Documents/Brock/Gamers/Java Brock 2021 Project/Library/lib/native/lwjgl-tinyfd-natives-windows-x86.jar
7fde231b6000-7fde231b7000 r--s 0001b000 08:33 393615                     /home/brett/Documents/Brock/Gamers/Java Brock 2021 Project/Library/lib/native/lwjgl-tinyfd-natives-windows.jar
7fde231b7000-7fde231b8000 r--s 0000a000 08:33 393613                     /home/brett/Documents/Brock/Gamers/Java Brock 2021 Project/Library/lib/native/lwjgl-tinyfd-natives-macos.jar
7fde231b8000-7fde231b9000 r--s 00009000 08:33 393612                     /home/brett/Documents/Brock/Gamers/Java Brock 2021 Project/Library/lib/native/lwjgl-tinyfd-natives-linux.jar
7fde231b9000-7fde231bb000 r--s 00025000 08:33 393610                     /home/brett/Documents/Brock/Gamers/Java Brock 2021 Project/Library/lib/native/lwjgl-tinyexr-natives-windows-x86.jar
7fde231bb000-7fde231bc000 r--s 0002c000 08:33 393611                     /home/brett/Documents/Brock/Gamers/Java Brock 2021 Project/Library/lib/native/lwjgl-tinyexr-natives-windows.jar
7fde231bc000-7fde231bd000 r--s 00012000 08:33 393609                     /home/brett/Documents/Brock/Gamers/Java Brock 2021 Project/Library/lib/native/lwjgl-tinyexr-natives-macos.jar
7fde231bd000-7fde231be000 r--s 0000f000 08:33 393608                     /home/brett/Documents/Brock/Gamers/Java Brock 2021 Project/Library/lib/native/lwjgl-tinyexr-natives-linux.jar
7fde231be000-7fde231bf000 r--s 00033000 08:33 393606                     /home/brett/Documents/Brock/Gamers/Java Brock 2021 Project/Library/lib/native/lwjgl-stb-natives-windows-x86.jar
7fde231bf000-7fde231c1000 r--s 00039000 08:33 393607                     /home/brett/Documents/Brock/Gamers/Java Brock 2021 Project/Library/lib/native/lwjgl-stb-natives-windows.jar
7fde231c1000-7fde231c2000 r--s 0002f000 08:33 393605                     /home/brett/Documents/Brock/Gamers/Java Brock 2021 Project/Library/lib/native/lwjgl-stb-natives-macos.jar
7fde231c2000-7fde231c3000 r--s 00030000 08:33 393604                     /home/brett/Documents/Brock/Gamers/Java Brock 2021 Project/Library/lib/native/lwjgl-stb-natives-linux.jar
7fde231c3000-7fde231c5000 r--s 00013000 08:33 393598                     /home/brett/Documents/Brock/Gamers/Java Brock 2021 Project/Library/lib/native/lwjgl-opengl-natives-windows-x86.jar
7fde231c5000-7fde231c7000 r--s 00015000 08:33 393599                     /home/brett/Documents/Brock/Gamers/Java Brock 2021 Project/Library/lib/native/lwjgl-opengl-natives-windows.jar
7fde231c7000-7fde231c8000 r--s 00009000 08:33 393597                     /home/brett/Documents/Brock/Gamers/Java Brock 2021 Project/Library/lib/native/lwjgl-opengl-natives-macos.jar
7fde231c8000-7fde231c9000 r--s 00013000 08:33 393596                     /home/brett/Documents/Brock/Gamers/Java Brock 2021 Project/Library/lib/native/lwjgl-opengl-natives-linux.jar
7fde231c9000-7fde231ca000 r--s 0000e000 08:33 393602                     /home/brett/Documents/Brock/Gamers/Java Brock 2021 Project/Library/lib/native/lwjgl-opengles-natives-windows-x86.jar
7fde231ca000-7fde231e2000 r-xp 00000000 08:34 5121713                    /usr/lib/jvm/java-1.8.0-amazon-corretto/jre/lib/amd64/libnet.so
7fde231e2000-7fde233e1000 ---p 00018000 08:34 5121713                    /usr/lib/jvm/java-1.8.0-amazon-corretto/jre/lib/amd64/libnet.so
7fde233e1000-7fde233e2000 r--p 00017000 08:34 5121713                    /usr/lib/jvm/java-1.8.0-amazon-corretto/jre/lib/amd64/libnet.so
7fde233e2000-7fde233e3000 rw-p 00018000 08:34 5121713                    /usr/lib/jvm/java-1.8.0-amazon-corretto/jre/lib/amd64/libnet.so
7fde233e3000-7fde233f4000 r-xp 00000000 08:34 5121754                    /usr/lib/jvm/java-1.8.0-amazon-corretto/jre/lib/amd64/libnio.so
7fde233f4000-7fde235f4000 ---p 00011000 08:34 5121754                    /usr/lib/jvm/java-1.8.0-amazon-corretto/jre/lib/amd64/libnio.so
7fde235f4000-7fde235f5000 r--p 00011000 08:34 5121754                    /usr/lib/jvm/java-1.8.0-amazon-corretto/jre/lib/amd64/libnio.so
7fde235f5000-7fde235f6000 rw-p 00012000 08:34 5121754                    /usr/lib/jvm/java-1.8.0-amazon-corretto/jre/lib/amd64/libnio.so
7fde235f6000-7fde235f7000 ---p 00000000 00:00 0 
7fde235f7000-7fde236f7000 rw-p 00000000 00:00 0 
7fde236f7000-7fde236fa000 ---p 00000000 00:00 0 
7fde236fa000-7fde237f8000 rw-p 00000000 00:00 0 
7fde237f8000-7fde237f9000 ---p 00000000 00:00 0 
7fde237f9000-7fde237fc000 ---p 00000000 00:00 0 
7fde237fc000-7fde238f9000 rw-p 00000000 00:00 0 
7fde238f9000-7fde238fa000 ---p 00000000 00:00 0 
7fde238fa000-7fde238fd000 ---p 00000000 00:00 0 
7fde238fd000-7fde239fa000 rw-p 00000000 00:00 0 
7fde239fa000-7fde239fb000 ---p 00000000 00:00 0 
7fde239fb000-7fde239fe000 ---p 00000000 00:00 0 
7fde239fe000-7fde23afb000 rw-p 00000000 00:00 0 
7fde23afb000-7fde23afc000 ---p 00000000 00:00 0 
7fde23afc000-7fde23aff000 ---p 00000000 00:00 0 
7fde23aff000-7fde23bfc000 rw-p 00000000 00:00 0 
7fde23bfc000-7fde23bfd000 ---p 00000000 00:00 0 
7fde23bfd000-7fde23c00000 ---p 00000000 00:00 0 
7fde23c00000-7fde23cfd000 rw-p 00000000 00:00 0 
7fde23cfd000-7fde23cfe000 ---p 00000000 00:00 0 
7fde23cfe000-7fde23d01000 ---p 00000000 00:00 0 
7fde23d01000-7fde23dfe000 rw-p 00000000 00:00 0 
7fde23dfe000-7fde23dff000 ---p 00000000 00:00 0 
7fde23dff000-7fde23e02000 ---p 00000000 00:00 0 
7fde23e02000-7fde23eff000 rw-p 00000000 00:00 0 
7fde23eff000-7fde23f00000 ---p 00000000 00:00 0 
7fde23f00000-7fde23f03000 ---p 00000000 00:00 0 
7fde23f03000-7fde24000000 rw-p 00000000 00:00 0 
7fde24000000-7fde24021000 rw-p 00000000 00:00 0 
7fde24021000-7fde28000000 ---p 00000000 00:00 0 
7fde28000000-7fde28001000 r--s 00090000 08:33 393592                     /home/brett/Documents/Brock/Gamers/Java Brock 2021 Project/Library/lib/native/lwjgl-openal-natives-linux.jar
7fde28001000-7fde28002000 r--s 0000f000 08:33 393590                     /home/brett/Documents/Brock/Gamers/Java Brock 2021 Project/Library/lib/native/lwjgl-nfd-natives-windows-x86.jar
7fde28002000-7fde28003000 r--s 00011000 08:33 393591                     /home/brett/Documents/Brock/Gamers/Java Brock 2021 Project/Library/lib/native/lwjgl-nfd-natives-windows.jar
7fde28003000-7fde28004000 r--s 00001000 08:33 393589                     /home/brett/Documents/Brock/Gamers/Java Brock 2021 Project/Library/lib/native/lwjgl-nfd-natives-macos.jar
7fde28004000-7fde28005000 r--s 00001000 08:33 393588                     /home/brett/Documents/Brock/Gamers/Java Brock 2021 Project/Library/lib/native/lwjgl-nfd-natives-linux.jar
7fde28005000-7fde28007000 r--s 0001c000 08:33 393586                     /home/brett/Documents/Brock/Gamers/Java Brock 2021 Project/Library/lib/native/lwjgl-natives-windows-x86.jar
7fde28007000-7fde28009000 r--s 00020000 08:33 393587                     /home/brett/Documents/Brock/Gamers/Java Brock 2021 Project/Library/lib/native/lwjgl-natives-windows.jar
7fde28009000-7fde2800a000 r--s 00009000 08:33 393585                     /home/brett/Documents/Brock/Gamers/Java Brock 2021 Project/Library/lib/native/lwjgl-natives-macos.jar
7fde2800a000-7fde2800b000 r--s 00012000 08:33 393584                     /home/brett/Documents/Brock/Gamers/Java Brock 2021 Project/Library/lib/native/lwjgl-natives-linux.jar
7fde2800b000-7fde2800c000 r--s 00012000 08:33 393582                     /home/brett/Documents/Brock/Gamers/Java Brock 2021 Project/Library/lib/native/lwjgl-lz4-natives-windows-x86.jar
7fde2800c000-7fde2800d000 r--s 00015000 08:33 393583                     /home/brett/Documents/Brock/Gamers/Java Brock 2021 Project/Library/lib/native/lwjgl-lz4-natives-windows.jar
7fde2800d000-7fde2800e000 r--s 00017000 08:33 393581                     /home/brett/Documents/Brock/Gamers/Java Brock 2021 Project/Library/lib/native/lwjgl-lz4-natives-macos.jar
7fde2800e000-7fde28010000 r--s 0000f000 08:33 393580                     /home/brett/Documents/Brock/Gamers/Java Brock 2021 Project/Library/lib/native/lwjgl-lz4-natives-linux.jar
7fde28010000-7fde28011000 r--s 00020000 08:33 393578                     /home/brett/Documents/Brock/Gamers/Java Brock 2021 Project/Library/lib/native/lwjgl-glfw-natives-windows-x86.jar
7fde28011000-7fde28013000 r--s 00021000 08:33 393579                     /home/brett/Documents/Brock/Gamers/Java Brock 2021 Project/Library/lib/native/lwjgl-glfw-natives-windows.jar
7fde28013000-7fde28015000 r--s 0000f000 08:33 393577                     /home/brett/Documents/Brock/Gamers/Java Brock 2021 Project/Library/lib/native/lwjgl-glfw-natives-macos.jar
7fde28015000-7fde28016000 r--s 00026000 08:33 393576                     /home/brett/Documents/Brock/Gamers/Java Brock 2021 Project/Library/lib/native/lwjgl-glfw-natives-linux.jar
7fde28016000-7fde28017000 r--s 0020e000 08:33 393574                     /home/brett/Documents/Brock/Gamers/Java Brock 2021 Project/Library/lib/native/lwjgl-assimp-natives-windows-x86.jar
7fde28017000-7fde28019000 r--s 00278000 08:33 393575                     /home/brett/Documents/Brock/Gamers/Java Brock 2021 Project/Library/lib/native/lwjgl-assimp-natives-windows.jar
7fde28019000-7fde2801a000 r--s 002fe000 08:33 393573                     /home/brett/Documents/Brock/Gamers/Java Brock 2021 Project/Library/lib/native/lwjgl-assimp-natives-macos.jar
7fde2801a000-7fde2801c000 r--s 003ff000 08:33 393572                     /home/brett/Documents/Brock/Gamers/Java Brock 2021 Project/Library/lib/native/lwjgl-assimp-natives-linux.jar
7fde2801c000-7fde28023000 r--s 00051000 08:33 393638                     /home/brett/Documents/Brock/Gamers/Java Brock 2021 Project/Library/lib/lwjgl-opengles.jar
7fde28023000-7fde28054000 rw-p 00000000 00:00 0 
7fde28054000-7fde280ea000 r--s 007cf000 08:34 5122300                    /usr/lib/jvm/java-1.8.0-amazon-corretto/jre/lib/ext/jfxrt.jar
7fde280ea000-7fde280eb000 ---p 00000000 00:00 0 
7fde280eb000-7fde280ee000 ---p 00000000 00:00 0 
7fde280ee000-7fde281eb000 rw-p 00000000 00:00 0 
7fde281eb000-7fde281ec000 ---p 00000000 00:00 0 
7fde281ec000-7fde281ef000 ---p 00000000 00:00 0 
7fde281ef000-7fde282ec000 rw-p 00000000 00:00 0 
7fde282ec000-7fde282ed000 ---p 00000000 00:00 0 
7fde282ed000-7fde282f0000 ---p 00000000 00:00 0 
7fde282f0000-7fde283ed000 rw-p 00000000 00:00 0 
7fde283ed000-7fde283ee000 ---p 00000000 00:00 0 
7fde283ee000-7fde283f1000 ---p 00000000 00:00 0 
7fde283f1000-7fde284ee000 rw-p 00000000 00:00 0 
7fde284ee000-7fde284f1000 ---p 00000000 00:00 0 
7fde284f1000-7fde285ef000 rw-p 00000000 00:00 0 
7fde285ef000-7fde28e8e000 r--p 00000000 08:34 3941331                    /usr/lib/locale/locale-archive
7fde28e8e000-7fde28e91000 ---p 00000000 00:00 0 
7fde28e91000-7fde28f8f000 rw-p 00000000 00:00 0 
7fde28f8f000-7fde28f92000 ---p 00000000 00:00 0 
7fde28f92000-7fde29090000 rw-p 00000000 00:00 0 
7fde29090000-7fde29091000 ---p 00000000 00:00 0 
7fde29091000-7fde2c000000 rw-p 00000000 00:00 0 
7fde2c000000-7fde2c021000 rw-p 00000000 00:00 0 
7fde2c021000-7fde30000000 ---p 00000000 00:00 0 
7fde30000000-7fde30021000 rw-p 00000000 00:00 0 
7fde30021000-7fde34000000 ---p 00000000 00:00 0 
7fde34000000-7fde34021000 rw-p 00000000 00:00 0 
7fde34021000-7fde38000000 ---p 00000000 00:00 0 
7fde38000000-7fde38002000 r--s 00018000 08:33 393639                     /home/brett/Documents/Brock/Gamers/Java Brock 2021 Project/Library/lib/lwjgl-stb.jar
7fde38002000-7fde3800d000 r--s 000da000 08:33 393637                     /home/brett/Documents/Brock/Gamers/Java Brock 2021 Project/Library/lib/lwjgl-opengl.jar
7fde3800d000-7fde3800f000 r--s 00012000 08:33 393636                     /home/brett/Documents/Brock/Gamers/Java Brock 2021 Project/Library/lib/lwjgl-openal.jar
7fde3800f000-7fde38011000 r--s 00001000 08:33 393635                     /home/brett/Documents/Brock/Gamers/Java Brock 2021 Project/Library/lib/lwjgl-nfd.jar
7fde38011000-7fde38013000 r--s 0000b000 08:33 393634                     /home/brett/Documents/Brock/Gamers/Java Brock 2021 Project/Library/lib/lwjgl-lz4.jar
7fde38013000-7fde38016000 r--s 00018000 08:33 393633                     /home/brett/Documents/Brock/Gamers/Java Brock 2021 Project/Library/lib/lwjgl-glfw.jar
7fde38016000-7fde3801a000 r--s 0001f000 08:33 393632                     /home/brett/Documents/Brock/Gamers/Java Brock 2021 Project/Library/lib/lwjgl-egl.jar
7fde3801a000-7fde385a3000 rw-p 00000000 00:00 0 
7fde385a3000-7fde38774000 r--s 03c97000 08:34 5122309                    /usr/lib/jvm/java-1.8.0-amazon-corretto/jre/lib/rt.jar
7fde38774000-7fde3a88e000 rw-p 00000000 00:00 0 
7fde3a88e000-7fde3a88f000 ---p 00000000 00:00 0 
7fde3a88f000-7fde3a98f000 rw-p 00000000 00:00 0 
7fde3a98f000-7fde3a990000 ---p 00000000 00:00 0 
7fde3a990000-7fde3aa90000 rw-p 00000000 00:00 0 
7fde3aa90000-7fde3aa91000 ---p 00000000 00:00 0 
7fde3aa91000-7fde3ab91000 rw-p 00000000 00:00 0 
7fde3ab91000-7fde3ab92000 ---p 00000000 00:00 0 
7fde3ab92000-7fde3ac92000 rw-p 00000000 00:00 0 
7fde3ac92000-7fde3ac93000 ---p 00000000 00:00 0 
7fde3ac93000-7fde3ad93000 rw-p 00000000 00:00 0 
7fde3ad93000-7fde3ad94000 ---p 00000000 00:00 0 
7fde3ad94000-7fde3ae94000 rw-p 00000000 00:00 0 
7fde3ae94000-7fde3ae95000 ---p 00000000 00:00 0 
7fde3ae95000-7fde3af95000 rw-p 00000000 00:00 0 
7fde3af95000-7fde3af96000 ---p 00000000 00:00 0 
7fde3af96000-7fde3b1e6000 rw-p 00000000 00:00 0 
7fde3b1e6000-7fde3c586000 ---p 00000000 00:00 0 
7fde3c586000-7fde3c62f000 rw-p 00000000 00:00 0 
7fde3c62f000-7fde3cfff000 ---p 00000000 00:00 0 
7fde3cfff000-7fde3d000000 rw-p 00000000 00:00 0 
7fde3d000000-7fde3d560000 rwxp 00000000 00:00 0 
7fde3d560000-7fde4c000000 ---p 00000000 00:00 0 
7fde4c000000-7fde4fdc5000 rw-p 00000000 00:00 0 
7fde4fdc5000-7fde50000000 ---p 00000000 00:00 0 
7fde50000000-7fde50001000 r--s 00001000 08:33 393641                     /home/brett/Documents/Brock/Gamers/Java Brock 2021 Project/Library/lib/lwjgl-tinyfd.jar
7fde50001000-7fde50004000 r--s 00033000 08:33 393631                     /home/brett/Documents/Brock/Gamers/Java Brock 2021 Project/Library/lib/lwjgl-assimp.jar
7fde50004000-7fde5000b000 r--s 00081000 08:33 393642                     /home/brett/Documents/Brock/Gamers/Java Brock 2021 Project/Library/lib/lwjgl.jar
7fde5000b000-7fde50011000 r--s 000d3000 08:34 5122308                    /usr/lib/jvm/java-1.8.0-amazon-corretto/jre/lib/jfr.jar
7fde50011000-7fde500ba000 rw-p 00000000 00:00 0 
7fde500ba000-7fde500bb000 ---p 00000000 00:00 0 
7fde500bb000-7fde501bb000 rw-p 00000000 00:00 0 
7fde501bb000-7fde501bc000 ---p 00000000 00:00 0 
7fde501bc000-7fde502bc000 rw-p 00000000 00:00 0 
7fde502bc000-7fde502bd000 ---p 00000000 00:00 0 
7fde502bd000-7fde503bd000 rw-p 00000000 00:00 0 
7fde503bd000-7fde503be000 ---p 00000000 00:00 0 
7fde503be000-7fde504be000 rw-p 00000000 00:00 0 
7fde504be000-7fde504bf000 ---p 00000000 00:00 0 
7fde504bf000-7fde5070f000 rw-p 00000000 00:00 0 
7fde5070f000-7fde51ab0000 ---p 00000000 00:00 0 
7fde51ab0000-7fde51ac6000 rw-p 00000000 00:00 0 
7fde51ac6000-7fde51e70000 ---p 00000000 00:00 0 
7fde51e70000-7fde51e8b000 r-xp 00000000 08:34 5121722                    /usr/lib/jvm/java-1.8.0-amazon-corretto/jre/lib/amd64/libzip.so
7fde51e8b000-7fde5208a000 ---p 0001b000 08:34 5121722                    /usr/lib/jvm/java-1.8.0-amazon-corretto/jre/lib/amd64/libzip.so
7fde5208a000-7fde5208b000 r--p 0001a000 08:34 5121722                    /usr/lib/jvm/java-1.8.0-amazon-corretto/jre/lib/amd64/libzip.so
7fde5208b000-7fde5208c000 rw-p 0001b000 08:34 5121722                    /usr/lib/jvm/java-1.8.0-amazon-corretto/jre/lib/amd64/libzip.so
7fde5208c000-7fde520b6000 r-xp 00000000 08:34 5114839                    /usr/lib/jvm/java-1.8.0-amazon-corretto/jre/lib/amd64/libjava.so
7fde520b6000-7fde522b5000 ---p 0002a000 08:34 5114839                    /usr/lib/jvm/java-1.8.0-amazon-corretto/jre/lib/amd64/libjava.so
7fde522b5000-7fde522b6000 r--p 00029000 08:34 5114839                    /usr/lib/jvm/java-1.8.0-amazon-corretto/jre/lib/amd64/libjava.so
7fde522b6000-7fde522b8000 rw-p 0002a000 08:34 5114839                    /usr/lib/jvm/java-1.8.0-amazon-corretto/jre/lib/amd64/libjava.so
7fde522b8000-7fde522c9000 r-xp 00000000 08:34 5114812                    /usr/lib/jvm/java-1.8.0-amazon-corretto/jre/lib/amd64/libverify.so
7fde522c9000-7fde524c8000 ---p 00011000 08:34 5114812                    /usr/lib/jvm/java-1.8.0-amazon-corretto/jre/lib/amd64/libverify.so
7fde524c8000-7fde524ca000 r--p 00010000 08:34 5114812                    /usr/lib/jvm/java-1.8.0-amazon-corretto/jre/lib/amd64/libverify.so
7fde524ca000-7fde524cb000 rw-p 00012000 08:34 5114812                    /usr/lib/jvm/java-1.8.0-amazon-corretto/jre/lib/amd64/libverify.so
7fde524cb000-7fde524ce000 r--p 00000000 08:34 3956590                    /usr/lib/x86_64-linux-gnu/librt-2.32.so
7fde524ce000-7fde524d2000 r-xp 00003000 08:34 3956590                    /usr/lib/x86_64-linux-gnu/librt-2.32.so
7fde524d2000-7fde524d3000 r--p 00007000 08:34 3956590                    /usr/lib/x86_64-linux-gnu/librt-2.32.so
7fde524d3000-7fde524d4000 ---p 00008000 08:34 3956590                    /usr/lib/x86_64-linux-gnu/librt-2.32.so
7fde524d4000-7fde524d5000 r--p 00008000 08:34 3956590                    /usr/lib/x86_64-linux-gnu/librt-2.32.so
7fde524d5000-7fde524d6000 rw-p 00009000 08:34 3956590                    /usr/lib/x86_64-linux-gnu/librt-2.32.so
7fde524d6000-7fde524d7000 ---p 00000000 00:00 0 
7fde524d7000-7fde524da000 ---p 00000000 00:00 0 
7fde524da000-7fde525d7000 rw-p 00000000 00:00 0 
7fde525d7000-7fde525e6000 r--p 00000000 08:34 3945130                    /usr/lib/x86_64-linux-gnu/libm-2.32.so
7fde525e6000-7fde52681000 r-xp 0000f000 08:34 3945130                    /usr/lib/x86_64-linux-gnu/libm-2.32.so
7fde52681000-7fde5271a000 r--p 000aa000 08:34 3945130                    /usr/lib/x86_64-linux-gnu/libm-2.32.so
7fde5271a000-7fde5271b000 r--p 00142000 08:34 3945130                    /usr/lib/x86_64-linux-gnu/libm-2.32.so
7fde5271b000-7fde5271c000 rw-p 00143000 08:34 3945130                    /usr/lib/x86_64-linux-gnu/libm-2.32.so
7fde5271c000-7fde53474000 r-xp 00000000 08:34 5114742                    /usr/lib/jvm/java-1.8.0-amazon-corretto/jre/lib/amd64/server/libjvm.so
7fde53474000-7fde53673000 ---p 00d58000 08:34 5114742                    /usr/lib/jvm/java-1.8.0-amazon-corretto/jre/lib/amd64/server/libjvm.so
7fde53673000-7fde5370a000 r--p 00d57000 08:34 5114742                    /usr/lib/jvm/java-1.8.0-amazon-corretto/jre/lib/amd64/server/libjvm.so
7fde5370a000-7fde53733000 rw-p 00dee000 08:34 5114742                    /usr/lib/jvm/java-1.8.0-amazon-corretto/jre/lib/amd64/server/libjvm.so
7fde53733000-7fde53768000 rw-p 00000000 00:00 0 
7fde53768000-7fde5378e000 r--p 00000000 08:34 3945128                    /usr/lib/x86_64-linux-gnu/libc-2.32.so
7fde5378e000-7fde538d7000 r-xp 00026000 08:34 3945128                    /usr/lib/x86_64-linux-gnu/libc-2.32.so
7fde538d7000-7fde53922000 r--p 0016f000 08:34 3945128                    /usr/lib/x86_64-linux-gnu/libc-2.32.so
7fde53922000-7fde53923000 ---p 001ba000 08:34 3945128                    /usr/lib/x86_64-linux-gnu/libc-2.32.so
7fde53923000-7fde53926000 r--p 001ba000 08:34 3945128                    /usr/lib/x86_64-linux-gnu/libc-2.32.so
7fde53926000-7fde53929000 rw-p 001bd000 08:34 3945128                    /usr/lib/x86_64-linux-gnu/libc-2.32.so
7fde53929000-7fde5392d000 rw-p 00000000 00:00 0 
7fde5392d000-7fde5392e000 r--p 00000000 08:34 3945129                    /usr/lib/x86_64-linux-gnu/libdl-2.32.so
7fde5392e000-7fde53930000 r-xp 00001000 08:34 3945129                    /usr/lib/x86_64-linux-gnu/libdl-2.32.so
7fde53930000-7fde53931000 r--p 00003000 08:34 3945129                    /usr/lib/x86_64-linux-gnu/libdl-2.32.so
7fde53931000-7fde53932000 r--p 00003000 08:34 3945129                    /usr/lib/x86_64-linux-gnu/libdl-2.32.so
7fde53932000-7fde53933000 rw-p 00004000 08:34 3945129                    /usr/lib/x86_64-linux-gnu/libdl-2.32.so
7fde53933000-7fde5394a000 r-xp 00000000 08:34 5114804                    /usr/lib/jvm/java-1.8.0-amazon-corretto/jre/lib/amd64/jli/libjli.so
7fde5394a000-7fde53b49000 ---p 00017000 08:34 5114804                    /usr/lib/jvm/java-1.8.0-amazon-corretto/jre/lib/amd64/jli/libjli.so
7fde53b49000-7fde53b4a000 r--p 00016000 08:34 5114804                    /usr/lib/jvm/java-1.8.0-amazon-corretto/jre/lib/amd64/jli/libjli.so
7fde53b4a000-7fde53b4b000 rw-p 00017000 08:34 5114804                    /usr/lib/jvm/java-1.8.0-amazon-corretto/jre/lib/amd64/jli/libjli.so
7fde53b4b000-7fde53b52000 r--p 00000000 08:34 3956588                    /usr/lib/x86_64-linux-gnu/libpthread-2.32.so
7fde53b52000-7fde53b61000 r-xp 00007000 08:34 3956588                    /usr/lib/x86_64-linux-gnu/libpthread-2.32.so
7fde53b61000-7fde53b66000 r--p 00016000 08:34 3956588                    /usr/lib/x86_64-linux-gnu/libpthread-2.32.so
7fde53b66000-7fde53b67000 r--p 0001a000 08:34 3956588                    /usr/lib/x86_64-linux-gnu/libpthread-2.32.so
7fde53b67000-7fde53b68000 rw-p 0001b000 08:34 3956588                    /usr/lib/x86_64-linux-gnu/libpthread-2.32.so
7fde53b68000-7fde53b6c000 rw-p 00000000 00:00 0 
7fde53b6c000-7fde53b6d000 r--s 0000a000 08:33 393640                     /home/brett/Documents/Brock/Gamers/Java Brock 2021 Project/Library/lib/lwjgl-tinyexr.jar
7fde53b6d000-7fde53b70000 r--s 000a5000 08:33 393630                     /home/brett/Documents/Brock/Gamers/Java Brock 2021 Project/Library/lib/joml-1.10.2.jar
7fde53b70000-7fde53b98000 rw-p 00000000 00:00 0 
7fde53b98000-7fde53ba0000 rw-s 00000000 08:34 9438165                    /tmp/hsperfdata_brett/1746744
7fde53ba0000-7fde53ba3000 r--p 00000000 08:34 3956584                    /usr/lib/x86_64-linux-gnu/libnss_files-2.32.so
7fde53ba3000-7fde53ba9000 r-xp 00003000 08:34 3956584                    /usr/lib/x86_64-linux-gnu/libnss_files-2.32.so
7fde53ba9000-7fde53bab000 r--p 00009000 08:34 3956584                    /usr/lib/x86_64-linux-gnu/libnss_files-2.32.so
7fde53bab000-7fde53bac000 r--p 0000a000 08:34 3956584                    /usr/lib/x86_64-linux-gnu/libnss_files-2.32.so
7fde53bac000-7fde53bad000 rw-p 0000b000 08:34 3956584                    /usr/lib/x86_64-linux-gnu/libnss_files-2.32.so
7fde53bad000-7fde53bb4000 rw-p 00000000 00:00 0 
7fde53bb4000-7fde53bb5000 r--p 00000000 00:00 0 
7fde53bb5000-7fde53bb7000 rw-p 00000000 00:00 0 
7fde53bb7000-7fde53bb8000 r--p 00000000 08:34 3945124                    /usr/lib/x86_64-linux-gnu/ld-2.32.so
7fde53bb8000-7fde53bd8000 r-xp 00001000 08:34 3945124                    /usr/lib/x86_64-linux-gnu/ld-2.32.so
7fde53bd8000-7fde53be1000 r--p 00021000 08:34 3945124                    /usr/lib/x86_64-linux-gnu/ld-2.32.so
7fde53be1000-7fde53be2000 r--p 00029000 08:34 3945124                    /usr/lib/x86_64-linux-gnu/ld-2.32.so
7fde53be2000-7fde53be4000 rw-p 0002a000 08:34 3945124                    /usr/lib/x86_64-linux-gnu/ld-2.32.so
7ffe959c3000-7ffe959e5000 rw-p 00000000 00:00 0                          [stack]
7ffe959f2000-7ffe959f6000 r--p 00000000 00:00 0                          [vvar]
7ffe959f6000-7ffe959f8000 r-xp 00000000 00:00 0                          [vdso]

VM Arguments:
jvm_args: -Dfile.encoding=UTF-8 
java_command: com.game.Main
java_class_path (initial): /home/brett/Documents/Brock/Gamers/Java Brock 2021 Project/Game/bin:/home/brett/Documents/Brock/Gamers/Java Brock 2021 Project/Library/lib/joml-1.10.2.jar:/home/brett/Documents/Brock/Gamers/Java Brock 2021 Project/Library/lib/lwjgl.jar:/home/brett/Documents/Brock/Gamers/Java Brock 2021 Project/Library/lib/lwjgl-assimp.jar:/home/brett/Documents/Brock/Gamers/Java Brock 2021 Project/Library/lib/lwjgl-egl.jar:/home/brett/Documents/Brock/Gamers/Java Brock 2021 Project/Library/lib/lwjgl-glfw.jar:/home/brett/Documents/Brock/Gamers/Java Brock 2021 Project/Library/lib/lwjgl-lz4.jar:/home/brett/Documents/Brock/Gamers/Java Brock 2021 Project/Library/lib/lwjgl-nfd.jar:/home/brett/Documents/Brock/Gamers/Java Brock 2021 Project/Library/lib/lwjgl-openal.jar:/home/brett/Documents/Brock/Gamers/Java Brock 2021 Project/Library/lib/lwjgl-opengl.jar:/home/brett/Documents/Brock/Gamers/Java Brock 2021 Project/Library/lib/lwjgl-opengles.jar:/home/brett/Documents/Brock/Gamers/Java Brock 2021 Project/Library/lib/lwjgl-stb.jar:/home/brett/Documents/Brock/Gamers/Java Brock 2021 Project/Library/lib/lwjgl-tinyexr.jar:/home/brett/Documents/Brock/Gamers/Java Brock 2021 Project/Library/lib/lwjgl-tinyfd.jar:/home/brett/Documents/Brock/Gamers/Java Brock 2021 Project/Library/lib/native/lwjgl-assimp-natives-linux.jar:/home/brett/Documents/Brock/Gamers/Java Brock 2021 Project/Library/lib/native/lwjgl-assimp-natives-macos.jar:/home/brett/Documents/Brock/Gamers/Java Brock 2021 Project/Library/lib/native/lwjgl-assimp-natives-windows.jar:/home/brett/Documents/Brock/Gamers/Java Brock 2021 Project/Library/lib/native/lwjgl-assimp-natives-windows-x86.jar:/home/brett/Documents/Brock/Gamers/Java Brock 2021 Project/Library/lib/native/lwjgl-glfw-natives-linux.jar:/home/brett/Documents/Brock/Gamers/Java Brock 2021 Project/Library/lib/native/lwjgl-glfw-natives-macos.jar:/home/brett/Documents/Brock/Gamers/Java Brock 2021 Project/Library/lib/native/lwjgl-glfw-natives-windows.jar:/home/brett
Launcher Type: SUN_STANDARD

Environment Variables:
PATH=/home/brett/.cargo/bin:/home/brett/.local/bin:/usr/local/bin:/usr/bin:/bin:/usr/local/games:/usr/games:/snap/bin:/home/brett/.dotnet/tools
SHELL=/bin/bash
DISPLAY=:0

Signal Handlers:
SIGSEGV: [libjvm.so+0xb324b0], sa_mask[0]=11111111011111111101111111111110, sa_flags=SA_RESTART|SA_SIGINFO
SIGBUS: [libjvm.so+0xb324b0], sa_mask[0]=11111111011111111101111111111110, sa_flags=SA_RESTART|SA_SIGINFO
SIGFPE: [libjvm.so+0x95a060], sa_mask[0]=11111111011111111101111111111110, sa_flags=SA_RESTART|SA_SIGINFO
SIGPIPE: [libjvm.so+0x95a060], sa_mask[0]=11111111011111111101111111111110, sa_flags=SA_RESTART|SA_SIGINFO
SIGXFSZ: [libjvm.so+0x95a060], sa_mask[0]=11111111011111111101111111111110, sa_flags=SA_RESTART|SA_SIGINFO
SIGILL: [libjvm.so+0x95a060], sa_mask[0]=11111111011111111101111111111110, sa_flags=SA_RESTART|SA_SIGINFO
SIGUSR1: SIG_DFL, sa_mask[0]=00000000000000000000000000000000, sa_flags=none
SIGUSR2: [libjvm.so+0x959f30], sa_mask[0]=00100000000000000000000000000000, sa_flags=SA_RESTART|SA_SIGINFO
SIGHUP: [libjvm.so+0x95a550], sa_mask[0]=11111111011111111101111111111110, sa_flags=SA_RESTART|SA_SIGINFO
SIGINT: [libjvm.so+0x95a550], sa_mask[0]=11111111011111111101111111111110, sa_flags=SA_RESTART|SA_SIGINFO
SIGTERM: [libjvm.so+0x95a550], sa_mask[0]=11111111011111111101111111111110, sa_flags=SA_RESTART|SA_SIGINFO
SIGQUIT: [libjvm.so+0x95a550], sa_mask[0]=11111111011111111101111111111110, sa_flags=SA_RESTART|SA_SIGINFO


---------------  S Y S T E M  ---------------

OS:PRETTY_NAME="Debian GNU/Linux bookworm/sid"
NAME="Debian GNU/Linux"
ID=debian
HOME_URL="https://www.debian.org/"
SUPPORT_URL="https://www.debian.org/support"
BUG_REPORT_URL="https://bugs.debian.org/"

uname:Linux 5.10.0-9-amd64 #1 SMP Debian 5.10.70-1 (2021-09-30) x86_64
libc:glibc 2.32 NPTL 2.32 
rlimit: STACK 8192k, CORE 0k, NPROC 256733, NOFILE 1048576, AS infinity
load average:3.21 2.39 2.12

/proc/meminfo:
MemTotal:       65868296 kB
MemFree:          621496 kB
MemAvailable:   23826036 kB
Buffers:         2255992 kB
Cached:         20971404 kB
SwapCached:       959056 kB
Active:         36683488 kB
Inactive:       25036552 kB
Active(anon):   22302204 kB
Inactive(anon): 17155156 kB
Active(file):   14381284 kB
Inactive(file):  7881396 kB
Unevictable:        2080 kB
Mlocked:            2080 kB
SwapTotal:      41554936 kB
SwapFree:       36062968 kB
Dirty:              2732 kB
Writeback:             0 kB
AnonPages:      37824992 kB
Mapped:          3329224 kB
Shmem:            986056 kB
KReclaimable:    1669484 kB
Slab:            2296192 kB
SReclaimable:    1669484 kB
SUnreclaim:       626708 kB
KernelStack:       40528 kB
PageTables:       224916 kB
NFS_Unstable:          0 kB
Bounce:                0 kB
WritebackTmp:          0 kB
CommitLimit:    74489084 kB
Committed_AS:   67108024 kB
VmallocTotal:   34359738367 kB
VmallocUsed:      243676 kB
VmallocChunk:          0 kB
Percpu:            54912 kB
HardwareCorrupted:     0 kB
AnonHugePages:   2564096 kB
ShmemHugePages:        0 kB
ShmemPmdMapped:        0 kB
FileHugePages:         0 kB
FilePmdMapped:         0 kB
HugePages_Total:       0
HugePages_Free:        0
HugePages_Rsvd:        0
HugePages_Surp:        0
Hugepagesize:       2048 kB
Hugetlb:               0 kB
DirectMap4k:    11776612 kB
DirectMap2M:    55277568 kB
DirectMap1G:     1048576 kB


CPU:total 16 (initial active 16) (16 cores per cpu, 1 threads per core) family 23 model 113 stepping 0, cmov, cx8, fxsr, mmx, sse, sse2, sse3, ssse3, sse4.1, sse4.2, popcnt, avx, avx2, aes, clmul, mmxext, 3dnowpref, lzcnt, sse4a, tsc, tscinvbit, tscinv, bmi1

/proc/cpuinfo:
processor	: 0
vendor_id	: AuthenticAMD
cpu family	: 23
model		: 113
model name	: AMD Ryzen 7 3800X 8-Core Processor
stepping	: 0
microcode	: 0x8701021
cpu MHz		: 4258.911
cache size	: 512 KB
physical id	: 0
siblings	: 16
core id		: 0
cpu cores	: 8
apicid		: 0
initial apicid	: 0
fpu		: yes
fpu_exception	: yes
cpuid level	: 16
wp		: yes
flags		: fpu vme de pse tsc msr pae mce cx8 apic sep mtrr pge mca cmov pat pse36 clflush mmx fxsr sse sse2 ht syscall nx mmxext fxsr_opt pdpe1gb rdtscp lm constant_tsc rep_good nopl nonstop_tsc cpuid extd_apicid aperfmperf pni pclmulqdq monitor ssse3 fma cx16 sse4_1 sse4_2 movbe popcnt aes xsave avx f16c rdrand lahf_lm cmp_legacy svm extapic cr8_legacy abm sse4a misalignsse 3dnowprefetch osvw ibs skinit wdt tce topoext perfctr_core perfctr_nb bpext perfctr_llc mwaitx cpb cat_l3 cdp_l3 hw_pstate sme ssbd mba sev ibpb stibp vmmcall sev_es fsgsbase bmi1 avx2 smep bmi2 cqm rdt_a rdseed adx smap clflushopt clwb sha_ni xsaveopt xsavec xgetbv1 xsaves cqm_llc cqm_occup_llc cqm_mbm_total cqm_mbm_local clzero irperf xsaveerptr rdpru wbnoinvd arat npt lbrv svm_lock nrip_save tsc_scale vmcb_clean flushbyasid decodeassists pausefilter pfthreshold avic v_vmsave_vmload vgif umip rdpid overflow_recov succor smca
bugs		: sysret_ss_attrs spectre_v1 spectre_v2 spec_store_bypass
bogomips	: 7785.28
TLB size	: 3072 4K pages
clflush size	: 64
cache_alignment	: 64
address sizes	: 43 bits physical, 48 bits virtual
power management: ts ttp tm hwpstate cpb eff_freq_ro [13] [14]

processor	: 1
vendor_id	: AuthenticAMD
cpu family	: 23
model		: 113
model name	: AMD Ryzen 7 3800X 8-Core Processor
stepping	: 0
microcode	: 0x8701021
cpu MHz		: 4237.025
cache size	: 512 KB
physical id	: 0
siblings	: 16
core id		: 1
cpu cores	: 8
apicid		: 2
initial apicid	: 2
fpu		: yes
fpu_exception	: yes
cpuid level	: 16
wp		: yes
flags		: fpu vme de pse tsc msr pae mce cx8 apic sep mtrr pge mca cmov pat pse36 clflush mmx fxsr sse sse2 ht syscall nx mmxext fxsr_opt pdpe1gb rdtscp lm constant_tsc rep_good nopl nonstop_tsc cpuid extd_apicid aperfmperf pni pclmulqdq monitor ssse3 fma cx16 sse4_1 sse4_2 movbe popcnt aes xsave avx f16c rdrand lahf_lm cmp_legacy svm extapic cr8_legacy abm sse4a misalignsse 3dnowprefetch osvw ibs skinit wdt tce topoext perfctr_core perfctr_nb bpext perfctr_llc mwaitx cpb cat_l3 cdp_l3 hw_pstate sme ssbd mba sev ibpb stibp vmmcall sev_es fsgsbase bmi1 avx2 smep bmi2 cqm rdt_a rdseed adx smap clflushopt clwb sha_ni xsaveopt xsavec xgetbv1 xsaves cqm_llc cqm_occup_llc cqm_mbm_total cqm_mbm_local clzero irperf xsaveerptr rdpru wbnoinvd arat npt lbrv svm_lock nrip_save tsc_scale vmcb_clean flushbyasid decodeassists pausefilter pfthreshold avic v_vmsave_vmload vgif umip rdpid overflow_recov succor smca
bugs		: sysret_ss_attrs spectre_v1 spectre_v2 spec_store_bypass
bogomips	: 7785.28
TLB size	: 3072 4K pages
clflush size	: 64
cache_alignment	: 64
address sizes	: 43 bits physical, 48 bits virtual
power management: ts ttp tm hwpstate cpb eff_freq_ro [13] [14]

processor	: 2
vendor_id	: AuthenticAMD
cpu family	: 23
model		: 113
model name	: AMD Ryzen 7 3800X 8-Core Processor
stepping	: 0
microcode	: 0x8701021
cpu MHz		: 2130.894
cache size	: 512 KB
physical id	: 0
siblings	: 16
core id		: 2
cpu cores	: 8
apicid		: 4
initial apicid	: 4
fpu		: yes
fpu_exception	: yes
cpuid level	: 16
wp		: yes
flags		: fpu vme de pse tsc msr pae mce cx8 apic sep mtrr pge mca cmov pat pse36 clflush mmx fxsr sse sse2 ht syscall nx mmxext fxsr_opt pdpe1gb rdtscp lm constant_tsc rep_good nopl nonstop_tsc cpuid extd_apicid aperfmperf pni pclmulqdq monitor ssse3 fma cx16 sse4_1 sse4_2 movbe popcnt aes xsave avx f16c rdrand lahf_lm cmp_legacy svm extapic cr8_legacy abm sse4a misalignsse 3dnowprefetch osvw ibs skinit wdt tce topoext perfctr_core perfctr_nb bpext perfctr_llc mwaitx cpb cat_l3 cdp_l3 hw_pstate sme ssbd mba sev ibpb stibp vmmcall sev_es fsgsbase bmi1 avx2 smep bmi2 cqm rdt_a rdseed adx smap clflushopt clwb sha_ni xsaveopt xsavec xgetbv1 xsaves cqm_llc cqm_occup_llc cqm_mbm_total cqm_mbm_local clzero irperf xsaveerptr rdpru wbnoinvd arat npt lbrv svm_lock nrip_save tsc_scale vmcb_clean flushbyasid decodeassists pausefilter pfthreshold avic v_vmsave_vmload vgif umip rdpid overflow_recov succor smca
bugs		: sysret_ss_attrs spectre_v1 spectre_v2 spec_store_bypass
bogomips	: 7785.28
TLB size	: 3072 4K pages
clflush size	: 64
cache_alignment	: 64
address sizes	: 43 bits physical, 48 bits virtual
power management: ts ttp tm hwpstate cpb eff_freq_ro [13] [14]

processor	: 3
vendor_id	: AuthenticAMD
cpu family	: 23
model		: 113
model name	: AMD Ryzen 7 3800X 8-Core Processor
stepping	: 0
microcode	: 0x8701021
cpu MHz		: 3968.048
cache size	: 512 KB
physical id	: 0
siblings	: 16
core id		: 3
cpu cores	: 8
apicid		: 6
initial apicid	: 6
fpu		: yes
fpu_exception	: yes
cpuid level	: 16
wp		: yes
flags		: fpu vme de pse tsc msr pae mce cx8 apic sep mtrr pge mca cmov pat pse36 clflush mmx fxsr sse sse2 ht syscall nx mmxext fxsr_opt pdpe1gb rdtscp lm constant_tsc rep_good nopl nonstop_tsc cpuid extd_apicid aperfmperf pni pclmulqdq monitor ssse3 fma cx16 sse4_1 sse4_2 movbe popcnt aes xsave avx f16c rdrand lahf_lm cmp_legacy svm extapic cr8_legacy abm sse4a misalignsse 3dnowprefetch osvw ibs skinit wdt tce topoext perfctr_core perfctr_nb bpext perfctr_llc mwaitx cpb cat_l3 cdp_l3 hw_pstate sme ssbd mba sev ibpb stibp vmmcall sev_es fsgsbase bmi1 avx2 smep bmi2 cqm rdt_a rdseed adx smap clflushopt clwb sha_ni xsaveopt xsavec xgetbv1 xsaves cqm_llc cqm_occup_llc cqm_mbm_total cqm_mbm_local clzero irperf xsaveerptr rdpru wbnoinvd arat npt lbrv svm_lock nrip_save tsc_scale vmcb_clean flushbyasid decodeassists pausefilter pfthreshold avic v_vmsave_vmload vgif umip rdpid overflow_recov succor smca
bugs		: sysret_ss_attrs spectre_v1 spectre_v2 spec_store_bypass
bogomips	: 7785.28
TLB size	: 3072 4K pages
clflush size	: 64
cache_alignment	: 64
address sizes	: 43 bits physical, 48 bits virtual
power management: ts ttp tm hwpstate cpb eff_freq_ro [13] [14]

processor	: 4
vendor_id	: AuthenticAMD
cpu family	: 23
model		: 113
model name	: AMD Ryzen 7 3800X 8-Core Processor
stepping	: 0
microcode	: 0x8701021
cpu MHz		: 3664.000
cache size	: 512 KB
physical id	: 0
siblings	: 16
core id		: 4
cpu cores	: 8
apicid		: 8
initial apicid	: 8
fpu		: yes
fpu_exception	: yes
cpuid level	: 16
wp		: yes
flags		: fpu vme de pse tsc msr pae mce cx8 apic sep mtrr pge mca cmov pat pse36 clflush mmx fxsr sse sse2 ht syscall nx mmxext fxsr_opt pdpe1gb rdtscp lm constant_tsc rep_good nopl nonstop_tsc cpuid extd_apicid aperfmperf pni pclmulqdq monitor ssse3 fma cx16 sse4_1 sse4_2 movbe popcnt aes xsave avx f16c rdrand lahf_lm cmp_legacy svm extapic cr8_legacy abm sse4a misalignsse 3dnowprefetch osvw ibs skinit wdt tce topoext perfctr_core perfctr_nb bpext perfctr_llc mwaitx cpb cat_l3 cdp_l3 hw_pstate sme ssbd mba sev ibpb stibp vmmcall sev_es fsgsbase bmi1 avx2 smep bmi2 cqm rdt_a rdseed adx smap clflushopt clwb sha_ni xsaveopt xsavec xgetbv1 xsaves cqm_llc cqm_occup_llc cqm_mbm_total cqm_mbm_local clzero irperf xsaveerptr rdpru wbnoinvd arat npt lbrv svm_lock nrip_save tsc_scale vmcb_clean flushbyasid decodeassists pausefilter pfthreshold avic v_vmsave_vmload vgif umip rdpid overflow_recov succor smca
bugs		: sysret_ss_attrs spectre_v1 spectre_v2 spec_store_bypass
bogomips	: 7785.28
TLB size	: 3072 4K pages
clflush size	: 64
cache_alignment	: 64
address sizes	: 43 bits physical, 48 bits virtual
power management: ts ttp tm hwpstate cpb eff_freq_ro [13] [14]

processor	: 5
vendor_id	: AuthenticAMD
cpu family	: 23
model		: 113
model name	: AMD Ryzen 7 3800X 8-Core Processor
stepping	: 0
microcode	: 0x8701021
cpu MHz		: 2752.238
cache size	: 512 KB
physical id	: 0
siblings	: 16
core id		: 5
cpu cores	: 8
apicid		: 10
initial apicid	: 10
fpu		: yes
fpu_exception	: yes
cpuid level	: 16
wp		: yes
flags		: fpu vme de pse tsc msr pae mce cx8 apic sep mtrr pge mca cmov pat pse36 clflush mmx fxsr sse sse2 ht syscall nx mmxext fxsr_opt pdpe1gb rdtscp lm constant_tsc rep_good nopl nonstop_tsc cpuid extd_apicid aperfmperf pni pclmulqdq monitor ssse3 fma cx16 sse4_1 sse4_2 movbe popcnt aes xsave avx f16c rdrand lahf_lm cmp_legacy svm extapic cr8_legacy abm sse4a misalignsse 3dnowprefetch osvw ibs skinit wdt tce topoext perfctr_core perfctr_nb bpext perfctr_llc mwaitx cpb cat_l3 cdp_l3 hw_pstate sme ssbd mba sev ibpb stibp vmmcall sev_es fsgsbase bmi1 avx2 smep bmi2 cqm rdt_a rdseed adx smap clflushopt clwb sha_ni xsaveopt xsavec xgetbv1 xsaves cqm_llc cqm_occup_llc cqm_mbm_total cqm_mbm_local clzero irperf xsaveerptr rdpru wbnoinvd arat npt lbrv svm_lock nrip_save tsc_scale vmcb_clean flushbyasid decodeassists pausefilter pfthreshold avic v_vmsave_vmload vgif umip rdpid overflow_recov succor smca
bugs		: sysret_ss_attrs spectre_v1 spectre_v2 spec_store_bypass
bogomips	: 7785.28
TLB size	: 3072 4K pages
clflush size	: 64
cache_alignment	: 64
address sizes	: 43 bits physical, 48 bits virtual
power management: ts ttp tm hwpstate cpb eff_freq_ro [13] [14]

processor	: 6
vendor_id	: AuthenticAMD
cpu family	: 23
model		: 113
model name	: AMD Ryzen 7 3800X 8-Core Processor
stepping	: 0
microcode	: 0x8701021
cpu MHz		: 4249.478
cache size	: 512 KB
physical id	: 0
siblings	: 16
core id		: 6
cpu cores	: 8
apicid		: 12
initial apicid	: 12
fpu		: yes
fpu_exception	: yes
cpuid level	: 16
wp		: yes
flags		: fpu vme de pse tsc msr pae mce cx8 apic sep mtrr pge mca cmov pat pse36 clflush mmx fxsr sse sse2 ht syscall nx mmxext fxsr_opt pdpe1gb rdtscp lm constant_tsc rep_good nopl nonstop_tsc cpuid extd_apicid aperfmperf pni pclmulqdq monitor ssse3 fma cx16 sse4_1 sse4_2 movbe popcnt aes xsave avx f16c rdrand lahf_lm cmp_legacy svm extapic cr8_legacy abm sse4a misalignsse 3dnowprefetch osvw ibs skinit wdt tce topoext perfctr_core perfctr_nb bpext perfctr_llc mwaitx cpb cat_l3 cdp_l3 hw_pstate sme ssbd mba sev ibpb stibp vmmcall sev_es fsgsbase bmi1 avx2 smep bmi2 cqm rdt_a rdseed adx smap clflushopt clwb sha_ni xsaveopt xsavec xgetbv1 xsaves cqm_llc cqm_occup_llc cqm_mbm_total cqm_mbm_local clzero irperf xsaveerptr rdpru wbnoinvd arat npt lbrv svm_lock nrip_save tsc_scale vmcb_clean flushbyasid decodeassists pausefilter pfthreshold avic v_vmsave_vmload vgif umip rdpid overflow_recov succor smca
bugs		: sysret_ss_attrs spectre_v1 spectre_v2 spec_store_bypass
bogomips	: 7785.28
TLB size	: 3072 4K pages
clflush size	: 64
cache_alignment	: 64
address sizes	: 43 bits physical, 48 bits virtual
power management: ts ttp tm hwpstate cpb eff_freq_ro [13] [14]

processor	: 7
vendor_id	: AuthenticAMD
cpu family	: 23
model		: 113
model name	: AMD Ryzen 7 3800X 8-Core Processor
stepping	: 0
microcode	: 0x8701021
cpu MHz		: 3529.840
cache size	: 512 KB
physical id	: 0
siblings	: 16
core id		: 7
cpu cores	: 8
apicid		: 14
initial apicid	: 14
fpu		: yes
fpu_exception	: yes
cpuid level	: 16
wp		: yes
flags		: fpu vme de pse tsc msr pae mce cx8 apic sep mtrr pge mca cmov pat pse36 clflush mmx fxsr sse sse2 ht syscall nx mmxext fxsr_opt pdpe1gb rdtscp lm constant_tsc rep_good nopl nonstop_tsc cpuid extd_apicid aperfmperf pni pclmulqdq monitor ssse3 fma cx16 sse4_1 sse4_2 movbe popcnt aes xsave avx f16c rdrand lahf_lm cmp_legacy svm extapic cr8_legacy abm sse4a misalignsse 3dnowprefetch osvw ibs skinit wdt tce topoext perfctr_core perfctr_nb bpext perfctr_llc mwaitx cpb cat_l3 cdp_l3 hw_pstate sme ssbd mba sev ibpb stibp vmmcall sev_es fsgsbase bmi1 avx2 smep bmi2 cqm rdt_a rdseed adx smap clflushopt clwb sha_ni xsaveopt xsavec xgetbv1 xsaves cqm_llc cqm_occup_llc cqm_mbm_total cqm_mbm_local clzero irperf xsaveerptr rdpru wbnoinvd arat npt lbrv svm_lock nrip_save tsc_scale vmcb_clean flushbyasid decodeassists pausefilter pfthreshold avic v_vmsave_vmload vgif umip rdpid overflow_recov succor smca
bugs		: sysret_ss_attrs spectre_v1 spectre_v2 spec_store_bypass
bogomips	: 7785.28
TLB size	: 3072 4K pages
clflush size	: 64
cache_alignment	: 64
address sizes	: 43 bits physical, 48 bits virtual
power management: ts ttp tm hwpstate cpb eff_freq_ro [13] [14]

processor	: 8
vendor_id	: AuthenticAMD
cpu family	: 23
model		: 113
model name	: AMD Ryzen 7 3800X 8-Core Processor
stepping	: 0
microcode	: 0x8701021
cpu MHz		: 4262.953
cache size	: 512 KB
physical id	: 0
siblings	: 16
core id		: 0
cpu cores	: 8
apicid		: 1
initial apicid	: 1
fpu		: yes
fpu_exception	: yes
cpuid level	: 16
wp		: yes
flags		: fpu vme de pse tsc msr pae mce cx8 apic sep mtrr pge mca cmov pat pse36 clflush mmx fxsr sse sse2 ht syscall nx mmxext fxsr_opt pdpe1gb rdtscp lm constant_tsc rep_good nopl nonstop_tsc cpuid extd_apicid aperfmperf pni pclmulqdq monitor ssse3 fma cx16 sse4_1 sse4_2 movbe popcnt aes xsave avx f16c rdrand lahf_lm cmp_legacy svm extapic cr8_legacy abm sse4a misalignsse 3dnowprefetch osvw ibs skinit wdt tce topoext perfctr_core perfctr_nb bpext perfctr_llc mwaitx cpb cat_l3 cdp_l3 hw_pstate sme ssbd mba sev ibpb stibp vmmcall sev_es fsgsbase bmi1 avx2 smep bmi2 cqm rdt_a rdseed adx smap clflushopt clwb sha_ni xsaveopt xsavec xgetbv1 xsaves cqm_llc cqm_occup_llc cqm_mbm_total cqm_mbm_local clzero irperf xsaveerptr rdpru wbnoinvd arat npt lbrv svm_lock nrip_save tsc_scale vmcb_clean flushbyasid decodeassists pausefilter pfthreshold avic v_vmsave_vmload vgif umip rdpid overflow_recov succor smca
bugs		: sysret_ss_attrs spectre_v1 spectre_v2 spec_store_bypass
bogomips	: 7785.28
TLB size	: 3072 4K pages
clflush size	: 64
cache_alignment	: 64
address sizes	: 43 bits physical, 48 bits virtual
power management: ts ttp tm hwpstate cpb eff_freq_ro [13] [14]

processor	: 9
vendor_id	: AuthenticAMD
cpu family	: 23
model		: 113
model name	: AMD Ryzen 7 3800X 8-Core Processor
stepping	: 0
microcode	: 0x8701021
cpu MHz		: 4256.357
cache size	: 512 KB
physical id	: 0
siblings	: 16
core id		: 1
cpu cores	: 8
apicid		: 3
initial apicid	: 3
fpu		: yes
fpu_exception	: yes
cpuid level	: 16
wp		: yes
flags		: fpu vme de pse tsc msr pae mce cx8 apic sep mtrr pge mca cmov pat pse36 clflush mmx fxsr sse sse2 ht syscall nx mmxext fxsr_opt pdpe1gb rdtscp lm constant_tsc rep_good nopl nonstop_tsc cpuid extd_apicid aperfmperf pni pclmulqdq monitor ssse3 fma cx16 sse4_1 sse4_2 movbe popcnt aes xsave avx f16c rdrand lahf_lm cmp_legacy svm extapic cr8_legacy abm sse4a misalignsse 3dnowprefetch osvw ibs skinit wdt tce topoext perfctr_core perfctr_nb bpext perfctr_llc mwaitx cpb cat_l3 cdp_l3 hw_pstate sme ssbd mba sev ibpb stibp vmmcall sev_es fsgsbase bmi1 avx2 smep bmi2 cqm rdt_a rdseed adx smap clflushopt clwb sha_ni xsaveopt xsavec xgetbv1 xsaves cqm_llc cqm_occup_llc cqm_mbm_total cqm_mbm_local clzero irperf xsaveerptr rdpru wbnoinvd arat npt lbrv svm_lock nrip_save tsc_scale vmcb_clean flushbyasid decodeassists pausefilter pfthreshold avic v_vmsave_vmload vgif umip rdpid overflow_recov succor smca
bugs		: sysret_ss_attrs spectre_v1 spectre_v2 spec_store_bypass
bogomips	: 7785.28
TLB size	: 3072 4K pages
clflush size	: 64
cache_alignment	: 64
address sizes	: 43 bits physical, 48 bits virtual
power management: ts ttp tm hwpstate cpb eff_freq_ro [13] [14]

processor	: 10
vendor_id	: AuthenticAMD
cpu family	: 23
model		: 113
model name	: AMD Ryzen 7 3800X 8-Core Processor
stepping	: 0
microcode	: 0x8701021
cpu MHz		: 2131.844
cache size	: 512 KB
physical id	: 0
siblings	: 16
core id		: 2
cpu cores	: 8
apicid		: 5
initial apicid	: 5
fpu		: yes
fpu_exception	: yes
cpuid level	: 16
wp		: yes
flags		: fpu vme de pse tsc msr pae mce cx8 apic sep mtrr pge mca cmov pat pse36 clflush mmx fxsr sse sse2 ht syscall nx mmxext fxsr_opt pdpe1gb rdtscp lm constant_tsc rep_good nopl nonstop_tsc cpuid extd_apicid aperfmperf pni pclmulqdq monitor ssse3 fma cx16 sse4_1 sse4_2 movbe popcnt aes xsave avx f16c rdrand lahf_lm cmp_legacy svm extapic cr8_legacy abm sse4a misalignsse 3dnowprefetch osvw ibs skinit wdt tce topoext perfctr_core perfctr_nb bpext perfctr_llc mwaitx cpb cat_l3 cdp_l3 hw_pstate sme ssbd mba sev ibpb stibp vmmcall sev_es fsgsbase bmi1 avx2 smep bmi2 cqm rdt_a rdseed adx smap clflushopt clwb sha_ni xsaveopt xsavec xgetbv1 xsaves cqm_llc cqm_occup_llc cqm_mbm_total cqm_mbm_local clzero irperf xsaveerptr rdpru wbnoinvd arat npt lbrv svm_lock nrip_save tsc_scale vmcb_clean flushbyasid decodeassists pausefilter pfthreshold avic v_vmsave_vmload vgif umip rdpid overflow_recov succor smca
bugs		: sysret_ss_attrs spectre_v1 spectre_v2 spec_store_bypass
bogomips	: 7785.28
TLB size	: 3072 4K pages
clflush size	: 64
cache_alignment	: 64
address sizes	: 43 bits physical, 48 bits virtual
power management: ts ttp tm hwpstate cpb eff_freq_ro [13] [14]

processor	: 11
vendor_id	: AuthenticAMD
cpu family	: 23
model		: 113
model name	: AMD Ryzen 7 3800X 8-Core Processor
stepping	: 0
microcode	: 0x8701021
cpu MHz		: 3958.532
cache size	: 512 KB
physical id	: 0
siblings	: 16
core id		: 3
cpu cores	: 8
apicid		: 7
initial apicid	: 7
fpu		: yes
fpu_exception	: yes
cpuid level	: 16
wp		: yes
flags		: fpu vme de pse tsc msr pae mce cx8 apic sep mtrr pge mca cmov pat pse36 clflush mmx fxsr sse sse2 ht syscall nx mmxext fxsr_opt pdpe1gb rdtscp lm constant_tsc rep_good nopl nonstop_tsc cpuid extd_apicid aperfmperf pni pclmulqdq monitor ssse3 fma cx16 sse4_1 sse4_2 movbe popcnt aes xsave avx f16c rdrand lahf_lm cmp_legacy svm extapic cr8_legacy abm sse4a misalignsse 3dnowprefetch osvw ibs skinit wdt tce topoext perfctr_core perfctr_nb bpext perfctr_llc mwaitx cpb cat_l3 cdp_l3 hw_pstate sme ssbd mba sev ibpb stibp vmmcall sev_es fsgsbase bmi1 avx2 smep bmi2 cqm rdt_a rdseed adx smap clflushopt clwb sha_ni xsaveopt xsavec xgetbv1 xsaves cqm_llc cqm_occup_llc cqm_mbm_total cqm_mbm_local clzero irperf xsaveerptr rdpru wbnoinvd arat npt lbrv svm_lock nrip_save tsc_scale vmcb_clean flushbyasid decodeassists pausefilter pfthreshold avic v_vmsave_vmload vgif umip rdpid overflow_recov succor smca
bugs		: sysret_ss_attrs spectre_v1 spectre_v2 spec_store_bypass
bogomips	: 7785.28
TLB size	: 3072 4K pages
clflush size	: 64
cache_alignment	: 64
address sizes	: 43 bits physical, 48 bits virtual
power management: ts ttp tm hwpstate cpb eff_freq_ro [13] [14]

processor	: 12
vendor_id	: AuthenticAMD
cpu family	: 23
model		: 113
model name	: AMD Ryzen 7 3800X 8-Core Processor
stepping	: 0
microcode	: 0x8701021
cpu MHz		: 3824.821
cache size	: 512 KB
physical id	: 0
siblings	: 16
core id		: 4
cpu cores	: 8
apicid		: 9
initial apicid	: 9
fpu		: yes
fpu_exception	: yes
cpuid level	: 16
wp		: yes
flags		: fpu vme de pse tsc msr pae mce cx8 apic sep mtrr pge mca cmov pat pse36 clflush mmx fxsr sse sse2 ht syscall nx mmxext fxsr_opt pdpe1gb rdtscp lm constant_tsc rep_good nopl nonstop_tsc cpuid extd_apicid aperfmperf pni pclmulqdq monitor ssse3 fma cx16 sse4_1 sse4_2 movbe popcnt aes xsave avx f16c rdrand lahf_lm cmp_legacy svm extapic cr8_legacy abm sse4a misalignsse 3dnowprefetch osvw ibs skinit wdt tce topoext perfctr_core perfctr_nb bpext perfctr_llc mwaitx cpb cat_l3 cdp_l3 hw_pstate sme ssbd mba sev ibpb stibp vmmcall sev_es fsgsbase bmi1 avx2 smep bmi2 cqm rdt_a rdseed adx smap clflushopt clwb sha_ni xsaveopt xsavec xgetbv1 xsaves cqm_llc cqm_occup_llc cqm_mbm_total cqm_mbm_local clzero irperf xsaveerptr rdpru wbnoinvd arat npt lbrv svm_lock nrip_save tsc_scale vmcb_clean flushbyasid decodeassists pausefilter pfthreshold avic v_vmsave_vmload vgif umip rdpid overflow_recov succor smca
bugs		: sysret_ss_attrs spectre_v1 spectre_v2 spec_store_bypass
bogomips	: 7785.28
TLB size	: 3072 4K pages
clflush size	: 64
cache_alignment	: 64
address sizes	: 43 bits physical, 48 bits virtual
power management: ts ttp tm hwpstate cpb eff_freq_ro [13] [14]

processor	: 13
vendor_id	: AuthenticAMD
cpu family	: 23
model		: 113
model name	: AMD Ryzen 7 3800X 8-Core Processor
stepping	: 0
microcode	: 0x8701021
cpu MHz		: 2707.589
cache size	: 512 KB
physical id	: 0
siblings	: 16
core id		: 5
cpu cores	: 8
apicid		: 11
initial apicid	: 11
fpu		: yes
fpu_exception	: yes
cpuid level	: 16
wp		: yes
flags		: fpu vme de pse tsc msr pae mce cx8 apic sep mtrr pge mca cmov pat pse36 clflush mmx fxsr sse sse2 ht syscall nx mmxext fxsr_opt pdpe1gb rdtscp lm constant_tsc rep_good nopl nonstop_tsc cpuid extd_apicid aperfmperf pni pclmulqdq monitor ssse3 fma cx16 sse4_1 sse4_2 movbe popcnt aes xsave avx f16c rdrand lahf_lm cmp_legacy svm extapic cr8_legacy abm sse4a misalignsse 3dnowprefetch osvw ibs skinit wdt tce topoext perfctr_core perfctr_nb bpext perfctr_llc mwaitx cpb cat_l3 cdp_l3 hw_pstate sme ssbd mba sev ibpb stibp vmmcall sev_es fsgsbase bmi1 avx2 smep bmi2 cqm rdt_a rdseed adx smap clflushopt clwb sha_ni xsaveopt xsavec xgetbv1 xsaves cqm_llc cqm_occup_llc cqm_mbm_total cqm_mbm_local clzero irperf xsaveerptr rdpru wbnoinvd arat npt lbrv svm_lock nrip_save tsc_scale vmcb_clean flushbyasid decodeassists pausefilter pfthreshold avic v_vmsave_vmload vgif umip rdpid overflow_recov succor smca
bugs		: sysret_ss_attrs spectre_v1 spectre_v2 spec_store_bypass
bogomips	: 7785.28
TLB size	: 3072 4K pages
clflush size	: 64
cache_alignment	: 64
address sizes	: 43 bits physical, 48 bits virtual
power management: ts ttp tm hwpstate cpb eff_freq_ro [13] [14]

processor	: 14
vendor_id	: AuthenticAMD
cpu family	: 23
model		: 113
model name	: AMD Ryzen 7 3800X 8-Core Processor
stepping	: 0
microcode	: 0x8701021
cpu MHz		: 4249.928
cache size	: 512 KB
physical id	: 0
siblings	: 16
core id		: 6
cpu cores	: 8
apicid		: 13
initial apicid	: 13
fpu		: yes
fpu_exception	: yes
cpuid level	: 16
wp		: yes
flags		: fpu vme de pse tsc msr pae mce cx8 apic sep mtrr pge mca cmov pat pse36 clflush mmx fxsr sse sse2 ht syscall nx mmxext fxsr_opt pdpe1gb rdtscp lm constant_tsc rep_good nopl nonstop_tsc cpuid extd_apicid aperfmperf pni pclmulqdq monitor ssse3 fma cx16 sse4_1 sse4_2 movbe popcnt aes xsave avx f16c rdrand lahf_lm cmp_legacy svm extapic cr8_legacy abm sse4a misalignsse 3dnowprefetch osvw ibs skinit wdt tce topoext perfctr_core perfctr_nb bpext perfctr_llc mwaitx cpb cat_l3 cdp_l3 hw_pstate sme ssbd mba sev ibpb stibp vmmcall sev_es fsgsbase bmi1 avx2 smep bmi2 cqm rdt_a rdseed adx smap clflushopt clwb sha_ni xsaveopt xsavec xgetbv1 xsaves cqm_llc cqm_occup_llc cqm_mbm_total cqm_mbm_local clzero irperf xsaveerptr rdpru wbnoinvd arat npt lbrv svm_lock nrip_save tsc_scale vmcb_clean flushbyasid decodeassists pausefilter pfthreshold avic v_vmsave_vmload vgif umip rdpid overflow_recov succor smca
bugs		: sysret_ss_attrs spectre_v1 spectre_v2 spec_store_bypass
bogomips	: 7785.28
TLB size	: 3072 4K pages
clflush size	: 64
cache_alignment	: 64
address sizes	: 43 bits physical, 48 bits virtual
power management: ts ttp tm hwpstate cpb eff_freq_ro [13] [14]

processor	: 15
vendor_id	: AuthenticAMD
cpu family	: 23
model		: 113
model name	: AMD Ryzen 7 3800X 8-Core Processor
stepping	: 0
microcode	: 0x8701021
cpu MHz		: 3454.329
cache size	: 512 KB
physical id	: 0
siblings	: 16
core id		: 7
cpu cores	: 8
apicid		: 15
initial apicid	: 15
fpu		: yes
fpu_exception	: yes
cpuid level	: 16
wp		: yes
flags		: fpu vme de pse tsc msr pae mce cx8 apic sep mtrr pge mca cmov pat pse36 clflush mmx fxsr sse sse2 ht syscall nx mmxext fxsr_opt pdpe1gb rdtscp lm constant_tsc rep_good nopl nonstop_tsc cpuid extd_apicid aperfmperf pni pclmulqdq monitor ssse3 fma cx16 sse4_1 sse4_2 movbe popcnt aes xsave avx f16c rdrand lahf_lm cmp_legacy svm extapic cr8_legacy abm sse4a misalignsse 3dnowprefetch osvw ibs skinit wdt tce topoext perfctr_core perfctr_nb bpext perfctr_llc mwaitx cpb cat_l3 cdp_l3 hw_pstate sme ssbd mba sev ibpb stibp vmmcall sev_es fsgsbase bmi1 avx2 smep bmi2 cqm rdt_a rdseed adx smap clflushopt clwb sha_ni xsaveopt xsavec xgetbv1 xsaves cqm_llc cqm_occup_llc cqm_mbm_total cqm_mbm_local clzero irperf xsaveerptr rdpru wbnoinvd arat npt lbrv svm_lock nrip_save tsc_scale vmcb_clean flushbyasid decodeassists pausefilter pfthreshold avic v_vmsave_vmload vgif umip rdpid overflow_recov succor smca
bugs		: sysret_ss_attrs spectre_v1 spectre_v2 spec_store_bypass
bogomips	: 7785.28
TLB size	: 3072 4K pages
clflush size	: 64
cache_alignment	: 64
address sizes	: 43 bits physical, 48 bits virtual
power management: ts ttp tm hwpstate cpb eff_freq_ro [13] [14]



Memory: 4k page, physical 65868296k(622384k free), swap 41554936k(36062968k free)

vm_info: OpenJDK 64-Bit Server VM (25.282-b08) for linux-amd64 JRE (1.8.0_282-b08), built on Jan 14 2021 07:18:50 by "jenkins" with gcc 7.3.1 20180303 (Red Hat 7.3.1-5)

time: Sun Nov 28 23:50:25 2021
timezone: EST
elapsed time: 3.449913 seconds (0d 0h 0m 3s)

