#
# A fatal error has been detected by the Java Runtime Environment:
#
#  SIGSEGV (0xb) at pc=0x0000000041645ef1, pid=1747813, tid=0x00007fa5b66fc640
#
# JRE version: OpenJDK Runtime Environment (8.0_282-b08) (build 1.8.0_282-b08)
# Java VM: OpenJDK 64-Bit Server VM (25.282-b08 mixed mode linux-amd64 compressed oops)
# Problematic frame:
# C  0x0000000041645ef1
#
# Failed to write core dump. Core dumps have been disabled. To enable core dumping, try "ulimit -c unlimited" before starting Java again
#
# If you would like to submit a bug report, please include
# instructions on how to reproduce the bug and visit:
#   https://github.com/corretto/corretto-8/issues/
# The crash happened outside the Java Virtual Machine in native code.
# See problematic frame for where to report the bug.
#

---------------  T H R E A D  ---------------

Current thread (0x00007fa5b000e800):  JavaThread "main" [_thread_in_native, id=1747818, stack(0x00007fa5b65fd000,0x00007fa5b66fd000)]

siginfo: si_signo: 11 (SIGSEGV), si_code: 2 (SEGV_ACCERR), si_addr: 0x00007fa4dfdde001

Registers:
RAX=0x0000000041645ec0, RBX=0x00000000ff000000, RCX=0x0000000000000003, RDX=0x0000000000000000
RSP=0x00007fa5b66facf8, RBP=0x000000000000020b, RSI=0x00007fa4dfdddfff, RDI=0x00007fa4d6a869b4
R8 =0x0000000000000400, R9 =0x00007fa4d6a861e0, R10=0x00007fa4dfddda20, R11=0x00007fa4d6a861e0
R12=0x0000000040f42000, R13=0x00007fa50cb67240, R14=0x0000000000000000, R15=0x00000000000003d2
RIP=0x0000000041645ef1, EFLAGS=0x0000000000010202, CSGSFS=0x002b000000000033, ERR=0x0000000000000004
  TRAPNO=0x000000000000000e

Top of Stack: (sp=0x00007fa5b66facf8)
0x00007fa5b66facf8:   00007fa4dfddda20 00007fa4d6a861e0
0x00007fa5b66fad08:   00007fa5b66fae90 0000000000000400
0x00007fa5b66fad18:   00007fa50cb6782d 0000000000000400
0x00007fa5b66fad28:   0000000100000000 0000000675d96c00
0x00007fa5b66fad38:   00007fa5b66fae90 0000000040f42000
0x00007fa5b66fad48:   00007fa50e1b5260 00007fa50cb677d0
0x00007fa5b66fad58:   00007fa4d66b45c0 0000000000000000
0x00007fa5b66fad68:   00007fa50cb71841 0000000100000001
0x00007fa5b66fad78:   0000000100000400 0000004f0000004f
0x00007fa5b66fad88:   0000000000000005 0000000000000000
0x00007fa5b66fad98:   0000000000000000 00007fa4d66b4ac0
0x00007fa5b66fada8:   0000000040f42000 00007fa4d66b45c0
0x00007fa5b66fadb8:   0000000000000000 00007fa5b66fae90
0x00007fa5b66fadc8:   00007fa4d66b4ac0 00007fa50e1b1280
0x00007fa5b66fadd8:   00007fa50cc86700 0000000000000000
0x00007fa5b66fade8:   0000000000000400 0000000000000000
0x00007fa5b66fadf8:   0000000100000400 0000000600000001
0x00007fa5b66fae08:   00007fa5b0a2eaa0 0000000000000000
0x00007fa5b66fae18:   00007fa5b10b6060 0000000000000000
0x00007fa5b66fae28:   00007fa5b7915c87 0000000000000000
0x00007fa5b66fae38:   00007fa5b0000080 0000000000000000
0x00007fa5b66fae48:   00007fa4d4000000 0000000000401000
0x00007fa5b66fae58:   0000000000400040 0000000002ab6000
0x00007fa5b66fae68:   00000000026b6000 0000000000000000
0x00007fa5b66fae78:   0000000000400017 0000000000400020
0x00007fa5b66fae88:   00007fa5b0000020 0000000800000019
0x00007fa5b66fae98:   00007fa4dfb00e20 00007fa4dfddda20
0x00007fa5b66faea8:   0000000000000000 0000000675d96c00
0x00007fa5b66faeb8:   0000000000000000 0000000300000c00
0x00007fa5b66faec8:   0000000300000003 0000000000000001
0x00007fa5b66faed8:   0000000000000000 000000000000007e
0x00007fa5b66faee8:   0000000000000000 0000040000000400 

Instructions: (pc=0x0000000041645ef1)
0x0000000041645ed1:   8b f2 49 8b fb 41 8b e8 85 ed 0f 84 36 00 00 00
0x0000000041645ee1:   b9 03 00 00 00 0f 8f 05 00 00 00 48 f7 d9 f7 dd
0x0000000041645ef1:   0f b6 5e 02 c1 e3 10 0f b7 16 0b da 48 03 f1 48
0x0000000041645f01:   83 c7 04 81 e3 ff ff ff 00 81 cb 00 00 00 ff ff 

Register to memory mapping:

RAX=0x0000000041645ec0 is an unknown value
RBX=0x00000000ff000000 is an unknown value
RCX=0x0000000000000003 is an unknown value
RDX=0x0000000000000000 is an unknown value
RSP=0x00007fa5b66facf8 is pointing into the stack for thread: 0x00007fa5b000e800
RBP=0x000000000000020b is an unknown value
RSI=0x00007fa4dfdddfff is an unknown value
RDI=0x00007fa4d6a869b4 is an unknown value
R8 =0x0000000000000400 is an unknown value
R9 =0x00007fa4d6a861e0 is an unknown value
R10=0x00007fa4dfddda20 is an unknown value
R11=0x00007fa4d6a861e0 is an unknown value
R12=0x0000000040f42000 is an unknown value
R13=0x00007fa50cb67240: <offset 0xa62240> in /lib/x86_64-linux-gnu/libnvidia-glcore.so.470.82.00 at 0x00007fa50c105000
R14=0x0000000000000000 is an unknown value
R15=0x00000000000003d2 is an unknown value


Stack: [0x00007fa5b65fd000,0x00007fa5b66fd000],  sp=0x00007fa5b66facf8,  free space=1015k
Native frames: (J=compiled Java code, j=interpreted, Vv=VM code, C=native code)
C  0x0000000041645ef1

Java frames: (J=compiled Java code, j=interpreted, Vv=VM code)
j  org.lwjgl.opengl.GL11C.nglTexImage2D(IIIIIIIIJ)V+0
j  org.lwjgl.opengl.GL11C.glTexImage2D(IIIIIIIILjava/nio/ByteBuffer;)V+17
j  org.lwjgl.opengl.GL11.glTexImage2D(IIIIIIIILjava/nio/ByteBuffer;)V+14
j  org.lwjglx.debug.$Proxy$11.glTexImage2D44(IIIIIIIILjava/nio/ByteBuffer;)V+33
j  com.game.engine.TextureLoader.loadTextureI(Ljava/lang/String;Lcom/game/engine/datatypes/ogl/TextureData;FII)Lcom/game/engine/datatypes/ogl/Texture;+78
j  com.game.engine.threading.GameRegistry.lambda$1(Ljava/lang/String;)V+24
j  com.game.engine.threading.GameRegistry$$Lambda$48.run()V+4
J 1367 C1 com.game.engine.threading.Threading.processMain(J)V (55 bytes) @ 0x00007fa5a170e884 [0x00007fa5a170e480+0x404]
j  com.game.engine.display.DisplayManager.updateDisplay()V+138
j  com.game.Main.main([Ljava/lang/String;)V+355
v  ~StubRoutines::call_stub

---------------  P R O C E S S  ---------------

Java Threads: ( => current thread )
  0x00007fa5b10b1000 JavaThread "pool-1-thread-1" [_thread_in_native, id=1747853, stack(0x00007fa4facbf000,0x00007fa4fadc0000)]
  0x00007fa5b10e1000 JavaThread "Java2D Disposer" daemon [_thread_blocked, id=1747852, stack(0x00007fa4fafc0000,0x00007fa4fb0c1000)]
  0x00007fa5b06b9800 JavaThread "Service Thread" daemon [_thread_blocked, id=1747848, stack(0x00007fa50fcfd000,0x00007fa50fdfe000)]
  0x00007fa5b06ed000 JavaThread "C1 CompilerThread11" daemon [_thread_blocked, id=1747847, stack(0x00007fa50fdff000,0x00007fa50feff000)]
  0x00007fa5b06ea800 JavaThread "C1 CompilerThread10" daemon [_thread_blocked, id=1747846, stack(0x00007fa50ff00000,0x00007fa510000000)]
  0x00007fa5b06e8800 JavaThread "C1 CompilerThread9" daemon [_thread_blocked, id=1747845, stack(0x00007fa54405f000,0x00007fa54415f000)]
  0x00007fa5b06e6800 JavaThread "C1 CompilerThread8" daemon [_thread_blocked, id=1747844, stack(0x00007fa544160000,0x00007fa544260000)]
  0x00007fa5b06e3800 JavaThread "C2 CompilerThread7" daemon [_thread_blocked, id=1747843, stack(0x00007fa544261000,0x00007fa544361000)]
  0x00007fa5b06e1000 JavaThread "C2 CompilerThread6" daemon [_thread_blocked, id=1747842, stack(0x00007fa544362000,0x00007fa544462000)]
  0x00007fa5b06df800 JavaThread "C2 CompilerThread5" daemon [_thread_blocked, id=1747841, stack(0x00007fa544463000,0x00007fa544563000)]
  0x00007fa5b0682800 JavaThread "C2 CompilerThread4" daemon [_thread_blocked, id=1747840, stack(0x00007fa544564000,0x00007fa544664000)]
  0x00007fa5b0681000 JavaThread "C2 CompilerThread3" daemon [_thread_blocked, id=1747839, stack(0x00007fa544665000,0x00007fa544765000)]
  0x00007fa5b06d5000 JavaThread "C2 CompilerThread2" daemon [_thread_blocked, id=1747838, stack(0x00007fa544766000,0x00007fa544866000)]
  0x00007fa5b06d4000 JavaThread "C2 CompilerThread1" daemon [_thread_blocked, id=1747837, stack(0x00007fa544867000,0x00007fa544967000)]
  0x00007fa5b063c800 JavaThread "C2 CompilerThread0" daemon [_thread_blocked, id=1747836, stack(0x00007fa544968000,0x00007fa544a68000)]
  0x00007fa5b02b9000 JavaThread "Signal Dispatcher" daemon [_thread_blocked, id=1747835, stack(0x00007fa544ea7000,0x00007fa544fa8000)]
  0x00007fa5b0285800 JavaThread "Finalizer" daemon [_thread_blocked, id=1747834, stack(0x00007fa545847000,0x00007fa545948000)]
  0x00007fa5b0281000 JavaThread "Reference Handler" daemon [_thread_blocked, id=1747833, stack(0x00007fa545948000,0x00007fa545a49000)]
=>0x00007fa5b000e800 JavaThread "main" [_thread_in_native, id=1747818, stack(0x00007fa5b65fd000,0x00007fa5b66fd000)]

Other Threads:
  0x00007fa5b0277800 VMThread [stack: 0x00007fa545a4a000,0x00007fa545b4a000] [id=1747832]
  0x00007fa5b06bc000 WatcherThread [stack: 0x00007fa50fbfd000,0x00007fa50fcfd000] [id=1747849]

VM state:not at safepoint (normal execution)

VM Mutex/Monitor currently owned by a thread: None

heap address: 0x00000003d2e00000, size: 16082 MB, Compressed Oops mode: Zero based, Oop shift amount: 3
Narrow klass base: 0x0000000000000000, Narrow klass shift: 3
Compressed class space size: 1073741824 Address: 0x00000007c0000000

Heap:
 PSYoungGen      total 300544K, used 87765K [0x0000000670f80000, 0x0000000685e80000, 0x00000007c0000000)
  eden space 258048K, 34% used [0x0000000670f80000,0x0000000676535570,0x0000000680b80000)
  from space 42496K, 0% used [0x0000000683500000,0x0000000683500000,0x0000000685e80000)
  to   space 42496K, 0% used [0x0000000680b80000,0x0000000680b80000,0x0000000683500000)
 ParOldGen       total 687104K, used 0K [0x00000003d2e00000, 0x00000003fcd00000, 0x0000000670f80000)
  object space 687104K, 0% used [0x00000003d2e00000,0x00000003d2e00000,0x00000003fcd00000)
 Metaspace       used 13996K, capacity 14341K, committed 14720K, reserved 1062912K
  class space    used 1190K, capacity 1313K, committed 1408K, reserved 1048576K

Card table byte_map: [0x00007fa59f096000,0x00007fa5a1000000] byte_map_base: 0x00007fa59d1ff000

Marking Bits: (ParMarkBitMap*) 0x00007fa5b786f780
 Begin Bits: [0x00007fa548970000, 0x00007fa5584b8000)
 End Bits:   [0x00007fa5584b8000, 0x00007fa568000000)

Polling page: 0x00007fa5b7cda000

CodeCache: size=245760Kb used=7235Kb max_used=7235Kb free=238524Kb
 bounds [0x00007fa5a1000000, 0x00007fa5a1720000, 0x00007fa5b0000000]
 total_blobs=2414 nmethods=1374 adapters=952
 compilation: enabled

Compilation events (10 events):
Event: 3.147 Thread 0x00007fa5b06ea800 1370       1       java.io.OutputStream::flush (1 bytes)
Event: 3.147 Thread 0x00007fa5b06ea800 nmethod 1370 0x00007fa5a1711590 code [0x00007fa5a17116e0, 0x00007fa5a17117f0]
Event: 3.164 Thread 0x00007fa5b06e6800 1371       1       java.lang.String::toString (2 bytes)
Event: 3.164 Thread 0x00007fa5b06e6800 nmethod 1371 0x00007fa5a1711850 code [0x00007fa5a17119a0, 0x00007fa5a1711ab0]
Event: 3.316 Thread 0x00007fa5b06e8800 1372       3       java.util.concurrent.ThreadPoolExecutor::workerCountOf (5 bytes)
Event: 3.317 Thread 0x00007fa5b06e8800 nmethod 1372 0x00007fa5a1711b10 code [0x00007fa5a1711c60, 0x00007fa5a1711d90]
Event: 3.439 Thread 0x00007fa5b06ed000 1373       3       java.util.regex.Pattern$Branch::<init> (37 bytes)
Event: 3.439 Thread 0x00007fa5b06ed000 nmethod 1373 0x00007fa5a1711e10 code [0x00007fa5a1711fa0, 0x00007fa5a17124f0]
Event: 3.490 Thread 0x00007fa5b06ea800 1374       3       org.lwjgl.system.MemoryUtil::memLengthUTF8 (107 bytes)
Event: 3.490 Thread 0x00007fa5b06ea800 nmethod 1374 0x00007fa5a1712690 code [0x00007fa5a1712860, 0x00007fa5a1712eb8]

GC Heap History (0 events):
No events

Deoptimization events (10 events):
Event: 0.847 Thread 0x00007fa5b000e800 Uncommon trap: reason=class_check action=maybe_recompile pc=0x00007fa5a163bc7c method=java.util.regex.Pattern$GroupHead.match(Ljava/util/regex/Matcher;ILjava/lang/CharSequence;)Z @ 28
Event: 0.847 Thread 0x00007fa5b000e800 Uncommon trap: reason=class_check action=maybe_recompile pc=0x00007fa5a163bc7c method=java.util.regex.Pattern$GroupHead.match(Ljava/util/regex/Matcher;ILjava/lang/CharSequence;)Z @ 28
Event: 0.847 Thread 0x00007fa5b000e800 Uncommon trap: reason=class_check action=maybe_recompile pc=0x00007fa5a163bc7c method=java.util.regex.Pattern$GroupHead.match(Ljava/util/regex/Matcher;ILjava/lang/CharSequence;)Z @ 28
Event: 0.847 Thread 0x00007fa5b000e800 Uncommon trap: reason=class_check action=maybe_recompile pc=0x00007fa5a163bc7c method=java.util.regex.Pattern$GroupHead.match(Ljava/util/regex/Matcher;ILjava/lang/CharSequence;)Z @ 28
Event: 0.850 Thread 0x00007fa5b000e800 Uncommon trap: reason=predicate action=maybe_recompile pc=0x00007fa5a15b9bd8 method=org.lwjglx.debug.org.objectweb.asm.ClassReader.readCode(Lorg/lwjglx/debug/org/objectweb/asm/MethodVisitor;Lorg/lwjglx/debug/org/objectweb/asm/Context;I)V @ 1440
Event: 0.854 Thread 0x00007fa5b000e800 Uncommon trap: reason=unstable_if action=reinterpret pc=0x00007fa5a162f244 method=java.lang.reflect.Field.setFieldAccessor(Lsun/reflect/FieldAccessor;Z)V @ 1
Event: 0.884 Thread 0x00007fa5b10b1000 Uncommon trap: reason=class_check action=maybe_recompile pc=0x00007fa5a1649878 method=java.util.regex.Pattern$Branch.match(Ljava/util/regex/Matcher;ILjava/lang/CharSequence;)Z @ 50
Event: 0.884 Thread 0x00007fa5b10b1000 Uncommon trap: reason=class_check action=maybe_recompile pc=0x00007fa5a1649878 method=java.util.regex.Pattern$Branch.match(Ljava/util/regex/Matcher;ILjava/lang/CharSequence;)Z @ 50
Event: 0.884 Thread 0x00007fa5b10b1000 Uncommon trap: reason=class_check action=maybe_recompile pc=0x00007fa5a1649878 method=java.util.regex.Pattern$Branch.match(Ljava/util/regex/Matcher;ILjava/lang/CharSequence;)Z @ 50
Event: 0.889 Thread 0x00007fa5b10b1000 Uncommon trap: reason=class_check action=maybe_recompile pc=0x00007fa5a16498a8 method=java.util.regex.Pattern$GroupHead.match(Ljava/util/regex/Matcher;ILjava/lang/CharSequence;)Z @ 28

Classes redefined (0 events):
No events

Internal exceptions (10 events):
Event: 0.202 Thread 0x00007fa5b000e800 Exception <a 'java/security/PrivilegedActionException'> (0x00000006718d1d98) thrown at [/home/jenkins/node/workspace/Corretto8/generic_linux/x64/build/Corretto8Src/installers/linux/universal/tar/corretto-build/buildRoot/src/hotspot/src/share/vm/prims/jvm.
Event: 0.202 Thread 0x00007fa5b000e800 Exception <a 'java/security/PrivilegedActionException'> (0x00000006718d48e8) thrown at [/home/jenkins/node/workspace/Corretto8/generic_linux/x64/build/Corretto8Src/installers/linux/universal/tar/corretto-build/buildRoot/src/hotspot/src/share/vm/prims/jvm.
Event: 0.202 Thread 0x00007fa5b000e800 Exception <a 'java/security/PrivilegedActionException'> (0x00000006718d4af8) thrown at [/home/jenkins/node/workspace/Corretto8/generic_linux/x64/build/Corretto8Src/installers/linux/universal/tar/corretto-build/buildRoot/src/hotspot/src/share/vm/prims/jvm.
Event: 0.423 Thread 0x00007fa5b000e800 Exception <a 'sun/nio/fs/UnixException'> (0x000000067487e240) thrown at [/home/jenkins/node/workspace/Corretto8/generic_linux/x64/build/Corretto8Src/installers/linux/universal/tar/corretto-build/buildRoot/src/hotspot/src/share/vm/prims/jni.cpp, line 711]
Event: 0.437 Thread 0x00007fa5b000e800 Exception <a 'sun/nio/fs/UnixException'> (0x00000006749a32a8) thrown at [/home/jenkins/node/workspace/Corretto8/generic_linux/x64/build/Corretto8Src/installers/linux/universal/tar/corretto-build/buildRoot/src/hotspot/src/share/vm/prims/jni.cpp, line 711]
Event: 0.601 Thread 0x00007fa5b000e800 Exception <a 'sun/nio/fs/UnixException'> (0x0000000674b78898) thrown at [/home/jenkins/node/workspace/Corretto8/generic_linux/x64/build/Corretto8Src/installers/linux/universal/tar/corretto-build/buildRoot/src/hotspot/src/share/vm/prims/jni.cpp, line 711]
Event: 0.602 Thread 0x00007fa5b000e800 Exception <a 'sun/nio/fs/UnixException'> (0x0000000674b86b48) thrown at [/home/jenkins/node/workspace/Corretto8/generic_linux/x64/build/Corretto8Src/installers/linux/universal/tar/corretto-build/buildRoot/src/hotspot/src/share/vm/prims/jni.cpp, line 711]
Event: 0.857 Thread 0x00007fa5b000e800 Exception <a 'java/io/FileNotFoundException'> (0x0000000675b25b50) thrown at [/home/jenkins/node/workspace/Corretto8/generic_linux/x64/build/Corretto8Src/installers/linux/universal/tar/corretto-build/buildRoot/src/hotspot/src/share/vm/prims/jni.cpp, line 
Event: 0.858 Thread 0x00007fa5b000e800 Exception <a 'java/io/FileNotFoundException'> (0x0000000675b26570) thrown at [/home/jenkins/node/workspace/Corretto8/generic_linux/x64/build/Corretto8Src/installers/linux/universal/tar/corretto-build/buildRoot/src/hotspot/src/share/vm/prims/jni.cpp, line 
Event: 0.889 Thread 0x00007fa5b10b1000 Exception <a 'sun/nio/fs/UnixException'> (0x0000000676068ca8) thrown at [/home/jenkins/node/workspace/Corretto8/generic_linux/x64/build/Corretto8Src/installers/linux/universal/tar/corretto-build/buildRoot/src/hotspot/src/share/vm/prims/jni.cpp, line 711]

Events (10 events):
Event: 0.912 loading class com/game/engine/datatypes/ogl/TextureData
Event: 0.912 loading class com/game/engine/datatypes/ogl/TextureData done
Event: 0.914 loading class org/lwjglx/debug/org/lwjgl/opengl/Context$TextureObject
Event: 0.914 loading class org/lwjglx/debug/org/lwjgl/opengl/Context$TextureObject done
Event: 1.120 loading class java/util/concurrent/ConcurrentHashMap$TreeNode
Event: 1.120 loading class java/util/concurrent/ConcurrentHashMap$TreeNode done
Event: 1.120 loading class java/util/concurrent/ConcurrentHashMap$TreeBin
Event: 1.120 loading class java/util/concurrent/ConcurrentHashMap$TreeBin done
Event: 1.188 Thread 0x00007fa5b000e800 DEOPT PACKING pc=0x00007fa5a16a1a5c sp=0x00007fa5b66fb750
Event: 1.188 Thread 0x00007fa5b000e800 DEOPT UNPACKING pc=0x00007fa5a10470c4 sp=0x00007fa5b66fb4f8 mode 0


Dynamic libraries:
40f42000-40ff1000 rw-p 00000000 00:00 0 
41644000-41646000 r-xs 00000000 00:01 94749                              /memfd:/.glXXXXXX (deleted)
3d2e00000-3fcd00000 rw-p 00000000 00:00 0 
3fcd00000-670f80000 ---p 00000000 00:00 0 
670f80000-685e80000 rw-p 00000000 00:00 0 
685e80000-7c0000000 ---p 00000000 00:00 0 
7c0000000-7c0160000 rw-p 00000000 00:00 0 
7c0160000-800000000 ---p 00000000 00:00 0 
55b6b8600000-55b6b8601000 r-xp 00000000 08:34 5114662                    /usr/lib/jvm/java-1.8.0-amazon-corretto/jre/bin/java
55b6b8800000-55b6b8801000 r--p 00000000 08:34 5114662                    /usr/lib/jvm/java-1.8.0-amazon-corretto/jre/bin/java
55b6b8801000-55b6b8802000 rw-p 00001000 08:34 5114662                    /usr/lib/jvm/java-1.8.0-amazon-corretto/jre/bin/java
55b6b8b6a000-55b6b8b8b000 rw-p 00000000 00:00 0                          [heap]
7fa4cc000000-7fa4cc601000 rw-p 00000000 00:00 0 
7fa4cc601000-7fa4d0000000 ---p 00000000 00:00 0 
7fa4d4000000-7fa4d6ab6000 rw-p 00000000 00:00 0 
7fa4d6ab6000-7fa4d8000000 ---p 00000000 00:00 0 
7fa4dc000000-7fa4dfdde000 rw-p 00000000 00:00 0 
7fa4dfdde000-7fa4e0000000 ---p 00000000 00:00 0 
7fa4e0000000-7fa4e3f10000 rw-p 00000000 00:00 0 
7fa4e3f10000-7fa4e4000000 ---p 00000000 00:00 0 
7fa4e4000000-7fa4e7fd2000 rw-p 00000000 00:00 0 
7fa4e7fd2000-7fa4e8000000 ---p 00000000 00:00 0 
7fa4e8000000-7fa4ebc13000 rw-p 00000000 00:00 0 
7fa4ebc13000-7fa4ec000000 ---p 00000000 00:00 0 
7fa4ec000000-7fa4efff9000 rw-p 00000000 00:00 0 
7fa4efff9000-7fa4f0000000 ---p 00000000 00:00 0 
7fa4f0000000-7fa4f0021000 rw-p 00000000 00:00 0 
7fa4f0021000-7fa4f4000000 ---p 00000000 00:00 0 
7fa4f4000000-7fa4f4021000 rw-p 00000000 00:00 0 
7fa4f4021000-7fa4f8000000 ---p 00000000 00:00 0 
7fa4f945e000-7fa4f985e000 rw-s 00000000 00:05 1034                       /dev/nvidiactl
7fa4f985e000-7fa4f9c5e000 rw-s 00000000 00:05 1034                       /dev/nvidiactl
7fa4f9e5e000-7fa4fa05e000 rw-s 00000000 00:05 1034                       /dev/nvidiactl
7fa4fa05e000-7fa4fa45e000 rw-s 00000000 00:05 1034                       /dev/nvidiactl
7fa4fa45e000-7fa4fa85e000 rw-s 00000000 00:05 1034                       /dev/nvidiactl
7fa4fa85e000-7fa4faa5e000 rw-s 00000000 00:05 1034                       /dev/nvidiactl
7fa4faa5e000-7fa4faabd000 r-xp 00000000 08:34 9437839                    /tmp/lwjglbrett/3.2.3-build-13/liblwjgl_stb.so
7fa4faabd000-7fa4facbc000 ---p 0005f000 08:34 9437839                    /tmp/lwjglbrett/3.2.3-build-13/liblwjgl_stb.so
7fa4facbc000-7fa4facbd000 r--p 0005e000 08:34 9437839                    /tmp/lwjglbrett/3.2.3-build-13/liblwjgl_stb.so
7fa4facbd000-7fa4facbe000 rw-p 0005f000 08:34 9437839                    /tmp/lwjglbrett/3.2.3-build-13/liblwjgl_stb.so
7fa4facbe000-7fa4facbf000 rw-p 00000000 00:00 0 
7fa4facbf000-7fa4facc2000 ---p 00000000 00:00 0 
7fa4facc2000-7fa4faec0000 rw-p 00000000 00:00 0 
7fa4faec0000-7fa4fafc0000 ---p 00000000 00:00 0 
7fa4fafc0000-7fa4fafc3000 ---p 00000000 00:00 0 
7fa4fafc3000-7fa4fb0c1000 rw-p 00000000 00:00 0 
7fa4fb0c1000-7fa4fb0c6000 r-xp 00000000 08:34 3943336                    /usr/lib/x86_64-linux-gnu/libXtst.so.6.1.0
7fa4fb0c6000-7fa4fb2c5000 ---p 00005000 08:34 3943336                    /usr/lib/x86_64-linux-gnu/libXtst.so.6.1.0
7fa4fb2c5000-7fa4fb2c6000 r--p 00004000 08:34 3943336                    /usr/lib/x86_64-linux-gnu/libXtst.so.6.1.0
7fa4fb2c6000-7fa4fb2c7000 rw-p 00005000 08:34 3943336                    /usr/lib/x86_64-linux-gnu/libXtst.so.6.1.0
7fa4fb310000-7fa4fb36b000 r-xp 00000000 08:34 5121934                    /usr/lib/jvm/java-1.8.0-amazon-corretto/jre/lib/amd64/libawt_xawt.so
7fa4fb36b000-7fa4fb56b000 ---p 0005b000 08:34 5121934                    /usr/lib/jvm/java-1.8.0-amazon-corretto/jre/lib/amd64/libawt_xawt.so
7fa4fb56b000-7fa4fb56c000 r--p 0005b000 08:34 5121934                    /usr/lib/jvm/java-1.8.0-amazon-corretto/jre/lib/amd64/libawt_xawt.so
7fa4fb56c000-7fa4fb56f000 rw-p 0005c000 08:34 5121934                    /usr/lib/jvm/java-1.8.0-amazon-corretto/jre/lib/amd64/libawt_xawt.so
7fa4fb56f000-7fa4fb571000 rw-p 00000000 00:00 0 
7fa4fb571000-7fa4fb611000 r-xp 00000000 08:34 5121749                    /usr/lib/jvm/java-1.8.0-amazon-corretto/jre/lib/amd64/libawt.so
7fa4fb611000-7fa4fb811000 ---p 000a0000 08:34 5121749                    /usr/lib/jvm/java-1.8.0-amazon-corretto/jre/lib/amd64/libawt.so
7fa4fb811000-7fa4fb812000 r--p 000a0000 08:34 5121749                    /usr/lib/jvm/java-1.8.0-amazon-corretto/jre/lib/amd64/libawt.so
7fa4fb812000-7fa4fb81d000 rw-p 000a1000 08:34 5121749                    /usr/lib/jvm/java-1.8.0-amazon-corretto/jre/lib/amd64/libawt.so
7fa4fb81d000-7fa4fba42000 rw-p 00000000 00:00 0 
7fa4fba42000-7fa4fba9a000 r-xp 00000000 08:34 9437813                    /tmp/lwjglbrett/3.2.3-build-13/liblwjgl_opengl.so
7fa4fba9a000-7fa4fbc99000 ---p 00058000 08:34 9437813                    /tmp/lwjglbrett/3.2.3-build-13/liblwjgl_opengl.so
7fa4fbc99000-7fa4fbc9a000 r--p 00057000 08:34 9437813                    /tmp/lwjglbrett/3.2.3-build-13/liblwjgl_opengl.so
7fa4fbc9a000-7fa4fbc9b000 rw-p 00058000 08:34 9437813                    /tmp/lwjglbrett/3.2.3-build-13/liblwjgl_opengl.so
7fa4fbe1b000-7fa4fbe5b000 rw-s 00000000 00:05 1034                       /dev/nvidiactl
7fa4fbe5b000-7fa4fc000000 rw-s 00000000 00:01 7168                       /memfd:/.nvidia_drv.XXXXXX (deleted)
7fa4fc000000-7fa4fc0ad000 rw-p 00000000 00:00 0 
7fa4fc0ad000-7fa500000000 ---p 00000000 00:00 0 
7fa500000000-7fa500021000 rw-p 00000000 00:00 0 
7fa500021000-7fa504000000 ---p 00000000 00:00 0 
7fa504000000-7fa50423b000 rw-p 00000000 00:00 0 
7fa50423b000-7fa508000000 ---p 00000000 00:00 0 
7fa508000000-7fa508143000 rw-p 00000000 00:00 0 
7fa508143000-7fa50c000000 ---p 00000000 00:00 0 
7fa50c01a000-7fa50c01f000 r--s 002f9000 08:34 5122307                    /usr/lib/jvm/java-1.8.0-amazon-corretto/jre/lib/charsets.jar
7fa50c01f000-7fa50c020000 r-xp 00000000 00:00 0 
7fa50c020000-7fa50c033000 rw-s 00000000 00:05 1034                       /dev/nvidiactl
7fa50c033000-7fa50c053000 rw-s 00000000 00:05 1034                       /dev/nvidiactl
7fa50c053000-7fa50c093000 rw-s 00000000 00:05 1034                       /dev/nvidiactl
7fa50c093000-7fa50c0d3000 rw-s 00000000 00:05 1034                       /dev/nvidiactl
7fa50c0d3000-7fa50c0d8000 r--p 00000000 08:34 3934790                    /usr/lib/x86_64-linux-gnu/libdrm.so.2.4.0
7fa50c0d8000-7fa50c0e2000 r-xp 00005000 08:34 3934790                    /usr/lib/x86_64-linux-gnu/libdrm.so.2.4.0
7fa50c0e2000-7fa50c0e6000 r--p 0000f000 08:34 3934790                    /usr/lib/x86_64-linux-gnu/libdrm.so.2.4.0
7fa50c0e6000-7fa50c0e7000 r--p 00012000 08:34 3934790                    /usr/lib/x86_64-linux-gnu/libdrm.so.2.4.0
7fa50c0e7000-7fa50c0e8000 rw-p 00013000 08:34 3934790                    /usr/lib/x86_64-linux-gnu/libdrm.so.2.4.0
7fa50c0e8000-7fa50c0f3000 r--p 00000000 08:34 3934154                    /usr/lib/x86_64-linux-gnu/libxcb-glx.so.0.0.0
7fa50c0f3000-7fa50c0fc000 r-xp 0000b000 08:34 3934154                    /usr/lib/x86_64-linux-gnu/libxcb-glx.so.0.0.0
7fa50c0fc000-7fa50c101000 r--p 00014000 08:34 3934154                    /usr/lib/x86_64-linux-gnu/libxcb-glx.so.0.0.0
7fa50c101000-7fa50c102000 ---p 00019000 08:34 3934154                    /usr/lib/x86_64-linux-gnu/libxcb-glx.so.0.0.0
7fa50c102000-7fa50c104000 r--p 00019000 08:34 3934154                    /usr/lib/x86_64-linux-gnu/libxcb-glx.so.0.0.0
7fa50c104000-7fa50c105000 rw-p 0001b000 08:34 3934154                    /usr/lib/x86_64-linux-gnu/libxcb-glx.so.0.0.0
7fa50c105000-7fa50d366000 r-xp 00000000 08:34 3932713                    /usr/lib/x86_64-linux-gnu/libnvidia-glcore.so.470.82.00
7fa50d366000-7fa50d387000 rwxp 01261000 08:34 3932713                    /usr/lib/x86_64-linux-gnu/libnvidia-glcore.so.470.82.00
7fa50d387000-7fa50d89f000 r-xp 01282000 08:34 3932713                    /usr/lib/x86_64-linux-gnu/libnvidia-glcore.so.470.82.00
7fa50d89f000-7fa50da9f000 ---p 0179a000 08:34 3932713                    /usr/lib/x86_64-linux-gnu/libnvidia-glcore.so.470.82.00
7fa50da9f000-7fa50dffa000 r--p 0179a000 08:34 3932713                    /usr/lib/x86_64-linux-gnu/libnvidia-glcore.so.470.82.00
7fa50dffa000-7fa50e19e000 rw-p 01cf5000 08:34 3932713                    /usr/lib/x86_64-linux-gnu/libnvidia-glcore.so.470.82.00
7fa50e19e000-7fa50e1c0000 rw-p 00000000 00:00 0 
7fa50e1c0000-7fa50e1c3000 r-xp 00000000 08:34 3932716                    /usr/lib/x86_64-linux-gnu/libnvidia-tls.so.470.82.00
7fa50e1c3000-7fa50e3c3000 ---p 00003000 08:34 3932716                    /usr/lib/x86_64-linux-gnu/libnvidia-tls.so.470.82.00
7fa50e3c3000-7fa50e3c4000 r--p 00003000 08:34 3932716                    /usr/lib/x86_64-linux-gnu/libnvidia-tls.so.470.82.00
7fa50e3c4000-7fa50e3c5000 rw-p 00004000 08:34 3932716                    /usr/lib/x86_64-linux-gnu/libnvidia-tls.so.470.82.00
7fa50e3c5000-7fa50e437000 r-xp 00000000 08:34 3932707                    /usr/lib/x86_64-linux-gnu/libnvidia-glsi.so.470.82.00
7fa50e437000-7fa50e637000 ---p 00072000 08:34 3932707                    /usr/lib/x86_64-linux-gnu/libnvidia-glsi.so.470.82.00
7fa50e637000-7fa50e660000 r--p 00072000 08:34 3932707                    /usr/lib/x86_64-linux-gnu/libnvidia-glsi.so.470.82.00
7fa50e660000-7fa50e661000 rw-p 0009b000 08:34 3932707                    /usr/lib/x86_64-linux-gnu/libnvidia-glsi.so.470.82.00
7fa50e661000-7fa50e668000 rw-p 00000000 00:00 0 
7fa50e668000-7fa50e71a000 r-xp 00000000 08:34 7077974                    /usr/lib/x86_64-linux-gnu/nvidia/current/libGLX_nvidia.so.470.82.00
7fa50e71a000-7fa50e74f000 rwxp 000b2000 08:34 7077974                    /usr/lib/x86_64-linux-gnu/nvidia/current/libGLX_nvidia.so.470.82.00
7fa50e74f000-7fa50e756000 r-xp 000e7000 08:34 7077974                    /usr/lib/x86_64-linux-gnu/nvidia/current/libGLX_nvidia.so.470.82.00
7fa50e756000-7fa50e955000 ---p 000ee000 08:34 7077974                    /usr/lib/x86_64-linux-gnu/nvidia/current/libGLX_nvidia.so.470.82.00
7fa50e955000-7fa50e99e000 r--p 000ed000 08:34 7077974                    /usr/lib/x86_64-linux-gnu/nvidia/current/libGLX_nvidia.so.470.82.00
7fa50e99e000-7fa50e9a3000 rw-p 00136000 08:34 7077974                    /usr/lib/x86_64-linux-gnu/nvidia/current/libGLX_nvidia.so.470.82.00
7fa50e9a3000-7fa50e9a5000 rw-p 00000000 00:00 0 
7fa50e9a5000-7fa50e9e5000 r--p 00000000 08:34 3939091                    /usr/lib/x86_64-linux-gnu/libGLdispatch.so.0.0.0
7fa50e9e5000-7fa50e9e8000 r-xp 00040000 08:34 3939091                    /usr/lib/x86_64-linux-gnu/libGLdispatch.so.0.0.0
7fa50e9e8000-7fa50ea23000 r-xp 00043000 08:34 3939091                    /usr/lib/x86_64-linux-gnu/libGLdispatch.so.0.0.0
7fa50ea23000-7fa50ea24000 r-xp 0007e000 08:34 3939091                    /usr/lib/x86_64-linux-gnu/libGLdispatch.so.0.0.0
7fa50ea24000-7fa50ea38000 r--p 0007f000 08:34 3939091                    /usr/lib/x86_64-linux-gnu/libGLdispatch.so.0.0.0
7fa50ea38000-7fa50ea54000 r--p 00092000 08:34 3939091                    /usr/lib/x86_64-linux-gnu/libGLdispatch.so.0.0.0
7fa50ea54000-7fa50ea55000 rw-p 000ae000 08:34 3939091                    /usr/lib/x86_64-linux-gnu/libGLdispatch.so.0.0.0
7fa50ea55000-7fa50ea5d000 rw-p 00000000 00:00 0 
7fa50ea5d000-7fa50eaa0000 r--p 00000000 08:34 6292234                    /usr/lib/mesa-diverted/x86_64-linux-gnu/libGL.so.1.7.0
7fa50eaa0000-7fa50eaa3000 r-xp 00043000 08:34 6292234                    /usr/lib/mesa-diverted/x86_64-linux-gnu/libGL.so.1.7.0
7fa50eaa3000-7fa50eabe000 r-xp 00046000 08:34 6292234                    /usr/lib/mesa-diverted/x86_64-linux-gnu/libGL.so.1.7.0
7fa50eabe000-7fa50eabf000 r-xp 00061000 08:34 6292234                    /usr/lib/mesa-diverted/x86_64-linux-gnu/libGL.so.1.7.0
7fa50eabf000-7fa50ead4000 r--p 00062000 08:34 6292234                    /usr/lib/mesa-diverted/x86_64-linux-gnu/libGL.so.1.7.0
7fa50ead4000-7fa50eae2000 r--p 00076000 08:34 6292234                    /usr/lib/mesa-diverted/x86_64-linux-gnu/libGL.so.1.7.0
7fa50eae2000-7fa50eae3000 rw-p 00084000 08:34 6292234                    /usr/lib/mesa-diverted/x86_64-linux-gnu/libGL.so.1.7.0
7fa50eae3000-7fa50eae4000 rw-p 00000000 00:00 0 
7fa50eae4000-7fa50eae5000 r-xp 00000000 00:00 0 
7fa50eae5000-7fa50eae8000 r-xp 00000000 00:00 0 
7fa50eae8000-7fa50eaeb000 rw-s 00000000 00:05 1034                       /dev/nvidiactl
7fa50eaeb000-7fa50eaed000 rw-s 00000000 00:01 94749                      /memfd:/.glXXXXXX (deleted)
7fa50eaed000-7fa50eb0d000 rw-s 00000000 00:05 1034                       /dev/nvidiactl
7fa50eb2d000-7fa50eb2e000 r--p 00000000 08:34 3934439                    /usr/lib/x86_64-linux-gnu/libX11-xcb.so.1.0.0
7fa50eb2e000-7fa50eb2f000 r-xp 00001000 08:34 3934439                    /usr/lib/x86_64-linux-gnu/libX11-xcb.so.1.0.0
7fa50eb2f000-7fa50eb30000 r--p 00002000 08:34 3934439                    /usr/lib/x86_64-linux-gnu/libX11-xcb.so.1.0.0
7fa50eb30000-7fa50eb31000 r--p 00002000 08:34 3934439                    /usr/lib/x86_64-linux-gnu/libX11-xcb.so.1.0.0
7fa50eb31000-7fa50eb32000 rw-p 00003000 08:34 3934439                    /usr/lib/x86_64-linux-gnu/libX11-xcb.so.1.0.0
7fa50eb32000-7fa50eb33000 r--p 00000000 08:34 3949702                    /usr/lib/x86_64-linux-gnu/libXinerama.so.1.0.0
7fa50eb33000-7fa50eb34000 r-xp 00001000 08:34 3949702                    /usr/lib/x86_64-linux-gnu/libXinerama.so.1.0.0
7fa50eb34000-7fa50eb35000 r--p 00002000 08:34 3949702                    /usr/lib/x86_64-linux-gnu/libXinerama.so.1.0.0
7fa50eb35000-7fa50eb36000 r--p 00002000 08:34 3949702                    /usr/lib/x86_64-linux-gnu/libXinerama.so.1.0.0
7fa50eb36000-7fa50eb37000 rw-p 00003000 08:34 3949702                    /usr/lib/x86_64-linux-gnu/libXinerama.so.1.0.0
7fa50eb37000-7fa50eb3a000 r--p 00000000 08:34 3943331                    /usr/lib/x86_64-linux-gnu/libXcursor.so.1.0.2
7fa50eb3a000-7fa50eb40000 r-xp 00003000 08:34 3943331                    /usr/lib/x86_64-linux-gnu/libXcursor.so.1.0.2
7fa50eb40000-7fa50eb42000 r--p 00009000 08:34 3943331                    /usr/lib/x86_64-linux-gnu/libXcursor.so.1.0.2
7fa50eb42000-7fa50eb43000 r--p 0000a000 08:34 3943331                    /usr/lib/x86_64-linux-gnu/libXcursor.so.1.0.2
7fa50eb43000-7fa50eb44000 rw-p 0000b000 08:34 3943331                    /usr/lib/x86_64-linux-gnu/libXcursor.so.1.0.2
7fa50eb44000-7fa50eb4d000 r-xp 00000000 08:34 3939156                    /usr/lib/x86_64-linux-gnu/libXrender.so.1.3.0
7fa50eb4d000-7fa50ed4c000 ---p 00009000 08:34 3939156                    /usr/lib/x86_64-linux-gnu/libXrender.so.1.3.0
7fa50ed4c000-7fa50ed4d000 r--p 00008000 08:34 3939156                    /usr/lib/x86_64-linux-gnu/libXrender.so.1.3.0
7fa50ed4d000-7fa50ed4e000 rw-p 00009000 08:34 3939156                    /usr/lib/x86_64-linux-gnu/libXrender.so.1.3.0
7fa50ed4e000-7fa50ed53000 r-xp 00000000 08:34 3939064                    /usr/lib/x86_64-linux-gnu/libXxf86vm.so.1.0.0
7fa50ed53000-7fa50ef52000 ---p 00005000 08:34 3939064                    /usr/lib/x86_64-linux-gnu/libXxf86vm.so.1.0.0
7fa50ef52000-7fa50ef53000 r--p 00004000 08:34 3939064                    /usr/lib/x86_64-linux-gnu/libXxf86vm.so.1.0.0
7fa50ef53000-7fa50ef54000 rw-p 00005000 08:34 3939064                    /usr/lib/x86_64-linux-gnu/libXxf86vm.so.1.0.0
7fa50ef54000-7fa50ef56000 r--p 00000000 08:34 3932335                    /usr/lib/x86_64-linux-gnu/libmd.so.0.0.5
7fa50ef56000-7fa50ef5d000 r-xp 00002000 08:34 3932335                    /usr/lib/x86_64-linux-gnu/libmd.so.0.0.5
7fa50ef5d000-7fa50ef5f000 r--p 00009000 08:34 3932335                    /usr/lib/x86_64-linux-gnu/libmd.so.0.0.5
7fa50ef5f000-7fa50ef60000 r--p 0000a000 08:34 3932335                    /usr/lib/x86_64-linux-gnu/libmd.so.0.0.5
7fa50ef60000-7fa50ef61000 rw-p 0000b000 08:34 3932335                    /usr/lib/x86_64-linux-gnu/libmd.so.0.0.5
7fa50ef61000-7fa50ef65000 r--p 00000000 08:34 3938076                    /usr/lib/x86_64-linux-gnu/libbsd.so.0.11.3
7fa50ef65000-7fa50ef71000 r-xp 00004000 08:34 3938076                    /usr/lib/x86_64-linux-gnu/libbsd.so.0.11.3
7fa50ef71000-7fa50ef74000 r--p 00010000 08:34 3938076                    /usr/lib/x86_64-linux-gnu/libbsd.so.0.11.3
7fa50ef74000-7fa50ef75000 ---p 00013000 08:34 3938076                    /usr/lib/x86_64-linux-gnu/libbsd.so.0.11.3
7fa50ef75000-7fa50ef76000 r--p 00013000 08:34 3938076                    /usr/lib/x86_64-linux-gnu/libbsd.so.0.11.3
7fa50ef76000-7fa50ef77000 rw-p 00014000 08:34 3938076                    /usr/lib/x86_64-linux-gnu/libbsd.so.0.11.3
7fa50ef77000-7fa50ef78000 rw-p 00000000 00:00 0 
7fa50ef78000-7fa50ef7d000 r-xp 00000000 08:34 3938959                    /usr/lib/x86_64-linux-gnu/libXdmcp.so.6.0.0
7fa50ef7d000-7fa50f17c000 ---p 00005000 08:34 3938959                    /usr/lib/x86_64-linux-gnu/libXdmcp.so.6.0.0
7fa50f17c000-7fa50f17d000 r--p 00004000 08:34 3938959                    /usr/lib/x86_64-linux-gnu/libXdmcp.so.6.0.0
7fa50f17d000-7fa50f17e000 rw-p 00005000 08:34 3938959                    /usr/lib/x86_64-linux-gnu/libXdmcp.so.6.0.0
7fa50f17e000-7fa50f17f000 r--p 00000000 08:34 3936017                    /usr/lib/x86_64-linux-gnu/libXau.so.6.0.0
7fa50f17f000-7fa50f180000 r-xp 00001000 08:34 3936017                    /usr/lib/x86_64-linux-gnu/libXau.so.6.0.0
7fa50f180000-7fa50f181000 r--p 00002000 08:34 3936017                    /usr/lib/x86_64-linux-gnu/libXau.so.6.0.0
7fa50f181000-7fa50f182000 r--p 00002000 08:34 3936017                    /usr/lib/x86_64-linux-gnu/libXau.so.6.0.0
7fa50f182000-7fa50f183000 rw-p 00003000 08:34 3936017                    /usr/lib/x86_64-linux-gnu/libXau.so.6.0.0
7fa50f183000-7fa50f18f000 r--p 00000000 08:34 3933956                    /usr/lib/x86_64-linux-gnu/libxcb.so.1.1.0
7fa50f18f000-7fa50f1a3000 r-xp 0000c000 08:34 3933956                    /usr/lib/x86_64-linux-gnu/libxcb.so.1.1.0
7fa50f1a3000-7fa50f1ac000 r--p 00020000 08:34 3933956                    /usr/lib/x86_64-linux-gnu/libxcb.so.1.1.0
7fa50f1ac000-7fa50f1ad000 r--p 00028000 08:34 3933956                    /usr/lib/x86_64-linux-gnu/libxcb.so.1.1.0
7fa50f1ad000-7fa50f1ae000 rw-p 00029000 08:34 3933956                    /usr/lib/x86_64-linux-gnu/libxcb.so.1.1.0
7fa50f1ae000-7fa50f1ca000 r--p 00000000 08:34 3935585                    /usr/lib/x86_64-linux-gnu/libX11.so.6.4.0
7fa50f1ca000-7fa50f256000 r-xp 0001c000 08:34 3935585                    /usr/lib/x86_64-linux-gnu/libX11.so.6.4.0
7fa50f256000-7fa50f2ea000 r--p 000a8000 08:34 3935585                    /usr/lib/x86_64-linux-gnu/libX11.so.6.4.0
7fa50f2ea000-7fa50f2eb000 ---p 0013c000 08:34 3935585                    /usr/lib/x86_64-linux-gnu/libX11.so.6.4.0
7fa50f2eb000-7fa50f2ec000 r--p 0013c000 08:34 3935585                    /usr/lib/x86_64-linux-gnu/libX11.so.6.4.0
7fa50f2ec000-7fa50f2f1000 rw-p 0013d000 08:34 3935585                    /usr/lib/x86_64-linux-gnu/libX11.so.6.4.0
7fa50f2f1000-7fa50f2f2000 r-xp 00000000 00:00 0 
7fa50f2f6000-7fa50f2f7000 rw-s 00000000 00:05 1035                       /dev/nvidia0
7fa50f2f7000-7fa50f2f9000 rw-s 00000000 00:05 1034                       /dev/nvidiactl
7fa50f2f9000-7fa50f2fd000 rw-s 00000000 00:05 1034                       /dev/nvidiactl
7fa50f2fd000-7fa50f2fe000 rw-s 00000000 00:05 1035                       /dev/nvidia0
7fa50f2fe000-7fa50f2ff000 rw-s 00000000 00:05 1035                       /dev/nvidia0
7fa50f2ff000-7fa50f302000 r--p 00000000 08:34 3937876                    /usr/lib/x86_64-linux-gnu/libGLX.so.0.0.0
7fa50f302000-7fa50f31d000 r-xp 00003000 08:34 3937876                    /usr/lib/x86_64-linux-gnu/libGLX.so.0.0.0
7fa50f31d000-7fa50f321000 r--p 0001e000 08:34 3937876                    /usr/lib/x86_64-linux-gnu/libGLX.so.0.0.0
7fa50f321000-7fa50f322000 r--p 00021000 08:34 3937876                    /usr/lib/x86_64-linux-gnu/libGLX.so.0.0.0
7fa50f322000-7fa50f323000 rw-p 00022000 08:34 3937876                    /usr/lib/x86_64-linux-gnu/libGLX.so.0.0.0
7fa50f323000-7fa50f333000 rw-p 00000000 00:00 0 
7fa50f333000-7fa50f33a000 r--s 00000000 08:34 3980780                    /usr/lib/x86_64-linux-gnu/gconv/gconv-modules.cache
7fa50f33a000-7fa50f37d000 r-xp 00000000 08:34 9437811                    /tmp/lwjglbrett/3.2.3-build-13/libglfw.so
7fa50f37d000-7fa50f57c000 ---p 00043000 08:34 9437811                    /tmp/lwjglbrett/3.2.3-build-13/libglfw.so
7fa50f57c000-7fa50f57d000 r--p 00042000 08:34 9437811                    /tmp/lwjglbrett/3.2.3-build-13/libglfw.so
7fa50f57d000-7fa50f57f000 rw-p 00043000 08:34 9437811                    /tmp/lwjglbrett/3.2.3-build-13/libglfw.so
7fa50f57f000-7fa50f7a0000 rw-p 00000000 00:00 0 
7fa50f7a0000-7fa50f7f1000 r-xp 00000000 08:34 9437808                    /tmp/lwjglbrett/3.2.3-build-13/liblwjgl.so
7fa50f7f1000-7fa50f9f0000 ---p 00051000 08:34 9437808                    /tmp/lwjglbrett/3.2.3-build-13/liblwjgl.so
7fa50f9f0000-7fa50f9f1000 r--p 00050000 08:34 9437808                    /tmp/lwjglbrett/3.2.3-build-13/liblwjgl.so
7fa50f9f1000-7fa50f9f2000 rw-p 00051000 08:34 9437808                    /tmp/lwjglbrett/3.2.3-build-13/liblwjgl.so
7fa50f9f2000-7fa50f9fb000 r-xp 00000000 08:34 5121742                    /usr/lib/jvm/java-1.8.0-amazon-corretto/jre/lib/amd64/libmanagement.so
7fa50f9fb000-7fa50fbfa000 ---p 00009000 08:34 5121742                    /usr/lib/jvm/java-1.8.0-amazon-corretto/jre/lib/amd64/libmanagement.so
7fa50fbfa000-7fa50fbfb000 r--p 00008000 08:34 5121742                    /usr/lib/jvm/java-1.8.0-amazon-corretto/jre/lib/amd64/libmanagement.so
7fa50fbfb000-7fa50fbfc000 rw-p 00009000 08:34 5121742                    /usr/lib/jvm/java-1.8.0-amazon-corretto/jre/lib/amd64/libmanagement.so
7fa50fbfc000-7fa50fbfd000 ---p 00000000 00:00 0 
7fa50fbfd000-7fa50fcfd000 rw-p 00000000 00:00 0 
7fa50fcfd000-7fa50fd00000 ---p 00000000 00:00 0 
7fa50fd00000-7fa50fdfe000 rw-p 00000000 00:00 0 
7fa50fdfe000-7fa50fdff000 ---p 00000000 00:00 0 
7fa50fdff000-7fa50fe02000 ---p 00000000 00:00 0 
7fa50fe02000-7fa50feff000 rw-p 00000000 00:00 0 
7fa50feff000-7fa50ff00000 ---p 00000000 00:00 0 
7fa50ff00000-7fa50ff03000 ---p 00000000 00:00 0 
7fa50ff03000-7fa510000000 rw-p 00000000 00:00 0 
7fa510000000-7fa5100ab000 rw-p 00000000 00:00 0 
7fa5100ab000-7fa514000000 ---p 00000000 00:00 0 
7fa514000000-7fa5141ba000 rw-p 00000000 00:00 0 
7fa5141ba000-7fa518000000 ---p 00000000 00:00 0 
7fa518000000-7fa5182c0000 rw-p 00000000 00:00 0 
7fa5182c0000-7fa51c000000 ---p 00000000 00:00 0 
7fa51c000000-7fa51c06e000 rw-p 00000000 00:00 0 
7fa51c06e000-7fa520000000 ---p 00000000 00:00 0 
7fa520000000-7fa520203000 rw-p 00000000 00:00 0 
7fa520203000-7fa524000000 ---p 00000000 00:00 0 
7fa524000000-7fa52426c000 rw-p 00000000 00:00 0 
7fa52426c000-7fa528000000 ---p 00000000 00:00 0 
7fa528000000-7fa5282e2000 rw-p 00000000 00:00 0 
7fa5282e2000-7fa52c000000 ---p 00000000 00:00 0 
7fa52c000000-7fa52c9ba000 rw-p 00000000 00:00 0 
7fa52c9ba000-7fa530000000 ---p 00000000 00:00 0 
7fa530000000-7fa530021000 rw-p 00000000 00:00 0 
7fa530021000-7fa534000000 ---p 00000000 00:00 0 
7fa534000000-7fa534287000 rw-p 00000000 00:00 0 
7fa534287000-7fa538000000 ---p 00000000 00:00 0 
7fa538000000-7fa538021000 rw-p 00000000 00:00 0 
7fa538021000-7fa53c000000 ---p 00000000 00:00 0 
7fa53c000000-7fa53c021000 rw-p 00000000 00:00 0 
7fa53c021000-7fa540000000 ---p 00000000 00:00 0 
7fa540000000-7fa540021000 rw-p 00000000 00:00 0 
7fa540021000-7fa544000000 ---p 00000000 00:00 0 
7fa544000000-7fa544001000 rw-s 00000000 00:05 1035                       /dev/nvidia0
7fa544001000-7fa544002000 rw-s 00000000 00:05 1034                       /dev/nvidiactl
7fa544002000-7fa54400a000 r-xp 00000000 00:00 0 
7fa54400a000-7fa54401d000 r--s 0034b000 08:34 5122310                    /usr/lib/jvm/java-1.8.0-amazon-corretto/jre/lib/resources.jar
7fa54401d000-7fa54401e000 rw-s 00000000 00:05 1034                       /dev/nvidiactl
7fa54401e000-7fa54401f000 rw-s 00000000 00:05 1034                       /dev/nvidiactl
7fa54401f000-7fa544020000 rw-s 00044000 00:01 7168                       /memfd:/.nvidia_drv.XXXXXX (deleted)
7fa544020000-7fa544022000 r--p 00000000 08:34 3933927                    /usr/lib/x86_64-linux-gnu/libXfixes.so.3.1.0
7fa544022000-7fa544025000 r-xp 00002000 08:34 3933927                    /usr/lib/x86_64-linux-gnu/libXfixes.so.3.1.0
7fa544025000-7fa544026000 r--p 00005000 08:34 3933927                    /usr/lib/x86_64-linux-gnu/libXfixes.so.3.1.0
7fa544026000-7fa544027000 r--p 00005000 08:34 3933927                    /usr/lib/x86_64-linux-gnu/libXfixes.so.3.1.0
7fa544027000-7fa544028000 rw-p 00006000 08:34 3933927                    /usr/lib/x86_64-linux-gnu/libXfixes.so.3.1.0
7fa544028000-7fa54402a000 r--p 00000000 08:34 3974177                    /usr/lib/x86_64-linux-gnu/libXrandr.so.2.2.0
7fa54402a000-7fa544031000 r-xp 00002000 08:34 3974177                    /usr/lib/x86_64-linux-gnu/libXrandr.so.2.2.0
7fa544031000-7fa544033000 r--p 00009000 08:34 3974177                    /usr/lib/x86_64-linux-gnu/libXrandr.so.2.2.0
7fa544033000-7fa544034000 r--p 0000a000 08:34 3974177                    /usr/lib/x86_64-linux-gnu/libXrandr.so.2.2.0
7fa544034000-7fa544035000 rw-p 0000b000 08:34 3974177                    /usr/lib/x86_64-linux-gnu/libXrandr.so.2.2.0
7fa544035000-7fa544038000 r--p 00000000 08:34 3974143                    /usr/lib/x86_64-linux-gnu/libXi.so.6.1.0
7fa544038000-7fa544044000 r-xp 00003000 08:34 3974143                    /usr/lib/x86_64-linux-gnu/libXi.so.6.1.0
7fa544044000-7fa544047000 r--p 0000f000 08:34 3974143                    /usr/lib/x86_64-linux-gnu/libXi.so.6.1.0
7fa544047000-7fa544048000 r--p 00011000 08:34 3974143                    /usr/lib/x86_64-linux-gnu/libXi.so.6.1.0
7fa544048000-7fa544049000 rw-p 00012000 08:34 3974143                    /usr/lib/x86_64-linux-gnu/libXi.so.6.1.0
7fa544049000-7fa54404d000 r--p 00000000 08:34 3946799                    /usr/lib/x86_64-linux-gnu/libXext.so.6.4.0
7fa54404d000-7fa544058000 r-xp 00004000 08:34 3946799                    /usr/lib/x86_64-linux-gnu/libXext.so.6.4.0
7fa544058000-7fa54405c000 r--p 0000f000 08:34 3946799                    /usr/lib/x86_64-linux-gnu/libXext.so.6.4.0
7fa54405c000-7fa54405d000 r--p 00012000 08:34 3946799                    /usr/lib/x86_64-linux-gnu/libXext.so.6.4.0
7fa54405d000-7fa54405e000 rw-p 00013000 08:34 3946799                    /usr/lib/x86_64-linux-gnu/libXext.so.6.4.0
7fa54405e000-7fa54405f000 ---p 00000000 00:00 0 
7fa54405f000-7fa544062000 ---p 00000000 00:00 0 
7fa544062000-7fa54415f000 rw-p 00000000 00:00 0 
7fa54415f000-7fa544160000 ---p 00000000 00:00 0 
7fa544160000-7fa544163000 ---p 00000000 00:00 0 
7fa544163000-7fa544260000 rw-p 00000000 00:00 0 
7fa544260000-7fa544261000 ---p 00000000 00:00 0 
7fa544261000-7fa544264000 ---p 00000000 00:00 0 
7fa544264000-7fa544361000 rw-p 00000000 00:00 0 
7fa544361000-7fa544362000 ---p 00000000 00:00 0 
7fa544362000-7fa544365000 ---p 00000000 00:00 0 
7fa544365000-7fa544462000 rw-p 00000000 00:00 0 
7fa544462000-7fa544463000 ---p 00000000 00:00 0 
7fa544463000-7fa544466000 ---p 00000000 00:00 0 
7fa544466000-7fa544563000 rw-p 00000000 00:00 0 
7fa544563000-7fa544564000 ---p 00000000 00:00 0 
7fa544564000-7fa544567000 ---p 00000000 00:00 0 
7fa544567000-7fa544664000 rw-p 00000000 00:00 0 
7fa544664000-7fa544665000 ---p 00000000 00:00 0 
7fa544665000-7fa544668000 ---p 00000000 00:00 0 
7fa544668000-7fa544765000 rw-p 00000000 00:00 0 
7fa544765000-7fa544766000 ---p 00000000 00:00 0 
7fa544766000-7fa544769000 ---p 00000000 00:00 0 
7fa544769000-7fa544866000 rw-p 00000000 00:00 0 
7fa544866000-7fa544867000 ---p 00000000 00:00 0 
7fa544867000-7fa54486a000 ---p 00000000 00:00 0 
7fa54486a000-7fa544967000 rw-p 00000000 00:00 0 
7fa544967000-7fa544968000 ---p 00000000 00:00 0 
7fa544968000-7fa54496b000 ---p 00000000 00:00 0 
7fa54496b000-7fa544a68000 rw-p 00000000 00:00 0 
7fa544a68000-7fa544a6e000 r--s 000d3000 08:34 5122308                    /usr/lib/jvm/java-1.8.0-amazon-corretto/jre/lib/jfr.jar
7fa544a6e000-7fa544a86000 r-xp 00000000 08:34 5121713                    /usr/lib/jvm/java-1.8.0-amazon-corretto/jre/lib/amd64/libnet.so
7fa544a86000-7fa544c85000 ---p 00018000 08:34 5121713                    /usr/lib/jvm/java-1.8.0-amazon-corretto/jre/lib/amd64/libnet.so
7fa544c85000-7fa544c86000 r--p 00017000 08:34 5121713                    /usr/lib/jvm/java-1.8.0-amazon-corretto/jre/lib/amd64/libnet.so
7fa544c86000-7fa544c87000 rw-p 00018000 08:34 5121713                    /usr/lib/jvm/java-1.8.0-amazon-corretto/jre/lib/amd64/libnet.so
7fa544c87000-7fa544c98000 r-xp 00000000 08:34 5121754                    /usr/lib/jvm/java-1.8.0-amazon-corretto/jre/lib/amd64/libnio.so
7fa544c98000-7fa544e98000 ---p 00011000 08:34 5121754                    /usr/lib/jvm/java-1.8.0-amazon-corretto/jre/lib/amd64/libnio.so
7fa544e98000-7fa544e99000 r--p 00011000 08:34 5121754                    /usr/lib/jvm/java-1.8.0-amazon-corretto/jre/lib/amd64/libnio.so
7fa544e99000-7fa544e9a000 rw-p 00012000 08:34 5121754                    /usr/lib/jvm/java-1.8.0-amazon-corretto/jre/lib/amd64/libnio.so
7fa544e9a000-7fa544ea0000 r--s 000a0000 08:33 44964194                   /home/brett/Documents/Brock/Gamers/Java Brock 2021 Project/Library/lwjglx-debug-1.0.0.jar
7fa544ea0000-7fa544ea1000 r--s 00017000 08:33 393614                     /home/brett/Documents/Brock/Gamers/Java Brock 2021 Project/Library/lib/native/lwjgl-tinyfd-natives-windows-x86.jar
7fa544ea1000-7fa544ea2000 r--s 0001b000 08:33 393615                     /home/brett/Documents/Brock/Gamers/Java Brock 2021 Project/Library/lib/native/lwjgl-tinyfd-natives-windows.jar
7fa544ea2000-7fa544ea3000 r--s 0000a000 08:33 393613                     /home/brett/Documents/Brock/Gamers/Java Brock 2021 Project/Library/lib/native/lwjgl-tinyfd-natives-macos.jar
7fa544ea3000-7fa544ea4000 r--s 00009000 08:33 393612                     /home/brett/Documents/Brock/Gamers/Java Brock 2021 Project/Library/lib/native/lwjgl-tinyfd-natives-linux.jar
7fa544ea4000-7fa544ea6000 r--s 00025000 08:33 393610                     /home/brett/Documents/Brock/Gamers/Java Brock 2021 Project/Library/lib/native/lwjgl-tinyexr-natives-windows-x86.jar
7fa544ea6000-7fa544ea7000 r--s 0002c000 08:33 393611                     /home/brett/Documents/Brock/Gamers/Java Brock 2021 Project/Library/lib/native/lwjgl-tinyexr-natives-windows.jar
7fa544ea7000-7fa544eaa000 ---p 00000000 00:00 0 
7fa544eaa000-7fa544fa8000 rw-p 00000000 00:00 0 
7fa544fa8000-7fa545847000 r--p 00000000 08:34 3941331                    /usr/lib/locale/locale-archive
7fa545847000-7fa54584a000 ---p 00000000 00:00 0 
7fa54584a000-7fa545948000 rw-p 00000000 00:00 0 
7fa545948000-7fa54594b000 ---p 00000000 00:00 0 
7fa54594b000-7fa545a49000 rw-p 00000000 00:00 0 
7fa545a49000-7fa545a4a000 ---p 00000000 00:00 0 
7fa545a4a000-7fa568000000 rw-p 00000000 00:00 0 
7fa568000000-7fa568021000 rw-p 00000000 00:00 0 
7fa568021000-7fa56c000000 ---p 00000000 00:00 0 
7fa56c000000-7fa56c021000 rw-p 00000000 00:00 0 
7fa56c021000-7fa570000000 ---p 00000000 00:00 0 
7fa570000000-7fa570021000 rw-p 00000000 00:00 0 
7fa570021000-7fa574000000 ---p 00000000 00:00 0 
7fa574000000-7fa574021000 rw-p 00000000 00:00 0 
7fa574021000-7fa578000000 ---p 00000000 00:00 0 
7fa578000000-7fa578021000 rw-p 00000000 00:00 0 
7fa578021000-7fa57c000000 ---p 00000000 00:00 0 
7fa57c000000-7fa57c021000 rw-p 00000000 00:00 0 
7fa57c021000-7fa580000000 ---p 00000000 00:00 0 
7fa580000000-7fa580021000 rw-p 00000000 00:00 0 
7fa580021000-7fa584000000 ---p 00000000 00:00 0 
7fa584000000-7fa584021000 rw-p 00000000 00:00 0 
7fa584021000-7fa588000000 ---p 00000000 00:00 0 
7fa588000000-7fa588021000 rw-p 00000000 00:00 0 
7fa588021000-7fa58c000000 ---p 00000000 00:00 0 
7fa58c000000-7fa58c021000 rw-p 00000000 00:00 0 
7fa58c021000-7fa590000000 ---p 00000000 00:00 0 
7fa590000000-7fa590021000 rw-p 00000000 00:00 0 
7fa590021000-7fa594000000 ---p 00000000 00:00 0 
7fa594000000-7fa594021000 rw-p 00000000 00:00 0 
7fa594021000-7fa598000000 ---p 00000000 00:00 0 
7fa598000000-7fa598021000 rw-p 00000000 00:00 0 
7fa598021000-7fa59c000000 ---p 00000000 00:00 0 
7fa59c000000-7fa59c001000 r--s 00012000 08:33 393609                     /home/brett/Documents/Brock/Gamers/Java Brock 2021 Project/Library/lib/native/lwjgl-tinyexr-natives-macos.jar
7fa59c001000-7fa59c002000 r--s 0000f000 08:33 393608                     /home/brett/Documents/Brock/Gamers/Java Brock 2021 Project/Library/lib/native/lwjgl-tinyexr-natives-linux.jar
7fa59c002000-7fa59c003000 r--s 00033000 08:33 393606                     /home/brett/Documents/Brock/Gamers/Java Brock 2021 Project/Library/lib/native/lwjgl-stb-natives-windows-x86.jar
7fa59c003000-7fa59c005000 r--s 00039000 08:33 393607                     /home/brett/Documents/Brock/Gamers/Java Brock 2021 Project/Library/lib/native/lwjgl-stb-natives-windows.jar
7fa59c005000-7fa59c006000 r--s 0002f000 08:33 393605                     /home/brett/Documents/Brock/Gamers/Java Brock 2021 Project/Library/lib/native/lwjgl-stb-natives-macos.jar
7fa59c006000-7fa59c007000 r--s 00030000 08:33 393604                     /home/brett/Documents/Brock/Gamers/Java Brock 2021 Project/Library/lib/native/lwjgl-stb-natives-linux.jar
7fa59c007000-7fa59c009000 r--s 00013000 08:33 393598                     /home/brett/Documents/Brock/Gamers/Java Brock 2021 Project/Library/lib/native/lwjgl-opengl-natives-windows-x86.jar
7fa59c009000-7fa59c00b000 r--s 00015000 08:33 393599                     /home/brett/Documents/Brock/Gamers/Java Brock 2021 Project/Library/lib/native/lwjgl-opengl-natives-windows.jar
7fa59c00b000-7fa59c00c000 r--s 00009000 08:33 393597                     /home/brett/Documents/Brock/Gamers/Java Brock 2021 Project/Library/lib/native/lwjgl-opengl-natives-macos.jar
7fa59c00c000-7fa59c00d000 r--s 00013000 08:33 393596                     /home/brett/Documents/Brock/Gamers/Java Brock 2021 Project/Library/lib/native/lwjgl-opengl-natives-linux.jar
7fa59c00d000-7fa59c00e000 r--s 0000e000 08:33 393602                     /home/brett/Documents/Brock/Gamers/Java Brock 2021 Project/Library/lib/native/lwjgl-opengles-natives-windows-x86.jar
7fa59c00e000-7fa59c00f000 r--s 00010000 08:33 393603                     /home/brett/Documents/Brock/Gamers/Java Brock 2021 Project/Library/lib/native/lwjgl-opengles-natives-windows.jar
7fa59c00f000-7fa59c010000 r--s 00004000 08:33 393601                     /home/brett/Documents/Brock/Gamers/Java Brock 2021 Project/Library/lib/native/lwjgl-opengles-natives-macos.jar
7fa59c010000-7fa59c011000 r--s 00008000 08:33 393600                     /home/brett/Documents/Brock/Gamers/Java Brock 2021 Project/Library/lib/native/lwjgl-opengles-natives-linux.jar
7fa59c011000-7fa59c012000 r--s 00095000 08:33 393594                     /home/brett/Documents/Brock/Gamers/Java Brock 2021 Project/Library/lib/native/lwjgl-openal-natives-windows-x86.jar
7fa59c012000-7fa59c013000 r--s 0009e000 08:33 393595                     /home/brett/Documents/Brock/Gamers/Java Brock 2021 Project/Library/lib/native/lwjgl-openal-natives-windows.jar
7fa59c013000-7fa59c015000 r--s 00080000 08:33 393593                     /home/brett/Documents/Brock/Gamers/Java Brock 2021 Project/Library/lib/native/lwjgl-openal-natives-macos.jar
7fa59c015000-7fa59c016000 r--s 00090000 08:33 393592                     /home/brett/Documents/Brock/Gamers/Java Brock 2021 Project/Library/lib/native/lwjgl-openal-natives-linux.jar
7fa59c016000-7fa59c017000 r--s 0000f000 08:33 393590                     /home/brett/Documents/Brock/Gamers/Java Brock 2021 Project/Library/lib/native/lwjgl-nfd-natives-windows-x86.jar
7fa59c017000-7fa59c018000 r--s 00011000 08:33 393591                     /home/brett/Documents/Brock/Gamers/Java Brock 2021 Project/Library/lib/native/lwjgl-nfd-natives-windows.jar
7fa59c018000-7fa59c019000 r--s 00001000 08:33 393589                     /home/brett/Documents/Brock/Gamers/Java Brock 2021 Project/Library/lib/native/lwjgl-nfd-natives-macos.jar
7fa59c019000-7fa59c01a000 r--s 00001000 08:33 393588                     /home/brett/Documents/Brock/Gamers/Java Brock 2021 Project/Library/lib/native/lwjgl-nfd-natives-linux.jar
7fa59c01a000-7fa59c01c000 r--s 0001c000 08:33 393586                     /home/brett/Documents/Brock/Gamers/Java Brock 2021 Project/Library/lib/native/lwjgl-natives-windows-x86.jar
7fa59c01c000-7fa59c01e000 r--s 00020000 08:33 393587                     /home/brett/Documents/Brock/Gamers/Java Brock 2021 Project/Library/lib/native/lwjgl-natives-windows.jar
7fa59c01e000-7fa59c01f000 r--s 00009000 08:33 393585                     /home/brett/Documents/Brock/Gamers/Java Brock 2021 Project/Library/lib/native/lwjgl-natives-macos.jar
7fa59c01f000-7fa59c020000 r--s 00012000 08:33 393584                     /home/brett/Documents/Brock/Gamers/Java Brock 2021 Project/Library/lib/native/lwjgl-natives-linux.jar
7fa59c020000-7fa59c021000 r--s 00012000 08:33 393582                     /home/brett/Documents/Brock/Gamers/Java Brock 2021 Project/Library/lib/native/lwjgl-lz4-natives-windows-x86.jar
7fa59c021000-7fa59c022000 r--s 00015000 08:33 393583                     /home/brett/Documents/Brock/Gamers/Java Brock 2021 Project/Library/lib/native/lwjgl-lz4-natives-windows.jar
7fa59c022000-7fa59c023000 r--s 00017000 08:33 393581                     /home/brett/Documents/Brock/Gamers/Java Brock 2021 Project/Library/lib/native/lwjgl-lz4-natives-macos.jar
7fa59c023000-7fa59c025000 r--s 0000f000 08:33 393580                     /home/brett/Documents/Brock/Gamers/Java Brock 2021 Project/Library/lib/native/lwjgl-lz4-natives-linux.jar
7fa59c025000-7fa59c026000 r--s 00020000 08:33 393578                     /home/brett/Documents/Brock/Gamers/Java Brock 2021 Project/Library/lib/native/lwjgl-glfw-natives-windows-x86.jar
7fa59c026000-7fa59c028000 r--s 00021000 08:33 393579                     /home/brett/Documents/Brock/Gamers/Java Brock 2021 Project/Library/lib/native/lwjgl-glfw-natives-windows.jar
7fa59c028000-7fa59c02a000 r--s 0000f000 08:33 393577                     /home/brett/Documents/Brock/Gamers/Java Brock 2021 Project/Library/lib/native/lwjgl-glfw-natives-macos.jar
7fa59c02a000-7fa59c02b000 r--s 00026000 08:33 393576                     /home/brett/Documents/Brock/Gamers/Java Brock 2021 Project/Library/lib/native/lwjgl-glfw-natives-linux.jar
7fa59c02b000-7fa59c02c000 r--s 0020e000 08:33 393574                     /home/brett/Documents/Brock/Gamers/Java Brock 2021 Project/Library/lib/native/lwjgl-assimp-natives-windows-x86.jar
7fa59c02c000-7fa59c02e000 r--s 00278000 08:33 393575                     /home/brett/Documents/Brock/Gamers/Java Brock 2021 Project/Library/lib/native/lwjgl-assimp-natives-windows.jar
7fa59c02e000-7fa59c030000 r--s 003ff000 08:33 393572                     /home/brett/Documents/Brock/Gamers/Java Brock 2021 Project/Library/lib/native/lwjgl-assimp-natives-linux.jar
7fa59c030000-7fa59c0c6000 r--s 007cf000 08:34 5122300                    /usr/lib/jvm/java-1.8.0-amazon-corretto/jre/lib/ext/jfxrt.jar
7fa59c0c6000-7fa59c518000 rw-p 00000000 00:00 0 
7fa59c518000-7fa59c6e9000 r--s 03c97000 08:34 5122309                    /usr/lib/jvm/java-1.8.0-amazon-corretto/jre/lib/rt.jar
7fa59c6e9000-7fa59e78d000 rw-p 00000000 00:00 0 
7fa59e78d000-7fa59e78e000 ---p 00000000 00:00 0 
7fa59e78e000-7fa59e88e000 rw-p 00000000 00:00 0 
7fa59e88e000-7fa59e88f000 ---p 00000000 00:00 0 
7fa59e88f000-7fa59e98f000 rw-p 00000000 00:00 0 
7fa59e98f000-7fa59e990000 ---p 00000000 00:00 0 
7fa59e990000-7fa59ea90000 rw-p 00000000 00:00 0 
7fa59ea90000-7fa59ea91000 ---p 00000000 00:00 0 
7fa59ea91000-7fa59eb91000 rw-p 00000000 00:00 0 
7fa59eb91000-7fa59eb92000 ---p 00000000 00:00 0 
7fa59eb92000-7fa59ec92000 rw-p 00000000 00:00 0 
7fa59ec92000-7fa59ec93000 ---p 00000000 00:00 0 
7fa59ec93000-7fa59ed93000 rw-p 00000000 00:00 0 
7fa59ed93000-7fa59ed94000 ---p 00000000 00:00 0 
7fa59ed94000-7fa59ee94000 rw-p 00000000 00:00 0 
7fa59ee94000-7fa59ee95000 ---p 00000000 00:00 0 
7fa59ee95000-7fa59ef95000 rw-p 00000000 00:00 0 
7fa59ef95000-7fa59ef96000 ---p 00000000 00:00 0 
7fa59ef96000-7fa59f1e6000 rw-p 00000000 00:00 0 
7fa59f1e6000-7fa5a0586000 ---p 00000000 00:00 0 
7fa5a0586000-7fa5a062f000 rw-p 00000000 00:00 0 
7fa5a062f000-7fa5a0fff000 ---p 00000000 00:00 0 
7fa5a0fff000-7fa5a1000000 rw-p 00000000 00:00 0 
7fa5a1000000-7fa5a1720000 rwxp 00000000 00:00 0 
7fa5a1720000-7fa5b0000000 ---p 00000000 00:00 0 
7fa5b0000000-7fa5b3cf9000 rw-p 00000000 00:00 0 
7fa5b3cf9000-7fa5b4000000 ---p 00000000 00:00 0 
7fa5b4000000-7fa5b4001000 r--s 002fe000 08:33 393573                     /home/brett/Documents/Brock/Gamers/Java Brock 2021 Project/Library/lib/native/lwjgl-assimp-natives-macos.jar
7fa5b4001000-7fa5b4002000 r--s 00001000 08:33 393641                     /home/brett/Documents/Brock/Gamers/Java Brock 2021 Project/Library/lib/lwjgl-tinyfd.jar
7fa5b4002000-7fa5b4003000 r--s 0000a000 08:33 393640                     /home/brett/Documents/Brock/Gamers/Java Brock 2021 Project/Library/lib/lwjgl-tinyexr.jar
7fa5b4003000-7fa5b4005000 r--s 00018000 08:33 393639                     /home/brett/Documents/Brock/Gamers/Java Brock 2021 Project/Library/lib/lwjgl-stb.jar
7fa5b4005000-7fa5b40d6000 rw-p 00000000 00:00 0 
7fa5b40d6000-7fa5b40d7000 ---p 00000000 00:00 0 
7fa5b40d7000-7fa5b41d7000 rw-p 00000000 00:00 0 
7fa5b41d7000-7fa5b41d8000 ---p 00000000 00:00 0 
7fa5b41d8000-7fa5b42d8000 rw-p 00000000 00:00 0 
7fa5b42d8000-7fa5b42d9000 ---p 00000000 00:00 0 
7fa5b42d9000-7fa5b43d9000 rw-p 00000000 00:00 0 
7fa5b43d9000-7fa5b43da000 ---p 00000000 00:00 0 
7fa5b43da000-7fa5b462a000 rw-p 00000000 00:00 0 
7fa5b462a000-7fa5b59cb000 ---p 00000000 00:00 0 
7fa5b59cb000-7fa5b59e8000 rw-p 00000000 00:00 0 
7fa5b59e8000-7fa5b5d8b000 ---p 00000000 00:00 0 
7fa5b5d8b000-7fa5b5da6000 r-xp 00000000 08:34 5121722                    /usr/lib/jvm/java-1.8.0-amazon-corretto/jre/lib/amd64/libzip.so
7fa5b5da6000-7fa5b5fa5000 ---p 0001b000 08:34 5121722                    /usr/lib/jvm/java-1.8.0-amazon-corretto/jre/lib/amd64/libzip.so
7fa5b5fa5000-7fa5b5fa6000 r--p 0001a000 08:34 5121722                    /usr/lib/jvm/java-1.8.0-amazon-corretto/jre/lib/amd64/libzip.so
7fa5b5fa6000-7fa5b5fa7000 rw-p 0001b000 08:34 5121722                    /usr/lib/jvm/java-1.8.0-amazon-corretto/jre/lib/amd64/libzip.so
7fa5b5fa7000-7fa5b5fb1000 r-xp 00000000 08:34 5121733                    /usr/lib/jvm/java-1.8.0-amazon-corretto/jre/lib/amd64/libinstrument.so
7fa5b5fb1000-7fa5b61b0000 ---p 0000a000 08:34 5121733                    /usr/lib/jvm/java-1.8.0-amazon-corretto/jre/lib/amd64/libinstrument.so
7fa5b61b0000-7fa5b61b1000 r--p 00009000 08:34 5121733                    /usr/lib/jvm/java-1.8.0-amazon-corretto/jre/lib/amd64/libinstrument.so
7fa5b61b1000-7fa5b61b2000 rw-p 0000a000 08:34 5121733                    /usr/lib/jvm/java-1.8.0-amazon-corretto/jre/lib/amd64/libinstrument.so
7fa5b61b2000-7fa5b61dc000 r-xp 00000000 08:34 5114839                    /usr/lib/jvm/java-1.8.0-amazon-corretto/jre/lib/amd64/libjava.so
7fa5b61dc000-7fa5b63db000 ---p 0002a000 08:34 5114839                    /usr/lib/jvm/java-1.8.0-amazon-corretto/jre/lib/amd64/libjava.so
7fa5b63db000-7fa5b63dc000 r--p 00029000 08:34 5114839                    /usr/lib/jvm/java-1.8.0-amazon-corretto/jre/lib/amd64/libjava.so
7fa5b63dc000-7fa5b63de000 rw-p 0002a000 08:34 5114839                    /usr/lib/jvm/java-1.8.0-amazon-corretto/jre/lib/amd64/libjava.so
7fa5b63de000-7fa5b63ef000 r-xp 00000000 08:34 5114812                    /usr/lib/jvm/java-1.8.0-amazon-corretto/jre/lib/amd64/libverify.so
7fa5b63ef000-7fa5b65ee000 ---p 00011000 08:34 5114812                    /usr/lib/jvm/java-1.8.0-amazon-corretto/jre/lib/amd64/libverify.so
7fa5b65ee000-7fa5b65f0000 r--p 00010000 08:34 5114812                    /usr/lib/jvm/java-1.8.0-amazon-corretto/jre/lib/amd64/libverify.so
7fa5b65f0000-7fa5b65f1000 rw-p 00012000 08:34 5114812                    /usr/lib/jvm/java-1.8.0-amazon-corretto/jre/lib/amd64/libverify.so
7fa5b65f1000-7fa5b65f4000 r--p 00000000 08:34 3956590                    /usr/lib/x86_64-linux-gnu/librt-2.32.so
7fa5b65f4000-7fa5b65f8000 r-xp 00003000 08:34 3956590                    /usr/lib/x86_64-linux-gnu/librt-2.32.so
7fa5b65f8000-7fa5b65f9000 r--p 00007000 08:34 3956590                    /usr/lib/x86_64-linux-gnu/librt-2.32.so
7fa5b65f9000-7fa5b65fa000 ---p 00008000 08:34 3956590                    /usr/lib/x86_64-linux-gnu/librt-2.32.so
7fa5b65fa000-7fa5b65fb000 r--p 00008000 08:34 3956590                    /usr/lib/x86_64-linux-gnu/librt-2.32.so
7fa5b65fb000-7fa5b65fc000 rw-p 00009000 08:34 3956590                    /usr/lib/x86_64-linux-gnu/librt-2.32.so
7fa5b65fc000-7fa5b65fd000 ---p 00000000 00:00 0 
7fa5b65fd000-7fa5b6600000 ---p 00000000 00:00 0 
7fa5b6600000-7fa5b66fd000 rw-p 00000000 00:00 0 
7fa5b66fd000-7fa5b670c000 r--p 00000000 08:34 3945130                    /usr/lib/x86_64-linux-gnu/libm-2.32.so
7fa5b670c000-7fa5b67a7000 r-xp 0000f000 08:34 3945130                    /usr/lib/x86_64-linux-gnu/libm-2.32.so
7fa5b67a7000-7fa5b6840000 r--p 000aa000 08:34 3945130                    /usr/lib/x86_64-linux-gnu/libm-2.32.so
7fa5b6840000-7fa5b6841000 r--p 00142000 08:34 3945130                    /usr/lib/x86_64-linux-gnu/libm-2.32.so
7fa5b6841000-7fa5b6842000 rw-p 00143000 08:34 3945130                    /usr/lib/x86_64-linux-gnu/libm-2.32.so
7fa5b6842000-7fa5b759a000 r-xp 00000000 08:34 5114742                    /usr/lib/jvm/java-1.8.0-amazon-corretto/jre/lib/amd64/server/libjvm.so
7fa5b759a000-7fa5b7799000 ---p 00d58000 08:34 5114742                    /usr/lib/jvm/java-1.8.0-amazon-corretto/jre/lib/amd64/server/libjvm.so
7fa5b7799000-7fa5b7830000 r--p 00d57000 08:34 5114742                    /usr/lib/jvm/java-1.8.0-amazon-corretto/jre/lib/amd64/server/libjvm.so
7fa5b7830000-7fa5b7859000 rw-p 00dee000 08:34 5114742                    /usr/lib/jvm/java-1.8.0-amazon-corretto/jre/lib/amd64/server/libjvm.so
7fa5b7859000-7fa5b788e000 rw-p 00000000 00:00 0 
7fa5b788e000-7fa5b78b4000 r--p 00000000 08:34 3945128                    /usr/lib/x86_64-linux-gnu/libc-2.32.so
7fa5b78b4000-7fa5b79fd000 r-xp 00026000 08:34 3945128                    /usr/lib/x86_64-linux-gnu/libc-2.32.so
7fa5b79fd000-7fa5b7a48000 r--p 0016f000 08:34 3945128                    /usr/lib/x86_64-linux-gnu/libc-2.32.so
7fa5b7a48000-7fa5b7a49000 ---p 001ba000 08:34 3945128                    /usr/lib/x86_64-linux-gnu/libc-2.32.so
7fa5b7a49000-7fa5b7a4c000 r--p 001ba000 08:34 3945128                    /usr/lib/x86_64-linux-gnu/libc-2.32.so
7fa5b7a4c000-7fa5b7a4f000 rw-p 001bd000 08:34 3945128                    /usr/lib/x86_64-linux-gnu/libc-2.32.so
7fa5b7a4f000-7fa5b7a53000 rw-p 00000000 00:00 0 
7fa5b7a53000-7fa5b7a54000 r--p 00000000 08:34 3945129                    /usr/lib/x86_64-linux-gnu/libdl-2.32.so
7fa5b7a54000-7fa5b7a56000 r-xp 00001000 08:34 3945129                    /usr/lib/x86_64-linux-gnu/libdl-2.32.so
7fa5b7a56000-7fa5b7a57000 r--p 00003000 08:34 3945129                    /usr/lib/x86_64-linux-gnu/libdl-2.32.so
7fa5b7a57000-7fa5b7a58000 r--p 00003000 08:34 3945129                    /usr/lib/x86_64-linux-gnu/libdl-2.32.so
7fa5b7a58000-7fa5b7a59000 rw-p 00004000 08:34 3945129                    /usr/lib/x86_64-linux-gnu/libdl-2.32.so
7fa5b7a59000-7fa5b7a70000 r-xp 00000000 08:34 5114804                    /usr/lib/jvm/java-1.8.0-amazon-corretto/jre/lib/amd64/jli/libjli.so
7fa5b7a70000-7fa5b7c6f000 ---p 00017000 08:34 5114804                    /usr/lib/jvm/java-1.8.0-amazon-corretto/jre/lib/amd64/jli/libjli.so
7fa5b7c6f000-7fa5b7c70000 r--p 00016000 08:34 5114804                    /usr/lib/jvm/java-1.8.0-amazon-corretto/jre/lib/amd64/jli/libjli.so
7fa5b7c70000-7fa5b7c71000 rw-p 00017000 08:34 5114804                    /usr/lib/jvm/java-1.8.0-amazon-corretto/jre/lib/amd64/jli/libjli.so
7fa5b7c71000-7fa5b7c78000 r--p 00000000 08:34 3956588                    /usr/lib/x86_64-linux-gnu/libpthread-2.32.so
7fa5b7c78000-7fa5b7c87000 r-xp 00007000 08:34 3956588                    /usr/lib/x86_64-linux-gnu/libpthread-2.32.so
7fa5b7c87000-7fa5b7c8c000 r--p 00016000 08:34 3956588                    /usr/lib/x86_64-linux-gnu/libpthread-2.32.so
7fa5b7c8c000-7fa5b7c8d000 r--p 0001a000 08:34 3956588                    /usr/lib/x86_64-linux-gnu/libpthread-2.32.so
7fa5b7c8d000-7fa5b7c8e000 rw-p 0001b000 08:34 3956588                    /usr/lib/x86_64-linux-gnu/libpthread-2.32.so
7fa5b7c8e000-7fa5b7c92000 rw-p 00000000 00:00 0 
7fa5b7c92000-7fa5b7c99000 r--s 00051000 08:33 393638                     /home/brett/Documents/Brock/Gamers/Java Brock 2021 Project/Library/lib/lwjgl-opengles.jar
7fa5b7c99000-7fa5b7ca4000 r--s 000da000 08:33 393637                     /home/brett/Documents/Brock/Gamers/Java Brock 2021 Project/Library/lib/lwjgl-opengl.jar
7fa5b7ca4000-7fa5b7ca6000 r--s 00012000 08:33 393636                     /home/brett/Documents/Brock/Gamers/Java Brock 2021 Project/Library/lib/lwjgl-openal.jar
7fa5b7ca6000-7fa5b7ca8000 r--s 00001000 08:33 393635                     /home/brett/Documents/Brock/Gamers/Java Brock 2021 Project/Library/lib/lwjgl-nfd.jar
7fa5b7ca8000-7fa5b7caa000 r--s 0000b000 08:33 393634                     /home/brett/Documents/Brock/Gamers/Java Brock 2021 Project/Library/lib/lwjgl-lz4.jar
7fa5b7caa000-7fa5b7cad000 r--s 00018000 08:33 393633                     /home/brett/Documents/Brock/Gamers/Java Brock 2021 Project/Library/lib/lwjgl-glfw.jar
7fa5b7cad000-7fa5b7cb1000 r--s 0001f000 08:33 393632                     /home/brett/Documents/Brock/Gamers/Java Brock 2021 Project/Library/lib/lwjgl-egl.jar
7fa5b7cb1000-7fa5b7cb4000 r--s 00033000 08:33 393631                     /home/brett/Documents/Brock/Gamers/Java Brock 2021 Project/Library/lib/lwjgl-assimp.jar
7fa5b7cb4000-7fa5b7cbb000 r--s 00081000 08:33 393642                     /home/brett/Documents/Brock/Gamers/Java Brock 2021 Project/Library/lib/lwjgl.jar
7fa5b7cbb000-7fa5b7cbe000 r--s 000a5000 08:33 393630                     /home/brett/Documents/Brock/Gamers/Java Brock 2021 Project/Library/lib/joml-1.10.2.jar
7fa5b7cbe000-7fa5b7cc6000 rw-s 00000000 08:34 9438160                    /tmp/hsperfdata_brett/1747813
7fa5b7cc6000-7fa5b7cc9000 r--p 00000000 08:34 3956584                    /usr/lib/x86_64-linux-gnu/libnss_files-2.32.so
7fa5b7cc9000-7fa5b7ccf000 r-xp 00003000 08:34 3956584                    /usr/lib/x86_64-linux-gnu/libnss_files-2.32.so
7fa5b7ccf000-7fa5b7cd1000 r--p 00009000 08:34 3956584                    /usr/lib/x86_64-linux-gnu/libnss_files-2.32.so
7fa5b7cd1000-7fa5b7cd2000 r--p 0000a000 08:34 3956584                    /usr/lib/x86_64-linux-gnu/libnss_files-2.32.so
7fa5b7cd2000-7fa5b7cd3000 rw-p 0000b000 08:34 3956584                    /usr/lib/x86_64-linux-gnu/libnss_files-2.32.so
7fa5b7cd3000-7fa5b7cda000 rw-p 00000000 00:00 0 
7fa5b7cda000-7fa5b7cdb000 r--p 00000000 00:00 0 
7fa5b7cdb000-7fa5b7cdd000 rw-p 00000000 00:00 0 
7fa5b7cdd000-7fa5b7cde000 r--p 00000000 08:34 3945124                    /usr/lib/x86_64-linux-gnu/ld-2.32.so
7fa5b7cde000-7fa5b7cfe000 r-xp 00001000 08:34 3945124                    /usr/lib/x86_64-linux-gnu/ld-2.32.so
7fa5b7cfe000-7fa5b7d07000 r--p 00021000 08:34 3945124                    /usr/lib/x86_64-linux-gnu/ld-2.32.so
7fa5b7d07000-7fa5b7d08000 r--p 00029000 08:34 3945124                    /usr/lib/x86_64-linux-gnu/ld-2.32.so
7fa5b7d08000-7fa5b7d0a000 rw-p 0002a000 08:34 3945124                    /usr/lib/x86_64-linux-gnu/ld-2.32.so
7ffd2afe0000-7ffd2b002000 rw-p 00000000 00:00 0                          [stack]
7ffd2b1dd000-7ffd2b1e1000 r--p 00000000 00:00 0                          [vvar]
7ffd2b1e1000-7ffd2b1e3000 r-xp 00000000 00:00 0                          [vdso]

VM Arguments:
jvm_args: -javaagent:/home/brett/Documents/Brock/Gamers/Java Brock 2021 Project/Library/lwjglx-debug-1.0.0.jar -Dfile.encoding=UTF-8 
java_command: com.game.Main
java_class_path (initial): /home/brett/Documents/Brock/Gamers/Java Brock 2021 Project/Game/bin:/home/brett/Documents/Brock/Gamers/Java Brock 2021 Project/Library/lib/joml-1.10.2.jar:/home/brett/Documents/Brock/Gamers/Java Brock 2021 Project/Library/lib/lwjgl.jar:/home/brett/Documents/Brock/Gamers/Java Brock 2021 Project/Library/lib/lwjgl-assimp.jar:/home/brett/Documents/Brock/Gamers/Java Brock 2021 Project/Library/lib/lwjgl-egl.jar:/home/brett/Documents/Brock/Gamers/Java Brock 2021 Project/Library/lib/lwjgl-glfw.jar:/home/brett/Documents/Brock/Gamers/Java Brock 2021 Project/Library/lib/lwjgl-lz4.jar:/home/brett/Documents/Brock/Gamers/Java Brock 2021 Project/Library/lib/lwjgl-nfd.jar:/home/brett/Documents/Brock/Gamers/Java Brock 2021 Project/Library/lib/lwjgl-openal.jar:/home/brett/Documents/Brock/Gamers/Java Brock 2021 Project/Library/lib/lwjgl-opengl.jar:/home/brett/Documents/Brock/Gamers/Java Brock 2021 Project/Library/lib/lwjgl-opengles.jar:/home/brett/Documents/Brock/Gamers/Java Brock 2021 Project/Library/lib/lwjgl-stb.jar:/home/brett/Documents/Brock/Gamers/Java Brock 2021 Project/Library/lib/lwjgl-tinyexr.jar:/home/brett/Documents/Brock/Gamers/Java Brock 2021 Project/Library/lib/lwjgl-tinyfd.jar:/home/brett/Documents/Brock/Gamers/Java Brock 2021 Project/Library/lib/native/lwjgl-assimp-natives-linux.jar:/home/brett/Documents/Brock/Gamers/Java Brock 2021 Project/Library/lib/native/lwjgl-assimp-natives-macos.jar:/home/brett/Documents/Brock/Gamers/Java Brock 2021 Project/Library/lib/native/lwjgl-assimp-natives-windows.jar:/home/brett/Documents/Brock/Gamers/Java Brock 2021 Project/Library/lib/native/lwjgl-assimp-natives-windows-x86.jar:/home/brett/Documents/Brock/Gamers/Java Brock 2021 Project/Library/lib/native/lwjgl-glfw-natives-linux.jar:/home/brett/Documents/Brock/Gamers/Java Brock 2021 Project/Library/lib/native/lwjgl-glfw-natives-macos.jar:/home/brett/Documents/Brock/Gamers/Java Brock 2021 Project/Library/lib/native/lwjgl-glfw-natives-windows.jar:/home/brett
Launcher Type: SUN_STANDARD

Environment Variables:
PATH=/home/brett/.cargo/bin:/home/brett/.local/bin:/usr/local/bin:/usr/bin:/bin:/usr/local/games:/usr/games:/snap/bin:/home/brett/.dotnet/tools
SHELL=/bin/bash
DISPLAY=:0

Signal Handlers:
SIGSEGV: [libjvm.so+0xb324b0], sa_mask[0]=11111111011111111101111111111110, sa_flags=SA_RESTART|SA_SIGINFO
SIGBUS: [libjvm.so+0xb324b0], sa_mask[0]=11111111011111111101111111111110, sa_flags=SA_RESTART|SA_SIGINFO
SIGFPE: [libjvm.so+0x95a060], sa_mask[0]=11111111011111111101111111111110, sa_flags=SA_RESTART|SA_SIGINFO
SIGPIPE: [libjvm.so+0x95a060], sa_mask[0]=11111111011111111101111111111110, sa_flags=SA_RESTART|SA_SIGINFO
SIGXFSZ: [libjvm.so+0x95a060], sa_mask[0]=11111111011111111101111111111110, sa_flags=SA_RESTART|SA_SIGINFO
SIGILL: [libjvm.so+0x95a060], sa_mask[0]=11111111011111111101111111111110, sa_flags=SA_RESTART|SA_SIGINFO
SIGUSR1: SIG_DFL, sa_mask[0]=00000000000000000000000000000000, sa_flags=none
SIGUSR2: [libjvm.so+0x959f30], sa_mask[0]=00100000000000000000000000000000, sa_flags=SA_RESTART|SA_SIGINFO
SIGHUP: [libjvm.so+0x95a550], sa_mask[0]=11111111011111111101111111111110, sa_flags=SA_RESTART|SA_SIGINFO
SIGINT: [libjvm.so+0x95a550], sa_mask[0]=11111111011111111101111111111110, sa_flags=SA_RESTART|SA_SIGINFO
SIGTERM: [libjvm.so+0x95a550], sa_mask[0]=11111111011111111101111111111110, sa_flags=SA_RESTART|SA_SIGINFO
SIGQUIT: [libjvm.so+0x95a550], sa_mask[0]=11111111011111111101111111111110, sa_flags=SA_RESTART|SA_SIGINFO


---------------  S Y S T E M  ---------------

OS:PRETTY_NAME="Debian GNU/Linux bookworm/sid"
NAME="Debian GNU/Linux"
ID=debian
HOME_URL="https://www.debian.org/"
SUPPORT_URL="https://www.debian.org/support"
BUG_REPORT_URL="https://bugs.debian.org/"

uname:Linux 5.10.0-9-amd64 #1 SMP Debian 5.10.70-1 (2021-09-30) x86_64
libc:glibc 2.32 NPTL 2.32 
rlimit: STACK 8192k, CORE 0k, NPROC 256733, NOFILE 1048576, AS infinity
load average:2.33 2.26 2.13

/proc/meminfo:
MemTotal:       65868296 kB
MemFree:          628232 kB
MemAvailable:   23744564 kB
Buffers:         2236436 kB
Cached:         20894744 kB
SwapCached:       959996 kB
Active:         36781368 kB
Inactive:       24941044 kB
Active(anon):   22301556 kB
Inactive(anon): 17232992 kB
Active(file):   14479812 kB
Inactive(file):  7708052 kB
Unevictable:        2096 kB
Mlocked:            2096 kB
SwapTotal:      41554936 kB
SwapFree:       36065784 kB
Dirty:              3788 kB
Writeback:             4 kB
AnonPages:      37921420 kB
Mapped:          3311600 kB
Shmem:            962516 kB
KReclaimable:    1660188 kB
Slab:            2286796 kB
SReclaimable:    1660188 kB
SUnreclaim:       626608 kB
KernelStack:       40368 kB
PageTables:       225308 kB
NFS_Unstable:          0 kB
Bounce:                0 kB
WritebackTmp:          0 kB
CommitLimit:    74489084 kB
Committed_AS:   67062464 kB
VmallocTotal:   34359738367 kB
VmallocUsed:      243644 kB
VmallocChunk:          0 kB
Percpu:            54912 kB
HardwareCorrupted:     0 kB
AnonHugePages:   2564096 kB
ShmemHugePages:        0 kB
ShmemPmdMapped:        0 kB
FileHugePages:         0 kB
FilePmdMapped:         0 kB
HugePages_Total:       0
HugePages_Free:        0
HugePages_Rsvd:        0
HugePages_Surp:        0
Hugepagesize:       2048 kB
Hugetlb:               0 kB
DirectMap4k:    11776612 kB
DirectMap2M:    55277568 kB
DirectMap1G:     1048576 kB


CPU:total 16 (initial active 16) (16 cores per cpu, 1 threads per core) family 23 model 113 stepping 0, cmov, cx8, fxsr, mmx, sse, sse2, sse3, ssse3, sse4.1, sse4.2, popcnt, avx, avx2, aes, clmul, mmxext, 3dnowpref, lzcnt, sse4a, tsc, tscinvbit, tscinv, bmi1

/proc/cpuinfo:
processor	: 0
vendor_id	: AuthenticAMD
cpu family	: 23
model		: 113
model name	: AMD Ryzen 7 3800X 8-Core Processor
stepping	: 0
microcode	: 0x8701021
cpu MHz		: 4247.722
cache size	: 512 KB
physical id	: 0
siblings	: 16
core id		: 0
cpu cores	: 8
apicid		: 0
initial apicid	: 0
fpu		: yes
fpu_exception	: yes
cpuid level	: 16
wp		: yes
flags		: fpu vme de pse tsc msr pae mce cx8 apic sep mtrr pge mca cmov pat pse36 clflush mmx fxsr sse sse2 ht syscall nx mmxext fxsr_opt pdpe1gb rdtscp lm constant_tsc rep_good nopl nonstop_tsc cpuid extd_apicid aperfmperf pni pclmulqdq monitor ssse3 fma cx16 sse4_1 sse4_2 movbe popcnt aes xsave avx f16c rdrand lahf_lm cmp_legacy svm extapic cr8_legacy abm sse4a misalignsse 3dnowprefetch osvw ibs skinit wdt tce topoext perfctr_core perfctr_nb bpext perfctr_llc mwaitx cpb cat_l3 cdp_l3 hw_pstate sme ssbd mba sev ibpb stibp vmmcall sev_es fsgsbase bmi1 avx2 smep bmi2 cqm rdt_a rdseed adx smap clflushopt clwb sha_ni xsaveopt xsavec xgetbv1 xsaves cqm_llc cqm_occup_llc cqm_mbm_total cqm_mbm_local clzero irperf xsaveerptr rdpru wbnoinvd arat npt lbrv svm_lock nrip_save tsc_scale vmcb_clean flushbyasid decodeassists pausefilter pfthreshold avic v_vmsave_vmload vgif umip rdpid overflow_recov succor smca
bugs		: sysret_ss_attrs spectre_v1 spectre_v2 spec_store_bypass
bogomips	: 7785.28
TLB size	: 3072 4K pages
clflush size	: 64
cache_alignment	: 64
address sizes	: 43 bits physical, 48 bits virtual
power management: ts ttp tm hwpstate cpb eff_freq_ro [13] [14]

processor	: 1
vendor_id	: AuthenticAMD
cpu family	: 23
model		: 113
model name	: AMD Ryzen 7 3800X 8-Core Processor
stepping	: 0
microcode	: 0x8701021
cpu MHz		: 4235.447
cache size	: 512 KB
physical id	: 0
siblings	: 16
core id		: 1
cpu cores	: 8
apicid		: 2
initial apicid	: 2
fpu		: yes
fpu_exception	: yes
cpuid level	: 16
wp		: yes
flags		: fpu vme de pse tsc msr pae mce cx8 apic sep mtrr pge mca cmov pat pse36 clflush mmx fxsr sse sse2 ht syscall nx mmxext fxsr_opt pdpe1gb rdtscp lm constant_tsc rep_good nopl nonstop_tsc cpuid extd_apicid aperfmperf pni pclmulqdq monitor ssse3 fma cx16 sse4_1 sse4_2 movbe popcnt aes xsave avx f16c rdrand lahf_lm cmp_legacy svm extapic cr8_legacy abm sse4a misalignsse 3dnowprefetch osvw ibs skinit wdt tce topoext perfctr_core perfctr_nb bpext perfctr_llc mwaitx cpb cat_l3 cdp_l3 hw_pstate sme ssbd mba sev ibpb stibp vmmcall sev_es fsgsbase bmi1 avx2 smep bmi2 cqm rdt_a rdseed adx smap clflushopt clwb sha_ni xsaveopt xsavec xgetbv1 xsaves cqm_llc cqm_occup_llc cqm_mbm_total cqm_mbm_local clzero irperf xsaveerptr rdpru wbnoinvd arat npt lbrv svm_lock nrip_save tsc_scale vmcb_clean flushbyasid decodeassists pausefilter pfthreshold avic v_vmsave_vmload vgif umip rdpid overflow_recov succor smca
bugs		: sysret_ss_attrs spectre_v1 spectre_v2 spec_store_bypass
bogomips	: 7785.28
TLB size	: 3072 4K pages
clflush size	: 64
cache_alignment	: 64
address sizes	: 43 bits physical, 48 bits virtual
power management: ts ttp tm hwpstate cpb eff_freq_ro [13] [14]

processor	: 2
vendor_id	: AuthenticAMD
cpu family	: 23
model		: 113
model name	: AMD Ryzen 7 3800X 8-Core Processor
stepping	: 0
microcode	: 0x8701021
cpu MHz		: 2125.125
cache size	: 512 KB
physical id	: 0
siblings	: 16
core id		: 2
cpu cores	: 8
apicid		: 4
initial apicid	: 4
fpu		: yes
fpu_exception	: yes
cpuid level	: 16
wp		: yes
flags		: fpu vme de pse tsc msr pae mce cx8 apic sep mtrr pge mca cmov pat pse36 clflush mmx fxsr sse sse2 ht syscall nx mmxext fxsr_opt pdpe1gb rdtscp lm constant_tsc rep_good nopl nonstop_tsc cpuid extd_apicid aperfmperf pni pclmulqdq monitor ssse3 fma cx16 sse4_1 sse4_2 movbe popcnt aes xsave avx f16c rdrand lahf_lm cmp_legacy svm extapic cr8_legacy abm sse4a misalignsse 3dnowprefetch osvw ibs skinit wdt tce topoext perfctr_core perfctr_nb bpext perfctr_llc mwaitx cpb cat_l3 cdp_l3 hw_pstate sme ssbd mba sev ibpb stibp vmmcall sev_es fsgsbase bmi1 avx2 smep bmi2 cqm rdt_a rdseed adx smap clflushopt clwb sha_ni xsaveopt xsavec xgetbv1 xsaves cqm_llc cqm_occup_llc cqm_mbm_total cqm_mbm_local clzero irperf xsaveerptr rdpru wbnoinvd arat npt lbrv svm_lock nrip_save tsc_scale vmcb_clean flushbyasid decodeassists pausefilter pfthreshold avic v_vmsave_vmload vgif umip rdpid overflow_recov succor smca
bugs		: sysret_ss_attrs spectre_v1 spectre_v2 spec_store_bypass
bogomips	: 7785.28
TLB size	: 3072 4K pages
clflush size	: 64
cache_alignment	: 64
address sizes	: 43 bits physical, 48 bits virtual
power management: ts ttp tm hwpstate cpb eff_freq_ro [13] [14]

processor	: 3
vendor_id	: AuthenticAMD
cpu family	: 23
model		: 113
model name	: AMD Ryzen 7 3800X 8-Core Processor
stepping	: 0
microcode	: 0x8701021
cpu MHz		: 3467.072
cache size	: 512 KB
physical id	: 0
siblings	: 16
core id		: 3
cpu cores	: 8
apicid		: 6
initial apicid	: 6
fpu		: yes
fpu_exception	: yes
cpuid level	: 16
wp		: yes
flags		: fpu vme de pse tsc msr pae mce cx8 apic sep mtrr pge mca cmov pat pse36 clflush mmx fxsr sse sse2 ht syscall nx mmxext fxsr_opt pdpe1gb rdtscp lm constant_tsc rep_good nopl nonstop_tsc cpuid extd_apicid aperfmperf pni pclmulqdq monitor ssse3 fma cx16 sse4_1 sse4_2 movbe popcnt aes xsave avx f16c rdrand lahf_lm cmp_legacy svm extapic cr8_legacy abm sse4a misalignsse 3dnowprefetch osvw ibs skinit wdt tce topoext perfctr_core perfctr_nb bpext perfctr_llc mwaitx cpb cat_l3 cdp_l3 hw_pstate sme ssbd mba sev ibpb stibp vmmcall sev_es fsgsbase bmi1 avx2 smep bmi2 cqm rdt_a rdseed adx smap clflushopt clwb sha_ni xsaveopt xsavec xgetbv1 xsaves cqm_llc cqm_occup_llc cqm_mbm_total cqm_mbm_local clzero irperf xsaveerptr rdpru wbnoinvd arat npt lbrv svm_lock nrip_save tsc_scale vmcb_clean flushbyasid decodeassists pausefilter pfthreshold avic v_vmsave_vmload vgif umip rdpid overflow_recov succor smca
bugs		: sysret_ss_attrs spectre_v1 spectre_v2 spec_store_bypass
bogomips	: 7785.28
TLB size	: 3072 4K pages
clflush size	: 64
cache_alignment	: 64
address sizes	: 43 bits physical, 48 bits virtual
power management: ts ttp tm hwpstate cpb eff_freq_ro [13] [14]

processor	: 4
vendor_id	: AuthenticAMD
cpu family	: 23
model		: 113
model name	: AMD Ryzen 7 3800X 8-Core Processor
stepping	: 0
microcode	: 0x8701021
cpu MHz		: 4230.063
cache size	: 512 KB
physical id	: 0
siblings	: 16
core id		: 4
cpu cores	: 8
apicid		: 8
initial apicid	: 8
fpu		: yes
fpu_exception	: yes
cpuid level	: 16
wp		: yes
flags		: fpu vme de pse tsc msr pae mce cx8 apic sep mtrr pge mca cmov pat pse36 clflush mmx fxsr sse sse2 ht syscall nx mmxext fxsr_opt pdpe1gb rdtscp lm constant_tsc rep_good nopl nonstop_tsc cpuid extd_apicid aperfmperf pni pclmulqdq monitor ssse3 fma cx16 sse4_1 sse4_2 movbe popcnt aes xsave avx f16c rdrand lahf_lm cmp_legacy svm extapic cr8_legacy abm sse4a misalignsse 3dnowprefetch osvw ibs skinit wdt tce topoext perfctr_core perfctr_nb bpext perfctr_llc mwaitx cpb cat_l3 cdp_l3 hw_pstate sme ssbd mba sev ibpb stibp vmmcall sev_es fsgsbase bmi1 avx2 smep bmi2 cqm rdt_a rdseed adx smap clflushopt clwb sha_ni xsaveopt xsavec xgetbv1 xsaves cqm_llc cqm_occup_llc cqm_mbm_total cqm_mbm_local clzero irperf xsaveerptr rdpru wbnoinvd arat npt lbrv svm_lock nrip_save tsc_scale vmcb_clean flushbyasid decodeassists pausefilter pfthreshold avic v_vmsave_vmload vgif umip rdpid overflow_recov succor smca
bugs		: sysret_ss_attrs spectre_v1 spectre_v2 spec_store_bypass
bogomips	: 7785.28
TLB size	: 3072 4K pages
clflush size	: 64
cache_alignment	: 64
address sizes	: 43 bits physical, 48 bits virtual
power management: ts ttp tm hwpstate cpb eff_freq_ro [13] [14]

processor	: 5
vendor_id	: AuthenticAMD
cpu family	: 23
model		: 113
model name	: AMD Ryzen 7 3800X 8-Core Processor
stepping	: 0
microcode	: 0x8701021
cpu MHz		: 2804.078
cache size	: 512 KB
physical id	: 0
siblings	: 16
core id		: 5
cpu cores	: 8
apicid		: 10
initial apicid	: 10
fpu		: yes
fpu_exception	: yes
cpuid level	: 16
wp		: yes
flags		: fpu vme de pse tsc msr pae mce cx8 apic sep mtrr pge mca cmov pat pse36 clflush mmx fxsr sse sse2 ht syscall nx mmxext fxsr_opt pdpe1gb rdtscp lm constant_tsc rep_good nopl nonstop_tsc cpuid extd_apicid aperfmperf pni pclmulqdq monitor ssse3 fma cx16 sse4_1 sse4_2 movbe popcnt aes xsave avx f16c rdrand lahf_lm cmp_legacy svm extapic cr8_legacy abm sse4a misalignsse 3dnowprefetch osvw ibs skinit wdt tce topoext perfctr_core perfctr_nb bpext perfctr_llc mwaitx cpb cat_l3 cdp_l3 hw_pstate sme ssbd mba sev ibpb stibp vmmcall sev_es fsgsbase bmi1 avx2 smep bmi2 cqm rdt_a rdseed adx smap clflushopt clwb sha_ni xsaveopt xsavec xgetbv1 xsaves cqm_llc cqm_occup_llc cqm_mbm_total cqm_mbm_local clzero irperf xsaveerptr rdpru wbnoinvd arat npt lbrv svm_lock nrip_save tsc_scale vmcb_clean flushbyasid decodeassists pausefilter pfthreshold avic v_vmsave_vmload vgif umip rdpid overflow_recov succor smca
bugs		: sysret_ss_attrs spectre_v1 spectre_v2 spec_store_bypass
bogomips	: 7785.28
TLB size	: 3072 4K pages
clflush size	: 64
cache_alignment	: 64
address sizes	: 43 bits physical, 48 bits virtual
power management: ts ttp tm hwpstate cpb eff_freq_ro [13] [14]

processor	: 6
vendor_id	: AuthenticAMD
cpu family	: 23
model		: 113
model name	: AMD Ryzen 7 3800X 8-Core Processor
stepping	: 0
microcode	: 0x8701021
cpu MHz		: 4231.482
cache size	: 512 KB
physical id	: 0
siblings	: 16
core id		: 6
cpu cores	: 8
apicid		: 12
initial apicid	: 12
fpu		: yes
fpu_exception	: yes
cpuid level	: 16
wp		: yes
flags		: fpu vme de pse tsc msr pae mce cx8 apic sep mtrr pge mca cmov pat pse36 clflush mmx fxsr sse sse2 ht syscall nx mmxext fxsr_opt pdpe1gb rdtscp lm constant_tsc rep_good nopl nonstop_tsc cpuid extd_apicid aperfmperf pni pclmulqdq monitor ssse3 fma cx16 sse4_1 sse4_2 movbe popcnt aes xsave avx f16c rdrand lahf_lm cmp_legacy svm extapic cr8_legacy abm sse4a misalignsse 3dnowprefetch osvw ibs skinit wdt tce topoext perfctr_core perfctr_nb bpext perfctr_llc mwaitx cpb cat_l3 cdp_l3 hw_pstate sme ssbd mba sev ibpb stibp vmmcall sev_es fsgsbase bmi1 avx2 smep bmi2 cqm rdt_a rdseed adx smap clflushopt clwb sha_ni xsaveopt xsavec xgetbv1 xsaves cqm_llc cqm_occup_llc cqm_mbm_total cqm_mbm_local clzero irperf xsaveerptr rdpru wbnoinvd arat npt lbrv svm_lock nrip_save tsc_scale vmcb_clean flushbyasid decodeassists pausefilter pfthreshold avic v_vmsave_vmload vgif umip rdpid overflow_recov succor smca
bugs		: sysret_ss_attrs spectre_v1 spectre_v2 spec_store_bypass
bogomips	: 7785.28
TLB size	: 3072 4K pages
clflush size	: 64
cache_alignment	: 64
address sizes	: 43 bits physical, 48 bits virtual
power management: ts ttp tm hwpstate cpb eff_freq_ro [13] [14]

processor	: 7
vendor_id	: AuthenticAMD
cpu family	: 23
model		: 113
model name	: AMD Ryzen 7 3800X 8-Core Processor
stepping	: 0
microcode	: 0x8701021
cpu MHz		: 3813.025
cache size	: 512 KB
physical id	: 0
siblings	: 16
core id		: 7
cpu cores	: 8
apicid		: 14
initial apicid	: 14
fpu		: yes
fpu_exception	: yes
cpuid level	: 16
wp		: yes
flags		: fpu vme de pse tsc msr pae mce cx8 apic sep mtrr pge mca cmov pat pse36 clflush mmx fxsr sse sse2 ht syscall nx mmxext fxsr_opt pdpe1gb rdtscp lm constant_tsc rep_good nopl nonstop_tsc cpuid extd_apicid aperfmperf pni pclmulqdq monitor ssse3 fma cx16 sse4_1 sse4_2 movbe popcnt aes xsave avx f16c rdrand lahf_lm cmp_legacy svm extapic cr8_legacy abm sse4a misalignsse 3dnowprefetch osvw ibs skinit wdt tce topoext perfctr_core perfctr_nb bpext perfctr_llc mwaitx cpb cat_l3 cdp_l3 hw_pstate sme ssbd mba sev ibpb stibp vmmcall sev_es fsgsbase bmi1 avx2 smep bmi2 cqm rdt_a rdseed adx smap clflushopt clwb sha_ni xsaveopt xsavec xgetbv1 xsaves cqm_llc cqm_occup_llc cqm_mbm_total cqm_mbm_local clzero irperf xsaveerptr rdpru wbnoinvd arat npt lbrv svm_lock nrip_save tsc_scale vmcb_clean flushbyasid decodeassists pausefilter pfthreshold avic v_vmsave_vmload vgif umip rdpid overflow_recov succor smca
bugs		: sysret_ss_attrs spectre_v1 spectre_v2 spec_store_bypass
bogomips	: 7785.28
TLB size	: 3072 4K pages
clflush size	: 64
cache_alignment	: 64
address sizes	: 43 bits physical, 48 bits virtual
power management: ts ttp tm hwpstate cpb eff_freq_ro [13] [14]

processor	: 8
vendor_id	: AuthenticAMD
cpu family	: 23
model		: 113
model name	: AMD Ryzen 7 3800X 8-Core Processor
stepping	: 0
microcode	: 0x8701021
cpu MHz		: 4244.232
cache size	: 512 KB
physical id	: 0
siblings	: 16
core id		: 0
cpu cores	: 8
apicid		: 1
initial apicid	: 1
fpu		: yes
fpu_exception	: yes
cpuid level	: 16
wp		: yes
flags		: fpu vme de pse tsc msr pae mce cx8 apic sep mtrr pge mca cmov pat pse36 clflush mmx fxsr sse sse2 ht syscall nx mmxext fxsr_opt pdpe1gb rdtscp lm constant_tsc rep_good nopl nonstop_tsc cpuid extd_apicid aperfmperf pni pclmulqdq monitor ssse3 fma cx16 sse4_1 sse4_2 movbe popcnt aes xsave avx f16c rdrand lahf_lm cmp_legacy svm extapic cr8_legacy abm sse4a misalignsse 3dnowprefetch osvw ibs skinit wdt tce topoext perfctr_core perfctr_nb bpext perfctr_llc mwaitx cpb cat_l3 cdp_l3 hw_pstate sme ssbd mba sev ibpb stibp vmmcall sev_es fsgsbase bmi1 avx2 smep bmi2 cqm rdt_a rdseed adx smap clflushopt clwb sha_ni xsaveopt xsavec xgetbv1 xsaves cqm_llc cqm_occup_llc cqm_mbm_total cqm_mbm_local clzero irperf xsaveerptr rdpru wbnoinvd arat npt lbrv svm_lock nrip_save tsc_scale vmcb_clean flushbyasid decodeassists pausefilter pfthreshold avic v_vmsave_vmload vgif umip rdpid overflow_recov succor smca
bugs		: sysret_ss_attrs spectre_v1 spectre_v2 spec_store_bypass
bogomips	: 7785.28
TLB size	: 3072 4K pages
clflush size	: 64
cache_alignment	: 64
address sizes	: 43 bits physical, 48 bits virtual
power management: ts ttp tm hwpstate cpb eff_freq_ro [13] [14]

processor	: 9
vendor_id	: AuthenticAMD
cpu family	: 23
model		: 113
model name	: AMD Ryzen 7 3800X 8-Core Processor
stepping	: 0
microcode	: 0x8701021
cpu MHz		: 4245.347
cache size	: 512 KB
physical id	: 0
siblings	: 16
core id		: 1
cpu cores	: 8
apicid		: 3
initial apicid	: 3
fpu		: yes
fpu_exception	: yes
cpuid level	: 16
wp		: yes
flags		: fpu vme de pse tsc msr pae mce cx8 apic sep mtrr pge mca cmov pat pse36 clflush mmx fxsr sse sse2 ht syscall nx mmxext fxsr_opt pdpe1gb rdtscp lm constant_tsc rep_good nopl nonstop_tsc cpuid extd_apicid aperfmperf pni pclmulqdq monitor ssse3 fma cx16 sse4_1 sse4_2 movbe popcnt aes xsave avx f16c rdrand lahf_lm cmp_legacy svm extapic cr8_legacy abm sse4a misalignsse 3dnowprefetch osvw ibs skinit wdt tce topoext perfctr_core perfctr_nb bpext perfctr_llc mwaitx cpb cat_l3 cdp_l3 hw_pstate sme ssbd mba sev ibpb stibp vmmcall sev_es fsgsbase bmi1 avx2 smep bmi2 cqm rdt_a rdseed adx smap clflushopt clwb sha_ni xsaveopt xsavec xgetbv1 xsaves cqm_llc cqm_occup_llc cqm_mbm_total cqm_mbm_local clzero irperf xsaveerptr rdpru wbnoinvd arat npt lbrv svm_lock nrip_save tsc_scale vmcb_clean flushbyasid decodeassists pausefilter pfthreshold avic v_vmsave_vmload vgif umip rdpid overflow_recov succor smca
bugs		: sysret_ss_attrs spectre_v1 spectre_v2 spec_store_bypass
bogomips	: 7785.28
TLB size	: 3072 4K pages
clflush size	: 64
cache_alignment	: 64
address sizes	: 43 bits physical, 48 bits virtual
power management: ts ttp tm hwpstate cpb eff_freq_ro [13] [14]

processor	: 10
vendor_id	: AuthenticAMD
cpu family	: 23
model		: 113
model name	: AMD Ryzen 7 3800X 8-Core Processor
stepping	: 0
microcode	: 0x8701021
cpu MHz		: 2137.886
cache size	: 512 KB
physical id	: 0
siblings	: 16
core id		: 2
cpu cores	: 8
apicid		: 5
initial apicid	: 5
fpu		: yes
fpu_exception	: yes
cpuid level	: 16
wp		: yes
flags		: fpu vme de pse tsc msr pae mce cx8 apic sep mtrr pge mca cmov pat pse36 clflush mmx fxsr sse sse2 ht syscall nx mmxext fxsr_opt pdpe1gb rdtscp lm constant_tsc rep_good nopl nonstop_tsc cpuid extd_apicid aperfmperf pni pclmulqdq monitor ssse3 fma cx16 sse4_1 sse4_2 movbe popcnt aes xsave avx f16c rdrand lahf_lm cmp_legacy svm extapic cr8_legacy abm sse4a misalignsse 3dnowprefetch osvw ibs skinit wdt tce topoext perfctr_core perfctr_nb bpext perfctr_llc mwaitx cpb cat_l3 cdp_l3 hw_pstate sme ssbd mba sev ibpb stibp vmmcall sev_es fsgsbase bmi1 avx2 smep bmi2 cqm rdt_a rdseed adx smap clflushopt clwb sha_ni xsaveopt xsavec xgetbv1 xsaves cqm_llc cqm_occup_llc cqm_mbm_total cqm_mbm_local clzero irperf xsaveerptr rdpru wbnoinvd arat npt lbrv svm_lock nrip_save tsc_scale vmcb_clean flushbyasid decodeassists pausefilter pfthreshold avic v_vmsave_vmload vgif umip rdpid overflow_recov succor smca
bugs		: sysret_ss_attrs spectre_v1 spectre_v2 spec_store_bypass
bogomips	: 7785.28
TLB size	: 3072 4K pages
clflush size	: 64
cache_alignment	: 64
address sizes	: 43 bits physical, 48 bits virtual
power management: ts ttp tm hwpstate cpb eff_freq_ro [13] [14]

processor	: 11
vendor_id	: AuthenticAMD
cpu family	: 23
model		: 113
model name	: AMD Ryzen 7 3800X 8-Core Processor
stepping	: 0
microcode	: 0x8701021
cpu MHz		: 3680.529
cache size	: 512 KB
physical id	: 0
siblings	: 16
core id		: 3
cpu cores	: 8
apicid		: 7
initial apicid	: 7
fpu		: yes
fpu_exception	: yes
cpuid level	: 16
wp		: yes
flags		: fpu vme de pse tsc msr pae mce cx8 apic sep mtrr pge mca cmov pat pse36 clflush mmx fxsr sse sse2 ht syscall nx mmxext fxsr_opt pdpe1gb rdtscp lm constant_tsc rep_good nopl nonstop_tsc cpuid extd_apicid aperfmperf pni pclmulqdq monitor ssse3 fma cx16 sse4_1 sse4_2 movbe popcnt aes xsave avx f16c rdrand lahf_lm cmp_legacy svm extapic cr8_legacy abm sse4a misalignsse 3dnowprefetch osvw ibs skinit wdt tce topoext perfctr_core perfctr_nb bpext perfctr_llc mwaitx cpb cat_l3 cdp_l3 hw_pstate sme ssbd mba sev ibpb stibp vmmcall sev_es fsgsbase bmi1 avx2 smep bmi2 cqm rdt_a rdseed adx smap clflushopt clwb sha_ni xsaveopt xsavec xgetbv1 xsaves cqm_llc cqm_occup_llc cqm_mbm_total cqm_mbm_local clzero irperf xsaveerptr rdpru wbnoinvd arat npt lbrv svm_lock nrip_save tsc_scale vmcb_clean flushbyasid decodeassists pausefilter pfthreshold avic v_vmsave_vmload vgif umip rdpid overflow_recov succor smca
bugs		: sysret_ss_attrs spectre_v1 spectre_v2 spec_store_bypass
bogomips	: 7785.28
TLB size	: 3072 4K pages
clflush size	: 64
cache_alignment	: 64
address sizes	: 43 bits physical, 48 bits virtual
power management: ts ttp tm hwpstate cpb eff_freq_ro [13] [14]

processor	: 12
vendor_id	: AuthenticAMD
cpu family	: 23
model		: 113
model name	: AMD Ryzen 7 3800X 8-Core Processor
stepping	: 0
microcode	: 0x8701021
cpu MHz		: 4232.113
cache size	: 512 KB
physical id	: 0
siblings	: 16
core id		: 4
cpu cores	: 8
apicid		: 9
initial apicid	: 9
fpu		: yes
fpu_exception	: yes
cpuid level	: 16
wp		: yes
flags		: fpu vme de pse tsc msr pae mce cx8 apic sep mtrr pge mca cmov pat pse36 clflush mmx fxsr sse sse2 ht syscall nx mmxext fxsr_opt pdpe1gb rdtscp lm constant_tsc rep_good nopl nonstop_tsc cpuid extd_apicid aperfmperf pni pclmulqdq monitor ssse3 fma cx16 sse4_1 sse4_2 movbe popcnt aes xsave avx f16c rdrand lahf_lm cmp_legacy svm extapic cr8_legacy abm sse4a misalignsse 3dnowprefetch osvw ibs skinit wdt tce topoext perfctr_core perfctr_nb bpext perfctr_llc mwaitx cpb cat_l3 cdp_l3 hw_pstate sme ssbd mba sev ibpb stibp vmmcall sev_es fsgsbase bmi1 avx2 smep bmi2 cqm rdt_a rdseed adx smap clflushopt clwb sha_ni xsaveopt xsavec xgetbv1 xsaves cqm_llc cqm_occup_llc cqm_mbm_total cqm_mbm_local clzero irperf xsaveerptr rdpru wbnoinvd arat npt lbrv svm_lock nrip_save tsc_scale vmcb_clean flushbyasid decodeassists pausefilter pfthreshold avic v_vmsave_vmload vgif umip rdpid overflow_recov succor smca
bugs		: sysret_ss_attrs spectre_v1 spectre_v2 spec_store_bypass
bogomips	: 7785.28
TLB size	: 3072 4K pages
clflush size	: 64
cache_alignment	: 64
address sizes	: 43 bits physical, 48 bits virtual
power management: ts ttp tm hwpstate cpb eff_freq_ro [13] [14]

processor	: 13
vendor_id	: AuthenticAMD
cpu family	: 23
model		: 113
model name	: AMD Ryzen 7 3800X 8-Core Processor
stepping	: 0
microcode	: 0x8701021
cpu MHz		: 2796.936
cache size	: 512 KB
physical id	: 0
siblings	: 16
core id		: 5
cpu cores	: 8
apicid		: 11
initial apicid	: 11
fpu		: yes
fpu_exception	: yes
cpuid level	: 16
wp		: yes
flags		: fpu vme de pse tsc msr pae mce cx8 apic sep mtrr pge mca cmov pat pse36 clflush mmx fxsr sse sse2 ht syscall nx mmxext fxsr_opt pdpe1gb rdtscp lm constant_tsc rep_good nopl nonstop_tsc cpuid extd_apicid aperfmperf pni pclmulqdq monitor ssse3 fma cx16 sse4_1 sse4_2 movbe popcnt aes xsave avx f16c rdrand lahf_lm cmp_legacy svm extapic cr8_legacy abm sse4a misalignsse 3dnowprefetch osvw ibs skinit wdt tce topoext perfctr_core perfctr_nb bpext perfctr_llc mwaitx cpb cat_l3 cdp_l3 hw_pstate sme ssbd mba sev ibpb stibp vmmcall sev_es fsgsbase bmi1 avx2 smep bmi2 cqm rdt_a rdseed adx smap clflushopt clwb sha_ni xsaveopt xsavec xgetbv1 xsaves cqm_llc cqm_occup_llc cqm_mbm_total cqm_mbm_local clzero irperf xsaveerptr rdpru wbnoinvd arat npt lbrv svm_lock nrip_save tsc_scale vmcb_clean flushbyasid decodeassists pausefilter pfthreshold avic v_vmsave_vmload vgif umip rdpid overflow_recov succor smca
bugs		: sysret_ss_attrs spectre_v1 spectre_v2 spec_store_bypass
bogomips	: 7785.28
TLB size	: 3072 4K pages
clflush size	: 64
cache_alignment	: 64
address sizes	: 43 bits physical, 48 bits virtual
power management: ts ttp tm hwpstate cpb eff_freq_ro [13] [14]

processor	: 14
vendor_id	: AuthenticAMD
cpu family	: 23
model		: 113
model name	: AMD Ryzen 7 3800X 8-Core Processor
stepping	: 0
microcode	: 0x8701021
cpu MHz		: 4224.351
cache size	: 512 KB
physical id	: 0
siblings	: 16
core id		: 6
cpu cores	: 8
apicid		: 13
initial apicid	: 13
fpu		: yes
fpu_exception	: yes
cpuid level	: 16
wp		: yes
flags		: fpu vme de pse tsc msr pae mce cx8 apic sep mtrr pge mca cmov pat pse36 clflush mmx fxsr sse sse2 ht syscall nx mmxext fxsr_opt pdpe1gb rdtscp lm constant_tsc rep_good nopl nonstop_tsc cpuid extd_apicid aperfmperf pni pclmulqdq monitor ssse3 fma cx16 sse4_1 sse4_2 movbe popcnt aes xsave avx f16c rdrand lahf_lm cmp_legacy svm extapic cr8_legacy abm sse4a misalignsse 3dnowprefetch osvw ibs skinit wdt tce topoext perfctr_core perfctr_nb bpext perfctr_llc mwaitx cpb cat_l3 cdp_l3 hw_pstate sme ssbd mba sev ibpb stibp vmmcall sev_es fsgsbase bmi1 avx2 smep bmi2 cqm rdt_a rdseed adx smap clflushopt clwb sha_ni xsaveopt xsavec xgetbv1 xsaves cqm_llc cqm_occup_llc cqm_mbm_total cqm_mbm_local clzero irperf xsaveerptr rdpru wbnoinvd arat npt lbrv svm_lock nrip_save tsc_scale vmcb_clean flushbyasid decodeassists pausefilter pfthreshold avic v_vmsave_vmload vgif umip rdpid overflow_recov succor smca
bugs		: sysret_ss_attrs spectre_v1 spectre_v2 spec_store_bypass
bogomips	: 7785.28
TLB size	: 3072 4K pages
clflush size	: 64
cache_alignment	: 64
address sizes	: 43 bits physical, 48 bits virtual
power management: ts ttp tm hwpstate cpb eff_freq_ro [13] [14]

processor	: 15
vendor_id	: AuthenticAMD
cpu family	: 23
model		: 113
model name	: AMD Ryzen 7 3800X 8-Core Processor
stepping	: 0
microcode	: 0x8701021
cpu MHz		: 3707.970
cache size	: 512 KB
physical id	: 0
siblings	: 16
core id		: 7
cpu cores	: 8
apicid		: 15
initial apicid	: 15
fpu		: yes
fpu_exception	: yes
cpuid level	: 16
wp		: yes
flags		: fpu vme de pse tsc msr pae mce cx8 apic sep mtrr pge mca cmov pat pse36 clflush mmx fxsr sse sse2 ht syscall nx mmxext fxsr_opt pdpe1gb rdtscp lm constant_tsc rep_good nopl nonstop_tsc cpuid extd_apicid aperfmperf pni pclmulqdq monitor ssse3 fma cx16 sse4_1 sse4_2 movbe popcnt aes xsave avx f16c rdrand lahf_lm cmp_legacy svm extapic cr8_legacy abm sse4a misalignsse 3dnowprefetch osvw ibs skinit wdt tce topoext perfctr_core perfctr_nb bpext perfctr_llc mwaitx cpb cat_l3 cdp_l3 hw_pstate sme ssbd mba sev ibpb stibp vmmcall sev_es fsgsbase bmi1 avx2 smep bmi2 cqm rdt_a rdseed adx smap clflushopt clwb sha_ni xsaveopt xsavec xgetbv1 xsaves cqm_llc cqm_occup_llc cqm_mbm_total cqm_mbm_local clzero irperf xsaveerptr rdpru wbnoinvd arat npt lbrv svm_lock nrip_save tsc_scale vmcb_clean flushbyasid decodeassists pausefilter pfthreshold avic v_vmsave_vmload vgif umip rdpid overflow_recov succor smca
bugs		: sysret_ss_attrs spectre_v1 spectre_v2 spec_store_bypass
bogomips	: 7785.28
TLB size	: 3072 4K pages
clflush size	: 64
cache_alignment	: 64
address sizes	: 43 bits physical, 48 bits virtual
power management: ts ttp tm hwpstate cpb eff_freq_ro [13] [14]



Memory: 4k page, physical 65868296k(627728k free), swap 41554936k(36065784k free)

vm_info: OpenJDK 64-Bit Server VM (25.282-b08) for linux-amd64 JRE (1.8.0_282-b08), built on Jan 14 2021 07:18:50 by "jenkins" with gcc 7.3.1 20180303 (Red Hat 7.3.1-5)

time: Sun Nov 28 23:55:15 2021
timezone: EST
elapsed time: 3.629215 seconds (0d 0h 0m 3s)

